[2020-12-15T16:24:29.463] [TRACE] Crawler - Load module: {"name":"Campsaver crawler","headless":false,"maxTaskPeriod":600000,"maxPerPagePeriod":60000,"maxRetryTimes":5,"minMatchTimes":1}
[2020-12-15T16:24:29.466] [TRACE] Crawler - Load module: {"name":"Moosejaw crawler","headless":true,"maxTaskPeriod":600000,"maxPerPagePeriod":60000,"maxRetryTimes":5,"minMatchTimes":1}
[2020-12-15T16:24:29.467] [TRACE] Crawler - Load module: {"name":"Mountain Steals crawler","headless":false,"maxTaskPeriod":600000,"maxPerPagePeriod":60000,"maxRetryTimes":8,"minMatchTimes":1}
[2020-12-15T16:24:29.467] [TRACE] Crawler - Load module: {"name":"Sierra crawler","headless":false,"maxTaskPeriod":600000,"maxPerPagePeriod":60000,"maxRetryTimes":5,"minMatchTimes":0}
[2020-12-15T16:24:29.468] [TRACE] Crawler - Load module: {"name":"Steepandcheap crawler","headless":false,"maxTaskPeriod":600000,"maxPerPagePeriod":60000,"maxRetryTimes":5,"minMatchTimes":1}
[2020-12-15T16:24:29.559] [WARN] Scheduler - this is one-shot only
[2020-12-15T16:24:29.559] [INFO] Scheduler - Start
[2020-12-15T16:24:29.560] [INFO] Git - using local: /Users/hsiehenping/Workspace/crawler-outdoor/tmp
[2020-12-15T16:24:29.561] [WARN] Git - use exist crawler.yml
[2020-12-15T16:24:29.563] [DEBUG] Scheduler - Load crawler setting {
    "users": [
        {
            "email": "shieh.npin@gmail.com",
            "sites": [
                {
                    "url": "https://www.steepandcheap.com/arcteryx?sort=%2Bprice&page=1"
                }
            ]
        }
    ]
}
[2020-12-15T16:24:29.918] [INFO] Crawler - Process https://www.steepandcheap.com/arcteryx?sort=%2Bprice&page=1 by Steepandcheap crawler, deadline: 16:34
[2020-12-15T16:24:29.919] [DEBUG] Crawler - https://www.steepandcheap.com/arcteryx?sort=%2Bprice&page=1 (normalized)
[2020-12-15T16:24:29.919] [TRACE] Crawler - fetching(axios)
[2020-12-15T16:24:31.115] [TRACE] Crawler - parsing
[2020-12-15T16:24:31.292] [TRACE] Crawler - duration: 1.373 seconds, 598.626 seconds remaining.
[2020-12-15T16:24:31.305] [DEBUG] Crawler - consistency check: init
[2020-12-15T16:24:31.305] [TRACE] Crawler - wait 5 seconds
[2020-12-15T16:24:36.308] [DEBUG] Crawler - https://www.steepandcheap.com/arcteryx?sort=%2Bprice&page=1 (normalized)
[2020-12-15T16:24:36.308] [TRACE] Crawler - fetching(axios)
[2020-12-15T16:24:38.073] [TRACE] Crawler - parsing
[2020-12-15T16:24:38.234] [TRACE] Crawler - duration: 1.925 seconds, 591.684 seconds remaining.
[2020-12-15T16:24:38.234] [DEBUG] Crawler - consistency check: (1/1), pass
[2020-12-15T16:24:38.234] [DEBUG] Crawler - consistency check: all pass
[2020-12-15T16:24:38.234] [INFO] Crawler - 0 items in the previous list, and 24 items in the latest list.
[2020-12-15T16:24:38.235] [INFO] Crawler - 0 item(s) removed, 24 item(s) added, and 0 item(s) price were changed.
[2020-12-15T16:24:38.235] [INFO] Crawler - Finish https://www.steepandcheap.com/arcteryx?sort=%2Bprice&page=1 

[2020-12-15T16:24:38.256] [DEBUG] Git - write to /Users/hsiehenping/Workspace/crawler-outdoor/tmp/products.json
[2020-12-15T16:24:38.271] [WARN] Git - skip git add and push (.git missing)
[2020-12-15T16:24:38.272] [INFO] Emailer - Dispatching to users...
[2020-12-15T16:24:38.272] [INFO] Emailer - shieh.npin@gmail.com dispatching...
[2020-12-15T16:24:38.272] [INFO] Emailer - Site: https://www.steepandcheap.com/arcteryx?sort=%2Bprice&page=1 
[2020-12-15T16:24:38.272] [DEBUG] Emailer - Url: https://www.steepandcheap.com/arcteryx?sort=%2Bprice&page=1
[2020-12-15T16:24:38.273] [DEBUG] Emailer - Type: [ 'added', 'updated' ]
[2020-12-15T16:24:38.273] [DEBUG] Emailer - Title: .*
[2020-12-15T16:24:38.273] [INFO] Emailer - found 24 event(s).
[2020-12-15T16:24:38.274] [DEBUG] Emailer - mailing to shieh.npin@gmail.com
[2020-12-15T16:24:40.596] [DEBUG] Emailer - mail sent
[2020-12-15T16:24:40.596] [INFO] Emailer - shieh.npin@gmail.com dispatched. 

[2020-12-15T16:24:40.596] [INFO] Emailer - All dispatched
[2020-12-15T16:24:40.596] [INFO] Scheduler - Finish
[2020-12-15T16:30:18.221] [TRACE] Crawler - Load module: {"name":"Campsaver crawler","headless":false,"maxTaskPeriod":600000,"maxPerPagePeriod":60000,"maxRetryTimes":5,"minMatchTimes":1}
[2020-12-15T16:30:18.223] [TRACE] Crawler - Load module: {"name":"Moosejaw crawler","headless":true,"maxTaskPeriod":600000,"maxPerPagePeriod":60000,"maxRetryTimes":5,"minMatchTimes":1}
[2020-12-15T16:30:18.223] [TRACE] Crawler - Load module: {"name":"Mountain Steals crawler","headless":false,"maxTaskPeriod":600000,"maxPerPagePeriod":60000,"maxRetryTimes":8,"minMatchTimes":1}
[2020-12-15T16:30:18.224] [TRACE] Crawler - Load module: {"name":"Sierra crawler","headless":false,"maxTaskPeriod":600000,"maxPerPagePeriod":60000,"maxRetryTimes":5,"minMatchTimes":0}
[2020-12-15T16:30:18.224] [TRACE] Crawler - Load module: {"name":"Steepandcheap crawler","headless":false,"maxTaskPeriod":600000,"maxPerPagePeriod":60000,"maxRetryTimes":5,"minMatchTimes":1}
[2020-12-15T16:30:18.275] [WARN] Scheduler - this is one-shot only
[2020-12-15T16:30:18.276] [INFO] Scheduler - Start
[2020-12-15T16:30:18.277] [INFO] Git - using local: /Users/hsiehenping/Workspace/crawler-outdoor/tmp
[2020-12-15T16:30:18.277] [WARN] Git - use exist crawler.yml
[2020-12-15T16:30:18.279] [DEBUG] Scheduler - Load crawler setting {
    "users": [
        {
            "email": "shieh.npin@gmail.com",
            "sites": [
                {
                    "url": "https://www.steepandcheap.com/arcteryx?sort=%2Bprice&page=0"
                }
            ]
        }
    ]
}
[2020-12-15T16:30:18.485] [INFO] Crawler - Process https://www.steepandcheap.com/arcteryx?sort=%2Bprice&page=0 by Steepandcheap crawler, deadline: 16:40
[2020-12-15T16:30:18.486] [DEBUG] Crawler - https://www.steepandcheap.com/arcteryx?sort=%2Bprice&page=0 (normalized)
[2020-12-15T16:30:18.487] [TRACE] Crawler - fetching(axios)
[2020-12-15T16:30:19.279] [TRACE] Crawler - parsing
[2020-12-15T16:30:19.477] [TRACE] Crawler - duration: 0.991 seconds, 599.008 seconds remaining.
[2020-12-15T16:30:19.477] [DEBUG] Crawler - https://www.steepandcheap.com/arcteryx?sort=%2Bprice&page=1 (normalized)
[2020-12-15T16:30:19.477] [TRACE] Crawler - fetching(axios)
[2020-12-15T16:30:19.991] [TRACE] Crawler - parsing
[2020-12-15T16:30:20.125] [TRACE] Crawler - duration: 0.648 seconds, 598.359 seconds remaining.
[2020-12-15T16:30:20.137] [DEBUG] Crawler - consistency check: init
[2020-12-15T16:30:20.138] [TRACE] Crawler - wait 5 seconds
[2020-12-15T16:30:25.142] [DEBUG] Crawler - https://www.steepandcheap.com/arcteryx?sort=%2Bprice&page=0 (normalized)
[2020-12-15T16:30:25.143] [TRACE] Crawler - fetching(axios)
[2020-12-15T16:30:25.941] [TRACE] Crawler - parsing
[2020-12-15T16:30:26.032] [TRACE] Crawler - duration: 0.89 seconds, 592.452 seconds remaining.
[2020-12-15T16:30:26.032] [DEBUG] Crawler - https://www.steepandcheap.com/arcteryx?sort=%2Bprice&page=1 (normalized)
[2020-12-15T16:30:26.032] [TRACE] Crawler - fetching(axios)
[2020-12-15T16:30:26.762] [TRACE] Crawler - parsing
[2020-12-15T16:30:26.815] [TRACE] Crawler - duration: 0.782 seconds, 591.67 seconds remaining.
[2020-12-15T16:30:26.815] [DEBUG] Crawler - consistency check: (1/1), pass
[2020-12-15T16:30:26.815] [DEBUG] Crawler - consistency check: all pass
[2020-12-15T16:30:26.815] [INFO] Crawler - 0 items in the previous list, and 64 items in the latest list.
[2020-12-15T16:30:26.816] [INFO] Crawler - 0 item(s) removed, 64 item(s) added, and 0 item(s) price were changed.
[2020-12-15T16:30:26.816] [INFO] Crawler - Finish https://www.steepandcheap.com/arcteryx?sort=%2Bprice&page=0 

[2020-12-15T16:30:26.842] [DEBUG] Git - write to /Users/hsiehenping/Workspace/crawler-outdoor/tmp/products.json
[2020-12-15T16:30:26.854] [WARN] Git - skip git add and push (.git missing)
[2020-12-15T16:30:26.854] [INFO] Emailer - Dispatching to users...
[2020-12-15T16:30:26.854] [INFO] Emailer - shieh.npin@gmail.com dispatching...
[2020-12-15T16:30:26.854] [INFO] Emailer - Site: https://www.steepandcheap.com/arcteryx?sort=%2Bprice&page=0 
[2020-12-15T16:30:26.854] [DEBUG] Emailer - Url: https://www.steepandcheap.com/arcteryx?sort=%2Bprice&page=0
[2020-12-15T16:30:26.855] [DEBUG] Emailer - Type: [ 'added', 'updated' ]
[2020-12-15T16:30:26.855] [DEBUG] Emailer - Title: .*
[2020-12-15T16:30:26.855] [INFO] Emailer - found 64 event(s).
[2020-12-15T16:30:26.856] [DEBUG] Emailer - mailing to shieh.npin@gmail.com
[2020-12-15T16:30:29.887] [DEBUG] Emailer - mail sent
[2020-12-15T16:30:29.888] [INFO] Emailer - shieh.npin@gmail.com dispatched. 

[2020-12-15T16:30:29.888] [INFO] Emailer - All dispatched
[2020-12-15T16:30:29.888] [INFO] Scheduler - Finish
