[2021-04-21T00:00:00.013] [DEBUG] Scheduler - [Lock]
[2021-04-21T00:00:00.017] [INFO] Scheduler - Start
[2021-04-21T00:00:00.108] [INFO] Git - clone remote git github.com/shiehnpin/crawler-data.git to /home/ubuntu/crawler/repo
[2021-04-21T00:00:00.109] [INFO] Git - cloning...
[2021-04-21T00:00:20.235] [FATAL] Scheduler - Abort GitError: Git Error: unable to exec clone from/to https://github.com/shiehnpin/crawler-data.git
    at load (/home/ubuntu/crawler/lib/repo.js:41:10)
    at processTicksAndRejections (internal/process/task_queues.js:97:5)
From previous Error: Cloning into '/home/ubuntu/crawler/repo'...
fatal: unable to access 'https://github.com/shiehnpin/crawler-data.git/': Could not resolve host: github.com

[2021-04-21T00:00:20.240] [DEBUG] Scheduler - [Release]
[2021-04-21T00:15:00.013] [DEBUG] Scheduler - [Lock]
[2021-04-21T00:15:00.014] [INFO] Scheduler - Start
[2021-04-21T00:15:00.233] [INFO] Git - clone remote git github.com/shiehnpin/crawler-data.git to /home/ubuntu/crawler/repo
[2021-04-21T00:15:00.234] [INFO] Git - cloning...
[2021-04-21T00:15:20.933] [FATAL] Scheduler - Abort GitError: Git Error: unable to exec clone from/to https://github.com/shiehnpin/crawler-data.git
    at load (/home/ubuntu/crawler/lib/repo.js:41:10)
    at processTicksAndRejections (internal/process/task_queues.js:97:5)
From previous Error: Cloning into '/home/ubuntu/crawler/repo'...
fatal: unable to access 'https://github.com/shiehnpin/crawler-data.git/': Could not resolve host: github.com

[2021-04-21T00:15:20.936] [DEBUG] Scheduler - [Release]
[2021-04-21T00:30:00.013] [DEBUG] Scheduler - [Lock]
[2021-04-21T00:30:00.014] [INFO] Scheduler - Start
[2021-04-21T00:30:00.071] [INFO] Git - clone remote git github.com/shiehnpin/crawler-data.git to /home/ubuntu/crawler/repo
[2021-04-21T00:30:00.073] [INFO] Git - cloning...
[2021-04-21T00:30:20.186] [FATAL] Scheduler - Abort GitError: Git Error: unable to exec clone from/to https://github.com/shiehnpin/crawler-data.git
    at load (/home/ubuntu/crawler/lib/repo.js:41:10)
    at processTicksAndRejections (internal/process/task_queues.js:97:5)
From previous Error: Cloning into '/home/ubuntu/crawler/repo'...
fatal: unable to access 'https://github.com/shiehnpin/crawler-data.git/': Could not resolve host: github.com

[2021-04-21T00:30:20.189] [DEBUG] Scheduler - [Release]
[2021-04-21T00:45:00.013] [DEBUG] Scheduler - [Lock]
[2021-04-21T00:45:00.014] [INFO] Scheduler - Start
[2021-04-21T00:45:00.067] [INFO] Git - clone remote git github.com/shiehnpin/crawler-data.git to /home/ubuntu/crawler/repo
[2021-04-21T00:45:00.069] [INFO] Git - cloning...
[2021-04-21T00:45:20.183] [FATAL] Scheduler - Abort GitError: Git Error: unable to exec clone from/to https://github.com/shiehnpin/crawler-data.git
    at load (/home/ubuntu/crawler/lib/repo.js:41:10)
    at processTicksAndRejections (internal/process/task_queues.js:97:5)
From previous Error: Cloning into '/home/ubuntu/crawler/repo'...
fatal: unable to access 'https://github.com/shiehnpin/crawler-data.git/': Could not resolve host: github.com

[2021-04-21T00:45:20.186] [DEBUG] Scheduler - [Release]
[2021-04-21T01:00:00.013] [DEBUG] Scheduler - [Lock]
[2021-04-21T01:00:00.014] [INFO] Scheduler - Start
[2021-04-21T01:00:00.075] [INFO] Git - clone remote git github.com/shiehnpin/crawler-data.git to /home/ubuntu/crawler/repo
[2021-04-21T01:00:00.077] [INFO] Git - cloning...
[2021-04-21T01:00:20.193] [FATAL] Scheduler - Abort GitError: Git Error: unable to exec clone from/to https://github.com/shiehnpin/crawler-data.git
    at load (/home/ubuntu/crawler/lib/repo.js:41:10)
    at processTicksAndRejections (internal/process/task_queues.js:97:5)
From previous Error: Cloning into '/home/ubuntu/crawler/repo'...
fatal: unable to access 'https://github.com/shiehnpin/crawler-data.git/': Could not resolve host: github.com

[2021-04-21T01:00:20.195] [DEBUG] Scheduler - [Release]
[2021-04-21T01:15:00.009] [DEBUG] Scheduler - [Lock]
[2021-04-21T01:15:00.010] [INFO] Scheduler - Start
[2021-04-21T01:15:00.068] [INFO] Git - clone remote git github.com/shiehnpin/crawler-data.git to /home/ubuntu/crawler/repo
[2021-04-21T01:15:00.070] [INFO] Git - cloning...
[2021-04-21T01:15:20.198] [FATAL] Scheduler - Abort GitError: Git Error: unable to exec clone from/to https://github.com/shiehnpin/crawler-data.git
    at load (/home/ubuntu/crawler/lib/repo.js:41:10)
    at processTicksAndRejections (internal/process/task_queues.js:97:5)
From previous Error: Cloning into '/home/ubuntu/crawler/repo'...
fatal: unable to access 'https://github.com/shiehnpin/crawler-data.git/': Could not resolve host: github.com

[2021-04-21T01:15:20.202] [DEBUG] Scheduler - [Release]
[2021-04-21T01:30:00.016] [DEBUG] Scheduler - [Lock]
[2021-04-21T01:30:00.017] [INFO] Scheduler - Start
[2021-04-21T01:30:00.078] [INFO] Git - clone remote git github.com/shiehnpin/crawler-data.git to /home/ubuntu/crawler/repo
[2021-04-21T01:30:00.079] [INFO] Git - cloning...
[2021-04-21T01:30:20.194] [FATAL] Scheduler - Abort GitError: Git Error: unable to exec clone from/to https://github.com/shiehnpin/crawler-data.git
    at load (/home/ubuntu/crawler/lib/repo.js:41:10)
    at processTicksAndRejections (internal/process/task_queues.js:97:5)
From previous Error: Cloning into '/home/ubuntu/crawler/repo'...
fatal: unable to access 'https://github.com/shiehnpin/crawler-data.git/': Could not resolve host: github.com

[2021-04-21T01:30:20.197] [DEBUG] Scheduler - [Release]
[2021-04-21T01:45:00.012] [DEBUG] Scheduler - [Lock]
[2021-04-21T01:45:00.013] [INFO] Scheduler - Start
[2021-04-21T01:45:00.071] [INFO] Git - clone remote git github.com/shiehnpin/crawler-data.git to /home/ubuntu/crawler/repo
[2021-04-21T01:45:00.073] [INFO] Git - cloning...
[2021-04-21T01:45:20.185] [FATAL] Scheduler - Abort GitError: Git Error: unable to exec clone from/to https://github.com/shiehnpin/crawler-data.git
    at load (/home/ubuntu/crawler/lib/repo.js:41:10)
    at processTicksAndRejections (internal/process/task_queues.js:97:5)
From previous Error: Cloning into '/home/ubuntu/crawler/repo'...
fatal: unable to access 'https://github.com/shiehnpin/crawler-data.git/': Could not resolve host: github.com

[2021-04-21T01:45:20.188] [DEBUG] Scheduler - [Release]
[2021-04-21T02:00:00.007] [DEBUG] Scheduler - [Lock]
[2021-04-21T02:00:00.008] [INFO] Scheduler - Start
[2021-04-21T02:00:00.064] [INFO] Git - clone remote git github.com/shiehnpin/crawler-data.git to /home/ubuntu/crawler/repo
[2021-04-21T02:00:00.066] [INFO] Git - cloning...
[2021-04-21T02:00:20.181] [FATAL] Scheduler - Abort GitError: Git Error: unable to exec clone from/to https://github.com/shiehnpin/crawler-data.git
    at load (/home/ubuntu/crawler/lib/repo.js:41:10)
    at processTicksAndRejections (internal/process/task_queues.js:97:5)
From previous Error: Cloning into '/home/ubuntu/crawler/repo'...
fatal: unable to access 'https://github.com/shiehnpin/crawler-data.git/': Could not resolve host: github.com

[2021-04-21T02:00:20.184] [DEBUG] Scheduler - [Release]
[2021-04-21T02:15:00.007] [DEBUG] Scheduler - [Lock]
[2021-04-21T02:15:00.009] [INFO] Scheduler - Start
[2021-04-21T02:15:00.070] [INFO] Git - clone remote git github.com/shiehnpin/crawler-data.git to /home/ubuntu/crawler/repo
[2021-04-21T02:15:00.074] [INFO] Git - cloning...
[2021-04-21T02:15:22.504] [FATAL] Scheduler - Abort GitError: Git Error: unable to exec clone from/to https://github.com/shiehnpin/crawler-data.git
    at load (/home/ubuntu/crawler/lib/repo.js:41:10)
    at processTicksAndRejections (internal/process/task_queues.js:97:5)
From previous Error: Cloning into '/home/ubuntu/crawler/repo'...
fatal: unable to access 'https://github.com/shiehnpin/crawler-data.git/': Could not resolve host: github.com

[2021-04-21T02:15:22.508] [DEBUG] Scheduler - [Release]
[2021-04-21T02:30:00.025] [DEBUG] Scheduler - [Lock]
[2021-04-21T02:30:00.026] [INFO] Scheduler - Start
[2021-04-21T02:30:00.082] [INFO] Git - clone remote git github.com/shiehnpin/crawler-data.git to /home/ubuntu/crawler/repo
[2021-04-21T02:30:00.084] [INFO] Git - cloning...
[2021-04-21T02:30:20.210] [FATAL] Scheduler - Abort GitError: Git Error: unable to exec clone from/to https://github.com/shiehnpin/crawler-data.git
    at load (/home/ubuntu/crawler/lib/repo.js:41:10)
    at processTicksAndRejections (internal/process/task_queues.js:97:5)
From previous Error: Cloning into '/home/ubuntu/crawler/repo'...
fatal: unable to access 'https://github.com/shiehnpin/crawler-data.git/': Could not resolve host: github.com

[2021-04-21T02:30:20.213] [DEBUG] Scheduler - [Release]
[2021-04-21T02:45:00.015] [DEBUG] Scheduler - [Lock]
[2021-04-21T02:45:00.016] [INFO] Scheduler - Start
[2021-04-21T02:45:00.074] [INFO] Git - clone remote git github.com/shiehnpin/crawler-data.git to /home/ubuntu/crawler/repo
[2021-04-21T02:45:00.075] [INFO] Git - cloning...
[2021-04-21T02:45:20.196] [FATAL] Scheduler - Abort GitError: Git Error: unable to exec clone from/to https://github.com/shiehnpin/crawler-data.git
    at load (/home/ubuntu/crawler/lib/repo.js:41:10)
    at processTicksAndRejections (internal/process/task_queues.js:97:5)
From previous Error: Cloning into '/home/ubuntu/crawler/repo'...
fatal: unable to access 'https://github.com/shiehnpin/crawler-data.git/': Could not resolve host: github.com

[2021-04-21T02:45:20.199] [DEBUG] Scheduler - [Release]
[2021-04-21T03:00:00.015] [DEBUG] Scheduler - [Lock]
[2021-04-21T03:00:00.016] [INFO] Scheduler - Start
[2021-04-21T03:00:00.074] [INFO] Git - clone remote git github.com/shiehnpin/crawler-data.git to /home/ubuntu/crawler/repo
[2021-04-21T03:00:00.075] [INFO] Git - cloning...
[2021-04-21T03:00:20.189] [FATAL] Scheduler - Abort GitError: Git Error: unable to exec clone from/to https://github.com/shiehnpin/crawler-data.git
    at load (/home/ubuntu/crawler/lib/repo.js:41:10)
    at processTicksAndRejections (internal/process/task_queues.js:97:5)
From previous Error: Cloning into '/home/ubuntu/crawler/repo'...
fatal: unable to access 'https://github.com/shiehnpin/crawler-data.git/': Could not resolve host: github.com

[2021-04-21T03:00:20.192] [DEBUG] Scheduler - [Release]
[2021-04-21T03:15:00.019] [DEBUG] Scheduler - [Lock]
[2021-04-21T03:15:00.020] [INFO] Scheduler - Start
[2021-04-21T03:15:00.082] [INFO] Git - clone remote git github.com/shiehnpin/crawler-data.git to /home/ubuntu/crawler/repo
[2021-04-21T03:15:00.084] [INFO] Git - cloning...
[2021-04-21T03:15:20.216] [FATAL] Scheduler - Abort GitError: Git Error: unable to exec clone from/to https://github.com/shiehnpin/crawler-data.git
    at load (/home/ubuntu/crawler/lib/repo.js:41:10)
    at processTicksAndRejections (internal/process/task_queues.js:97:5)
From previous Error: Cloning into '/home/ubuntu/crawler/repo'...
fatal: unable to access 'https://github.com/shiehnpin/crawler-data.git/': Could not resolve host: github.com

[2021-04-21T03:15:20.219] [DEBUG] Scheduler - [Release]
[2021-04-21T03:30:00.012] [DEBUG] Scheduler - [Lock]
[2021-04-21T03:30:00.013] [INFO] Scheduler - Start
[2021-04-21T03:30:00.070] [INFO] Git - clone remote git github.com/shiehnpin/crawler-data.git to /home/ubuntu/crawler/repo
[2021-04-21T03:30:00.072] [INFO] Git - cloning...
[2021-04-21T03:30:20.208] [FATAL] Scheduler - Abort GitError: Git Error: unable to exec clone from/to https://github.com/shiehnpin/crawler-data.git
    at load (/home/ubuntu/crawler/lib/repo.js:41:10)
    at processTicksAndRejections (internal/process/task_queues.js:97:5)
From previous Error: Cloning into '/home/ubuntu/crawler/repo'...
fatal: unable to access 'https://github.com/shiehnpin/crawler-data.git/': Could not resolve host: github.com

[2021-04-21T03:30:20.211] [DEBUG] Scheduler - [Release]
[2021-04-21T03:45:00.007] [DEBUG] Scheduler - [Lock]
[2021-04-21T03:45:00.008] [INFO] Scheduler - Start
[2021-04-21T03:45:00.068] [INFO] Git - clone remote git github.com/shiehnpin/crawler-data.git to /home/ubuntu/crawler/repo
[2021-04-21T03:45:00.070] [INFO] Git - cloning...
[2021-04-21T03:45:20.188] [FATAL] Scheduler - Abort GitError: Git Error: unable to exec clone from/to https://github.com/shiehnpin/crawler-data.git
    at load (/home/ubuntu/crawler/lib/repo.js:41:10)
    at processTicksAndRejections (internal/process/task_queues.js:97:5)
From previous Error: Cloning into '/home/ubuntu/crawler/repo'...
fatal: unable to access 'https://github.com/shiehnpin/crawler-data.git/': Could not resolve host: github.com

[2021-04-21T03:45:20.192] [DEBUG] Scheduler - [Release]
[2021-04-21T04:00:00.013] [DEBUG] Scheduler - [Lock]
[2021-04-21T04:00:00.015] [INFO] Scheduler - Start
[2021-04-21T04:00:00.076] [INFO] Git - clone remote git github.com/shiehnpin/crawler-data.git to /home/ubuntu/crawler/repo
[2021-04-21T04:00:00.078] [INFO] Git - cloning...
[2021-04-21T04:00:20.193] [FATAL] Scheduler - Abort GitError: Git Error: unable to exec clone from/to https://github.com/shiehnpin/crawler-data.git
    at load (/home/ubuntu/crawler/lib/repo.js:41:10)
    at processTicksAndRejections (internal/process/task_queues.js:97:5)
From previous Error: Cloning into '/home/ubuntu/crawler/repo'...
fatal: unable to access 'https://github.com/shiehnpin/crawler-data.git/': Could not resolve host: github.com

[2021-04-21T04:00:20.196] [DEBUG] Scheduler - [Release]
[2021-04-21T04:15:00.007] [DEBUG] Scheduler - [Lock]
[2021-04-21T04:15:00.008] [INFO] Scheduler - Start
[2021-04-21T04:15:00.065] [INFO] Git - clone remote git github.com/shiehnpin/crawler-data.git to /home/ubuntu/crawler/repo
[2021-04-21T04:15:00.067] [INFO] Git - cloning...
[2021-04-21T04:15:20.191] [FATAL] Scheduler - Abort GitError: Git Error: unable to exec clone from/to https://github.com/shiehnpin/crawler-data.git
    at load (/home/ubuntu/crawler/lib/repo.js:41:10)
    at processTicksAndRejections (internal/process/task_queues.js:97:5)
From previous Error: Cloning into '/home/ubuntu/crawler/repo'...
fatal: unable to access 'https://github.com/shiehnpin/crawler-data.git/': Could not resolve host: github.com

[2021-04-21T04:15:20.193] [DEBUG] Scheduler - [Release]
[2021-04-21T04:30:00.005] [DEBUG] Scheduler - [Lock]
[2021-04-21T04:30:00.006] [INFO] Scheduler - Start
[2021-04-21T04:30:00.064] [INFO] Git - clone remote git github.com/shiehnpin/crawler-data.git to /home/ubuntu/crawler/repo
[2021-04-21T04:30:00.066] [INFO] Git - cloning...
[2021-04-21T04:30:20.185] [FATAL] Scheduler - Abort GitError: Git Error: unable to exec clone from/to https://github.com/shiehnpin/crawler-data.git
    at load (/home/ubuntu/crawler/lib/repo.js:41:10)
    at processTicksAndRejections (internal/process/task_queues.js:97:5)
From previous Error: Cloning into '/home/ubuntu/crawler/repo'...
fatal: unable to access 'https://github.com/shiehnpin/crawler-data.git/': Could not resolve host: github.com

[2021-04-21T04:30:20.188] [DEBUG] Scheduler - [Release]
[2021-04-21T04:45:00.008] [DEBUG] Scheduler - [Lock]
[2021-04-21T04:45:00.009] [INFO] Scheduler - Start
[2021-04-21T04:45:00.075] [INFO] Git - clone remote git github.com/shiehnpin/crawler-data.git to /home/ubuntu/crawler/repo
[2021-04-21T04:45:00.077] [INFO] Git - cloning...
[2021-04-21T04:45:20.250] [FATAL] Scheduler - Abort GitError: Git Error: unable to exec clone from/to https://github.com/shiehnpin/crawler-data.git
    at load (/home/ubuntu/crawler/lib/repo.js:41:10)
    at processTicksAndRejections (internal/process/task_queues.js:97:5)
From previous Error: Cloning into '/home/ubuntu/crawler/repo'...
fatal: unable to access 'https://github.com/shiehnpin/crawler-data.git/': Could not resolve host: github.com

[2021-04-21T04:45:20.253] [DEBUG] Scheduler - [Release]
[2021-04-21T05:00:00.008] [DEBUG] Scheduler - [Lock]
[2021-04-21T05:00:00.009] [INFO] Scheduler - Start
[2021-04-21T05:00:00.067] [INFO] Git - clone remote git github.com/shiehnpin/crawler-data.git to /home/ubuntu/crawler/repo
[2021-04-21T05:00:00.068] [INFO] Git - cloning...
[2021-04-21T05:00:20.186] [FATAL] Scheduler - Abort GitError: Git Error: unable to exec clone from/to https://github.com/shiehnpin/crawler-data.git
    at load (/home/ubuntu/crawler/lib/repo.js:41:10)
    at processTicksAndRejections (internal/process/task_queues.js:97:5)
From previous Error: Cloning into '/home/ubuntu/crawler/repo'...
fatal: unable to access 'https://github.com/shiehnpin/crawler-data.git/': Could not resolve host: github.com

[2021-04-21T05:00:20.190] [DEBUG] Scheduler - [Release]
[2021-04-21T05:15:00.008] [DEBUG] Scheduler - [Lock]
[2021-04-21T05:15:00.010] [INFO] Scheduler - Start
[2021-04-21T05:15:00.066] [INFO] Git - clone remote git github.com/shiehnpin/crawler-data.git to /home/ubuntu/crawler/repo
[2021-04-21T05:15:00.067] [INFO] Git - cloning...
[2021-04-21T05:15:20.185] [FATAL] Scheduler - Abort GitError: Git Error: unable to exec clone from/to https://github.com/shiehnpin/crawler-data.git
    at load (/home/ubuntu/crawler/lib/repo.js:41:10)
    at processTicksAndRejections (internal/process/task_queues.js:97:5)
From previous Error: Cloning into '/home/ubuntu/crawler/repo'...
fatal: unable to access 'https://github.com/shiehnpin/crawler-data.git/': Could not resolve host: github.com

[2021-04-21T05:15:20.188] [DEBUG] Scheduler - [Release]
[2021-04-21T05:30:00.008] [DEBUG] Scheduler - [Lock]
[2021-04-21T05:30:00.009] [INFO] Scheduler - Start
[2021-04-21T05:30:00.068] [INFO] Git - clone remote git github.com/shiehnpin/crawler-data.git to /home/ubuntu/crawler/repo
[2021-04-21T05:30:00.070] [INFO] Git - cloning...
[2021-04-21T05:30:20.185] [FATAL] Scheduler - Abort GitError: Git Error: unable to exec clone from/to https://github.com/shiehnpin/crawler-data.git
    at load (/home/ubuntu/crawler/lib/repo.js:41:10)
    at processTicksAndRejections (internal/process/task_queues.js:97:5)
From previous Error: Cloning into '/home/ubuntu/crawler/repo'...
fatal: unable to access 'https://github.com/shiehnpin/crawler-data.git/': Could not resolve host: github.com

[2021-04-21T05:30:20.188] [DEBUG] Scheduler - [Release]
[2021-04-21T05:45:00.008] [DEBUG] Scheduler - [Lock]
[2021-04-21T05:45:00.009] [INFO] Scheduler - Start
[2021-04-21T05:45:00.067] [INFO] Git - clone remote git github.com/shiehnpin/crawler-data.git to /home/ubuntu/crawler/repo
[2021-04-21T05:45:00.069] [INFO] Git - cloning...
[2021-04-21T05:45:20.189] [FATAL] Scheduler - Abort GitError: Git Error: unable to exec clone from/to https://github.com/shiehnpin/crawler-data.git
    at load (/home/ubuntu/crawler/lib/repo.js:41:10)
    at processTicksAndRejections (internal/process/task_queues.js:97:5)
From previous Error: Cloning into '/home/ubuntu/crawler/repo'...
fatal: unable to access 'https://github.com/shiehnpin/crawler-data.git/': Could not resolve host: github.com

[2021-04-21T05:45:20.191] [DEBUG] Scheduler - [Release]
[2021-04-21T06:00:00.014] [DEBUG] Scheduler - [Lock]
[2021-04-21T06:00:00.015] [INFO] Scheduler - Start
[2021-04-21T06:00:00.072] [INFO] Git - clone remote git github.com/shiehnpin/crawler-data.git to /home/ubuntu/crawler/repo
[2021-04-21T06:00:00.074] [INFO] Git - cloning...
[2021-04-21T06:00:20.184] [FATAL] Scheduler - Abort GitError: Git Error: unable to exec clone from/to https://github.com/shiehnpin/crawler-data.git
    at load (/home/ubuntu/crawler/lib/repo.js:41:10)
    at runMicrotasks (<anonymous>)
    at processTicksAndRejections (internal/process/task_queues.js:97:5)
From previous Error: Cloning into '/home/ubuntu/crawler/repo'...
fatal: unable to access 'https://github.com/shiehnpin/crawler-data.git/': Could not resolve host: github.com

[2021-04-21T06:00:20.187] [DEBUG] Scheduler - [Release]
[2021-04-21T06:15:00.006] [DEBUG] Scheduler - [Lock]
[2021-04-21T06:15:00.007] [INFO] Scheduler - Start
[2021-04-21T06:15:00.062] [INFO] Git - clone remote git github.com/shiehnpin/crawler-data.git to /home/ubuntu/crawler/repo
[2021-04-21T06:15:00.063] [INFO] Git - cloning...
[2021-04-21T06:15:20.188] [FATAL] Scheduler - Abort GitError: Git Error: unable to exec clone from/to https://github.com/shiehnpin/crawler-data.git
    at load (/home/ubuntu/crawler/lib/repo.js:41:10)
    at runMicrotasks (<anonymous>)
    at processTicksAndRejections (internal/process/task_queues.js:97:5)
From previous Error: Cloning into '/home/ubuntu/crawler/repo'...
fatal: unable to access 'https://github.com/shiehnpin/crawler-data.git/': Could not resolve host: github.com

[2021-04-21T06:15:20.191] [DEBUG] Scheduler - [Release]
[2021-04-21T06:30:00.007] [DEBUG] Scheduler - [Lock]
[2021-04-21T06:30:00.008] [INFO] Scheduler - Start
[2021-04-21T06:30:00.084] [INFO] Git - clone remote git github.com/shiehnpin/crawler-data.git to /home/ubuntu/crawler/repo
[2021-04-21T06:30:00.086] [INFO] Git - cloning...
[2021-04-21T06:30:20.211] [FATAL] Scheduler - Abort GitError: Git Error: unable to exec clone from/to https://github.com/shiehnpin/crawler-data.git
    at load (/home/ubuntu/crawler/lib/repo.js:41:10)
    at runMicrotasks (<anonymous>)
    at processTicksAndRejections (internal/process/task_queues.js:97:5)
From previous Error: Cloning into '/home/ubuntu/crawler/repo'...
fatal: unable to access 'https://github.com/shiehnpin/crawler-data.git/': Could not resolve host: github.com

[2021-04-21T06:30:20.214] [DEBUG] Scheduler - [Release]
[2021-04-21T06:45:00.008] [DEBUG] Scheduler - [Lock]
[2021-04-21T06:45:00.009] [INFO] Scheduler - Start
[2021-04-21T06:45:00.067] [INFO] Git - clone remote git github.com/shiehnpin/crawler-data.git to /home/ubuntu/crawler/repo
[2021-04-21T06:45:00.068] [INFO] Git - cloning...
[2021-04-21T06:45:20.184] [FATAL] Scheduler - Abort GitError: Git Error: unable to exec clone from/to https://github.com/shiehnpin/crawler-data.git
    at load (/home/ubuntu/crawler/lib/repo.js:41:10)
    at runMicrotasks (<anonymous>)
    at processTicksAndRejections (internal/process/task_queues.js:97:5)
From previous Error: Cloning into '/home/ubuntu/crawler/repo'...
fatal: unable to access 'https://github.com/shiehnpin/crawler-data.git/': Could not resolve host: github.com

[2021-04-21T06:45:20.188] [DEBUG] Scheduler - [Release]
[2021-04-21T07:00:00.006] [DEBUG] Scheduler - [Lock]
[2021-04-21T07:00:00.006] [INFO] Scheduler - Start
[2021-04-21T07:00:00.081] [INFO] Git - clone remote git github.com/shiehnpin/crawler-data.git to /home/ubuntu/crawler/repo
[2021-04-21T07:00:00.082] [INFO] Git - cloning...
[2021-04-21T07:00:20.200] [FATAL] Scheduler - Abort GitError: Git Error: unable to exec clone from/to https://github.com/shiehnpin/crawler-data.git
    at load (/home/ubuntu/crawler/lib/repo.js:41:10)
    at runMicrotasks (<anonymous>)
    at processTicksAndRejections (internal/process/task_queues.js:97:5)
From previous Error: Cloning into '/home/ubuntu/crawler/repo'...
fatal: unable to access 'https://github.com/shiehnpin/crawler-data.git/': Could not resolve host: github.com

[2021-04-21T07:00:20.202] [DEBUG] Scheduler - [Release]
[2021-04-21T07:15:00.008] [DEBUG] Scheduler - [Lock]
[2021-04-21T07:15:00.009] [INFO] Scheduler - Start
[2021-04-21T07:15:00.076] [INFO] Git - clone remote git github.com/shiehnpin/crawler-data.git to /home/ubuntu/crawler/repo
[2021-04-21T07:15:00.078] [INFO] Git - cloning...
[2021-04-21T07:15:20.224] [FATAL] Scheduler - Abort GitError: Git Error: unable to exec clone from/to https://github.com/shiehnpin/crawler-data.git
    at load (/home/ubuntu/crawler/lib/repo.js:41:10)
    at runMicrotasks (<anonymous>)
    at processTicksAndRejections (internal/process/task_queues.js:97:5)
From previous Error: Cloning into '/home/ubuntu/crawler/repo'...
fatal: unable to access 'https://github.com/shiehnpin/crawler-data.git/': Could not resolve host: github.com

[2021-04-21T07:15:20.227] [DEBUG] Scheduler - [Release]
[2021-04-21T07:30:00.008] [DEBUG] Scheduler - [Lock]
[2021-04-21T07:30:00.009] [INFO] Scheduler - Start
[2021-04-21T07:30:00.068] [INFO] Git - clone remote git github.com/shiehnpin/crawler-data.git to /home/ubuntu/crawler/repo
[2021-04-21T07:30:00.070] [INFO] Git - cloning...
[2021-04-21T07:30:20.190] [FATAL] Scheduler - Abort GitError: Git Error: unable to exec clone from/to https://github.com/shiehnpin/crawler-data.git
    at load (/home/ubuntu/crawler/lib/repo.js:41:10)
    at runMicrotasks (<anonymous>)
    at processTicksAndRejections (internal/process/task_queues.js:97:5)
From previous Error: Cloning into '/home/ubuntu/crawler/repo'...
fatal: unable to access 'https://github.com/shiehnpin/crawler-data.git/': Could not resolve host: github.com

[2021-04-21T07:30:20.194] [DEBUG] Scheduler - [Release]
[2021-04-21T07:45:00.008] [DEBUG] Scheduler - [Lock]
[2021-04-21T07:45:00.009] [INFO] Scheduler - Start
[2021-04-21T07:45:00.073] [INFO] Git - clone remote git github.com/shiehnpin/crawler-data.git to /home/ubuntu/crawler/repo
[2021-04-21T07:45:00.074] [INFO] Git - cloning...
[2021-04-21T07:45:20.188] [FATAL] Scheduler - Abort GitError: Git Error: unable to exec clone from/to https://github.com/shiehnpin/crawler-data.git
    at load (/home/ubuntu/crawler/lib/repo.js:41:10)
    at runMicrotasks (<anonymous>)
    at processTicksAndRejections (internal/process/task_queues.js:97:5)
From previous Error: Cloning into '/home/ubuntu/crawler/repo'...
fatal: unable to access 'https://github.com/shiehnpin/crawler-data.git/': Could not resolve host: github.com

[2021-04-21T07:45:20.190] [DEBUG] Scheduler - [Release]
[2021-04-21T08:00:00.009] [DEBUG] Scheduler - [Lock]
[2021-04-21T08:00:00.011] [INFO] Scheduler - Start
[2021-04-21T08:00:00.064] [INFO] Git - clone remote git github.com/shiehnpin/crawler-data.git to /home/ubuntu/crawler/repo
[2021-04-21T08:00:00.075] [INFO] Git - cloning...
[2021-04-21T08:00:20.189] [FATAL] Scheduler - Abort GitError: Git Error: unable to exec clone from/to https://github.com/shiehnpin/crawler-data.git
    at load (/home/ubuntu/crawler/lib/repo.js:41:10)
    at runMicrotasks (<anonymous>)
    at processTicksAndRejections (internal/process/task_queues.js:97:5)
From previous Error: Cloning into '/home/ubuntu/crawler/repo'...
fatal: unable to access 'https://github.com/shiehnpin/crawler-data.git/': Could not resolve host: github.com

[2021-04-21T08:00:20.192] [DEBUG] Scheduler - [Release]
[2021-04-21T08:15:00.013] [DEBUG] Scheduler - [Lock]
[2021-04-21T08:15:00.014] [INFO] Scheduler - Start
[2021-04-21T08:15:00.079] [INFO] Git - clone remote git github.com/shiehnpin/crawler-data.git to /home/ubuntu/crawler/repo
[2021-04-21T08:15:00.083] [INFO] Git - cloning...
[2021-04-21T08:15:20.211] [FATAL] Scheduler - Abort GitError: Git Error: unable to exec clone from/to https://github.com/shiehnpin/crawler-data.git
    at load (/home/ubuntu/crawler/lib/repo.js:41:10)
    at runMicrotasks (<anonymous>)
    at processTicksAndRejections (internal/process/task_queues.js:97:5)
From previous Error: Cloning into '/home/ubuntu/crawler/repo'...
fatal: unable to access 'https://github.com/shiehnpin/crawler-data.git/': Could not resolve host: github.com

[2021-04-21T08:15:20.215] [DEBUG] Scheduler - [Release]
[2021-04-21T08:30:00.006] [DEBUG] Scheduler - [Lock]
[2021-04-21T08:30:00.007] [INFO] Scheduler - Start
[2021-04-21T08:30:00.066] [INFO] Git - clone remote git github.com/shiehnpin/crawler-data.git to /home/ubuntu/crawler/repo
[2021-04-21T08:30:00.068] [INFO] Git - cloning...
[2021-04-21T08:30:20.188] [FATAL] Scheduler - Abort GitError: Git Error: unable to exec clone from/to https://github.com/shiehnpin/crawler-data.git
    at load (/home/ubuntu/crawler/lib/repo.js:41:10)
    at runMicrotasks (<anonymous>)
    at processTicksAndRejections (internal/process/task_queues.js:97:5)
From previous Error: Cloning into '/home/ubuntu/crawler/repo'...
fatal: unable to access 'https://github.com/shiehnpin/crawler-data.git/': Could not resolve host: github.com

[2021-04-21T08:30:20.191] [DEBUG] Scheduler - [Release]
[2021-04-21T08:45:00.005] [DEBUG] Scheduler - [Lock]
[2021-04-21T08:45:00.006] [INFO] Scheduler - Start
[2021-04-21T08:45:00.063] [INFO] Git - clone remote git github.com/shiehnpin/crawler-data.git to /home/ubuntu/crawler/repo
[2021-04-21T08:45:00.065] [INFO] Git - cloning...
[2021-04-21T08:45:20.177] [FATAL] Scheduler - Abort GitError: Git Error: unable to exec clone from/to https://github.com/shiehnpin/crawler-data.git
    at load (/home/ubuntu/crawler/lib/repo.js:41:10)
    at runMicrotasks (<anonymous>)
    at processTicksAndRejections (internal/process/task_queues.js:97:5)
From previous Error: Cloning into '/home/ubuntu/crawler/repo'...
fatal: unable to access 'https://github.com/shiehnpin/crawler-data.git/': Could not resolve host: github.com

[2021-04-21T08:45:20.180] [DEBUG] Scheduler - [Release]
[2021-04-21T09:00:00.006] [DEBUG] Scheduler - [Lock]
[2021-04-21T09:00:00.007] [INFO] Scheduler - Start
[2021-04-21T09:00:00.064] [INFO] Git - clone remote git github.com/shiehnpin/crawler-data.git to /home/ubuntu/crawler/repo
[2021-04-21T09:00:00.066] [INFO] Git - cloning...
[2021-04-21T09:00:20.184] [FATAL] Scheduler - Abort GitError: Git Error: unable to exec clone from/to https://github.com/shiehnpin/crawler-data.git
    at load (/home/ubuntu/crawler/lib/repo.js:41:10)
    at runMicrotasks (<anonymous>)
    at processTicksAndRejections (internal/process/task_queues.js:97:5)
From previous Error: Cloning into '/home/ubuntu/crawler/repo'...
fatal: unable to access 'https://github.com/shiehnpin/crawler-data.git/': Could not resolve host: github.com

[2021-04-21T09:00:20.187] [DEBUG] Scheduler - [Release]
[2021-04-21T09:15:00.005] [DEBUG] Scheduler - [Lock]
[2021-04-21T09:15:00.006] [INFO] Scheduler - Start
[2021-04-21T09:15:00.062] [INFO] Git - clone remote git github.com/shiehnpin/crawler-data.git to /home/ubuntu/crawler/repo
[2021-04-21T09:15:00.064] [INFO] Git - cloning...
[2021-04-21T09:15:20.198] [FATAL] Scheduler - Abort GitError: Git Error: unable to exec clone from/to https://github.com/shiehnpin/crawler-data.git
    at load (/home/ubuntu/crawler/lib/repo.js:41:10)
    at runMicrotasks (<anonymous>)
    at processTicksAndRejections (internal/process/task_queues.js:97:5)
From previous Error: Cloning into '/home/ubuntu/crawler/repo'...
fatal: unable to access 'https://github.com/shiehnpin/crawler-data.git/': Could not resolve host: github.com

[2021-04-21T09:15:20.201] [DEBUG] Scheduler - [Release]
[2021-04-21T09:30:00.009] [DEBUG] Scheduler - [Lock]
[2021-04-21T09:30:00.010] [INFO] Scheduler - Start
[2021-04-21T09:30:00.078] [INFO] Git - clone remote git github.com/shiehnpin/crawler-data.git to /home/ubuntu/crawler/repo
[2021-04-21T09:30:00.080] [INFO] Git - cloning...
[2021-04-21T09:30:20.205] [FATAL] Scheduler - Abort GitError: Git Error: unable to exec clone from/to https://github.com/shiehnpin/crawler-data.git
    at load (/home/ubuntu/crawler/lib/repo.js:41:10)
    at runMicrotasks (<anonymous>)
    at processTicksAndRejections (internal/process/task_queues.js:97:5)
From previous Error: Cloning into '/home/ubuntu/crawler/repo'...
fatal: unable to access 'https://github.com/shiehnpin/crawler-data.git/': Could not resolve host: github.com

[2021-04-21T09:30:20.208] [DEBUG] Scheduler - [Release]
[2021-04-21T09:45:00.007] [DEBUG] Scheduler - [Lock]
[2021-04-21T09:45:00.008] [INFO] Scheduler - Start
[2021-04-21T09:45:00.063] [INFO] Git - clone remote git github.com/shiehnpin/crawler-data.git to /home/ubuntu/crawler/repo
[2021-04-21T09:45:00.065] [INFO] Git - cloning...
[2021-04-21T09:45:20.181] [FATAL] Scheduler - Abort GitError: Git Error: unable to exec clone from/to https://github.com/shiehnpin/crawler-data.git
    at load (/home/ubuntu/crawler/lib/repo.js:41:10)
    at runMicrotasks (<anonymous>)
    at processTicksAndRejections (internal/process/task_queues.js:97:5)
From previous Error: Cloning into '/home/ubuntu/crawler/repo'...
fatal: unable to access 'https://github.com/shiehnpin/crawler-data.git/': Could not resolve host: github.com

[2021-04-21T09:45:20.184] [DEBUG] Scheduler - [Release]
[2021-04-21T10:00:00.004] [DEBUG] Scheduler - [Lock]
[2021-04-21T10:00:00.005] [INFO] Scheduler - Start
[2021-04-21T10:00:00.060] [INFO] Git - clone remote git github.com/shiehnpin/crawler-data.git to /home/ubuntu/crawler/repo
[2021-04-21T10:00:00.062] [INFO] Git - cloning...
[2021-04-21T10:00:20.178] [FATAL] Scheduler - Abort GitError: Git Error: unable to exec clone from/to https://github.com/shiehnpin/crawler-data.git
    at load (/home/ubuntu/crawler/lib/repo.js:41:10)
    at runMicrotasks (<anonymous>)
    at processTicksAndRejections (internal/process/task_queues.js:97:5)
From previous Error: Cloning into '/home/ubuntu/crawler/repo'...
fatal: unable to access 'https://github.com/shiehnpin/crawler-data.git/': Could not resolve host: github.com

[2021-04-21T10:00:20.180] [DEBUG] Scheduler - [Release]
[2021-04-21T10:15:00.016] [DEBUG] Scheduler - [Lock]
[2021-04-21T10:15:00.017] [INFO] Scheduler - Start
[2021-04-21T10:15:00.074] [INFO] Git - clone remote git github.com/shiehnpin/crawler-data.git to /home/ubuntu/crawler/repo
[2021-04-21T10:15:00.075] [INFO] Git - cloning...
[2021-04-21T10:15:20.192] [FATAL] Scheduler - Abort GitError: Git Error: unable to exec clone from/to https://github.com/shiehnpin/crawler-data.git
    at load (/home/ubuntu/crawler/lib/repo.js:41:10)
    at runMicrotasks (<anonymous>)
    at processTicksAndRejections (internal/process/task_queues.js:97:5)
From previous Error: Cloning into '/home/ubuntu/crawler/repo'...
fatal: unable to access 'https://github.com/shiehnpin/crawler-data.git/': Could not resolve host: github.com

[2021-04-21T10:15:20.194] [DEBUG] Scheduler - [Release]
[2021-04-21T10:30:00.007] [DEBUG] Scheduler - [Lock]
[2021-04-21T10:30:00.008] [INFO] Scheduler - Start
[2021-04-21T10:30:00.065] [INFO] Git - clone remote git github.com/shiehnpin/crawler-data.git to /home/ubuntu/crawler/repo
[2021-04-21T10:30:00.067] [INFO] Git - cloning...
[2021-04-21T10:30:20.183] [FATAL] Scheduler - Abort GitError: Git Error: unable to exec clone from/to https://github.com/shiehnpin/crawler-data.git
    at load (/home/ubuntu/crawler/lib/repo.js:41:10)
    at runMicrotasks (<anonymous>)
    at processTicksAndRejections (internal/process/task_queues.js:97:5)
From previous Error: Cloning into '/home/ubuntu/crawler/repo'...
fatal: unable to access 'https://github.com/shiehnpin/crawler-data.git/': Could not resolve host: github.com

[2021-04-21T10:30:20.218] [DEBUG] Scheduler - [Release]
[2021-04-21T10:45:00.006] [DEBUG] Scheduler - [Lock]
[2021-04-21T10:45:00.008] [INFO] Scheduler - Start
[2021-04-21T10:45:00.065] [INFO] Git - clone remote git github.com/shiehnpin/crawler-data.git to /home/ubuntu/crawler/repo
[2021-04-21T10:45:00.066] [INFO] Git - cloning...
[2021-04-21T10:45:20.181] [FATAL] Scheduler - Abort GitError: Git Error: unable to exec clone from/to https://github.com/shiehnpin/crawler-data.git
    at load (/home/ubuntu/crawler/lib/repo.js:41:10)
    at runMicrotasks (<anonymous>)
    at processTicksAndRejections (internal/process/task_queues.js:97:5)
From previous Error: Cloning into '/home/ubuntu/crawler/repo'...
fatal: unable to access 'https://github.com/shiehnpin/crawler-data.git/': Could not resolve host: github.com

[2021-04-21T10:45:20.184] [DEBUG] Scheduler - [Release]
[2021-04-21T11:00:00.008] [DEBUG] Scheduler - [Lock]
[2021-04-21T11:00:00.009] [INFO] Scheduler - Start
[2021-04-21T11:00:00.066] [INFO] Git - clone remote git github.com/shiehnpin/crawler-data.git to /home/ubuntu/crawler/repo
[2021-04-21T11:00:00.067] [INFO] Git - cloning...
[2021-04-21T11:00:20.182] [FATAL] Scheduler - Abort GitError: Git Error: unable to exec clone from/to https://github.com/shiehnpin/crawler-data.git
    at load (/home/ubuntu/crawler/lib/repo.js:41:10)
    at runMicrotasks (<anonymous>)
    at processTicksAndRejections (internal/process/task_queues.js:97:5)
From previous Error: Cloning into '/home/ubuntu/crawler/repo'...
fatal: unable to access 'https://github.com/shiehnpin/crawler-data.git/': Could not resolve host: github.com

[2021-04-21T11:00:20.184] [DEBUG] Scheduler - [Release]
[2021-04-21T11:15:00.007] [DEBUG] Scheduler - [Lock]
[2021-04-21T11:15:00.008] [INFO] Scheduler - Start
[2021-04-21T11:15:00.069] [INFO] Git - clone remote git github.com/shiehnpin/crawler-data.git to /home/ubuntu/crawler/repo
[2021-04-21T11:15:00.070] [INFO] Git - cloning...
[2021-04-21T11:15:20.192] [FATAL] Scheduler - Abort GitError: Git Error: unable to exec clone from/to https://github.com/shiehnpin/crawler-data.git
    at load (/home/ubuntu/crawler/lib/repo.js:41:10)
    at runMicrotasks (<anonymous>)
    at processTicksAndRejections (internal/process/task_queues.js:97:5)
From previous Error: Cloning into '/home/ubuntu/crawler/repo'...
fatal: unable to access 'https://github.com/shiehnpin/crawler-data.git/': Could not resolve host: github.com

[2021-04-21T11:15:20.195] [DEBUG] Scheduler - [Release]
[2021-04-21T11:30:00.006] [DEBUG] Scheduler - [Lock]
[2021-04-21T11:30:00.007] [INFO] Scheduler - Start
[2021-04-21T11:30:00.065] [INFO] Git - clone remote git github.com/shiehnpin/crawler-data.git to /home/ubuntu/crawler/repo
[2021-04-21T11:30:00.066] [INFO] Git - cloning...
[2021-04-21T11:30:20.208] [FATAL] Scheduler - Abort GitError: Git Error: unable to exec clone from/to https://github.com/shiehnpin/crawler-data.git
    at load (/home/ubuntu/crawler/lib/repo.js:41:10)
    at runMicrotasks (<anonymous>)
    at processTicksAndRejections (internal/process/task_queues.js:97:5)
From previous Error: Cloning into '/home/ubuntu/crawler/repo'...
fatal: unable to access 'https://github.com/shiehnpin/crawler-data.git/': Could not resolve host: github.com

[2021-04-21T11:30:20.211] [DEBUG] Scheduler - [Release]
[2021-04-21T11:45:00.006] [DEBUG] Scheduler - [Lock]
[2021-04-21T11:45:00.007] [INFO] Scheduler - Start
[2021-04-21T11:45:00.065] [INFO] Git - clone remote git github.com/shiehnpin/crawler-data.git to /home/ubuntu/crawler/repo
[2021-04-21T11:45:00.069] [INFO] Git - cloning...
[2021-04-21T11:45:20.192] [FATAL] Scheduler - Abort GitError: Git Error: unable to exec clone from/to https://github.com/shiehnpin/crawler-data.git
    at load (/home/ubuntu/crawler/lib/repo.js:41:10)
    at runMicrotasks (<anonymous>)
    at processTicksAndRejections (internal/process/task_queues.js:97:5)
From previous Error: Cloning into '/home/ubuntu/crawler/repo'...
fatal: unable to access 'https://github.com/shiehnpin/crawler-data.git/': Could not resolve host: github.com

[2021-04-21T11:45:20.195] [DEBUG] Scheduler - [Release]
[2021-04-21T12:00:00.006] [DEBUG] Scheduler - [Lock]
[2021-04-21T12:00:00.007] [INFO] Scheduler - Start
[2021-04-21T12:00:00.062] [INFO] Git - clone remote git github.com/shiehnpin/crawler-data.git to /home/ubuntu/crawler/repo
[2021-04-21T12:00:00.064] [INFO] Git - cloning...
[2021-04-21T12:00:20.186] [FATAL] Scheduler - Abort GitError: Git Error: unable to exec clone from/to https://github.com/shiehnpin/crawler-data.git
    at load (/home/ubuntu/crawler/lib/repo.js:41:10)
    at runMicrotasks (<anonymous>)
    at processTicksAndRejections (internal/process/task_queues.js:97:5)
From previous Error: Cloning into '/home/ubuntu/crawler/repo'...
fatal: unable to access 'https://github.com/shiehnpin/crawler-data.git/': Could not resolve host: github.com

[2021-04-21T12:00:20.190] [DEBUG] Scheduler - [Release]
[2021-04-21T12:15:00.008] [DEBUG] Scheduler - [Lock]
[2021-04-21T12:15:00.009] [INFO] Scheduler - Start
[2021-04-21T12:15:00.065] [INFO] Git - clone remote git github.com/shiehnpin/crawler-data.git to /home/ubuntu/crawler/repo
[2021-04-21T12:15:00.067] [INFO] Git - cloning...
[2021-04-21T12:15:20.184] [FATAL] Scheduler - Abort GitError: Git Error: unable to exec clone from/to https://github.com/shiehnpin/crawler-data.git
    at load (/home/ubuntu/crawler/lib/repo.js:41:10)
    at runMicrotasks (<anonymous>)
    at processTicksAndRejections (internal/process/task_queues.js:97:5)
From previous Error: Cloning into '/home/ubuntu/crawler/repo'...
fatal: unable to access 'https://github.com/shiehnpin/crawler-data.git/': Could not resolve host: github.com

[2021-04-21T12:15:20.187] [DEBUG] Scheduler - [Release]
[2021-04-21T12:30:00.009] [DEBUG] Scheduler - [Lock]
[2021-04-21T12:30:00.010] [INFO] Scheduler - Start
[2021-04-21T12:30:00.077] [INFO] Git - clone remote git github.com/shiehnpin/crawler-data.git to /home/ubuntu/crawler/repo
[2021-04-21T12:30:00.078] [INFO] Git - cloning...
[2021-04-21T12:30:20.196] [FATAL] Scheduler - Abort GitError: Git Error: unable to exec clone from/to https://github.com/shiehnpin/crawler-data.git
    at load (/home/ubuntu/crawler/lib/repo.js:41:10)
    at runMicrotasks (<anonymous>)
    at processTicksAndRejections (internal/process/task_queues.js:97:5)
From previous Error: Cloning into '/home/ubuntu/crawler/repo'...
fatal: unable to access 'https://github.com/shiehnpin/crawler-data.git/': Could not resolve host: github.com

[2021-04-21T12:30:20.198] [DEBUG] Scheduler - [Release]
[2021-04-21T12:45:00.006] [DEBUG] Scheduler - [Lock]
[2021-04-21T12:45:00.007] [INFO] Scheduler - Start
[2021-04-21T12:45:00.066] [INFO] Git - clone remote git github.com/shiehnpin/crawler-data.git to /home/ubuntu/crawler/repo
[2021-04-21T12:45:00.068] [INFO] Git - cloning...
[2021-04-21T12:45:20.184] [FATAL] Scheduler - Abort GitError: Git Error: unable to exec clone from/to https://github.com/shiehnpin/crawler-data.git
    at load (/home/ubuntu/crawler/lib/repo.js:41:10)
    at runMicrotasks (<anonymous>)
    at processTicksAndRejections (internal/process/task_queues.js:97:5)
From previous Error: Cloning into '/home/ubuntu/crawler/repo'...
fatal: unable to access 'https://github.com/shiehnpin/crawler-data.git/': Could not resolve host: github.com

[2021-04-21T12:45:20.188] [DEBUG] Scheduler - [Release]
[2021-04-21T13:00:00.006] [DEBUG] Scheduler - [Lock]
[2021-04-21T13:00:00.007] [INFO] Scheduler - Start
[2021-04-21T13:00:00.065] [INFO] Git - clone remote git github.com/shiehnpin/crawler-data.git to /home/ubuntu/crawler/repo
[2021-04-21T13:00:00.066] [INFO] Git - cloning...
[2021-04-21T13:00:20.186] [FATAL] Scheduler - Abort GitError: Git Error: unable to exec clone from/to https://github.com/shiehnpin/crawler-data.git
    at load (/home/ubuntu/crawler/lib/repo.js:41:10)
    at runMicrotasks (<anonymous>)
    at processTicksAndRejections (internal/process/task_queues.js:97:5)
From previous Error: Cloning into '/home/ubuntu/crawler/repo'...
fatal: unable to access 'https://github.com/shiehnpin/crawler-data.git/': Could not resolve host: github.com

[2021-04-21T13:00:20.189] [DEBUG] Scheduler - [Release]
[2021-04-21T13:15:00.007] [DEBUG] Scheduler - [Lock]
[2021-04-21T13:15:00.008] [INFO] Scheduler - Start
[2021-04-21T13:15:00.066] [INFO] Git - clone remote git github.com/shiehnpin/crawler-data.git to /home/ubuntu/crawler/repo
[2021-04-21T13:15:00.068] [INFO] Git - cloning...
[2021-04-21T13:15:20.185] [FATAL] Scheduler - Abort GitError: Git Error: unable to exec clone from/to https://github.com/shiehnpin/crawler-data.git
    at load (/home/ubuntu/crawler/lib/repo.js:41:10)
    at runMicrotasks (<anonymous>)
    at processTicksAndRejections (internal/process/task_queues.js:97:5)
From previous Error: Cloning into '/home/ubuntu/crawler/repo'...
fatal: unable to access 'https://github.com/shiehnpin/crawler-data.git/': Could not resolve host: github.com

[2021-04-21T13:15:20.188] [DEBUG] Scheduler - [Release]
[2021-04-21T13:30:00.007] [DEBUG] Scheduler - [Lock]
[2021-04-21T13:30:00.008] [INFO] Scheduler - Start
[2021-04-21T13:30:00.066] [INFO] Git - clone remote git github.com/shiehnpin/crawler-data.git to /home/ubuntu/crawler/repo
[2021-04-21T13:30:00.068] [INFO] Git - cloning...
[2021-04-21T13:30:20.217] [FATAL] Scheduler - Abort GitError: Git Error: unable to exec clone from/to https://github.com/shiehnpin/crawler-data.git
    at load (/home/ubuntu/crawler/lib/repo.js:41:10)
    at runMicrotasks (<anonymous>)
    at processTicksAndRejections (internal/process/task_queues.js:97:5)
From previous Error: Cloning into '/home/ubuntu/crawler/repo'...
fatal: unable to access 'https://github.com/shiehnpin/crawler-data.git/': Could not resolve host: github.com

[2021-04-21T13:30:20.220] [DEBUG] Scheduler - [Release]
[2021-04-21T13:45:00.006] [DEBUG] Scheduler - [Lock]
[2021-04-21T13:45:00.008] [INFO] Scheduler - Start
[2021-04-21T13:45:00.083] [INFO] Git - clone remote git github.com/shiehnpin/crawler-data.git to /home/ubuntu/crawler/repo
[2021-04-21T13:45:00.085] [INFO] Git - cloning...
[2021-04-21T13:45:20.383] [FATAL] Scheduler - Abort GitError: Git Error: unable to exec clone from/to https://github.com/shiehnpin/crawler-data.git
    at load (/home/ubuntu/crawler/lib/repo.js:41:10)
    at runMicrotasks (<anonymous>)
    at processTicksAndRejections (internal/process/task_queues.js:97:5)
From previous Error: Cloning into '/home/ubuntu/crawler/repo'...
fatal: unable to access 'https://github.com/shiehnpin/crawler-data.git/': Could not resolve host: github.com

[2021-04-21T13:45:20.386] [DEBUG] Scheduler - [Release]
[2021-04-21T14:00:00.018] [DEBUG] Scheduler - [Lock]
[2021-04-21T14:00:00.019] [INFO] Scheduler - Start
[2021-04-21T14:00:00.079] [INFO] Git - clone remote git github.com/shiehnpin/crawler-data.git to /home/ubuntu/crawler/repo
[2021-04-21T14:00:00.081] [INFO] Git - cloning...
[2021-04-21T14:00:20.199] [FATAL] Scheduler - Abort GitError: Git Error: unable to exec clone from/to https://github.com/shiehnpin/crawler-data.git
    at load (/home/ubuntu/crawler/lib/repo.js:41:10)
    at runMicrotasks (<anonymous>)
    at processTicksAndRejections (internal/process/task_queues.js:97:5)
From previous Error: Cloning into '/home/ubuntu/crawler/repo'...
fatal: unable to access 'https://github.com/shiehnpin/crawler-data.git/': Could not resolve host: github.com

[2021-04-21T14:00:20.201] [DEBUG] Scheduler - [Release]
[2021-04-21T14:15:00.006] [DEBUG] Scheduler - [Lock]
[2021-04-21T14:15:00.008] [INFO] Scheduler - Start
[2021-04-21T14:15:00.063] [INFO] Git - clone remote git github.com/shiehnpin/crawler-data.git to /home/ubuntu/crawler/repo
[2021-04-21T14:15:00.064] [INFO] Git - cloning...
[2021-04-21T14:15:20.180] [FATAL] Scheduler - Abort GitError: Git Error: unable to exec clone from/to https://github.com/shiehnpin/crawler-data.git
    at load (/home/ubuntu/crawler/lib/repo.js:41:10)
    at runMicrotasks (<anonymous>)
    at processTicksAndRejections (internal/process/task_queues.js:97:5)
From previous Error: Cloning into '/home/ubuntu/crawler/repo'...
fatal: unable to access 'https://github.com/shiehnpin/crawler-data.git/': Could not resolve host: github.com

[2021-04-21T14:15:20.184] [DEBUG] Scheduler - [Release]
[2021-04-21T14:30:00.004] [DEBUG] Scheduler - [Lock]
[2021-04-21T14:30:00.005] [INFO] Scheduler - Start
[2021-04-21T14:30:00.065] [INFO] Git - clone remote git github.com/shiehnpin/crawler-data.git to /home/ubuntu/crawler/repo
[2021-04-21T14:30:00.067] [INFO] Git - cloning...
[2021-04-21T14:30:20.184] [FATAL] Scheduler - Abort GitError: Git Error: unable to exec clone from/to https://github.com/shiehnpin/crawler-data.git
    at load (/home/ubuntu/crawler/lib/repo.js:41:10)
    at runMicrotasks (<anonymous>)
    at processTicksAndRejections (internal/process/task_queues.js:97:5)
From previous Error: Cloning into '/home/ubuntu/crawler/repo'...
fatal: unable to access 'https://github.com/shiehnpin/crawler-data.git/': Could not resolve host: github.com

[2021-04-21T14:30:20.187] [DEBUG] Scheduler - [Release]
[2021-04-21T14:45:00.007] [DEBUG] Scheduler - [Lock]
[2021-04-21T14:45:00.022] [INFO] Scheduler - Start
[2021-04-21T14:45:00.208] [INFO] Git - clone remote git github.com/shiehnpin/crawler-data.git to /home/ubuntu/crawler/repo
[2021-04-21T14:45:00.211] [INFO] Git - cloning...
[2021-04-21T14:45:20.603] [FATAL] Scheduler - Abort GitError: Git Error: unable to exec clone from/to https://github.com/shiehnpin/crawler-data.git
    at load (/home/ubuntu/crawler/lib/repo.js:41:10)
    at runMicrotasks (<anonymous>)
    at processTicksAndRejections (internal/process/task_queues.js:97:5)
From previous Error: Cloning into '/home/ubuntu/crawler/repo'...
fatal: unable to access 'https://github.com/shiehnpin/crawler-data.git/': Could not resolve host: github.com

[2021-04-21T14:45:20.607] [DEBUG] Scheduler - [Release]
[2021-04-21T15:00:00.007] [DEBUG] Scheduler - [Lock]
[2021-04-21T15:00:00.008] [INFO] Scheduler - Start
[2021-04-21T15:00:00.074] [INFO] Git - clone remote git github.com/shiehnpin/crawler-data.git to /home/ubuntu/crawler/repo
[2021-04-21T15:00:00.076] [INFO] Git - cloning...
[2021-04-21T15:00:20.198] [FATAL] Scheduler - Abort GitError: Git Error: unable to exec clone from/to https://github.com/shiehnpin/crawler-data.git
    at load (/home/ubuntu/crawler/lib/repo.js:41:10)
    at runMicrotasks (<anonymous>)
    at processTicksAndRejections (internal/process/task_queues.js:97:5)
From previous Error: Cloning into '/home/ubuntu/crawler/repo'...
fatal: unable to access 'https://github.com/shiehnpin/crawler-data.git/': Could not resolve host: github.com

[2021-04-21T15:00:20.200] [DEBUG] Scheduler - [Release]
[2021-04-21T15:15:00.017] [DEBUG] Scheduler - [Lock]
[2021-04-21T15:15:00.018] [INFO] Scheduler - Start
[2021-04-21T15:15:00.094] [INFO] Git - clone remote git github.com/shiehnpin/crawler-data.git to /home/ubuntu/crawler/repo
[2021-04-21T15:15:00.096] [INFO] Git - cloning...
[2021-04-21T15:15:20.262] [FATAL] Scheduler - Abort GitError: Git Error: unable to exec clone from/to https://github.com/shiehnpin/crawler-data.git
    at load (/home/ubuntu/crawler/lib/repo.js:41:10)
    at runMicrotasks (<anonymous>)
    at processTicksAndRejections (internal/process/task_queues.js:97:5)
From previous Error: Cloning into '/home/ubuntu/crawler/repo'...
fatal: unable to access 'https://github.com/shiehnpin/crawler-data.git/': Could not resolve host: github.com

[2021-04-21T15:15:20.265] [DEBUG] Scheduler - [Release]
[2021-04-21T15:30:00.006] [DEBUG] Scheduler - [Lock]
[2021-04-21T15:30:00.007] [INFO] Scheduler - Start
[2021-04-21T15:30:00.067] [INFO] Git - clone remote git github.com/shiehnpin/crawler-data.git to /home/ubuntu/crawler/repo
[2021-04-21T15:30:00.069] [INFO] Git - cloning...
[2021-04-21T15:30:20.185] [FATAL] Scheduler - Abort GitError: Git Error: unable to exec clone from/to https://github.com/shiehnpin/crawler-data.git
    at load (/home/ubuntu/crawler/lib/repo.js:41:10)
    at runMicrotasks (<anonymous>)
    at processTicksAndRejections (internal/process/task_queues.js:97:5)
From previous Error: Cloning into '/home/ubuntu/crawler/repo'...
fatal: unable to access 'https://github.com/shiehnpin/crawler-data.git/': Could not resolve host: github.com

[2021-04-21T15:30:20.188] [DEBUG] Scheduler - [Release]
[2021-04-21T15:45:00.005] [DEBUG] Scheduler - [Lock]
[2021-04-21T15:45:00.006] [INFO] Scheduler - Start
[2021-04-21T15:45:00.062] [INFO] Git - clone remote git github.com/shiehnpin/crawler-data.git to /home/ubuntu/crawler/repo
[2021-04-21T15:45:00.063] [INFO] Git - cloning...
[2021-04-21T15:45:20.180] [FATAL] Scheduler - Abort GitError: Git Error: unable to exec clone from/to https://github.com/shiehnpin/crawler-data.git
    at load (/home/ubuntu/crawler/lib/repo.js:41:10)
    at runMicrotasks (<anonymous>)
    at processTicksAndRejections (internal/process/task_queues.js:97:5)
From previous Error: Cloning into '/home/ubuntu/crawler/repo'...
fatal: unable to access 'https://github.com/shiehnpin/crawler-data.git/': Could not resolve host: github.com

[2021-04-21T15:45:20.183] [DEBUG] Scheduler - [Release]
[2021-04-21T16:00:00.006] [DEBUG] Scheduler - [Lock]
[2021-04-21T16:00:00.007] [INFO] Scheduler - Start
[2021-04-21T16:00:00.066] [INFO] Git - clone remote git github.com/shiehnpin/crawler-data.git to /home/ubuntu/crawler/repo
[2021-04-21T16:00:00.068] [INFO] Git - cloning...
[2021-04-21T16:00:20.180] [FATAL] Scheduler - Abort GitError: Git Error: unable to exec clone from/to https://github.com/shiehnpin/crawler-data.git
    at load (/home/ubuntu/crawler/lib/repo.js:41:10)
    at runMicrotasks (<anonymous>)
    at processTicksAndRejections (internal/process/task_queues.js:97:5)
From previous Error: Cloning into '/home/ubuntu/crawler/repo'...
fatal: unable to access 'https://github.com/shiehnpin/crawler-data.git/': Could not resolve host: github.com

[2021-04-21T16:00:20.183] [DEBUG] Scheduler - [Release]
[2021-04-21T16:15:00.004] [DEBUG] Scheduler - [Lock]
[2021-04-21T16:15:00.005] [INFO] Scheduler - Start
[2021-04-21T16:15:00.065] [INFO] Git - clone remote git github.com/shiehnpin/crawler-data.git to /home/ubuntu/crawler/repo
[2021-04-21T16:15:00.067] [INFO] Git - cloning...
[2021-04-21T16:15:20.194] [FATAL] Scheduler - Abort GitError: Git Error: unable to exec clone from/to https://github.com/shiehnpin/crawler-data.git
    at load (/home/ubuntu/crawler/lib/repo.js:41:10)
    at runMicrotasks (<anonymous>)
    at processTicksAndRejections (internal/process/task_queues.js:97:5)
From previous Error: Cloning into '/home/ubuntu/crawler/repo'...
fatal: unable to access 'https://github.com/shiehnpin/crawler-data.git/': Could not resolve host: github.com

[2021-04-21T16:15:20.197] [DEBUG] Scheduler - [Release]
[2021-04-21T16:30:00.006] [DEBUG] Scheduler - [Lock]
[2021-04-21T16:30:00.007] [INFO] Scheduler - Start
[2021-04-21T16:30:00.091] [INFO] Git - clone remote git github.com/shiehnpin/crawler-data.git to /home/ubuntu/crawler/repo
[2021-04-21T16:30:00.093] [INFO] Git - cloning...
[2021-04-21T16:30:20.220] [FATAL] Scheduler - Abort GitError: Git Error: unable to exec clone from/to https://github.com/shiehnpin/crawler-data.git
    at load (/home/ubuntu/crawler/lib/repo.js:41:10)
    at runMicrotasks (<anonymous>)
    at processTicksAndRejections (internal/process/task_queues.js:97:5)
From previous Error: Cloning into '/home/ubuntu/crawler/repo'...
fatal: unable to access 'https://github.com/shiehnpin/crawler-data.git/': Could not resolve host: github.com

[2021-04-21T16:30:20.224] [DEBUG] Scheduler - [Release]
[2021-04-21T16:45:00.006] [DEBUG] Scheduler - [Lock]
[2021-04-21T16:45:00.007] [INFO] Scheduler - Start
[2021-04-21T16:45:00.066] [INFO] Git - clone remote git github.com/shiehnpin/crawler-data.git to /home/ubuntu/crawler/repo
[2021-04-21T16:45:00.067] [INFO] Git - cloning...
[2021-04-21T16:45:20.192] [FATAL] Scheduler - Abort GitError: Git Error: unable to exec clone from/to https://github.com/shiehnpin/crawler-data.git
    at load (/home/ubuntu/crawler/lib/repo.js:41:10)
    at runMicrotasks (<anonymous>)
    at processTicksAndRejections (internal/process/task_queues.js:97:5)
From previous Error: Cloning into '/home/ubuntu/crawler/repo'...
fatal: unable to access 'https://github.com/shiehnpin/crawler-data.git/': Could not resolve host: github.com

[2021-04-21T16:45:20.195] [DEBUG] Scheduler - [Release]
[2021-04-21T17:00:00.006] [DEBUG] Scheduler - [Lock]
[2021-04-21T17:00:00.007] [INFO] Scheduler - Start
[2021-04-21T17:00:00.078] [INFO] Git - clone remote git github.com/shiehnpin/crawler-data.git to /home/ubuntu/crawler/repo
[2021-04-21T17:00:00.079] [INFO] Git - cloning...
[2021-04-21T17:00:20.203] [FATAL] Scheduler - Abort GitError: Git Error: unable to exec clone from/to https://github.com/shiehnpin/crawler-data.git
    at load (/home/ubuntu/crawler/lib/repo.js:41:10)
    at runMicrotasks (<anonymous>)
    at processTicksAndRejections (internal/process/task_queues.js:97:5)
From previous Error: Cloning into '/home/ubuntu/crawler/repo'...
fatal: unable to access 'https://github.com/shiehnpin/crawler-data.git/': Could not resolve host: github.com

[2021-04-21T17:00:20.206] [DEBUG] Scheduler - [Release]
[2021-04-21T17:15:00.007] [DEBUG] Scheduler - [Lock]
[2021-04-21T17:15:00.008] [INFO] Scheduler - Start
[2021-04-21T17:15:00.067] [INFO] Git - clone remote git github.com/shiehnpin/crawler-data.git to /home/ubuntu/crawler/repo
[2021-04-21T17:15:00.070] [INFO] Git - cloning...
[2021-04-21T17:15:20.203] [FATAL] Scheduler - Abort GitError: Git Error: unable to exec clone from/to https://github.com/shiehnpin/crawler-data.git
    at load (/home/ubuntu/crawler/lib/repo.js:41:10)
    at runMicrotasks (<anonymous>)
    at processTicksAndRejections (internal/process/task_queues.js:97:5)
From previous Error: Cloning into '/home/ubuntu/crawler/repo'...
fatal: unable to access 'https://github.com/shiehnpin/crawler-data.git/': Could not resolve host: github.com

[2021-04-21T17:15:20.206] [DEBUG] Scheduler - [Release]
[2021-04-21T17:30:00.006] [DEBUG] Scheduler - [Lock]
[2021-04-21T17:30:00.007] [INFO] Scheduler - Start
[2021-04-21T17:30:00.061] [INFO] Git - clone remote git github.com/shiehnpin/crawler-data.git to /home/ubuntu/crawler/repo
[2021-04-21T17:30:00.063] [INFO] Git - cloning...
[2021-04-21T17:30:20.220] [FATAL] Scheduler - Abort GitError: Git Error: unable to exec clone from/to https://github.com/shiehnpin/crawler-data.git
    at load (/home/ubuntu/crawler/lib/repo.js:41:10)
    at runMicrotasks (<anonymous>)
    at processTicksAndRejections (internal/process/task_queues.js:97:5)
From previous Error: Cloning into '/home/ubuntu/crawler/repo'...
fatal: unable to access 'https://github.com/shiehnpin/crawler-data.git/': Could not resolve host: github.com

[2021-04-21T17:30:20.223] [DEBUG] Scheduler - [Release]
[2021-04-21T17:45:00.005] [DEBUG] Scheduler - [Lock]
[2021-04-21T17:45:00.006] [INFO] Scheduler - Start
[2021-04-21T17:45:00.061] [INFO] Git - clone remote git github.com/shiehnpin/crawler-data.git to /home/ubuntu/crawler/repo
[2021-04-21T17:45:00.063] [INFO] Git - cloning...
[2021-04-21T17:45:20.176] [FATAL] Scheduler - Abort GitError: Git Error: unable to exec clone from/to https://github.com/shiehnpin/crawler-data.git
    at load (/home/ubuntu/crawler/lib/repo.js:41:10)
    at runMicrotasks (<anonymous>)
    at processTicksAndRejections (internal/process/task_queues.js:97:5)
From previous Error: Cloning into '/home/ubuntu/crawler/repo'...
fatal: unable to access 'https://github.com/shiehnpin/crawler-data.git/': Could not resolve host: github.com

[2021-04-21T17:45:20.179] [DEBUG] Scheduler - [Release]
[2021-04-21T18:00:00.005] [DEBUG] Scheduler - [Lock]
[2021-04-21T18:00:00.007] [INFO] Scheduler - Start
[2021-04-21T18:00:00.062] [INFO] Git - clone remote git github.com/shiehnpin/crawler-data.git to /home/ubuntu/crawler/repo
[2021-04-21T18:00:00.064] [INFO] Git - cloning...
[2021-04-21T18:00:20.208] [FATAL] Scheduler - Abort GitError: Git Error: unable to exec clone from/to https://github.com/shiehnpin/crawler-data.git
    at load (/home/ubuntu/crawler/lib/repo.js:41:10)
    at runMicrotasks (<anonymous>)
    at processTicksAndRejections (internal/process/task_queues.js:97:5)
From previous Error: Cloning into '/home/ubuntu/crawler/repo'...
fatal: unable to access 'https://github.com/shiehnpin/crawler-data.git/': Could not resolve host: github.com

[2021-04-21T18:00:20.211] [DEBUG] Scheduler - [Release]
[2021-04-21T18:15:00.006] [DEBUG] Scheduler - [Lock]
[2021-04-21T18:15:00.007] [INFO] Scheduler - Start
[2021-04-21T18:15:00.077] [INFO] Git - clone remote git github.com/shiehnpin/crawler-data.git to /home/ubuntu/crawler/repo
[2021-04-21T18:15:00.078] [INFO] Git - cloning...
[2021-04-21T18:15:20.195] [FATAL] Scheduler - Abort GitError: Git Error: unable to exec clone from/to https://github.com/shiehnpin/crawler-data.git
    at load (/home/ubuntu/crawler/lib/repo.js:41:10)
    at runMicrotasks (<anonymous>)
    at processTicksAndRejections (internal/process/task_queues.js:97:5)
From previous Error: Cloning into '/home/ubuntu/crawler/repo'...
fatal: unable to access 'https://github.com/shiehnpin/crawler-data.git/': Could not resolve host: github.com

[2021-04-21T18:15:20.198] [DEBUG] Scheduler - [Release]
[2021-04-21T18:30:00.006] [DEBUG] Scheduler - [Lock]
[2021-04-21T18:30:00.007] [INFO] Scheduler - Start
[2021-04-21T18:30:00.061] [INFO] Git - clone remote git github.com/shiehnpin/crawler-data.git to /home/ubuntu/crawler/repo
[2021-04-21T18:30:00.063] [INFO] Git - cloning...
[2021-04-21T18:30:20.183] [FATAL] Scheduler - Abort GitError: Git Error: unable to exec clone from/to https://github.com/shiehnpin/crawler-data.git
    at load (/home/ubuntu/crawler/lib/repo.js:41:10)
    at runMicrotasks (<anonymous>)
    at processTicksAndRejections (internal/process/task_queues.js:97:5)
From previous Error: Cloning into '/home/ubuntu/crawler/repo'...
fatal: unable to access 'https://github.com/shiehnpin/crawler-data.git/': Could not resolve host: github.com

[2021-04-21T18:30:20.186] [DEBUG] Scheduler - [Release]
[2021-04-21T18:45:00.006] [DEBUG] Scheduler - [Lock]
[2021-04-21T18:45:00.007] [INFO] Scheduler - Start
[2021-04-21T18:45:00.075] [INFO] Git - clone remote git github.com/shiehnpin/crawler-data.git to /home/ubuntu/crawler/repo
[2021-04-21T18:45:00.076] [INFO] Git - cloning...
[2021-04-21T18:45:20.207] [FATAL] Scheduler - Abort GitError: Git Error: unable to exec clone from/to https://github.com/shiehnpin/crawler-data.git
    at load (/home/ubuntu/crawler/lib/repo.js:41:10)
    at runMicrotasks (<anonymous>)
    at processTicksAndRejections (internal/process/task_queues.js:97:5)
From previous Error: Cloning into '/home/ubuntu/crawler/repo'...
fatal: unable to access 'https://github.com/shiehnpin/crawler-data.git/': Could not resolve host: github.com

[2021-04-21T18:45:20.210] [DEBUG] Scheduler - [Release]
[2021-04-21T19:00:00.005] [DEBUG] Scheduler - [Lock]
[2021-04-21T19:00:00.006] [INFO] Scheduler - Start
[2021-04-21T19:00:00.061] [INFO] Git - clone remote git github.com/shiehnpin/crawler-data.git to /home/ubuntu/crawler/repo
[2021-04-21T19:00:00.065] [INFO] Git - cloning...
[2021-04-21T19:00:20.181] [FATAL] Scheduler - Abort GitError: Git Error: unable to exec clone from/to https://github.com/shiehnpin/crawler-data.git
    at load (/home/ubuntu/crawler/lib/repo.js:41:10)
    at runMicrotasks (<anonymous>)
    at processTicksAndRejections (internal/process/task_queues.js:97:5)
From previous Error: Cloning into '/home/ubuntu/crawler/repo'...
fatal: unable to access 'https://github.com/shiehnpin/crawler-data.git/': Could not resolve host: github.com

[2021-04-21T19:00:20.184] [DEBUG] Scheduler - [Release]
[2021-04-21T19:15:00.006] [DEBUG] Scheduler - [Lock]
[2021-04-21T19:15:00.008] [INFO] Scheduler - Start
[2021-04-21T19:15:00.074] [INFO] Git - clone remote git github.com/shiehnpin/crawler-data.git to /home/ubuntu/crawler/repo
[2021-04-21T19:15:00.076] [INFO] Git - cloning...
[2021-04-21T19:15:20.195] [FATAL] Scheduler - Abort GitError: Git Error: unable to exec clone from/to https://github.com/shiehnpin/crawler-data.git
    at load (/home/ubuntu/crawler/lib/repo.js:41:10)
    at runMicrotasks (<anonymous>)
    at processTicksAndRejections (internal/process/task_queues.js:97:5)
From previous Error: Cloning into '/home/ubuntu/crawler/repo'...
fatal: unable to access 'https://github.com/shiehnpin/crawler-data.git/': Could not resolve host: github.com

[2021-04-21T19:15:20.198] [DEBUG] Scheduler - [Release]
[2021-04-21T19:30:00.006] [DEBUG] Scheduler - [Lock]
[2021-04-21T19:30:00.007] [INFO] Scheduler - Start
[2021-04-21T19:30:00.069] [INFO] Git - clone remote git github.com/shiehnpin/crawler-data.git to /home/ubuntu/crawler/repo
[2021-04-21T19:30:00.071] [INFO] Git - cloning...
[2021-04-21T19:30:20.198] [FATAL] Scheduler - Abort GitError: Git Error: unable to exec clone from/to https://github.com/shiehnpin/crawler-data.git
    at load (/home/ubuntu/crawler/lib/repo.js:41:10)
    at runMicrotasks (<anonymous>)
    at processTicksAndRejections (internal/process/task_queues.js:97:5)
From previous Error: Cloning into '/home/ubuntu/crawler/repo'...
fatal: unable to access 'https://github.com/shiehnpin/crawler-data.git/': Could not resolve host: github.com

[2021-04-21T19:30:20.201] [DEBUG] Scheduler - [Release]
[2021-04-21T19:45:00.003] [DEBUG] Scheduler - [Lock]
[2021-04-21T19:45:00.004] [INFO] Scheduler - Start
[2021-04-21T19:45:00.060] [INFO] Git - clone remote git github.com/shiehnpin/crawler-data.git to /home/ubuntu/crawler/repo
[2021-04-21T19:45:00.062] [INFO] Git - cloning...
[2021-04-21T19:45:20.178] [FATAL] Scheduler - Abort GitError: Git Error: unable to exec clone from/to https://github.com/shiehnpin/crawler-data.git
    at load (/home/ubuntu/crawler/lib/repo.js:41:10)
    at runMicrotasks (<anonymous>)
    at processTicksAndRejections (internal/process/task_queues.js:97:5)
From previous Error: Cloning into '/home/ubuntu/crawler/repo'...
fatal: unable to access 'https://github.com/shiehnpin/crawler-data.git/': Could not resolve host: github.com

[2021-04-21T19:45:20.181] [DEBUG] Scheduler - [Release]
[2021-04-21T20:00:00.006] [DEBUG] Scheduler - [Lock]
[2021-04-21T20:00:00.007] [INFO] Scheduler - Start
[2021-04-21T20:00:00.068] [INFO] Git - clone remote git github.com/shiehnpin/crawler-data.git to /home/ubuntu/crawler/repo
[2021-04-21T20:00:00.070] [INFO] Git - cloning...
[2021-04-21T20:00:20.197] [FATAL] Scheduler - Abort GitError: Git Error: unable to exec clone from/to https://github.com/shiehnpin/crawler-data.git
    at load (/home/ubuntu/crawler/lib/repo.js:41:10)
    at runMicrotasks (<anonymous>)
    at processTicksAndRejections (internal/process/task_queues.js:97:5)
From previous Error: Cloning into '/home/ubuntu/crawler/repo'...
fatal: unable to access 'https://github.com/shiehnpin/crawler-data.git/': Could not resolve host: github.com

[2021-04-21T20:00:20.200] [DEBUG] Scheduler - [Release]
[2021-04-21T20:15:00.005] [DEBUG] Scheduler - [Lock]
[2021-04-21T20:15:00.006] [INFO] Scheduler - Start
[2021-04-21T20:15:00.062] [INFO] Git - clone remote git github.com/shiehnpin/crawler-data.git to /home/ubuntu/crawler/repo
[2021-04-21T20:15:00.064] [INFO] Git - cloning...
[2021-04-21T20:15:20.190] [FATAL] Scheduler - Abort GitError: Git Error: unable to exec clone from/to https://github.com/shiehnpin/crawler-data.git
    at load (/home/ubuntu/crawler/lib/repo.js:41:10)
    at runMicrotasks (<anonymous>)
    at processTicksAndRejections (internal/process/task_queues.js:97:5)
From previous Error: Cloning into '/home/ubuntu/crawler/repo'...
fatal: unable to access 'https://github.com/shiehnpin/crawler-data.git/': Could not resolve host: github.com

[2021-04-21T20:15:20.193] [DEBUG] Scheduler - [Release]
[2021-04-21T20:30:00.007] [DEBUG] Scheduler - [Lock]
[2021-04-21T20:30:00.010] [INFO] Scheduler - Start
[2021-04-21T20:30:00.072] [INFO] Git - clone remote git github.com/shiehnpin/crawler-data.git to /home/ubuntu/crawler/repo
[2021-04-21T20:30:00.074] [INFO] Git - cloning...
[2021-04-21T20:30:20.212] [FATAL] Scheduler - Abort GitError: Git Error: unable to exec clone from/to https://github.com/shiehnpin/crawler-data.git
    at load (/home/ubuntu/crawler/lib/repo.js:41:10)
    at runMicrotasks (<anonymous>)
    at processTicksAndRejections (internal/process/task_queues.js:97:5)
From previous Error: Cloning into '/home/ubuntu/crawler/repo'...
fatal: unable to access 'https://github.com/shiehnpin/crawler-data.git/': Could not resolve host: github.com

[2021-04-21T20:30:20.216] [DEBUG] Scheduler - [Release]
[2021-04-21T20:45:00.005] [DEBUG] Scheduler - [Lock]
[2021-04-21T20:45:00.006] [INFO] Scheduler - Start
[2021-04-21T20:45:00.062] [INFO] Git - clone remote git github.com/shiehnpin/crawler-data.git to /home/ubuntu/crawler/repo
[2021-04-21T20:45:00.063] [INFO] Git - cloning...
[2021-04-21T20:45:20.181] [FATAL] Scheduler - Abort GitError: Git Error: unable to exec clone from/to https://github.com/shiehnpin/crawler-data.git
    at load (/home/ubuntu/crawler/lib/repo.js:41:10)
    at runMicrotasks (<anonymous>)
    at processTicksAndRejections (internal/process/task_queues.js:97:5)
From previous Error: Cloning into '/home/ubuntu/crawler/repo'...
fatal: unable to access 'https://github.com/shiehnpin/crawler-data.git/': Could not resolve host: github.com

[2021-04-21T20:45:20.184] [DEBUG] Scheduler - [Release]
[2021-04-21T21:00:00.005] [DEBUG] Scheduler - [Lock]
[2021-04-21T21:00:00.006] [INFO] Scheduler - Start
[2021-04-21T21:00:00.062] [INFO] Git - clone remote git github.com/shiehnpin/crawler-data.git to /home/ubuntu/crawler/repo
[2021-04-21T21:00:00.064] [INFO] Git - cloning...
[2021-04-21T21:00:20.179] [FATAL] Scheduler - Abort GitError: Git Error: unable to exec clone from/to https://github.com/shiehnpin/crawler-data.git
    at load (/home/ubuntu/crawler/lib/repo.js:41:10)
    at runMicrotasks (<anonymous>)
    at processTicksAndRejections (internal/process/task_queues.js:97:5)
From previous Error: Cloning into '/home/ubuntu/crawler/repo'...
fatal: unable to access 'https://github.com/shiehnpin/crawler-data.git/': Could not resolve host: github.com

[2021-04-21T21:00:20.182] [DEBUG] Scheduler - [Release]
[2021-04-21T21:15:00.006] [DEBUG] Scheduler - [Lock]
[2021-04-21T21:15:00.007] [INFO] Scheduler - Start
[2021-04-21T21:15:00.065] [INFO] Git - clone remote git github.com/shiehnpin/crawler-data.git to /home/ubuntu/crawler/repo
[2021-04-21T21:15:00.067] [INFO] Git - cloning...
[2021-04-21T21:15:20.185] [FATAL] Scheduler - Abort GitError: Git Error: unable to exec clone from/to https://github.com/shiehnpin/crawler-data.git
    at load (/home/ubuntu/crawler/lib/repo.js:41:10)
    at runMicrotasks (<anonymous>)
    at processTicksAndRejections (internal/process/task_queues.js:97:5)
From previous Error: Cloning into '/home/ubuntu/crawler/repo'...
fatal: unable to access 'https://github.com/shiehnpin/crawler-data.git/': Could not resolve host: github.com

[2021-04-21T21:15:20.188] [DEBUG] Scheduler - [Release]
[2021-04-21T21:30:00.007] [DEBUG] Scheduler - [Lock]
[2021-04-21T21:30:00.008] [INFO] Scheduler - Start
[2021-04-21T21:30:00.066] [INFO] Git - clone remote git github.com/shiehnpin/crawler-data.git to /home/ubuntu/crawler/repo
[2021-04-21T21:30:00.068] [INFO] Git - cloning...
[2021-04-21T21:30:20.209] [FATAL] Scheduler - Abort GitError: Git Error: unable to exec clone from/to https://github.com/shiehnpin/crawler-data.git
    at load (/home/ubuntu/crawler/lib/repo.js:41:10)
    at runMicrotasks (<anonymous>)
    at processTicksAndRejections (internal/process/task_queues.js:97:5)
From previous Error: Cloning into '/home/ubuntu/crawler/repo'...
fatal: unable to access 'https://github.com/shiehnpin/crawler-data.git/': Could not resolve host: github.com

[2021-04-21T21:30:20.213] [DEBUG] Scheduler - [Release]
[2021-04-21T21:45:00.006] [DEBUG] Scheduler - [Lock]
[2021-04-21T21:45:00.007] [INFO] Scheduler - Start
[2021-04-21T21:45:00.064] [INFO] Git - clone remote git github.com/shiehnpin/crawler-data.git to /home/ubuntu/crawler/repo
[2021-04-21T21:45:00.066] [INFO] Git - cloning...
[2021-04-21T21:45:20.186] [FATAL] Scheduler - Abort GitError: Git Error: unable to exec clone from/to https://github.com/shiehnpin/crawler-data.git
    at load (/home/ubuntu/crawler/lib/repo.js:41:10)
    at runMicrotasks (<anonymous>)
    at processTicksAndRejections (internal/process/task_queues.js:97:5)
From previous Error: Cloning into '/home/ubuntu/crawler/repo'...
fatal: unable to access 'https://github.com/shiehnpin/crawler-data.git/': Could not resolve host: github.com

[2021-04-21T21:45:20.189] [DEBUG] Scheduler - [Release]
[2021-04-21T22:00:00.005] [DEBUG] Scheduler - [Lock]
[2021-04-21T22:00:00.006] [INFO] Scheduler - Start
[2021-04-21T22:00:00.062] [INFO] Git - clone remote git github.com/shiehnpin/crawler-data.git to /home/ubuntu/crawler/repo
[2021-04-21T22:00:00.064] [INFO] Git - cloning...
[2021-04-21T22:00:20.183] [FATAL] Scheduler - Abort GitError: Git Error: unable to exec clone from/to https://github.com/shiehnpin/crawler-data.git
    at load (/home/ubuntu/crawler/lib/repo.js:41:10)
    at runMicrotasks (<anonymous>)
    at processTicksAndRejections (internal/process/task_queues.js:97:5)
From previous Error: Cloning into '/home/ubuntu/crawler/repo'...
fatal: unable to access 'https://github.com/shiehnpin/crawler-data.git/': Could not resolve host: github.com

[2021-04-21T22:00:20.185] [DEBUG] Scheduler - [Release]
[2021-04-21T22:15:00.006] [DEBUG] Scheduler - [Lock]
[2021-04-21T22:15:00.007] [INFO] Scheduler - Start
[2021-04-21T22:15:00.082] [INFO] Git - clone remote git github.com/shiehnpin/crawler-data.git to /home/ubuntu/crawler/repo
[2021-04-21T22:15:00.084] [INFO] Git - cloning...
[2021-04-21T22:15:20.239] [FATAL] Scheduler - Abort GitError: Git Error: unable to exec clone from/to https://github.com/shiehnpin/crawler-data.git
    at load (/home/ubuntu/crawler/lib/repo.js:41:10)
    at runMicrotasks (<anonymous>)
    at processTicksAndRejections (internal/process/task_queues.js:97:5)
From previous Error: Cloning into '/home/ubuntu/crawler/repo'...
fatal: unable to access 'https://github.com/shiehnpin/crawler-data.git/': Could not resolve host: github.com

[2021-04-21T22:15:20.242] [DEBUG] Scheduler - [Release]
[2021-04-21T22:30:00.019] [DEBUG] Scheduler - [Lock]
[2021-04-21T22:30:00.020] [INFO] Scheduler - Start
[2021-04-21T22:30:00.073] [INFO] Git - clone remote git github.com/shiehnpin/crawler-data.git to /home/ubuntu/crawler/repo
[2021-04-21T22:30:00.075] [INFO] Git - cloning...
[2021-04-21T22:30:20.197] [FATAL] Scheduler - Abort GitError: Git Error: unable to exec clone from/to https://github.com/shiehnpin/crawler-data.git
    at load (/home/ubuntu/crawler/lib/repo.js:41:10)
    at runMicrotasks (<anonymous>)
    at processTicksAndRejections (internal/process/task_queues.js:97:5)
From previous Error: Cloning into '/home/ubuntu/crawler/repo'...
fatal: unable to access 'https://github.com/shiehnpin/crawler-data.git/': Could not resolve host: github.com

[2021-04-21T22:30:20.200] [DEBUG] Scheduler - [Release]
[2021-04-21T22:45:00.005] [DEBUG] Scheduler - [Lock]
[2021-04-21T22:45:00.006] [INFO] Scheduler - Start
[2021-04-21T22:45:00.066] [INFO] Git - clone remote git github.com/shiehnpin/crawler-data.git to /home/ubuntu/crawler/repo
[2021-04-21T22:45:00.067] [INFO] Git - cloning...
[2021-04-21T22:45:20.194] [FATAL] Scheduler - Abort GitError: Git Error: unable to exec clone from/to https://github.com/shiehnpin/crawler-data.git
    at load (/home/ubuntu/crawler/lib/repo.js:41:10)
    at runMicrotasks (<anonymous>)
    at processTicksAndRejections (internal/process/task_queues.js:97:5)
From previous Error: Cloning into '/home/ubuntu/crawler/repo'...
fatal: unable to access 'https://github.com/shiehnpin/crawler-data.git/': Could not resolve host: github.com

[2021-04-21T22:45:20.197] [DEBUG] Scheduler - [Release]
[2021-04-21T23:00:00.005] [DEBUG] Scheduler - [Lock]
[2021-04-21T23:00:00.006] [INFO] Scheduler - Start
[2021-04-21T23:00:00.067] [INFO] Git - clone remote git github.com/shiehnpin/crawler-data.git to /home/ubuntu/crawler/repo
[2021-04-21T23:00:00.069] [INFO] Git - cloning...
[2021-04-21T23:00:20.198] [FATAL] Scheduler - Abort GitError: Git Error: unable to exec clone from/to https://github.com/shiehnpin/crawler-data.git
    at load (/home/ubuntu/crawler/lib/repo.js:41:10)
    at runMicrotasks (<anonymous>)
    at processTicksAndRejections (internal/process/task_queues.js:97:5)
From previous Error: Cloning into '/home/ubuntu/crawler/repo'...
fatal: unable to access 'https://github.com/shiehnpin/crawler-data.git/': Could not resolve host: github.com

[2021-04-21T23:00:20.200] [DEBUG] Scheduler - [Release]
[2021-04-21T23:15:00.005] [DEBUG] Scheduler - [Lock]
[2021-04-21T23:15:00.006] [INFO] Scheduler - Start
[2021-04-21T23:15:00.062] [INFO] Git - clone remote git github.com/shiehnpin/crawler-data.git to /home/ubuntu/crawler/repo
[2021-04-21T23:15:00.064] [INFO] Git - cloning...
[2021-04-21T23:15:20.198] [FATAL] Scheduler - Abort GitError: Git Error: unable to exec clone from/to https://github.com/shiehnpin/crawler-data.git
    at load (/home/ubuntu/crawler/lib/repo.js:41:10)
    at runMicrotasks (<anonymous>)
    at processTicksAndRejections (internal/process/task_queues.js:97:5)
From previous Error: Cloning into '/home/ubuntu/crawler/repo'...
fatal: unable to access 'https://github.com/shiehnpin/crawler-data.git/': Could not resolve host: github.com

[2021-04-21T23:15:20.203] [DEBUG] Scheduler - [Release]
[2021-04-21T23:30:00.003] [DEBUG] Scheduler - [Lock]
[2021-04-21T23:30:00.004] [INFO] Scheduler - Start
[2021-04-21T23:30:00.060] [INFO] Git - clone remote git github.com/shiehnpin/crawler-data.git to /home/ubuntu/crawler/repo
[2021-04-21T23:30:00.062] [INFO] Git - cloning...
[2021-04-21T23:30:20.203] [FATAL] Scheduler - Abort GitError: Git Error: unable to exec clone from/to https://github.com/shiehnpin/crawler-data.git
    at load (/home/ubuntu/crawler/lib/repo.js:41:10)
    at runMicrotasks (<anonymous>)
    at processTicksAndRejections (internal/process/task_queues.js:97:5)
From previous Error: Cloning into '/home/ubuntu/crawler/repo'...
fatal: unable to access 'https://github.com/shiehnpin/crawler-data.git/': Could not resolve host: github.com

[2021-04-21T23:30:20.207] [DEBUG] Scheduler - [Release]
[2021-04-21T23:45:00.004] [DEBUG] Scheduler - [Lock]
[2021-04-21T23:45:00.005] [INFO] Scheduler - Start
[2021-04-21T23:45:00.088] [INFO] Git - clone remote git github.com/shiehnpin/crawler-data.git to /home/ubuntu/crawler/repo
[2021-04-21T23:45:00.089] [INFO] Git - cloning...
[2021-04-21T23:45:20.248] [FATAL] Scheduler - Abort GitError: Git Error: unable to exec clone from/to https://github.com/shiehnpin/crawler-data.git
    at load (/home/ubuntu/crawler/lib/repo.js:41:10)
    at runMicrotasks (<anonymous>)
    at processTicksAndRejections (internal/process/task_queues.js:97:5)
From previous Error: Cloning into '/home/ubuntu/crawler/repo'...
fatal: unable to access 'https://github.com/shiehnpin/crawler-data.git/': Could not resolve host: github.com

[2021-04-21T23:45:20.251] [DEBUG] Scheduler - [Release]
