[2021-04-24T00:00:00.007] [DEBUG] Scheduler - [Lock]
[2021-04-24T00:00:00.009] [INFO] Scheduler - Start
[2021-04-24T00:00:00.075] [INFO] Git - clone remote git github.com/shiehnpin/crawler-data.git to /home/ubuntu/crawler/repo
[2021-04-24T00:00:00.077] [INFO] Git - cloning...
[2021-04-24T00:00:00.208] [FATAL] Scheduler - Abort GitError: Git Error: unable to exec clone from/to https://github.com/shiehnpin/crawler-data.git
    at load (/home/ubuntu/crawler/lib/repo.js:41:10)
    at runMicrotasks (<anonymous>)
    at processTicksAndRejections (internal/process/task_queues.js:97:5)
From previous Error: Cloning into '/home/ubuntu/crawler/repo'...
fatal: unable to access 'https://github.com/shiehnpin/crawler-data.git/': Could not resolve host: github.com

[2021-04-24T00:00:00.210] [DEBUG] Scheduler - [Release]
[2021-04-24T00:15:00.007] [DEBUG] Scheduler - [Lock]
[2021-04-24T00:15:00.008] [INFO] Scheduler - Start
[2021-04-24T00:15:00.096] [INFO] Git - clone remote git github.com/shiehnpin/crawler-data.git to /home/ubuntu/crawler/repo
[2021-04-24T00:15:00.098] [INFO] Git - cloning...
[2021-04-24T00:15:00.234] [FATAL] Scheduler - Abort GitError: Git Error: unable to exec clone from/to https://github.com/shiehnpin/crawler-data.git
    at load (/home/ubuntu/crawler/lib/repo.js:41:10)
    at runMicrotasks (<anonymous>)
    at processTicksAndRejections (internal/process/task_queues.js:97:5)
From previous Error: Cloning into '/home/ubuntu/crawler/repo'...
fatal: unable to access 'https://github.com/shiehnpin/crawler-data.git/': Could not resolve host: github.com

[2021-04-24T00:15:00.237] [DEBUG] Scheduler - [Release]
[2021-04-24T00:30:00.005] [DEBUG] Scheduler - [Lock]
[2021-04-24T00:30:00.005] [INFO] Scheduler - Start
[2021-04-24T00:30:00.060] [INFO] Git - clone remote git github.com/shiehnpin/crawler-data.git to /home/ubuntu/crawler/repo
[2021-04-24T00:30:00.062] [INFO] Git - cloning...
[2021-04-24T00:30:00.161] [FATAL] Scheduler - Abort GitError: Git Error: unable to exec clone from/to https://github.com/shiehnpin/crawler-data.git
    at load (/home/ubuntu/crawler/lib/repo.js:41:10)
    at runMicrotasks (<anonymous>)
    at processTicksAndRejections (internal/process/task_queues.js:97:5)
From previous Error: Cloning into '/home/ubuntu/crawler/repo'...
fatal: unable to access 'https://github.com/shiehnpin/crawler-data.git/': Could not resolve host: github.com

[2021-04-24T00:30:00.164] [DEBUG] Scheduler - [Release]
[2021-04-24T00:45:00.005] [DEBUG] Scheduler - [Lock]
[2021-04-24T00:45:00.006] [INFO] Scheduler - Start
[2021-04-24T00:45:00.289] [INFO] Git - clone remote git github.com/shiehnpin/crawler-data.git to /home/ubuntu/crawler/repo
[2021-04-24T00:45:00.291] [INFO] Git - cloning...
[2021-04-24T00:45:00.833] [FATAL] Scheduler - Abort GitError: Git Error: unable to exec clone from/to https://github.com/shiehnpin/crawler-data.git
    at load (/home/ubuntu/crawler/lib/repo.js:41:10)
    at runMicrotasks (<anonymous>)
    at processTicksAndRejections (internal/process/task_queues.js:97:5)
From previous Error: Cloning into '/home/ubuntu/crawler/repo'...
fatal: unable to access 'https://github.com/shiehnpin/crawler-data.git/': Could not resolve host: github.com

[2021-04-24T00:45:00.837] [DEBUG] Scheduler - [Release]
[2021-04-24T01:00:00.005] [DEBUG] Scheduler - [Lock]
[2021-04-24T01:00:00.006] [INFO] Scheduler - Start
[2021-04-24T01:00:00.061] [INFO] Git - clone remote git github.com/shiehnpin/crawler-data.git to /home/ubuntu/crawler/repo
[2021-04-24T01:00:00.063] [INFO] Git - cloning...
[2021-04-24T01:00:00.173] [FATAL] Scheduler - Abort GitError: Git Error: unable to exec clone from/to https://github.com/shiehnpin/crawler-data.git
    at load (/home/ubuntu/crawler/lib/repo.js:41:10)
    at runMicrotasks (<anonymous>)
    at processTicksAndRejections (internal/process/task_queues.js:97:5)
From previous Error: Cloning into '/home/ubuntu/crawler/repo'...
fatal: unable to access 'https://github.com/shiehnpin/crawler-data.git/': Could not resolve host: github.com

[2021-04-24T01:00:00.176] [DEBUG] Scheduler - [Release]
[2021-04-24T01:15:00.005] [DEBUG] Scheduler - [Lock]
[2021-04-24T01:15:00.006] [INFO] Scheduler - Start
[2021-04-24T01:15:00.064] [INFO] Git - clone remote git github.com/shiehnpin/crawler-data.git to /home/ubuntu/crawler/repo
[2021-04-24T01:15:00.066] [INFO] Git - cloning...
[2021-04-24T01:15:00.175] [FATAL] Scheduler - Abort GitError: Git Error: unable to exec clone from/to https://github.com/shiehnpin/crawler-data.git
    at load (/home/ubuntu/crawler/lib/repo.js:41:10)
    at runMicrotasks (<anonymous>)
    at processTicksAndRejections (internal/process/task_queues.js:97:5)
From previous Error: Cloning into '/home/ubuntu/crawler/repo'...
fatal: unable to access 'https://github.com/shiehnpin/crawler-data.git/': Could not resolve host: github.com

[2021-04-24T01:15:00.182] [DEBUG] Scheduler - [Release]
[2021-04-24T01:30:00.004] [DEBUG] Scheduler - [Lock]
[2021-04-24T01:30:00.005] [INFO] Scheduler - Start
[2021-04-24T01:30:00.061] [INFO] Git - clone remote git github.com/shiehnpin/crawler-data.git to /home/ubuntu/crawler/repo
[2021-04-24T01:30:00.062] [INFO] Git - cloning...
[2021-04-24T01:30:00.162] [FATAL] Scheduler - Abort GitError: Git Error: unable to exec clone from/to https://github.com/shiehnpin/crawler-data.git
    at load (/home/ubuntu/crawler/lib/repo.js:41:10)
    at runMicrotasks (<anonymous>)
    at processTicksAndRejections (internal/process/task_queues.js:97:5)
From previous Error: Cloning into '/home/ubuntu/crawler/repo'...
fatal: unable to access 'https://github.com/shiehnpin/crawler-data.git/': Could not resolve host: github.com

[2021-04-24T01:30:00.165] [DEBUG] Scheduler - [Release]
[2021-04-24T01:45:00.006] [DEBUG] Scheduler - [Lock]
[2021-04-24T01:45:00.007] [INFO] Scheduler - Start
[2021-04-24T01:45:00.064] [INFO] Git - clone remote git github.com/shiehnpin/crawler-data.git to /home/ubuntu/crawler/repo
[2021-04-24T01:45:00.066] [INFO] Git - cloning...
[2021-04-24T01:45:00.172] [FATAL] Scheduler - Abort GitError: Git Error: unable to exec clone from/to https://github.com/shiehnpin/crawler-data.git
    at load (/home/ubuntu/crawler/lib/repo.js:41:10)
    at runMicrotasks (<anonymous>)
    at processTicksAndRejections (internal/process/task_queues.js:97:5)
From previous Error: Cloning into '/home/ubuntu/crawler/repo'...
fatal: unable to access 'https://github.com/shiehnpin/crawler-data.git/': Could not resolve host: github.com

[2021-04-24T01:45:00.175] [DEBUG] Scheduler - [Release]
[2021-04-24T02:00:00.005] [DEBUG] Scheduler - [Lock]
[2021-04-24T02:00:00.006] [INFO] Scheduler - Start
[2021-04-24T02:00:00.062] [INFO] Git - clone remote git github.com/shiehnpin/crawler-data.git to /home/ubuntu/crawler/repo
[2021-04-24T02:00:00.064] [INFO] Git - cloning...
[2021-04-24T02:00:00.164] [FATAL] Scheduler - Abort GitError: Git Error: unable to exec clone from/to https://github.com/shiehnpin/crawler-data.git
    at load (/home/ubuntu/crawler/lib/repo.js:41:10)
    at runMicrotasks (<anonymous>)
    at processTicksAndRejections (internal/process/task_queues.js:97:5)
From previous Error: Cloning into '/home/ubuntu/crawler/repo'...
fatal: unable to access 'https://github.com/shiehnpin/crawler-data.git/': Could not resolve host: github.com

[2021-04-24T02:00:00.167] [DEBUG] Scheduler - [Release]
[2021-04-24T02:15:00.003] [DEBUG] Scheduler - [Lock]
[2021-04-24T02:15:00.004] [INFO] Scheduler - Start
[2021-04-24T02:15:00.060] [INFO] Git - clone remote git github.com/shiehnpin/crawler-data.git to /home/ubuntu/crawler/repo
[2021-04-24T02:15:00.062] [INFO] Git - cloning...
[2021-04-24T02:15:00.167] [FATAL] Scheduler - Abort GitError: Git Error: unable to exec clone from/to https://github.com/shiehnpin/crawler-data.git
    at load (/home/ubuntu/crawler/lib/repo.js:41:10)
    at runMicrotasks (<anonymous>)
    at processTicksAndRejections (internal/process/task_queues.js:97:5)
From previous Error: Cloning into '/home/ubuntu/crawler/repo'...
fatal: unable to access 'https://github.com/shiehnpin/crawler-data.git/': Could not resolve host: github.com

[2021-04-24T02:15:00.170] [DEBUG] Scheduler - [Release]
[2021-04-24T02:30:00.004] [DEBUG] Scheduler - [Lock]
[2021-04-24T02:30:00.005] [INFO] Scheduler - Start
[2021-04-24T02:30:00.062] [INFO] Git - clone remote git github.com/shiehnpin/crawler-data.git to /home/ubuntu/crawler/repo
[2021-04-24T02:30:00.063] [INFO] Git - cloning...
[2021-04-24T02:30:00.167] [FATAL] Scheduler - Abort GitError: Git Error: unable to exec clone from/to https://github.com/shiehnpin/crawler-data.git
    at load (/home/ubuntu/crawler/lib/repo.js:41:10)
    at runMicrotasks (<anonymous>)
    at processTicksAndRejections (internal/process/task_queues.js:97:5)
From previous Error: Cloning into '/home/ubuntu/crawler/repo'...
fatal: unable to access 'https://github.com/shiehnpin/crawler-data.git/': Could not resolve host: github.com

[2021-04-24T02:30:00.170] [DEBUG] Scheduler - [Release]
[2021-04-24T02:45:00.004] [DEBUG] Scheduler - [Lock]
[2021-04-24T02:45:00.005] [INFO] Scheduler - Start
[2021-04-24T02:45:00.061] [INFO] Git - clone remote git github.com/shiehnpin/crawler-data.git to /home/ubuntu/crawler/repo
[2021-04-24T02:45:00.065] [INFO] Git - cloning...
[2021-04-24T02:45:00.170] [FATAL] Scheduler - Abort GitError: Git Error: unable to exec clone from/to https://github.com/shiehnpin/crawler-data.git
    at load (/home/ubuntu/crawler/lib/repo.js:41:10)
    at runMicrotasks (<anonymous>)
    at processTicksAndRejections (internal/process/task_queues.js:97:5)
From previous Error: Cloning into '/home/ubuntu/crawler/repo'...
fatal: unable to access 'https://github.com/shiehnpin/crawler-data.git/': Could not resolve host: github.com

[2021-04-24T02:45:00.173] [DEBUG] Scheduler - [Release]
[2021-04-24T03:00:00.005] [DEBUG] Scheduler - [Lock]
[2021-04-24T03:00:00.006] [INFO] Scheduler - Start
[2021-04-24T03:00:00.062] [INFO] Git - clone remote git github.com/shiehnpin/crawler-data.git to /home/ubuntu/crawler/repo
[2021-04-24T03:00:00.064] [INFO] Git - cloning...
[2021-04-24T03:00:00.223] [FATAL] Scheduler - Abort GitError: Git Error: unable to exec clone from/to https://github.com/shiehnpin/crawler-data.git
    at load (/home/ubuntu/crawler/lib/repo.js:41:10)
    at runMicrotasks (<anonymous>)
    at processTicksAndRejections (internal/process/task_queues.js:97:5)
From previous Error: Cloning into '/home/ubuntu/crawler/repo'...
fatal: unable to access 'https://github.com/shiehnpin/crawler-data.git/': Could not resolve host: github.com

[2021-04-24T03:00:00.226] [DEBUG] Scheduler - [Release]
[2021-04-24T03:15:00.005] [DEBUG] Scheduler - [Lock]
[2021-04-24T03:15:00.006] [INFO] Scheduler - Start
[2021-04-24T03:15:00.062] [INFO] Git - clone remote git github.com/shiehnpin/crawler-data.git to /home/ubuntu/crawler/repo
[2021-04-24T03:15:00.063] [INFO] Git - cloning...
[2021-04-24T03:15:00.171] [FATAL] Scheduler - Abort GitError: Git Error: unable to exec clone from/to https://github.com/shiehnpin/crawler-data.git
    at load (/home/ubuntu/crawler/lib/repo.js:41:10)
    at runMicrotasks (<anonymous>)
    at processTicksAndRejections (internal/process/task_queues.js:97:5)
From previous Error: Cloning into '/home/ubuntu/crawler/repo'...
fatal: unable to access 'https://github.com/shiehnpin/crawler-data.git/': Could not resolve host: github.com

[2021-04-24T03:15:00.175] [DEBUG] Scheduler - [Release]
[2021-04-24T03:30:00.006] [DEBUG] Scheduler - [Lock]
[2021-04-24T03:30:00.007] [INFO] Scheduler - Start
[2021-04-24T03:30:00.061] [INFO] Git - clone remote git github.com/shiehnpin/crawler-data.git to /home/ubuntu/crawler/repo
[2021-04-24T03:30:00.063] [INFO] Git - cloning...
[2021-04-24T03:30:00.166] [FATAL] Scheduler - Abort GitError: Git Error: unable to exec clone from/to https://github.com/shiehnpin/crawler-data.git
    at load (/home/ubuntu/crawler/lib/repo.js:41:10)
    at runMicrotasks (<anonymous>)
    at processTicksAndRejections (internal/process/task_queues.js:97:5)
From previous Error: Cloning into '/home/ubuntu/crawler/repo'...
fatal: unable to access 'https://github.com/shiehnpin/crawler-data.git/': Could not resolve host: github.com

[2021-04-24T03:30:00.169] [DEBUG] Scheduler - [Release]
[2021-04-24T03:45:00.005] [DEBUG] Scheduler - [Lock]
[2021-04-24T03:45:00.006] [INFO] Scheduler - Start
[2021-04-24T03:45:00.071] [INFO] Git - clone remote git github.com/shiehnpin/crawler-data.git to /home/ubuntu/crawler/repo
[2021-04-24T03:45:00.072] [INFO] Git - cloning...
[2021-04-24T03:45:00.179] [FATAL] Scheduler - Abort GitError: Git Error: unable to exec clone from/to https://github.com/shiehnpin/crawler-data.git
    at load (/home/ubuntu/crawler/lib/repo.js:41:10)
    at runMicrotasks (<anonymous>)
    at processTicksAndRejections (internal/process/task_queues.js:97:5)
From previous Error: Cloning into '/home/ubuntu/crawler/repo'...
fatal: unable to access 'https://github.com/shiehnpin/crawler-data.git/': Could not resolve host: github.com

[2021-04-24T03:45:00.181] [DEBUG] Scheduler - [Release]
[2021-04-24T04:00:00.006] [DEBUG] Scheduler - [Lock]
[2021-04-24T04:00:00.008] [INFO] Scheduler - Start
[2021-04-24T04:00:00.062] [INFO] Git - clone remote git github.com/shiehnpin/crawler-data.git to /home/ubuntu/crawler/repo
[2021-04-24T04:00:00.064] [INFO] Git - cloning...
[2021-04-24T04:00:00.170] [FATAL] Scheduler - Abort GitError: Git Error: unable to exec clone from/to https://github.com/shiehnpin/crawler-data.git
    at load (/home/ubuntu/crawler/lib/repo.js:41:10)
    at runMicrotasks (<anonymous>)
    at processTicksAndRejections (internal/process/task_queues.js:97:5)
From previous Error: Cloning into '/home/ubuntu/crawler/repo'...
fatal: unable to access 'https://github.com/shiehnpin/crawler-data.git/': Could not resolve host: github.com

[2021-04-24T04:00:00.173] [DEBUG] Scheduler - [Release]
[2021-04-24T04:15:00.003] [DEBUG] Scheduler - [Lock]
[2021-04-24T04:15:00.004] [INFO] Scheduler - Start
[2021-04-24T04:15:00.061] [INFO] Git - clone remote git github.com/shiehnpin/crawler-data.git to /home/ubuntu/crawler/repo
[2021-04-24T04:15:00.062] [INFO] Git - cloning...
[2021-04-24T04:15:00.175] [FATAL] Scheduler - Abort GitError: Git Error: unable to exec clone from/to https://github.com/shiehnpin/crawler-data.git
    at load (/home/ubuntu/crawler/lib/repo.js:41:10)
    at runMicrotasks (<anonymous>)
    at processTicksAndRejections (internal/process/task_queues.js:97:5)
From previous Error: Cloning into '/home/ubuntu/crawler/repo'...
fatal: unable to access 'https://github.com/shiehnpin/crawler-data.git/': Could not resolve host: github.com

[2021-04-24T04:15:00.178] [DEBUG] Scheduler - [Release]
[2021-04-24T04:30:00.007] [DEBUG] Scheduler - [Lock]
[2021-04-24T04:30:00.008] [INFO] Scheduler - Start
[2021-04-24T04:30:00.065] [INFO] Git - clone remote git github.com/shiehnpin/crawler-data.git to /home/ubuntu/crawler/repo
[2021-04-24T04:30:00.067] [INFO] Git - cloning...
[2021-04-24T04:30:00.170] [FATAL] Scheduler - Abort GitError: Git Error: unable to exec clone from/to https://github.com/shiehnpin/crawler-data.git
    at load (/home/ubuntu/crawler/lib/repo.js:41:10)
    at runMicrotasks (<anonymous>)
    at processTicksAndRejections (internal/process/task_queues.js:97:5)
From previous Error: Cloning into '/home/ubuntu/crawler/repo'...
fatal: unable to access 'https://github.com/shiehnpin/crawler-data.git/': Could not resolve host: github.com

[2021-04-24T04:30:00.173] [DEBUG] Scheduler - [Release]
[2021-04-24T04:45:00.005] [DEBUG] Scheduler - [Lock]
[2021-04-24T04:45:00.006] [INFO] Scheduler - Start
[2021-04-24T04:45:00.064] [INFO] Git - clone remote git github.com/shiehnpin/crawler-data.git to /home/ubuntu/crawler/repo
[2021-04-24T04:45:00.066] [INFO] Git - cloning...
[2021-04-24T04:45:00.178] [FATAL] Scheduler - Abort GitError: Git Error: unable to exec clone from/to https://github.com/shiehnpin/crawler-data.git
    at load (/home/ubuntu/crawler/lib/repo.js:41:10)
    at runMicrotasks (<anonymous>)
    at processTicksAndRejections (internal/process/task_queues.js:97:5)
From previous Error: Cloning into '/home/ubuntu/crawler/repo'...
fatal: unable to access 'https://github.com/shiehnpin/crawler-data.git/': Could not resolve host: github.com

[2021-04-24T04:45:00.181] [DEBUG] Scheduler - [Release]
[2021-04-24T05:00:00.005] [DEBUG] Scheduler - [Lock]
[2021-04-24T05:00:00.006] [INFO] Scheduler - Start
[2021-04-24T05:00:00.065] [INFO] Git - clone remote git github.com/shiehnpin/crawler-data.git to /home/ubuntu/crawler/repo
[2021-04-24T05:00:00.067] [INFO] Git - cloning...
[2021-04-24T05:00:00.169] [FATAL] Scheduler - Abort GitError: Git Error: unable to exec clone from/to https://github.com/shiehnpin/crawler-data.git
    at load (/home/ubuntu/crawler/lib/repo.js:41:10)
    at runMicrotasks (<anonymous>)
    at processTicksAndRejections (internal/process/task_queues.js:97:5)
From previous Error: Cloning into '/home/ubuntu/crawler/repo'...
fatal: unable to access 'https://github.com/shiehnpin/crawler-data.git/': Could not resolve host: github.com

[2021-04-24T05:00:00.172] [DEBUG] Scheduler - [Release]
[2021-04-24T05:15:00.005] [DEBUG] Scheduler - [Lock]
[2021-04-24T05:15:00.006] [INFO] Scheduler - Start
[2021-04-24T05:15:00.066] [INFO] Git - clone remote git github.com/shiehnpin/crawler-data.git to /home/ubuntu/crawler/repo
[2021-04-24T05:15:00.067] [INFO] Git - cloning...
[2021-04-24T05:15:00.177] [FATAL] Scheduler - Abort GitError: Git Error: unable to exec clone from/to https://github.com/shiehnpin/crawler-data.git
    at load (/home/ubuntu/crawler/lib/repo.js:41:10)
    at runMicrotasks (<anonymous>)
    at processTicksAndRejections (internal/process/task_queues.js:97:5)
From previous Error: Cloning into '/home/ubuntu/crawler/repo'...
fatal: unable to access 'https://github.com/shiehnpin/crawler-data.git/': Could not resolve host: github.com

[2021-04-24T05:15:00.180] [DEBUG] Scheduler - [Release]
[2021-04-24T05:30:00.003] [DEBUG] Scheduler - [Lock]
[2021-04-24T05:30:00.004] [INFO] Scheduler - Start
[2021-04-24T05:30:00.060] [INFO] Git - clone remote git github.com/shiehnpin/crawler-data.git to /home/ubuntu/crawler/repo
[2021-04-24T05:30:00.062] [INFO] Git - cloning...
[2021-04-24T05:30:00.175] [FATAL] Scheduler - Abort GitError: Git Error: unable to exec clone from/to https://github.com/shiehnpin/crawler-data.git
    at load (/home/ubuntu/crawler/lib/repo.js:41:10)
    at runMicrotasks (<anonymous>)
    at processTicksAndRejections (internal/process/task_queues.js:97:5)
From previous Error: Cloning into '/home/ubuntu/crawler/repo'...
fatal: unable to access 'https://github.com/shiehnpin/crawler-data.git/': Could not resolve host: github.com

[2021-04-24T05:30:00.178] [DEBUG] Scheduler - [Release]
[2021-04-24T05:45:00.005] [DEBUG] Scheduler - [Lock]
[2021-04-24T05:45:00.006] [INFO] Scheduler - Start
[2021-04-24T05:45:00.068] [INFO] Git - clone remote git github.com/shiehnpin/crawler-data.git to /home/ubuntu/crawler/repo
[2021-04-24T05:45:00.070] [INFO] Git - cloning...
[2021-04-24T05:45:00.180] [FATAL] Scheduler - Abort GitError: Git Error: unable to exec clone from/to https://github.com/shiehnpin/crawler-data.git
    at load (/home/ubuntu/crawler/lib/repo.js:41:10)
    at runMicrotasks (<anonymous>)
    at processTicksAndRejections (internal/process/task_queues.js:97:5)
From previous Error: Cloning into '/home/ubuntu/crawler/repo'...
fatal: unable to access 'https://github.com/shiehnpin/crawler-data.git/': Could not resolve host: github.com

[2021-04-24T05:45:00.183] [DEBUG] Scheduler - [Release]
[2021-04-24T06:00:00.006] [DEBUG] Scheduler - [Lock]
[2021-04-24T06:00:00.007] [INFO] Scheduler - Start
[2021-04-24T06:00:00.061] [INFO] Git - clone remote git github.com/shiehnpin/crawler-data.git to /home/ubuntu/crawler/repo
[2021-04-24T06:00:00.063] [INFO] Git - cloning...
[2021-04-24T06:00:00.179] [FATAL] Scheduler - Abort GitError: Git Error: unable to exec clone from/to https://github.com/shiehnpin/crawler-data.git
    at load (/home/ubuntu/crawler/lib/repo.js:41:10)
    at runMicrotasks (<anonymous>)
    at processTicksAndRejections (internal/process/task_queues.js:97:5)
From previous Error: Cloning into '/home/ubuntu/crawler/repo'...
fatal: unable to access 'https://github.com/shiehnpin/crawler-data.git/': Could not resolve host: github.com

[2021-04-24T06:00:00.182] [DEBUG] Scheduler - [Release]
[2021-04-24T06:15:00.004] [DEBUG] Scheduler - [Lock]
[2021-04-24T06:15:00.005] [INFO] Scheduler - Start
[2021-04-24T06:15:00.064] [INFO] Git - clone remote git github.com/shiehnpin/crawler-data.git to /home/ubuntu/crawler/repo
[2021-04-24T06:15:00.066] [INFO] Git - cloning...
[2021-04-24T06:15:00.245] [FATAL] Scheduler - Abort GitError: Git Error: unable to exec clone from/to https://github.com/shiehnpin/crawler-data.git
    at load (/home/ubuntu/crawler/lib/repo.js:41:10)
    at runMicrotasks (<anonymous>)
    at processTicksAndRejections (internal/process/task_queues.js:97:5)
From previous Error: Cloning into '/home/ubuntu/crawler/repo'...
fatal: unable to access 'https://github.com/shiehnpin/crawler-data.git/': Could not resolve host: github.com

[2021-04-24T06:15:00.253] [DEBUG] Scheduler - [Release]
[2021-04-24T06:30:00.006] [DEBUG] Scheduler - [Lock]
[2021-04-24T06:30:00.007] [INFO] Scheduler - Start
[2021-04-24T06:30:00.062] [INFO] Git - clone remote git github.com/shiehnpin/crawler-data.git to /home/ubuntu/crawler/repo
[2021-04-24T06:30:00.064] [INFO] Git - cloning...
[2021-04-24T06:30:00.168] [FATAL] Scheduler - Abort GitError: Git Error: unable to exec clone from/to https://github.com/shiehnpin/crawler-data.git
    at load (/home/ubuntu/crawler/lib/repo.js:41:10)
    at runMicrotasks (<anonymous>)
    at processTicksAndRejections (internal/process/task_queues.js:97:5)
From previous Error: Cloning into '/home/ubuntu/crawler/repo'...
fatal: unable to access 'https://github.com/shiehnpin/crawler-data.git/': Could not resolve host: github.com

[2021-04-24T06:30:00.172] [DEBUG] Scheduler - [Release]
[2021-04-24T06:45:00.004] [DEBUG] Scheduler - [Lock]
[2021-04-24T06:45:00.005] [INFO] Scheduler - Start
[2021-04-24T06:45:00.061] [INFO] Git - clone remote git github.com/shiehnpin/crawler-data.git to /home/ubuntu/crawler/repo
[2021-04-24T06:45:00.063] [INFO] Git - cloning...
[2021-04-24T06:45:00.166] [FATAL] Scheduler - Abort GitError: Git Error: unable to exec clone from/to https://github.com/shiehnpin/crawler-data.git
    at load (/home/ubuntu/crawler/lib/repo.js:41:10)
    at runMicrotasks (<anonymous>)
    at processTicksAndRejections (internal/process/task_queues.js:97:5)
From previous Error: Cloning into '/home/ubuntu/crawler/repo'...
fatal: unable to access 'https://github.com/shiehnpin/crawler-data.git/': Could not resolve host: github.com

[2021-04-24T06:45:00.170] [DEBUG] Scheduler - [Release]
[2021-04-24T07:00:00.004] [DEBUG] Scheduler - [Lock]
[2021-04-24T07:00:00.005] [INFO] Scheduler - Start
[2021-04-24T07:00:00.071] [INFO] Git - clone remote git github.com/shiehnpin/crawler-data.git to /home/ubuntu/crawler/repo
[2021-04-24T07:00:00.073] [INFO] Git - cloning...
[2021-04-24T07:00:00.181] [FATAL] Scheduler - Abort GitError: Git Error: unable to exec clone from/to https://github.com/shiehnpin/crawler-data.git
    at load (/home/ubuntu/crawler/lib/repo.js:41:10)
    at runMicrotasks (<anonymous>)
    at processTicksAndRejections (internal/process/task_queues.js:97:5)
From previous Error: Cloning into '/home/ubuntu/crawler/repo'...
fatal: unable to access 'https://github.com/shiehnpin/crawler-data.git/': Could not resolve host: github.com

[2021-04-24T07:00:00.183] [DEBUG] Scheduler - [Release]
[2021-04-24T07:15:00.003] [DEBUG] Scheduler - [Lock]
[2021-04-24T07:15:00.004] [INFO] Scheduler - Start
[2021-04-24T07:15:00.056] [INFO] Git - clone remote git github.com/shiehnpin/crawler-data.git to /home/ubuntu/crawler/repo
[2021-04-24T07:15:00.058] [INFO] Git - cloning...
[2021-04-24T07:15:00.164] [FATAL] Scheduler - Abort GitError: Git Error: unable to exec clone from/to https://github.com/shiehnpin/crawler-data.git
    at load (/home/ubuntu/crawler/lib/repo.js:41:10)
    at runMicrotasks (<anonymous>)
    at processTicksAndRejections (internal/process/task_queues.js:97:5)
From previous Error: Cloning into '/home/ubuntu/crawler/repo'...
fatal: unable to access 'https://github.com/shiehnpin/crawler-data.git/': Could not resolve host: github.com

[2021-04-24T07:15:00.167] [DEBUG] Scheduler - [Release]
[2021-04-24T07:30:00.004] [DEBUG] Scheduler - [Lock]
[2021-04-24T07:30:00.005] [INFO] Scheduler - Start
[2021-04-24T07:30:00.060] [INFO] Git - clone remote git github.com/shiehnpin/crawler-data.git to /home/ubuntu/crawler/repo
[2021-04-24T07:30:00.062] [INFO] Git - cloning...
[2021-04-24T07:30:00.167] [FATAL] Scheduler - Abort GitError: Git Error: unable to exec clone from/to https://github.com/shiehnpin/crawler-data.git
    at load (/home/ubuntu/crawler/lib/repo.js:41:10)
    at runMicrotasks (<anonymous>)
    at processTicksAndRejections (internal/process/task_queues.js:97:5)
From previous Error: Cloning into '/home/ubuntu/crawler/repo'...
fatal: unable to access 'https://github.com/shiehnpin/crawler-data.git/': Could not resolve host: github.com

[2021-04-24T07:30:00.169] [DEBUG] Scheduler - [Release]
[2021-04-24T07:45:00.004] [DEBUG] Scheduler - [Lock]
[2021-04-24T07:45:00.005] [INFO] Scheduler - Start
[2021-04-24T07:45:00.061] [INFO] Git - clone remote git github.com/shiehnpin/crawler-data.git to /home/ubuntu/crawler/repo
[2021-04-24T07:45:00.062] [INFO] Git - cloning...
[2021-04-24T07:45:00.163] [FATAL] Scheduler - Abort GitError: Git Error: unable to exec clone from/to https://github.com/shiehnpin/crawler-data.git
    at load (/home/ubuntu/crawler/lib/repo.js:41:10)
    at runMicrotasks (<anonymous>)
    at processTicksAndRejections (internal/process/task_queues.js:97:5)
From previous Error: Cloning into '/home/ubuntu/crawler/repo'...
fatal: unable to access 'https://github.com/shiehnpin/crawler-data.git/': Could not resolve host: github.com

[2021-04-24T07:45:00.165] [DEBUG] Scheduler - [Release]
[2021-04-24T08:00:00.004] [DEBUG] Scheduler - [Lock]
[2021-04-24T08:00:00.005] [INFO] Scheduler - Start
[2021-04-24T08:00:00.063] [INFO] Git - clone remote git github.com/shiehnpin/crawler-data.git to /home/ubuntu/crawler/repo
[2021-04-24T08:00:00.066] [INFO] Git - cloning...
[2021-04-24T08:00:00.173] [FATAL] Scheduler - Abort GitError: Git Error: unable to exec clone from/to https://github.com/shiehnpin/crawler-data.git
    at load (/home/ubuntu/crawler/lib/repo.js:41:10)
    at runMicrotasks (<anonymous>)
    at processTicksAndRejections (internal/process/task_queues.js:97:5)
From previous Error: Cloning into '/home/ubuntu/crawler/repo'...
fatal: unable to access 'https://github.com/shiehnpin/crawler-data.git/': Could not resolve host: github.com

[2021-04-24T08:00:00.176] [DEBUG] Scheduler - [Release]
[2021-04-24T08:15:00.003] [DEBUG] Scheduler - [Lock]
[2021-04-24T08:15:00.004] [INFO] Scheduler - Start
[2021-04-24T08:15:00.062] [INFO] Git - clone remote git github.com/shiehnpin/crawler-data.git to /home/ubuntu/crawler/repo
[2021-04-24T08:15:00.063] [INFO] Git - cloning...
[2021-04-24T08:15:00.177] [FATAL] Scheduler - Abort GitError: Git Error: unable to exec clone from/to https://github.com/shiehnpin/crawler-data.git
    at load (/home/ubuntu/crawler/lib/repo.js:41:10)
    at runMicrotasks (<anonymous>)
    at processTicksAndRejections (internal/process/task_queues.js:97:5)
From previous Error: Cloning into '/home/ubuntu/crawler/repo'...
fatal: unable to access 'https://github.com/shiehnpin/crawler-data.git/': Could not resolve host: github.com

[2021-04-24T08:15:00.180] [DEBUG] Scheduler - [Release]
[2021-04-24T08:30:00.005] [DEBUG] Scheduler - [Lock]
[2021-04-24T08:30:00.006] [INFO] Scheduler - Start
[2021-04-24T08:30:00.061] [INFO] Git - clone remote git github.com/shiehnpin/crawler-data.git to /home/ubuntu/crawler/repo
[2021-04-24T08:30:00.063] [INFO] Git - cloning...
[2021-04-24T08:30:00.173] [FATAL] Scheduler - Abort GitError: Git Error: unable to exec clone from/to https://github.com/shiehnpin/crawler-data.git
    at load (/home/ubuntu/crawler/lib/repo.js:41:10)
    at runMicrotasks (<anonymous>)
    at processTicksAndRejections (internal/process/task_queues.js:97:5)
From previous Error: Cloning into '/home/ubuntu/crawler/repo'...
fatal: unable to access 'https://github.com/shiehnpin/crawler-data.git/': Could not resolve host: github.com

[2021-04-24T08:30:00.177] [DEBUG] Scheduler - [Release]
[2021-04-24T08:45:00.005] [DEBUG] Scheduler - [Lock]
[2021-04-24T08:45:00.006] [INFO] Scheduler - Start
[2021-04-24T08:45:00.065] [INFO] Git - clone remote git github.com/shiehnpin/crawler-data.git to /home/ubuntu/crawler/repo
[2021-04-24T08:45:00.066] [INFO] Git - cloning...
[2021-04-24T08:45:00.172] [FATAL] Scheduler - Abort GitError: Git Error: unable to exec clone from/to https://github.com/shiehnpin/crawler-data.git
    at load (/home/ubuntu/crawler/lib/repo.js:41:10)
    at runMicrotasks (<anonymous>)
    at processTicksAndRejections (internal/process/task_queues.js:97:5)
From previous Error: Cloning into '/home/ubuntu/crawler/repo'...
fatal: unable to access 'https://github.com/shiehnpin/crawler-data.git/': Could not resolve host: github.com

[2021-04-24T08:45:00.177] [DEBUG] Scheduler - [Release]
[2021-04-24T09:00:00.005] [DEBUG] Scheduler - [Lock]
[2021-04-24T09:00:00.006] [INFO] Scheduler - Start
[2021-04-24T09:00:00.060] [INFO] Git - clone remote git github.com/shiehnpin/crawler-data.git to /home/ubuntu/crawler/repo
[2021-04-24T09:00:00.062] [INFO] Git - cloning...
[2021-04-24T09:00:00.164] [FATAL] Scheduler - Abort GitError: Git Error: unable to exec clone from/to https://github.com/shiehnpin/crawler-data.git
    at load (/home/ubuntu/crawler/lib/repo.js:41:10)
    at runMicrotasks (<anonymous>)
    at processTicksAndRejections (internal/process/task_queues.js:97:5)
From previous Error: Cloning into '/home/ubuntu/crawler/repo'...
fatal: unable to access 'https://github.com/shiehnpin/crawler-data.git/': Could not resolve host: github.com

[2021-04-24T09:00:00.167] [DEBUG] Scheduler - [Release]
[2021-04-24T09:15:00.004] [DEBUG] Scheduler - [Lock]
[2021-04-24T09:15:00.006] [INFO] Scheduler - Start
[2021-04-24T09:15:00.067] [INFO] Git - clone remote git github.com/shiehnpin/crawler-data.git to /home/ubuntu/crawler/repo
[2021-04-24T09:15:00.072] [INFO] Git - cloning...
[2021-04-24T09:15:00.183] [FATAL] Scheduler - Abort GitError: Git Error: unable to exec clone from/to https://github.com/shiehnpin/crawler-data.git
    at load (/home/ubuntu/crawler/lib/repo.js:41:10)
    at runMicrotasks (<anonymous>)
    at processTicksAndRejections (internal/process/task_queues.js:97:5)
From previous Error: Cloning into '/home/ubuntu/crawler/repo'...
fatal: unable to access 'https://github.com/shiehnpin/crawler-data.git/': Could not resolve host: github.com

[2021-04-24T09:15:00.191] [DEBUG] Scheduler - [Release]
[2021-04-24T09:30:00.004] [DEBUG] Scheduler - [Lock]
[2021-04-24T09:30:00.006] [INFO] Scheduler - Start
[2021-04-24T09:30:00.077] [INFO] Git - clone remote git github.com/shiehnpin/crawler-data.git to /home/ubuntu/crawler/repo
[2021-04-24T09:30:00.079] [INFO] Git - cloning...
[2021-04-24T09:30:00.185] [FATAL] Scheduler - Abort GitError: Git Error: unable to exec clone from/to https://github.com/shiehnpin/crawler-data.git
    at load (/home/ubuntu/crawler/lib/repo.js:41:10)
    at runMicrotasks (<anonymous>)
    at processTicksAndRejections (internal/process/task_queues.js:97:5)
From previous Error: Cloning into '/home/ubuntu/crawler/repo'...
fatal: unable to access 'https://github.com/shiehnpin/crawler-data.git/': Could not resolve host: github.com

[2021-04-24T09:30:00.188] [DEBUG] Scheduler - [Release]
[2021-04-24T09:45:00.004] [DEBUG] Scheduler - [Lock]
[2021-04-24T09:45:00.005] [INFO] Scheduler - Start
[2021-04-24T09:45:00.060] [INFO] Git - clone remote git github.com/shiehnpin/crawler-data.git to /home/ubuntu/crawler/repo
[2021-04-24T09:45:00.062] [INFO] Git - cloning...
[2021-04-24T09:45:00.163] [FATAL] Scheduler - Abort GitError: Git Error: unable to exec clone from/to https://github.com/shiehnpin/crawler-data.git
    at load (/home/ubuntu/crawler/lib/repo.js:41:10)
    at runMicrotasks (<anonymous>)
    at processTicksAndRejections (internal/process/task_queues.js:97:5)
From previous Error: Cloning into '/home/ubuntu/crawler/repo'...
fatal: unable to access 'https://github.com/shiehnpin/crawler-data.git/': Could not resolve host: github.com

[2021-04-24T09:45:00.166] [DEBUG] Scheduler - [Release]
[2021-04-24T10:00:00.004] [DEBUG] Scheduler - [Lock]
[2021-04-24T10:00:00.005] [INFO] Scheduler - Start
[2021-04-24T10:00:00.061] [INFO] Git - clone remote git github.com/shiehnpin/crawler-data.git to /home/ubuntu/crawler/repo
[2021-04-24T10:00:00.063] [INFO] Git - cloning...
[2021-04-24T10:00:00.163] [FATAL] Scheduler - Abort GitError: Git Error: unable to exec clone from/to https://github.com/shiehnpin/crawler-data.git
    at load (/home/ubuntu/crawler/lib/repo.js:41:10)
    at runMicrotasks (<anonymous>)
    at processTicksAndRejections (internal/process/task_queues.js:97:5)
From previous Error: Cloning into '/home/ubuntu/crawler/repo'...
fatal: unable to access 'https://github.com/shiehnpin/crawler-data.git/': Could not resolve host: github.com

[2021-04-24T10:00:00.165] [DEBUG] Scheduler - [Release]
[2021-04-24T10:15:00.004] [DEBUG] Scheduler - [Lock]
[2021-04-24T10:15:00.004] [INFO] Scheduler - Start
[2021-04-24T10:15:00.063] [INFO] Git - clone remote git github.com/shiehnpin/crawler-data.git to /home/ubuntu/crawler/repo
[2021-04-24T10:15:00.065] [INFO] Git - cloning...
[2021-04-24T10:15:00.173] [FATAL] Scheduler - Abort GitError: Git Error: unable to exec clone from/to https://github.com/shiehnpin/crawler-data.git
    at load (/home/ubuntu/crawler/lib/repo.js:41:10)
    at runMicrotasks (<anonymous>)
    at processTicksAndRejections (internal/process/task_queues.js:97:5)
From previous Error: Cloning into '/home/ubuntu/crawler/repo'...
fatal: unable to access 'https://github.com/shiehnpin/crawler-data.git/': Could not resolve host: github.com

[2021-04-24T10:15:00.176] [DEBUG] Scheduler - [Release]
[2021-04-24T10:30:00.007] [DEBUG] Scheduler - [Lock]
[2021-04-24T10:30:00.008] [INFO] Scheduler - Start
[2021-04-24T10:30:00.094] [INFO] Git - clone remote git github.com/shiehnpin/crawler-data.git to /home/ubuntu/crawler/repo
[2021-04-24T10:30:00.096] [INFO] Git - cloning...
[2021-04-24T10:30:00.201] [FATAL] Scheduler - Abort GitError: Git Error: unable to exec clone from/to https://github.com/shiehnpin/crawler-data.git
    at load (/home/ubuntu/crawler/lib/repo.js:41:10)
    at runMicrotasks (<anonymous>)
    at processTicksAndRejections (internal/process/task_queues.js:97:5)
From previous Error: Cloning into '/home/ubuntu/crawler/repo'...
fatal: unable to access 'https://github.com/shiehnpin/crawler-data.git/': Could not resolve host: github.com

[2021-04-24T10:30:00.205] [DEBUG] Scheduler - [Release]
[2021-04-24T10:45:00.005] [DEBUG] Scheduler - [Lock]
[2021-04-24T10:45:00.006] [INFO] Scheduler - Start
[2021-04-24T10:45:00.061] [INFO] Git - clone remote git github.com/shiehnpin/crawler-data.git to /home/ubuntu/crawler/repo
[2021-04-24T10:45:00.065] [INFO] Git - cloning...
[2021-04-24T10:45:00.168] [FATAL] Scheduler - Abort GitError: Git Error: unable to exec clone from/to https://github.com/shiehnpin/crawler-data.git
    at load (/home/ubuntu/crawler/lib/repo.js:41:10)
    at runMicrotasks (<anonymous>)
    at processTicksAndRejections (internal/process/task_queues.js:97:5)
From previous Error: Cloning into '/home/ubuntu/crawler/repo'...
fatal: unable to access 'https://github.com/shiehnpin/crawler-data.git/': Could not resolve host: github.com

[2021-04-24T10:45:00.171] [DEBUG] Scheduler - [Release]
[2021-04-24T11:00:00.005] [DEBUG] Scheduler - [Lock]
[2021-04-24T11:00:00.006] [INFO] Scheduler - Start
[2021-04-24T11:00:00.061] [INFO] Git - clone remote git github.com/shiehnpin/crawler-data.git to /home/ubuntu/crawler/repo
[2021-04-24T11:00:00.062] [INFO] Git - cloning...
[2021-04-24T11:00:00.167] [FATAL] Scheduler - Abort GitError: Git Error: unable to exec clone from/to https://github.com/shiehnpin/crawler-data.git
    at load (/home/ubuntu/crawler/lib/repo.js:41:10)
    at runMicrotasks (<anonymous>)
    at processTicksAndRejections (internal/process/task_queues.js:97:5)
From previous Error: Cloning into '/home/ubuntu/crawler/repo'...
fatal: unable to access 'https://github.com/shiehnpin/crawler-data.git/': Could not resolve host: github.com

[2021-04-24T11:00:00.171] [DEBUG] Scheduler - [Release]
[2021-04-24T11:15:00.005] [DEBUG] Scheduler - [Lock]
[2021-04-24T11:15:00.006] [INFO] Scheduler - Start
[2021-04-24T11:15:00.061] [INFO] Git - clone remote git github.com/shiehnpin/crawler-data.git to /home/ubuntu/crawler/repo
[2021-04-24T11:15:00.062] [INFO] Git - cloning...
[2021-04-24T11:15:00.172] [FATAL] Scheduler - Abort GitError: Git Error: unable to exec clone from/to https://github.com/shiehnpin/crawler-data.git
    at load (/home/ubuntu/crawler/lib/repo.js:41:10)
    at runMicrotasks (<anonymous>)
    at processTicksAndRejections (internal/process/task_queues.js:97:5)
From previous Error: Cloning into '/home/ubuntu/crawler/repo'...
fatal: unable to access 'https://github.com/shiehnpin/crawler-data.git/': Could not resolve host: github.com

[2021-04-24T11:15:00.175] [DEBUG] Scheduler - [Release]
[2021-04-24T11:30:00.005] [DEBUG] Scheduler - [Lock]
[2021-04-24T11:30:00.006] [INFO] Scheduler - Start
[2021-04-24T11:30:00.063] [INFO] Git - clone remote git github.com/shiehnpin/crawler-data.git to /home/ubuntu/crawler/repo
[2021-04-24T11:30:00.065] [INFO] Git - cloning...
[2021-04-24T11:30:00.169] [FATAL] Scheduler - Abort GitError: Git Error: unable to exec clone from/to https://github.com/shiehnpin/crawler-data.git
    at load (/home/ubuntu/crawler/lib/repo.js:41:10)
    at runMicrotasks (<anonymous>)
    at processTicksAndRejections (internal/process/task_queues.js:97:5)
From previous Error: Cloning into '/home/ubuntu/crawler/repo'...
fatal: unable to access 'https://github.com/shiehnpin/crawler-data.git/': Could not resolve host: github.com

[2021-04-24T11:30:00.173] [DEBUG] Scheduler - [Release]
[2021-04-24T11:45:00.005] [DEBUG] Scheduler - [Lock]
[2021-04-24T11:45:00.006] [INFO] Scheduler - Start
[2021-04-24T11:45:00.062] [INFO] Git - clone remote git github.com/shiehnpin/crawler-data.git to /home/ubuntu/crawler/repo
[2021-04-24T11:45:00.064] [INFO] Git - cloning...
[2021-04-24T11:45:00.166] [FATAL] Scheduler - Abort GitError: Git Error: unable to exec clone from/to https://github.com/shiehnpin/crawler-data.git
    at load (/home/ubuntu/crawler/lib/repo.js:41:10)
    at runMicrotasks (<anonymous>)
    at processTicksAndRejections (internal/process/task_queues.js:97:5)
From previous Error: Cloning into '/home/ubuntu/crawler/repo'...
fatal: unable to access 'https://github.com/shiehnpin/crawler-data.git/': Could not resolve host: github.com

[2021-04-24T11:45:00.169] [DEBUG] Scheduler - [Release]
[2021-04-24T12:00:00.005] [DEBUG] Scheduler - [Lock]
[2021-04-24T12:00:00.006] [INFO] Scheduler - Start
[2021-04-24T12:00:00.064] [INFO] Git - clone remote git github.com/shiehnpin/crawler-data.git to /home/ubuntu/crawler/repo
[2021-04-24T12:00:00.066] [INFO] Git - cloning...
[2021-04-24T12:00:00.173] [FATAL] Scheduler - Abort GitError: Git Error: unable to exec clone from/to https://github.com/shiehnpin/crawler-data.git
    at load (/home/ubuntu/crawler/lib/repo.js:41:10)
    at runMicrotasks (<anonymous>)
    at processTicksAndRejections (internal/process/task_queues.js:97:5)
From previous Error: Cloning into '/home/ubuntu/crawler/repo'...
fatal: unable to access 'https://github.com/shiehnpin/crawler-data.git/': Could not resolve host: github.com

[2021-04-24T12:00:00.176] [DEBUG] Scheduler - [Release]
[2021-04-24T12:15:00.005] [DEBUG] Scheduler - [Lock]
[2021-04-24T12:15:00.006] [INFO] Scheduler - Start
[2021-04-24T12:15:00.061] [INFO] Git - clone remote git github.com/shiehnpin/crawler-data.git to /home/ubuntu/crawler/repo
[2021-04-24T12:15:00.063] [INFO] Git - cloning...
[2021-04-24T12:15:00.170] [FATAL] Scheduler - Abort GitError: Git Error: unable to exec clone from/to https://github.com/shiehnpin/crawler-data.git
    at load (/home/ubuntu/crawler/lib/repo.js:41:10)
    at runMicrotasks (<anonymous>)
    at processTicksAndRejections (internal/process/task_queues.js:97:5)
From previous Error: Cloning into '/home/ubuntu/crawler/repo'...
fatal: unable to access 'https://github.com/shiehnpin/crawler-data.git/': Could not resolve host: github.com

[2021-04-24T12:15:00.173] [DEBUG] Scheduler - [Release]
[2021-04-24T12:30:00.004] [DEBUG] Scheduler - [Lock]
[2021-04-24T12:30:00.005] [INFO] Scheduler - Start
[2021-04-24T12:30:00.077] [INFO] Git - clone remote git github.com/shiehnpin/crawler-data.git to /home/ubuntu/crawler/repo
[2021-04-24T12:30:00.078] [INFO] Git - cloning...
[2021-04-24T12:30:00.182] [FATAL] Scheduler - Abort GitError: Git Error: unable to exec clone from/to https://github.com/shiehnpin/crawler-data.git
    at load (/home/ubuntu/crawler/lib/repo.js:41:10)
    at runMicrotasks (<anonymous>)
    at processTicksAndRejections (internal/process/task_queues.js:97:5)
From previous Error: Cloning into '/home/ubuntu/crawler/repo'...
fatal: unable to access 'https://github.com/shiehnpin/crawler-data.git/': Could not resolve host: github.com

[2021-04-24T12:30:00.185] [DEBUG] Scheduler - [Release]
[2021-04-24T12:45:00.004] [DEBUG] Scheduler - [Lock]
[2021-04-24T12:45:00.005] [INFO] Scheduler - Start
[2021-04-24T12:45:00.063] [INFO] Git - clone remote git github.com/shiehnpin/crawler-data.git to /home/ubuntu/crawler/repo
[2021-04-24T12:45:00.065] [INFO] Git - cloning...
[2021-04-24T12:45:00.174] [FATAL] Scheduler - Abort GitError: Git Error: unable to exec clone from/to https://github.com/shiehnpin/crawler-data.git
    at load (/home/ubuntu/crawler/lib/repo.js:41:10)
    at runMicrotasks (<anonymous>)
    at processTicksAndRejections (internal/process/task_queues.js:97:5)
From previous Error: Cloning into '/home/ubuntu/crawler/repo'...
fatal: unable to access 'https://github.com/shiehnpin/crawler-data.git/': Could not resolve host: github.com

[2021-04-24T12:45:00.177] [DEBUG] Scheduler - [Release]
[2021-04-24T13:00:00.005] [DEBUG] Scheduler - [Lock]
[2021-04-24T13:00:00.006] [INFO] Scheduler - Start
[2021-04-24T13:00:00.062] [INFO] Git - clone remote git github.com/shiehnpin/crawler-data.git to /home/ubuntu/crawler/repo
[2021-04-24T13:00:00.063] [INFO] Git - cloning...
[2021-04-24T13:00:00.171] [FATAL] Scheduler - Abort GitError: Git Error: unable to exec clone from/to https://github.com/shiehnpin/crawler-data.git
    at load (/home/ubuntu/crawler/lib/repo.js:41:10)
    at runMicrotasks (<anonymous>)
    at processTicksAndRejections (internal/process/task_queues.js:97:5)
From previous Error: Cloning into '/home/ubuntu/crawler/repo'...
fatal: unable to access 'https://github.com/shiehnpin/crawler-data.git/': Could not resolve host: github.com

[2021-04-24T13:00:00.174] [DEBUG] Scheduler - [Release]
[2021-04-24T13:15:00.003] [DEBUG] Scheduler - [Lock]
[2021-04-24T13:15:00.004] [INFO] Scheduler - Start
[2021-04-24T13:15:00.059] [INFO] Git - clone remote git github.com/shiehnpin/crawler-data.git to /home/ubuntu/crawler/repo
[2021-04-24T13:15:00.061] [INFO] Git - cloning...
[2021-04-24T13:15:00.180] [FATAL] Scheduler - Abort GitError: Git Error: unable to exec clone from/to https://github.com/shiehnpin/crawler-data.git
    at load (/home/ubuntu/crawler/lib/repo.js:41:10)
    at runMicrotasks (<anonymous>)
    at processTicksAndRejections (internal/process/task_queues.js:97:5)
From previous Error: Cloning into '/home/ubuntu/crawler/repo'...
fatal: unable to access 'https://github.com/shiehnpin/crawler-data.git/': Could not resolve host: github.com

[2021-04-24T13:15:00.184] [DEBUG] Scheduler - [Release]
[2021-04-24T13:30:00.005] [DEBUG] Scheduler - [Lock]
[2021-04-24T13:30:00.006] [INFO] Scheduler - Start
[2021-04-24T13:30:00.067] [INFO] Git - clone remote git github.com/shiehnpin/crawler-data.git to /home/ubuntu/crawler/repo
[2021-04-24T13:30:00.070] [INFO] Git - cloning...
[2021-04-24T13:30:00.205] [FATAL] Scheduler - Abort GitError: Git Error: unable to exec clone from/to https://github.com/shiehnpin/crawler-data.git
    at load (/home/ubuntu/crawler/lib/repo.js:41:10)
    at runMicrotasks (<anonymous>)
    at processTicksAndRejections (internal/process/task_queues.js:97:5)
From previous Error: Cloning into '/home/ubuntu/crawler/repo'...
fatal: unable to access 'https://github.com/shiehnpin/crawler-data.git/': Could not resolve host: github.com

[2021-04-24T13:30:00.208] [DEBUG] Scheduler - [Release]
[2021-04-24T13:45:00.005] [DEBUG] Scheduler - [Lock]
[2021-04-24T13:45:00.006] [INFO] Scheduler - Start
[2021-04-24T13:45:00.062] [INFO] Git - clone remote git github.com/shiehnpin/crawler-data.git to /home/ubuntu/crawler/repo
[2021-04-24T13:45:00.063] [INFO] Git - cloning...
[2021-04-24T13:45:00.178] [FATAL] Scheduler - Abort GitError: Git Error: unable to exec clone from/to https://github.com/shiehnpin/crawler-data.git
    at load (/home/ubuntu/crawler/lib/repo.js:41:10)
    at runMicrotasks (<anonymous>)
    at processTicksAndRejections (internal/process/task_queues.js:97:5)
From previous Error: Cloning into '/home/ubuntu/crawler/repo'...
fatal: unable to access 'https://github.com/shiehnpin/crawler-data.git/': Could not resolve host: github.com

[2021-04-24T13:45:00.181] [DEBUG] Scheduler - [Release]
[2021-04-24T14:00:00.006] [DEBUG] Scheduler - [Lock]
[2021-04-24T14:00:00.007] [INFO] Scheduler - Start
[2021-04-24T14:00:00.063] [INFO] Git - clone remote git github.com/shiehnpin/crawler-data.git to /home/ubuntu/crawler/repo
[2021-04-24T14:00:00.065] [INFO] Git - cloning...
[2021-04-24T14:00:00.166] [FATAL] Scheduler - Abort GitError: Git Error: unable to exec clone from/to https://github.com/shiehnpin/crawler-data.git
    at load (/home/ubuntu/crawler/lib/repo.js:41:10)
    at runMicrotasks (<anonymous>)
    at processTicksAndRejections (internal/process/task_queues.js:97:5)
From previous Error: Cloning into '/home/ubuntu/crawler/repo'...
fatal: unable to access 'https://github.com/shiehnpin/crawler-data.git/': Could not resolve host: github.com

[2021-04-24T14:00:00.170] [DEBUG] Scheduler - [Release]
[2021-04-24T14:15:00.005] [DEBUG] Scheduler - [Lock]
[2021-04-24T14:15:00.006] [INFO] Scheduler - Start
[2021-04-24T14:15:00.065] [INFO] Git - clone remote git github.com/shiehnpin/crawler-data.git to /home/ubuntu/crawler/repo
[2021-04-24T14:15:00.067] [INFO] Git - cloning...
[2021-04-24T14:15:00.181] [FATAL] Scheduler - Abort GitError: Git Error: unable to exec clone from/to https://github.com/shiehnpin/crawler-data.git
    at load (/home/ubuntu/crawler/lib/repo.js:41:10)
    at runMicrotasks (<anonymous>)
    at processTicksAndRejections (internal/process/task_queues.js:97:5)
From previous Error: Cloning into '/home/ubuntu/crawler/repo'...
fatal: unable to access 'https://github.com/shiehnpin/crawler-data.git/': Could not resolve host: github.com

[2021-04-24T14:15:00.184] [DEBUG] Scheduler - [Release]
[2021-04-24T14:30:00.004] [DEBUG] Scheduler - [Lock]
[2021-04-24T14:30:00.005] [INFO] Scheduler - Start
[2021-04-24T14:30:00.061] [INFO] Git - clone remote git github.com/shiehnpin/crawler-data.git to /home/ubuntu/crawler/repo
[2021-04-24T14:30:00.062] [INFO] Git - cloning...
[2021-04-24T14:30:00.167] [FATAL] Scheduler - Abort GitError: Git Error: unable to exec clone from/to https://github.com/shiehnpin/crawler-data.git
    at load (/home/ubuntu/crawler/lib/repo.js:41:10)
    at runMicrotasks (<anonymous>)
    at processTicksAndRejections (internal/process/task_queues.js:97:5)
From previous Error: Cloning into '/home/ubuntu/crawler/repo'...
fatal: unable to access 'https://github.com/shiehnpin/crawler-data.git/': Could not resolve host: github.com

[2021-04-24T14:30:00.170] [DEBUG] Scheduler - [Release]
[2021-04-24T14:45:00.004] [DEBUG] Scheduler - [Lock]
[2021-04-24T14:45:00.005] [INFO] Scheduler - Start
[2021-04-24T14:45:00.061] [INFO] Git - clone remote git github.com/shiehnpin/crawler-data.git to /home/ubuntu/crawler/repo
[2021-04-24T14:45:00.063] [INFO] Git - cloning...
[2021-04-24T14:45:00.166] [FATAL] Scheduler - Abort GitError: Git Error: unable to exec clone from/to https://github.com/shiehnpin/crawler-data.git
    at load (/home/ubuntu/crawler/lib/repo.js:41:10)
    at runMicrotasks (<anonymous>)
    at processTicksAndRejections (internal/process/task_queues.js:97:5)
From previous Error: Cloning into '/home/ubuntu/crawler/repo'...
fatal: unable to access 'https://github.com/shiehnpin/crawler-data.git/': Could not resolve host: github.com

[2021-04-24T14:45:00.170] [DEBUG] Scheduler - [Release]
[2021-04-24T15:00:00.004] [DEBUG] Scheduler - [Lock]
[2021-04-24T15:00:00.005] [INFO] Scheduler - Start
[2021-04-24T15:00:00.061] [INFO] Git - clone remote git github.com/shiehnpin/crawler-data.git to /home/ubuntu/crawler/repo
[2021-04-24T15:00:00.063] [INFO] Git - cloning...
[2021-04-24T15:00:00.169] [FATAL] Scheduler - Abort GitError: Git Error: unable to exec clone from/to https://github.com/shiehnpin/crawler-data.git
    at load (/home/ubuntu/crawler/lib/repo.js:41:10)
    at runMicrotasks (<anonymous>)
    at processTicksAndRejections (internal/process/task_queues.js:97:5)
From previous Error: Cloning into '/home/ubuntu/crawler/repo'...
fatal: unable to access 'https://github.com/shiehnpin/crawler-data.git/': Could not resolve host: github.com

[2021-04-24T15:00:00.172] [DEBUG] Scheduler - [Release]
[2021-04-24T15:15:00.004] [DEBUG] Scheduler - [Lock]
[2021-04-24T15:15:00.005] [INFO] Scheduler - Start
[2021-04-24T15:15:00.061] [INFO] Git - clone remote git github.com/shiehnpin/crawler-data.git to /home/ubuntu/crawler/repo
[2021-04-24T15:15:00.063] [INFO] Git - cloning...
[2021-04-24T15:15:00.170] [FATAL] Scheduler - Abort GitError: Git Error: unable to exec clone from/to https://github.com/shiehnpin/crawler-data.git
    at load (/home/ubuntu/crawler/lib/repo.js:41:10)
    at runMicrotasks (<anonymous>)
    at processTicksAndRejections (internal/process/task_queues.js:97:5)
From previous Error: Cloning into '/home/ubuntu/crawler/repo'...
fatal: unable to access 'https://github.com/shiehnpin/crawler-data.git/': Could not resolve host: github.com

[2021-04-24T15:15:00.173] [DEBUG] Scheduler - [Release]
[2021-04-24T15:30:00.003] [DEBUG] Scheduler - [Lock]
[2021-04-24T15:30:00.005] [INFO] Scheduler - Start
[2021-04-24T15:30:00.168] [INFO] Git - clone remote git github.com/shiehnpin/crawler-data.git to /home/ubuntu/crawler/repo
[2021-04-24T15:30:00.170] [INFO] Git - cloning...
[2021-04-24T15:30:00.700] [FATAL] Scheduler - Abort GitError: Git Error: unable to exec clone from/to https://github.com/shiehnpin/crawler-data.git
    at load (/home/ubuntu/crawler/lib/repo.js:41:10)
    at runMicrotasks (<anonymous>)
    at processTicksAndRejections (internal/process/task_queues.js:97:5)
From previous Error: Cloning into '/home/ubuntu/crawler/repo'...
fatal: unable to access 'https://github.com/shiehnpin/crawler-data.git/': Could not resolve host: github.com

[2021-04-24T15:30:00.703] [DEBUG] Scheduler - [Release]
[2021-04-24T15:45:00.005] [DEBUG] Scheduler - [Lock]
[2021-04-24T15:45:00.006] [INFO] Scheduler - Start
[2021-04-24T15:45:00.061] [INFO] Git - clone remote git github.com/shiehnpin/crawler-data.git to /home/ubuntu/crawler/repo
[2021-04-24T15:45:00.062] [INFO] Git - cloning...
[2021-04-24T15:45:00.164] [FATAL] Scheduler - Abort GitError: Git Error: unable to exec clone from/to https://github.com/shiehnpin/crawler-data.git
    at load (/home/ubuntu/crawler/lib/repo.js:41:10)
    at runMicrotasks (<anonymous>)
    at processTicksAndRejections (internal/process/task_queues.js:97:5)
From previous Error: Cloning into '/home/ubuntu/crawler/repo'...
fatal: unable to access 'https://github.com/shiehnpin/crawler-data.git/': Could not resolve host: github.com

[2021-04-24T15:45:00.168] [DEBUG] Scheduler - [Release]
[2021-04-24T16:00:00.005] [DEBUG] Scheduler - [Lock]
[2021-04-24T16:00:00.006] [INFO] Scheduler - Start
[2021-04-24T16:00:00.062] [INFO] Git - clone remote git github.com/shiehnpin/crawler-data.git to /home/ubuntu/crawler/repo
[2021-04-24T16:00:00.063] [INFO] Git - cloning...
[2021-04-24T16:00:00.169] [FATAL] Scheduler - Abort GitError: Git Error: unable to exec clone from/to https://github.com/shiehnpin/crawler-data.git
    at load (/home/ubuntu/crawler/lib/repo.js:41:10)
    at runMicrotasks (<anonymous>)
    at processTicksAndRejections (internal/process/task_queues.js:97:5)
From previous Error: Cloning into '/home/ubuntu/crawler/repo'...
fatal: unable to access 'https://github.com/shiehnpin/crawler-data.git/': Could not resolve host: github.com

[2021-04-24T16:00:00.172] [DEBUG] Scheduler - [Release]
[2021-04-24T16:15:00.005] [DEBUG] Scheduler - [Lock]
[2021-04-24T16:15:00.006] [INFO] Scheduler - Start
[2021-04-24T16:15:00.064] [INFO] Git - clone remote git github.com/shiehnpin/crawler-data.git to /home/ubuntu/crawler/repo
[2021-04-24T16:15:00.066] [INFO] Git - cloning...
[2021-04-24T16:15:00.192] [FATAL] Scheduler - Abort GitError: Git Error: unable to exec clone from/to https://github.com/shiehnpin/crawler-data.git
    at load (/home/ubuntu/crawler/lib/repo.js:41:10)
    at runMicrotasks (<anonymous>)
    at processTicksAndRejections (internal/process/task_queues.js:97:5)
From previous Error: Cloning into '/home/ubuntu/crawler/repo'...
fatal: unable to access 'https://github.com/shiehnpin/crawler-data.git/': Could not resolve host: github.com

[2021-04-24T16:15:00.195] [DEBUG] Scheduler - [Release]
[2021-04-24T16:30:00.005] [DEBUG] Scheduler - [Lock]
[2021-04-24T16:30:00.006] [INFO] Scheduler - Start
[2021-04-24T16:30:00.087] [INFO] Git - clone remote git github.com/shiehnpin/crawler-data.git to /home/ubuntu/crawler/repo
[2021-04-24T16:30:00.089] [INFO] Git - cloning...
[2021-04-24T16:30:00.202] [FATAL] Scheduler - Abort GitError: Git Error: unable to exec clone from/to https://github.com/shiehnpin/crawler-data.git
    at load (/home/ubuntu/crawler/lib/repo.js:41:10)
    at runMicrotasks (<anonymous>)
    at processTicksAndRejections (internal/process/task_queues.js:97:5)
From previous Error: Cloning into '/home/ubuntu/crawler/repo'...
fatal: unable to access 'https://github.com/shiehnpin/crawler-data.git/': Could not resolve host: github.com

[2021-04-24T16:30:00.204] [DEBUG] Scheduler - [Release]
[2021-04-24T16:45:00.005] [DEBUG] Scheduler - [Lock]
[2021-04-24T16:45:00.006] [INFO] Scheduler - Start
[2021-04-24T16:45:00.062] [INFO] Git - clone remote git github.com/shiehnpin/crawler-data.git to /home/ubuntu/crawler/repo
[2021-04-24T16:45:00.065] [INFO] Git - cloning...
[2021-04-24T16:45:00.177] [FATAL] Scheduler - Abort GitError: Git Error: unable to exec clone from/to https://github.com/shiehnpin/crawler-data.git
    at load (/home/ubuntu/crawler/lib/repo.js:41:10)
    at runMicrotasks (<anonymous>)
    at processTicksAndRejections (internal/process/task_queues.js:97:5)
From previous Error: Cloning into '/home/ubuntu/crawler/repo'...
fatal: unable to access 'https://github.com/shiehnpin/crawler-data.git/': Could not resolve host: github.com

[2021-04-24T16:45:00.179] [DEBUG] Scheduler - [Release]
[2021-04-24T17:00:00.005] [DEBUG] Scheduler - [Lock]
[2021-04-24T17:00:00.006] [INFO] Scheduler - Start
[2021-04-24T17:00:00.065] [INFO] Git - clone remote git github.com/shiehnpin/crawler-data.git to /home/ubuntu/crawler/repo
[2021-04-24T17:00:00.067] [INFO] Git - cloning...
[2021-04-24T17:00:00.176] [FATAL] Scheduler - Abort GitError: Git Error: unable to exec clone from/to https://github.com/shiehnpin/crawler-data.git
    at load (/home/ubuntu/crawler/lib/repo.js:41:10)
    at runMicrotasks (<anonymous>)
    at processTicksAndRejections (internal/process/task_queues.js:97:5)
From previous Error: Cloning into '/home/ubuntu/crawler/repo'...
fatal: unable to access 'https://github.com/shiehnpin/crawler-data.git/': Could not resolve host: github.com

[2021-04-24T17:00:00.179] [DEBUG] Scheduler - [Release]
[2021-04-24T17:15:00.005] [DEBUG] Scheduler - [Lock]
[2021-04-24T17:15:00.006] [INFO] Scheduler - Start
[2021-04-24T17:15:00.063] [INFO] Git - clone remote git github.com/shiehnpin/crawler-data.git to /home/ubuntu/crawler/repo
[2021-04-24T17:15:00.065] [INFO] Git - cloning...
[2021-04-24T17:15:00.178] [FATAL] Scheduler - Abort GitError: Git Error: unable to exec clone from/to https://github.com/shiehnpin/crawler-data.git
    at load (/home/ubuntu/crawler/lib/repo.js:41:10)
    at runMicrotasks (<anonymous>)
    at processTicksAndRejections (internal/process/task_queues.js:97:5)
From previous Error: Cloning into '/home/ubuntu/crawler/repo'...
fatal: unable to access 'https://github.com/shiehnpin/crawler-data.git/': Could not resolve host: github.com

[2021-04-24T17:15:00.181] [DEBUG] Scheduler - [Release]
[2021-04-24T17:30:00.003] [DEBUG] Scheduler - [Lock]
[2021-04-24T17:30:00.004] [INFO] Scheduler - Start
[2021-04-24T17:30:00.086] [INFO] Git - clone remote git github.com/shiehnpin/crawler-data.git to /home/ubuntu/crawler/repo
[2021-04-24T17:30:00.088] [INFO] Git - cloning...
[2021-04-24T17:30:00.191] [FATAL] Scheduler - Abort GitError: Git Error: unable to exec clone from/to https://github.com/shiehnpin/crawler-data.git
    at load (/home/ubuntu/crawler/lib/repo.js:41:10)
    at runMicrotasks (<anonymous>)
    at processTicksAndRejections (internal/process/task_queues.js:97:5)
From previous Error: Cloning into '/home/ubuntu/crawler/repo'...
fatal: unable to access 'https://github.com/shiehnpin/crawler-data.git/': Could not resolve host: github.com

[2021-04-24T17:30:00.194] [DEBUG] Scheduler - [Release]
[2021-04-24T17:45:00.003] [DEBUG] Scheduler - [Lock]
[2021-04-24T17:45:00.004] [INFO] Scheduler - Start
[2021-04-24T17:45:00.061] [INFO] Git - clone remote git github.com/shiehnpin/crawler-data.git to /home/ubuntu/crawler/repo
[2021-04-24T17:45:00.063] [INFO] Git - cloning...
[2021-04-24T17:45:00.165] [FATAL] Scheduler - Abort GitError: Git Error: unable to exec clone from/to https://github.com/shiehnpin/crawler-data.git
    at load (/home/ubuntu/crawler/lib/repo.js:41:10)
    at runMicrotasks (<anonymous>)
    at processTicksAndRejections (internal/process/task_queues.js:97:5)
From previous Error: Cloning into '/home/ubuntu/crawler/repo'...
fatal: unable to access 'https://github.com/shiehnpin/crawler-data.git/': Could not resolve host: github.com

[2021-04-24T17:45:00.168] [DEBUG] Scheduler - [Release]
[2021-04-24T18:00:00.003] [DEBUG] Scheduler - [Lock]
[2021-04-24T18:00:00.004] [INFO] Scheduler - Start
[2021-04-24T18:00:00.056] [INFO] Git - clone remote git github.com/shiehnpin/crawler-data.git to /home/ubuntu/crawler/repo
[2021-04-24T18:00:00.058] [INFO] Git - cloning...
[2021-04-24T18:00:00.162] [FATAL] Scheduler - Abort GitError: Git Error: unable to exec clone from/to https://github.com/shiehnpin/crawler-data.git
    at load (/home/ubuntu/crawler/lib/repo.js:41:10)
    at runMicrotasks (<anonymous>)
    at processTicksAndRejections (internal/process/task_queues.js:97:5)
From previous Error: Cloning into '/home/ubuntu/crawler/repo'...
fatal: unable to access 'https://github.com/shiehnpin/crawler-data.git/': Could not resolve host: github.com

[2021-04-24T18:00:00.164] [DEBUG] Scheduler - [Release]
[2021-04-24T18:15:00.006] [DEBUG] Scheduler - [Lock]
[2021-04-24T18:15:00.007] [INFO] Scheduler - Start
[2021-04-24T18:15:00.063] [INFO] Git - clone remote git github.com/shiehnpin/crawler-data.git to /home/ubuntu/crawler/repo
[2021-04-24T18:15:00.065] [INFO] Git - cloning...
[2021-04-24T18:15:00.172] [FATAL] Scheduler - Abort GitError: Git Error: unable to exec clone from/to https://github.com/shiehnpin/crawler-data.git
    at load (/home/ubuntu/crawler/lib/repo.js:41:10)
    at runMicrotasks (<anonymous>)
    at processTicksAndRejections (internal/process/task_queues.js:97:5)
From previous Error: Cloning into '/home/ubuntu/crawler/repo'...
fatal: unable to access 'https://github.com/shiehnpin/crawler-data.git/': Could not resolve host: github.com

[2021-04-24T18:15:00.174] [DEBUG] Scheduler - [Release]
[2021-04-24T18:30:00.004] [DEBUG] Scheduler - [Lock]
[2021-04-24T18:30:00.005] [INFO] Scheduler - Start
[2021-04-24T18:30:00.064] [INFO] Git - clone remote git github.com/shiehnpin/crawler-data.git to /home/ubuntu/crawler/repo
[2021-04-24T18:30:00.067] [INFO] Git - cloning...
[2021-04-24T18:30:00.169] [FATAL] Scheduler - Abort GitError: Git Error: unable to exec clone from/to https://github.com/shiehnpin/crawler-data.git
    at load (/home/ubuntu/crawler/lib/repo.js:41:10)
    at runMicrotasks (<anonymous>)
    at processTicksAndRejections (internal/process/task_queues.js:97:5)
From previous Error: Cloning into '/home/ubuntu/crawler/repo'...
fatal: unable to access 'https://github.com/shiehnpin/crawler-data.git/': Could not resolve host: github.com

[2021-04-24T18:30:00.172] [DEBUG] Scheduler - [Release]
[2021-04-24T18:45:00.003] [DEBUG] Scheduler - [Lock]
[2021-04-24T18:45:00.004] [INFO] Scheduler - Start
[2021-04-24T18:45:00.097] [INFO] Git - clone remote git github.com/shiehnpin/crawler-data.git to /home/ubuntu/crawler/repo
[2021-04-24T18:45:00.099] [INFO] Git - cloning...
[2021-04-24T18:45:00.222] [FATAL] Scheduler - Abort GitError: Git Error: unable to exec clone from/to https://github.com/shiehnpin/crawler-data.git
    at load (/home/ubuntu/crawler/lib/repo.js:41:10)
    at runMicrotasks (<anonymous>)
    at processTicksAndRejections (internal/process/task_queues.js:97:5)
From previous Error: Cloning into '/home/ubuntu/crawler/repo'...
fatal: unable to access 'https://github.com/shiehnpin/crawler-data.git/': Could not resolve host: github.com

[2021-04-24T18:45:00.224] [DEBUG] Scheduler - [Release]
[2021-04-24T19:00:00.004] [DEBUG] Scheduler - [Lock]
[2021-04-24T19:00:00.006] [INFO] Scheduler - Start
[2021-04-24T19:00:00.064] [INFO] Git - clone remote git github.com/shiehnpin/crawler-data.git to /home/ubuntu/crawler/repo
[2021-04-24T19:00:00.066] [INFO] Git - cloning...
[2021-04-24T19:00:00.200] [FATAL] Scheduler - Abort GitError: Git Error: unable to exec clone from/to https://github.com/shiehnpin/crawler-data.git
    at load (/home/ubuntu/crawler/lib/repo.js:41:10)
    at runMicrotasks (<anonymous>)
    at processTicksAndRejections (internal/process/task_queues.js:97:5)
From previous Error: Cloning into '/home/ubuntu/crawler/repo'...
fatal: unable to access 'https://github.com/shiehnpin/crawler-data.git/': Could not resolve host: github.com

[2021-04-24T19:00:00.202] [DEBUG] Scheduler - [Release]
[2021-04-24T19:15:00.006] [DEBUG] Scheduler - [Lock]
[2021-04-24T19:15:00.007] [INFO] Scheduler - Start
[2021-04-24T19:15:00.078] [INFO] Git - clone remote git github.com/shiehnpin/crawler-data.git to /home/ubuntu/crawler/repo
[2021-04-24T19:15:00.080] [INFO] Git - cloning...
[2021-04-24T19:15:00.185] [FATAL] Scheduler - Abort GitError: Git Error: unable to exec clone from/to https://github.com/shiehnpin/crawler-data.git
    at load (/home/ubuntu/crawler/lib/repo.js:41:10)
    at runMicrotasks (<anonymous>)
    at processTicksAndRejections (internal/process/task_queues.js:97:5)
From previous Error: Cloning into '/home/ubuntu/crawler/repo'...
fatal: unable to access 'https://github.com/shiehnpin/crawler-data.git/': Could not resolve host: github.com

[2021-04-24T19:15:00.188] [DEBUG] Scheduler - [Release]
[2021-04-24T19:30:00.002] [DEBUG] Scheduler - [Lock]
[2021-04-24T19:30:00.003] [INFO] Scheduler - Start
[2021-04-24T19:30:00.058] [INFO] Git - clone remote git github.com/shiehnpin/crawler-data.git to /home/ubuntu/crawler/repo
[2021-04-24T19:30:00.060] [INFO] Git - cloning...
[2021-04-24T19:30:00.163] [FATAL] Scheduler - Abort GitError: Git Error: unable to exec clone from/to https://github.com/shiehnpin/crawler-data.git
    at load (/home/ubuntu/crawler/lib/repo.js:41:10)
    at runMicrotasks (<anonymous>)
    at processTicksAndRejections (internal/process/task_queues.js:97:5)
From previous Error: Cloning into '/home/ubuntu/crawler/repo'...
fatal: unable to access 'https://github.com/shiehnpin/crawler-data.git/': Could not resolve host: github.com

[2021-04-24T19:30:00.165] [DEBUG] Scheduler - [Release]
[2021-04-24T19:45:00.006] [DEBUG] Scheduler - [Lock]
[2021-04-24T19:45:00.007] [INFO] Scheduler - Start
[2021-04-24T19:45:00.061] [INFO] Git - clone remote git github.com/shiehnpin/crawler-data.git to /home/ubuntu/crawler/repo
[2021-04-24T19:45:00.064] [INFO] Git - cloning...
[2021-04-24T19:45:00.169] [FATAL] Scheduler - Abort GitError: Git Error: unable to exec clone from/to https://github.com/shiehnpin/crawler-data.git
    at load (/home/ubuntu/crawler/lib/repo.js:41:10)
    at runMicrotasks (<anonymous>)
    at processTicksAndRejections (internal/process/task_queues.js:97:5)
From previous Error: Cloning into '/home/ubuntu/crawler/repo'...
fatal: unable to access 'https://github.com/shiehnpin/crawler-data.git/': Could not resolve host: github.com

[2021-04-24T19:45:00.172] [DEBUG] Scheduler - [Release]
[2021-04-24T20:00:00.005] [DEBUG] Scheduler - [Lock]
[2021-04-24T20:00:00.006] [INFO] Scheduler - Start
[2021-04-24T20:00:00.061] [INFO] Git - clone remote git github.com/shiehnpin/crawler-data.git to /home/ubuntu/crawler/repo
[2021-04-24T20:00:00.063] [INFO] Git - cloning...
[2021-04-24T20:00:00.166] [FATAL] Scheduler - Abort GitError: Git Error: unable to exec clone from/to https://github.com/shiehnpin/crawler-data.git
    at load (/home/ubuntu/crawler/lib/repo.js:41:10)
    at runMicrotasks (<anonymous>)
    at processTicksAndRejections (internal/process/task_queues.js:97:5)
From previous Error: Cloning into '/home/ubuntu/crawler/repo'...
fatal: unable to access 'https://github.com/shiehnpin/crawler-data.git/': Could not resolve host: github.com

[2021-04-24T20:00:00.169] [DEBUG] Scheduler - [Release]
[2021-04-24T20:15:00.004] [DEBUG] Scheduler - [Lock]
[2021-04-24T20:15:00.005] [INFO] Scheduler - Start
[2021-04-24T20:15:00.063] [INFO] Git - clone remote git github.com/shiehnpin/crawler-data.git to /home/ubuntu/crawler/repo
[2021-04-24T20:15:00.065] [INFO] Git - cloning...
[2021-04-24T20:15:00.172] [FATAL] Scheduler - Abort GitError: Git Error: unable to exec clone from/to https://github.com/shiehnpin/crawler-data.git
    at load (/home/ubuntu/crawler/lib/repo.js:41:10)
    at runMicrotasks (<anonymous>)
    at processTicksAndRejections (internal/process/task_queues.js:97:5)
From previous Error: Cloning into '/home/ubuntu/crawler/repo'...
fatal: unable to access 'https://github.com/shiehnpin/crawler-data.git/': Could not resolve host: github.com

[2021-04-24T20:15:00.174] [DEBUG] Scheduler - [Release]
[2021-04-24T20:30:00.004] [DEBUG] Scheduler - [Lock]
[2021-04-24T20:30:00.005] [INFO] Scheduler - Start
[2021-04-24T20:30:00.063] [INFO] Git - clone remote git github.com/shiehnpin/crawler-data.git to /home/ubuntu/crawler/repo
[2021-04-24T20:30:00.065] [INFO] Git - cloning...
[2021-04-24T20:30:00.168] [FATAL] Scheduler - Abort GitError: Git Error: unable to exec clone from/to https://github.com/shiehnpin/crawler-data.git
    at load (/home/ubuntu/crawler/lib/repo.js:41:10)
    at runMicrotasks (<anonymous>)
    at processTicksAndRejections (internal/process/task_queues.js:97:5)
From previous Error: Cloning into '/home/ubuntu/crawler/repo'...
fatal: unable to access 'https://github.com/shiehnpin/crawler-data.git/': Could not resolve host: github.com

[2021-04-24T20:30:00.172] [DEBUG] Scheduler - [Release]
[2021-04-24T20:45:00.004] [DEBUG] Scheduler - [Lock]
[2021-04-24T20:45:00.005] [INFO] Scheduler - Start
[2021-04-24T20:45:00.063] [INFO] Git - clone remote git github.com/shiehnpin/crawler-data.git to /home/ubuntu/crawler/repo
[2021-04-24T20:45:00.065] [INFO] Git - cloning...
[2021-04-24T20:45:00.169] [FATAL] Scheduler - Abort GitError: Git Error: unable to exec clone from/to https://github.com/shiehnpin/crawler-data.git
    at load (/home/ubuntu/crawler/lib/repo.js:41:10)
    at runMicrotasks (<anonymous>)
    at processTicksAndRejections (internal/process/task_queues.js:97:5)
From previous Error: Cloning into '/home/ubuntu/crawler/repo'...
fatal: unable to access 'https://github.com/shiehnpin/crawler-data.git/': Could not resolve host: github.com

[2021-04-24T20:45:00.171] [DEBUG] Scheduler - [Release]
[2021-04-24T21:00:00.004] [DEBUG] Scheduler - [Lock]
[2021-04-24T21:00:00.005] [INFO] Scheduler - Start
[2021-04-24T21:00:00.062] [INFO] Git - clone remote git github.com/shiehnpin/crawler-data.git to /home/ubuntu/crawler/repo
[2021-04-24T21:00:00.064] [INFO] Git - cloning...
[2021-04-24T21:00:00.170] [FATAL] Scheduler - Abort GitError: Git Error: unable to exec clone from/to https://github.com/shiehnpin/crawler-data.git
    at load (/home/ubuntu/crawler/lib/repo.js:41:10)
    at runMicrotasks (<anonymous>)
    at processTicksAndRejections (internal/process/task_queues.js:97:5)
From previous Error: Cloning into '/home/ubuntu/crawler/repo'...
fatal: unable to access 'https://github.com/shiehnpin/crawler-data.git/': Could not resolve host: github.com

[2021-04-24T21:00:00.174] [DEBUG] Scheduler - [Release]
[2021-04-24T21:15:00.003] [DEBUG] Scheduler - [Lock]
[2021-04-24T21:15:00.004] [INFO] Scheduler - Start
[2021-04-24T21:15:00.059] [INFO] Git - clone remote git github.com/shiehnpin/crawler-data.git to /home/ubuntu/crawler/repo
[2021-04-24T21:15:00.060] [INFO] Git - cloning...
[2021-04-24T21:15:00.177] [FATAL] Scheduler - Abort GitError: Git Error: unable to exec clone from/to https://github.com/shiehnpin/crawler-data.git
    at load (/home/ubuntu/crawler/lib/repo.js:41:10)
    at runMicrotasks (<anonymous>)
    at processTicksAndRejections (internal/process/task_queues.js:97:5)
From previous Error: Cloning into '/home/ubuntu/crawler/repo'...
fatal: unable to access 'https://github.com/shiehnpin/crawler-data.git/': Could not resolve host: github.com

[2021-04-24T21:15:00.180] [DEBUG] Scheduler - [Release]
[2021-04-24T21:30:00.004] [DEBUG] Scheduler - [Lock]
[2021-04-24T21:30:00.006] [INFO] Scheduler - Start
[2021-04-24T21:30:00.062] [INFO] Git - clone remote git github.com/shiehnpin/crawler-data.git to /home/ubuntu/crawler/repo
[2021-04-24T21:30:00.066] [INFO] Git - cloning...
[2021-04-24T21:30:00.171] [FATAL] Scheduler - Abort GitError: Git Error: unable to exec clone from/to https://github.com/shiehnpin/crawler-data.git
    at load (/home/ubuntu/crawler/lib/repo.js:41:10)
    at runMicrotasks (<anonymous>)
    at processTicksAndRejections (internal/process/task_queues.js:97:5)
From previous Error: Cloning into '/home/ubuntu/crawler/repo'...
fatal: unable to access 'https://github.com/shiehnpin/crawler-data.git/': Could not resolve host: github.com

[2021-04-24T21:30:00.175] [DEBUG] Scheduler - [Release]
[2021-04-24T21:45:00.003] [DEBUG] Scheduler - [Lock]
[2021-04-24T21:45:00.004] [INFO] Scheduler - Start
[2021-04-24T21:45:00.848] [INFO] Git - clone remote git github.com/shiehnpin/crawler-data.git to /home/ubuntu/crawler/repo
[2021-04-24T21:45:00.850] [INFO] Git - cloning...
[2021-04-24T21:45:00.971] [FATAL] Scheduler - Abort GitError: Git Error: unable to exec clone from/to https://github.com/shiehnpin/crawler-data.git
    at load (/home/ubuntu/crawler/lib/repo.js:41:10)
    at runMicrotasks (<anonymous>)
    at processTicksAndRejections (internal/process/task_queues.js:97:5)
From previous Error: Cloning into '/home/ubuntu/crawler/repo'...
fatal: unable to access 'https://github.com/shiehnpin/crawler-data.git/': Could not resolve host: github.com

[2021-04-24T21:45:00.974] [DEBUG] Scheduler - [Release]
[2021-04-24T22:00:00.004] [DEBUG] Scheduler - [Lock]
[2021-04-24T22:00:00.005] [INFO] Scheduler - Start
[2021-04-24T22:00:00.061] [INFO] Git - clone remote git github.com/shiehnpin/crawler-data.git to /home/ubuntu/crawler/repo
[2021-04-24T22:00:00.063] [INFO] Git - cloning...
[2021-04-24T22:00:00.165] [FATAL] Scheduler - Abort GitError: Git Error: unable to exec clone from/to https://github.com/shiehnpin/crawler-data.git
    at load (/home/ubuntu/crawler/lib/repo.js:41:10)
    at runMicrotasks (<anonymous>)
    at processTicksAndRejections (internal/process/task_queues.js:97:5)
From previous Error: Cloning into '/home/ubuntu/crawler/repo'...
fatal: unable to access 'https://github.com/shiehnpin/crawler-data.git/': Could not resolve host: github.com

[2021-04-24T22:00:00.168] [DEBUG] Scheduler - [Release]
[2021-04-24T22:15:00.004] [DEBUG] Scheduler - [Lock]
[2021-04-24T22:15:00.005] [INFO] Scheduler - Start
[2021-04-24T22:15:00.061] [INFO] Git - clone remote git github.com/shiehnpin/crawler-data.git to /home/ubuntu/crawler/repo
[2021-04-24T22:15:00.062] [INFO] Git - cloning...
[2021-04-24T22:15:00.171] [FATAL] Scheduler - Abort GitError: Git Error: unable to exec clone from/to https://github.com/shiehnpin/crawler-data.git
    at load (/home/ubuntu/crawler/lib/repo.js:41:10)
    at runMicrotasks (<anonymous>)
    at processTicksAndRejections (internal/process/task_queues.js:97:5)
From previous Error: Cloning into '/home/ubuntu/crawler/repo'...
fatal: unable to access 'https://github.com/shiehnpin/crawler-data.git/': Could not resolve host: github.com

[2021-04-24T22:15:00.174] [DEBUG] Scheduler - [Release]
[2021-04-24T22:30:00.007] [DEBUG] Scheduler - [Lock]
[2021-04-24T22:30:00.008] [INFO] Scheduler - Start
[2021-04-24T22:30:00.066] [INFO] Git - clone remote git github.com/shiehnpin/crawler-data.git to /home/ubuntu/crawler/repo
[2021-04-24T22:30:00.068] [INFO] Git - cloning...
[2021-04-24T22:30:00.173] [FATAL] Scheduler - Abort GitError: Git Error: unable to exec clone from/to https://github.com/shiehnpin/crawler-data.git
    at load (/home/ubuntu/crawler/lib/repo.js:41:10)
    at runMicrotasks (<anonymous>)
    at processTicksAndRejections (internal/process/task_queues.js:97:5)
From previous Error: Cloning into '/home/ubuntu/crawler/repo'...
fatal: unable to access 'https://github.com/shiehnpin/crawler-data.git/': Could not resolve host: github.com

[2021-04-24T22:30:00.176] [DEBUG] Scheduler - [Release]
[2021-04-24T22:45:00.003] [DEBUG] Scheduler - [Lock]
[2021-04-24T22:45:00.004] [INFO] Scheduler - Start
[2021-04-24T22:45:00.061] [INFO] Git - clone remote git github.com/shiehnpin/crawler-data.git to /home/ubuntu/crawler/repo
[2021-04-24T22:45:00.062] [INFO] Git - cloning...
[2021-04-24T22:45:00.165] [FATAL] Scheduler - Abort GitError: Git Error: unable to exec clone from/to https://github.com/shiehnpin/crawler-data.git
    at load (/home/ubuntu/crawler/lib/repo.js:41:10)
    at runMicrotasks (<anonymous>)
    at processTicksAndRejections (internal/process/task_queues.js:97:5)
From previous Error: Cloning into '/home/ubuntu/crawler/repo'...
fatal: unable to access 'https://github.com/shiehnpin/crawler-data.git/': Could not resolve host: github.com

[2021-04-24T22:45:00.168] [DEBUG] Scheduler - [Release]
[2021-04-24T23:00:00.003] [DEBUG] Scheduler - [Lock]
[2021-04-24T23:00:00.004] [INFO] Scheduler - Start
[2021-04-24T23:00:00.060] [INFO] Git - clone remote git github.com/shiehnpin/crawler-data.git to /home/ubuntu/crawler/repo
[2021-04-24T23:00:00.062] [INFO] Git - cloning...
[2021-04-24T23:00:00.163] [FATAL] Scheduler - Abort GitError: Git Error: unable to exec clone from/to https://github.com/shiehnpin/crawler-data.git
    at load (/home/ubuntu/crawler/lib/repo.js:41:10)
    at runMicrotasks (<anonymous>)
    at processTicksAndRejections (internal/process/task_queues.js:97:5)
From previous Error: Cloning into '/home/ubuntu/crawler/repo'...
fatal: unable to access 'https://github.com/shiehnpin/crawler-data.git/': Could not resolve host: github.com

[2021-04-24T23:00:00.166] [DEBUG] Scheduler - [Release]
[2021-04-24T23:15:00.005] [DEBUG] Scheduler - [Lock]
[2021-04-24T23:15:00.006] [INFO] Scheduler - Start
[2021-04-24T23:15:00.068] [INFO] Git - clone remote git github.com/shiehnpin/crawler-data.git to /home/ubuntu/crawler/repo
[2021-04-24T23:15:00.070] [INFO] Git - cloning...
[2021-04-24T23:15:00.183] [FATAL] Scheduler - Abort GitError: Git Error: unable to exec clone from/to https://github.com/shiehnpin/crawler-data.git
    at load (/home/ubuntu/crawler/lib/repo.js:41:10)
    at runMicrotasks (<anonymous>)
    at processTicksAndRejections (internal/process/task_queues.js:97:5)
From previous Error: Cloning into '/home/ubuntu/crawler/repo'...
fatal: unable to access 'https://github.com/shiehnpin/crawler-data.git/': Could not resolve host: github.com

[2021-04-24T23:15:00.187] [DEBUG] Scheduler - [Release]
[2021-04-24T23:30:00.006] [DEBUG] Scheduler - [Lock]
[2021-04-24T23:30:00.007] [INFO] Scheduler - Start
[2021-04-24T23:30:00.064] [INFO] Git - clone remote git github.com/shiehnpin/crawler-data.git to /home/ubuntu/crawler/repo
[2021-04-24T23:30:00.066] [INFO] Git - cloning...
[2021-04-24T23:30:00.173] [FATAL] Scheduler - Abort GitError: Git Error: unable to exec clone from/to https://github.com/shiehnpin/crawler-data.git
    at load (/home/ubuntu/crawler/lib/repo.js:41:10)
    at runMicrotasks (<anonymous>)
    at processTicksAndRejections (internal/process/task_queues.js:97:5)
From previous Error: Cloning into '/home/ubuntu/crawler/repo'...
fatal: unable to access 'https://github.com/shiehnpin/crawler-data.git/': Could not resolve host: github.com

[2021-04-24T23:30:00.177] [DEBUG] Scheduler - [Release]
[2021-04-24T23:45:00.005] [DEBUG] Scheduler - [Lock]
[2021-04-24T23:45:00.006] [INFO] Scheduler - Start
[2021-04-24T23:45:00.061] [INFO] Git - clone remote git github.com/shiehnpin/crawler-data.git to /home/ubuntu/crawler/repo
[2021-04-24T23:45:00.062] [INFO] Git - cloning...
[2021-04-24T23:45:00.163] [FATAL] Scheduler - Abort GitError: Git Error: unable to exec clone from/to https://github.com/shiehnpin/crawler-data.git
    at load (/home/ubuntu/crawler/lib/repo.js:41:10)
    at runMicrotasks (<anonymous>)
    at processTicksAndRejections (internal/process/task_queues.js:97:5)
From previous Error: Cloning into '/home/ubuntu/crawler/repo'...
fatal: unable to access 'https://github.com/shiehnpin/crawler-data.git/': Could not resolve host: github.com

[2021-04-24T23:45:00.165] [DEBUG] Scheduler - [Release]
