[2021-02-24T00:00:00.046] [WARN] Scheduler - Already running, skip
[2021-02-24T00:00:01.044] [TRACE] Crawler-27 - parsing
[2021-02-24T00:00:02.466] [TRACE] Crawler-27 - parsed: 288 total: 395
[2021-02-24T00:00:02.472] [TRACE] Crawler-27 - duration: 15.34 seconds, 510.33 seconds remaining.
[2021-02-24T00:00:02.474] [DEBUG] Crawler-27 - https://www.mountainsteals.com/search/mountain-hardwear?pageSize=48&orderBy=2&viewAllPages=false&beginIndex=288 (normalized)
[2021-02-24T00:00:02.475] [TRACE] Crawler-27 - fetching(puppeteer)
[2021-02-24T00:00:15.539] [TRACE] Crawler-27 - parsing
[2021-02-24T00:00:16.621] [TRACE] Crawler-27 - parsed: 336 total: 395
[2021-02-24T00:00:16.623] [TRACE] Crawler-27 - duration: 14.15 seconds, 496.18 seconds remaining.
[2021-02-24T00:00:16.625] [DEBUG] Crawler-27 - https://www.mountainsteals.com/search/mountain-hardwear?pageSize=48&orderBy=2&viewAllPages=false&beginIndex=336 (normalized)
[2021-02-24T00:00:16.626] [TRACE] Crawler-27 - fetching(puppeteer)
[2021-02-24T00:00:30.252] [TRACE] Crawler-27 - parsing
[2021-02-24T00:00:31.357] [TRACE] Crawler-27 - parsed: 384 total: 395
[2021-02-24T00:00:31.360] [TRACE] Crawler-27 - duration: 14.73 seconds, 481.44 seconds remaining.
[2021-02-24T00:00:31.361] [DEBUG] Crawler-27 - https://www.mountainsteals.com/search/mountain-hardwear?pageSize=48&orderBy=2&viewAllPages=false&beginIndex=384 (normalized)
[2021-02-24T00:00:31.362] [TRACE] Crawler-27 - fetching(puppeteer)
[2021-02-24T00:00:42.656] [TRACE] Crawler-27 - parsing
[2021-02-24T00:00:43.500] [TRACE] Crawler-27 - parsed: 395 total: 395
[2021-02-24T00:00:43.504] [TRACE] Crawler-27 - duration: 12.14 seconds, 469.30 seconds remaining.
[2021-02-24T00:00:43.543] [DEBUG] Crawler-27 - consistency check: init
[2021-02-24T00:00:43.544] [TRACE] Crawler-27 - wait 5 seconds
[2021-02-24T00:00:48.547] [DEBUG] Crawler-27 - https://www.mountainsteals.com/search/mountain-hardwear?pageSize=48&orderBy=2&viewAllPages=false (normalized)
[2021-02-24T00:00:48.548] [TRACE] Crawler-27 - fetching(puppeteer)
[2021-02-24T00:01:04.703] [TRACE] Crawler-27 - parsing
[2021-02-24T00:01:05.763] [TRACE] Crawler-27 - parsed: 48 total: 395
[2021-02-24T00:01:05.765] [TRACE] Crawler-27 - duration: 17.22 seconds, 447.04 seconds remaining.
[2021-02-24T00:01:05.766] [DEBUG] Crawler-27 - https://www.mountainsteals.com/search/mountain-hardwear?pageSize=48&orderBy=2&viewAllPages=false&beginIndex=48 (normalized)
[2021-02-24T00:01:05.767] [TRACE] Crawler-27 - fetching(puppeteer)
[2021-02-24T00:01:20.560] [TRACE] Crawler-27 - parsing
[2021-02-24T00:01:21.629] [TRACE] Crawler-27 - parsed: 96 total: 395
[2021-02-24T00:01:21.632] [TRACE] Crawler-27 - duration: 15.86 seconds, 431.17 seconds remaining.
[2021-02-24T00:01:21.633] [DEBUG] Crawler-27 - https://www.mountainsteals.com/search/mountain-hardwear?pageSize=48&orderBy=2&viewAllPages=false&beginIndex=96 (normalized)
[2021-02-24T00:01:21.634] [TRACE] Crawler-27 - fetching(puppeteer)
[2021-02-24T00:01:35.191] [TRACE] Crawler-27 - parsing
[2021-02-24T00:01:36.461] [TRACE] Crawler-27 - parsed: 144 total: 395
[2021-02-24T00:01:36.464] [TRACE] Crawler-27 - duration: 14.83 seconds, 416.34 seconds remaining.
[2021-02-24T00:01:36.466] [DEBUG] Crawler-27 - https://www.mountainsteals.com/search/mountain-hardwear?pageSize=48&orderBy=2&viewAllPages=false&beginIndex=144 (normalized)
[2021-02-24T00:01:36.467] [TRACE] Crawler-27 - fetching(puppeteer)
[2021-02-24T00:01:53.369] [TRACE] Crawler-27 - parsing
[2021-02-24T00:01:54.719] [TRACE] Crawler-27 - parsed: 192 total: 395
[2021-02-24T00:01:54.725] [TRACE] Crawler-27 - duration: 18.26 seconds, 398.08 seconds remaining.
[2021-02-24T00:01:54.727] [DEBUG] Crawler-27 - https://www.mountainsteals.com/search/mountain-hardwear?pageSize=48&orderBy=2&viewAllPages=false&beginIndex=192 (normalized)
[2021-02-24T00:01:54.728] [TRACE] Crawler-27 - fetching(puppeteer)
[2021-02-24T00:02:08.210] [TRACE] Crawler-27 - parsing
[2021-02-24T00:02:09.259] [TRACE] Crawler-27 - parsed: 240 total: 395
[2021-02-24T00:02:09.260] [TRACE] Crawler-27 - duration: 14.53 seconds, 383.54 seconds remaining.
[2021-02-24T00:02:09.262] [DEBUG] Crawler-27 - https://www.mountainsteals.com/search/mountain-hardwear?pageSize=48&orderBy=2&viewAllPages=false&beginIndex=240 (normalized)
[2021-02-24T00:02:09.263] [TRACE] Crawler-27 - fetching(puppeteer)
[2021-02-24T00:02:23.422] [TRACE] Crawler-27 - parsing
[2021-02-24T00:02:24.734] [TRACE] Crawler-27 - parsed: 288 total: 395
[2021-02-24T00:02:24.738] [TRACE] Crawler-27 - duration: 15.48 seconds, 368.06 seconds remaining.
[2021-02-24T00:02:24.740] [DEBUG] Crawler-27 - https://www.mountainsteals.com/search/mountain-hardwear?pageSize=48&orderBy=2&viewAllPages=false&beginIndex=288 (normalized)
[2021-02-24T00:02:24.741] [TRACE] Crawler-27 - fetching(puppeteer)
[2021-02-24T00:02:40.758] [TRACE] Crawler-27 - parsing
[2021-02-24T00:02:41.793] [TRACE] Crawler-27 - parsed: 336 total: 394
[2021-02-24T00:02:41.795] [TRACE] Crawler-27 - duration: 17.05 seconds, 351.01 seconds remaining.
[2021-02-24T00:02:41.797] [DEBUG] Crawler-27 - https://www.mountainsteals.com/search/mountain-hardwear?pageSize=48&orderBy=2&viewAllPages=false&beginIndex=336 (normalized)
[2021-02-24T00:02:41.798] [TRACE] Crawler-27 - fetching(puppeteer)
[2021-02-24T00:02:53.496] [TRACE] Crawler-27 - parsing
[2021-02-24T00:02:54.554] [TRACE] Crawler-27 - parsed: 384 total: 395
[2021-02-24T00:02:54.556] [TRACE] Crawler-27 - duration: 12.76 seconds, 338.25 seconds remaining.
[2021-02-24T00:02:54.558] [DEBUG] Crawler-27 - https://www.mountainsteals.com/search/mountain-hardwear?pageSize=48&orderBy=2&viewAllPages=false&beginIndex=384 (normalized)
[2021-02-24T00:02:54.559] [TRACE] Crawler-27 - fetching(puppeteer)
[2021-02-24T00:03:03.445] [TRACE] Crawler-27 - parsing
[2021-02-24T00:03:04.352] [TRACE] Crawler-27 - parsed: 395 total: 395
[2021-02-24T00:03:04.355] [TRACE] Crawler-27 - duration: 9.80 seconds, 328.45 seconds remaining.
[2021-02-24T00:03:04.395] [DEBUG] Crawler-27 - consistency check: (0/1), fail
[2021-02-24T00:03:04.395] [TRACE] Crawler-27 - wait 5 seconds
[2021-02-24T00:03:09.399] [DEBUG] Crawler-27 - https://www.mountainsteals.com/search/mountain-hardwear?pageSize=48&orderBy=2&viewAllPages=false (normalized)
[2021-02-24T00:03:09.401] [TRACE] Crawler-27 - fetching(puppeteer)
[2021-02-24T00:03:24.656] [TRACE] Crawler-27 - parsing
[2021-02-24T00:03:25.703] [TRACE] Crawler-27 - parsed: 48 total: 395
[2021-02-24T00:03:25.705] [TRACE] Crawler-27 - duration: 16.30 seconds, 307.10 seconds remaining.
[2021-02-24T00:03:25.707] [DEBUG] Crawler-27 - https://www.mountainsteals.com/search/mountain-hardwear?pageSize=48&orderBy=2&viewAllPages=false&beginIndex=48 (normalized)
[2021-02-24T00:03:25.708] [TRACE] Crawler-27 - fetching(puppeteer)
[2021-02-24T00:03:37.070] [TRACE] Crawler-27 - parsing
[2021-02-24T00:03:38.336] [TRACE] Crawler-27 - parsed: 96 total: 394
[2021-02-24T00:03:38.339] [TRACE] Crawler-27 - duration: 12.63 seconds, 294.46 seconds remaining.
[2021-02-24T00:03:38.341] [DEBUG] Crawler-27 - https://www.mountainsteals.com/search/mountain-hardwear?pageSize=48&orderBy=2&viewAllPages=false&beginIndex=96 (normalized)
[2021-02-24T00:03:38.342] [TRACE] Crawler-27 - fetching(puppeteer)
[2021-02-24T00:03:51.388] [TRACE] Crawler-27 - parsing
[2021-02-24T00:03:52.453] [TRACE] Crawler-27 - parsed: 144 total: 395
[2021-02-24T00:03:52.455] [TRACE] Crawler-27 - duration: 14.11 seconds, 280.35 seconds remaining.
[2021-02-24T00:03:52.456] [DEBUG] Crawler-27 - https://www.mountainsteals.com/search/mountain-hardwear?pageSize=48&orderBy=2&viewAllPages=false&beginIndex=144 (normalized)
[2021-02-24T00:03:52.456] [TRACE] Crawler-27 - fetching(puppeteer)
[2021-02-24T00:04:04.247] [TRACE] Crawler-27 - parsing
[2021-02-24T00:04:05.346] [TRACE] Crawler-27 - parsed: 192 total: 395
[2021-02-24T00:04:05.349] [TRACE] Crawler-27 - duration: 12.89 seconds, 267.45 seconds remaining.
[2021-02-24T00:04:05.350] [DEBUG] Crawler-27 - https://www.mountainsteals.com/search/mountain-hardwear?pageSize=48&orderBy=2&viewAllPages=false&beginIndex=192 (normalized)
[2021-02-24T00:04:05.351] [TRACE] Crawler-27 - fetching(puppeteer)
[2021-02-24T00:04:17.304] [TRACE] Crawler-27 - parsing
[2021-02-24T00:04:18.579] [TRACE] Crawler-27 - parsed: 240 total: 395
[2021-02-24T00:04:18.582] [TRACE] Crawler-27 - duration: 13.23 seconds, 254.22 seconds remaining.
[2021-02-24T00:04:18.584] [DEBUG] Crawler-27 - https://www.mountainsteals.com/search/mountain-hardwear?pageSize=48&orderBy=2&viewAllPages=false&beginIndex=240 (normalized)
[2021-02-24T00:04:18.585] [TRACE] Crawler-27 - fetching(puppeteer)
[2021-02-24T00:04:32.824] [TRACE] Crawler-27 - parsing
[2021-02-24T00:04:34.038] [TRACE] Crawler-27 - parsed: 288 total: 395
[2021-02-24T00:04:34.043] [TRACE] Crawler-27 - duration: 15.46 seconds, 238.76 seconds remaining.
[2021-02-24T00:04:34.045] [DEBUG] Crawler-27 - https://www.mountainsteals.com/search/mountain-hardwear?pageSize=48&orderBy=2&viewAllPages=false&beginIndex=288 (normalized)
[2021-02-24T00:04:34.046] [TRACE] Crawler-27 - fetching(puppeteer)
[2021-02-24T00:04:47.410] [TRACE] Crawler-27 - parsing
[2021-02-24T00:04:48.469] [TRACE] Crawler-27 - parsed: 336 total: 395
[2021-02-24T00:04:48.471] [TRACE] Crawler-27 - duration: 14.43 seconds, 224.33 seconds remaining.
[2021-02-24T00:04:48.473] [DEBUG] Crawler-27 - https://www.mountainsteals.com/search/mountain-hardwear?pageSize=48&orderBy=2&viewAllPages=false&beginIndex=336 (normalized)
[2021-02-24T00:04:48.473] [TRACE] Crawler-27 - fetching(puppeteer)
[2021-02-24T00:05:03.635] [TRACE] Crawler-27 - parsing
[2021-02-24T00:05:04.735] [TRACE] Crawler-27 - parsed: 384 total: 394
[2021-02-24T00:05:04.738] [TRACE] Crawler-27 - duration: 16.27 seconds, 208.06 seconds remaining.
[2021-02-24T00:05:04.740] [DEBUG] Crawler-27 - https://www.mountainsteals.com/search/mountain-hardwear?pageSize=48&orderBy=2&viewAllPages=false&beginIndex=384 (normalized)
[2021-02-24T00:05:04.741] [TRACE] Crawler-27 - fetching(puppeteer)
[2021-02-24T00:05:13.748] [TRACE] Crawler-27 - parsing
[2021-02-24T00:05:14.616] [TRACE] Crawler-27 - parsed: 395 total: 395
[2021-02-24T00:05:14.620] [TRACE] Crawler-27 - duration: 9.88 seconds, 198.18 seconds remaining.
[2021-02-24T00:05:14.658] [DEBUG] Crawler-27 - consistency check: (0/1), fail
[2021-02-24T00:05:14.659] [TRACE] Crawler-27 - wait 5 seconds
[2021-02-24T00:05:19.662] [DEBUG] Crawler-27 - https://www.mountainsteals.com/search/mountain-hardwear?pageSize=48&orderBy=2&viewAllPages=false (normalized)
[2021-02-24T00:05:19.663] [TRACE] Crawler-27 - fetching(puppeteer)
[2021-02-24T00:05:31.877] [TRACE] Crawler-27 - parsing
[2021-02-24T00:05:32.923] [TRACE] Crawler-27 - parsed: 48 total: 395
[2021-02-24T00:05:32.925] [TRACE] Crawler-27 - duration: 13.26 seconds, 179.88 seconds remaining.
[2021-02-24T00:05:32.927] [DEBUG] Crawler-27 - https://www.mountainsteals.com/search/mountain-hardwear?pageSize=48&orderBy=2&viewAllPages=false&beginIndex=48 (normalized)
[2021-02-24T00:05:32.928] [TRACE] Crawler-27 - fetching(puppeteer)
[2021-02-24T00:05:47.189] [TRACE] Crawler-27 - parsing
[2021-02-24T00:05:48.421] [TRACE] Crawler-27 - parsed: 96 total: 395
[2021-02-24T00:05:48.425] [TRACE] Crawler-27 - duration: 15.50 seconds, 164.38 seconds remaining.
[2021-02-24T00:05:48.426] [DEBUG] Crawler-27 - https://www.mountainsteals.com/search/mountain-hardwear?pageSize=48&orderBy=2&viewAllPages=false&beginIndex=96 (normalized)
[2021-02-24T00:05:48.427] [TRACE] Crawler-27 - fetching(puppeteer)
[2021-02-24T00:06:03.566] [TRACE] Crawler-27 - parsing
[2021-02-24T00:06:04.823] [TRACE] Crawler-27 - parsed: 144 total: 394
[2021-02-24T00:06:04.827] [TRACE] Crawler-27 - duration: 16.40 seconds, 147.97 seconds remaining.
[2021-02-24T00:06:04.829] [DEBUG] Crawler-27 - https://www.mountainsteals.com/search/mountain-hardwear?pageSize=48&orderBy=2&viewAllPages=false&beginIndex=144 (normalized)
[2021-02-24T00:06:04.830] [TRACE] Crawler-27 - fetching(puppeteer)
[2021-02-24T00:06:19.107] [TRACE] Crawler-27 - parsing
[2021-02-24T00:06:20.189] [TRACE] Crawler-27 - parsed: 192 total: 394
[2021-02-24T00:06:20.191] [TRACE] Crawler-27 - duration: 15.36 seconds, 132.61 seconds remaining.
[2021-02-24T00:06:20.193] [DEBUG] Crawler-27 - https://www.mountainsteals.com/search/mountain-hardwear?pageSize=48&orderBy=2&viewAllPages=false&beginIndex=192 (normalized)
[2021-02-24T00:06:20.194] [TRACE] Crawler-27 - fetching(puppeteer)
[2021-02-24T00:06:33.596] [TRACE] Crawler-27 - parsing
[2021-02-24T00:06:34.859] [TRACE] Crawler-27 - parsed: 240 total: 395
[2021-02-24T00:06:34.862] [TRACE] Crawler-27 - duration: 14.67 seconds, 117.94 seconds remaining.
[2021-02-24T00:06:34.864] [DEBUG] Crawler-27 - https://www.mountainsteals.com/search/mountain-hardwear?pageSize=48&orderBy=2&viewAllPages=false&beginIndex=240 (normalized)
[2021-02-24T00:06:34.865] [TRACE] Crawler-27 - fetching(puppeteer)
[2021-02-24T00:06:48.264] [TRACE] Crawler-27 - parsing
[2021-02-24T00:06:49.320] [TRACE] Crawler-27 - parsed: 288 total: 394
[2021-02-24T00:06:49.322] [TRACE] Crawler-27 - duration: 14.46 seconds, 103.48 seconds remaining.
[2021-02-24T00:06:49.324] [DEBUG] Crawler-27 - https://www.mountainsteals.com/search/mountain-hardwear?pageSize=48&orderBy=2&viewAllPages=false&beginIndex=288 (normalized)
[2021-02-24T00:06:49.325] [TRACE] Crawler-27 - fetching(puppeteer)
[2021-02-24T00:07:05.464] [TRACE] Crawler-27 - parsing
[2021-02-24T00:07:06.553] [TRACE] Crawler-27 - parsed: 336 total: 395
[2021-02-24T00:07:06.556] [TRACE] Crawler-27 - duration: 17.23 seconds, 86.25 seconds remaining.
[2021-02-24T00:07:06.558] [DEBUG] Crawler-27 - https://www.mountainsteals.com/search/mountain-hardwear?pageSize=48&orderBy=2&viewAllPages=false&beginIndex=336 (normalized)
[2021-02-24T00:07:06.559] [TRACE] Crawler-27 - fetching(puppeteer)
[2021-02-24T00:07:19.084] [TRACE] Crawler-27 - parsing
[2021-02-24T00:07:20.371] [TRACE] Crawler-27 - parsed: 384 total: 394
[2021-02-24T00:07:20.374] [TRACE] Crawler-27 - duration: 13.82 seconds, 72.43 seconds remaining.
[2021-02-24T00:07:20.376] [DEBUG] Crawler-27 - https://www.mountainsteals.com/search/mountain-hardwear?pageSize=48&orderBy=2&viewAllPages=false&beginIndex=384 (normalized)
[2021-02-24T00:07:20.377] [TRACE] Crawler-27 - fetching(puppeteer)
[2021-02-24T00:07:32.160] [TRACE] Crawler-27 - parsing
[2021-02-24T00:07:32.811] [TRACE] Crawler-27 - parsed: 394 total: 394
[2021-02-24T00:07:32.813] [TRACE] Crawler-27 - duration: 12.44 seconds, 59.99 seconds remaining.
[2021-02-24T00:07:32.852] [DEBUG] Crawler-27 - consistency check: (0/1), fail
[2021-02-24T00:07:32.853] [TRACE] Crawler-27 - wait 5 seconds
[2021-02-24T00:07:37.857] [DEBUG] Crawler-27 - https://www.mountainsteals.com/search/mountain-hardwear?pageSize=48&orderBy=2&viewAllPages=false (normalized)
[2021-02-24T00:07:37.858] [TRACE] Crawler-27 - fetching(puppeteer)
[2021-02-24T00:07:50.574] [TRACE] Crawler-27 - parsing
[2021-02-24T00:07:51.778] [TRACE] Crawler-27 - parsed: 48 total: 394
[2021-02-24T00:07:51.780] [TRACE] Crawler-27 - duration: 13.92 seconds, 41.02 seconds remaining.
[2021-02-24T00:07:51.782] [DEBUG] Crawler-27 - https://www.mountainsteals.com/search/mountain-hardwear?pageSize=48&orderBy=2&viewAllPages=false&beginIndex=48 (normalized)
[2021-02-24T00:07:51.783] [TRACE] Crawler-27 - fetching(puppeteer)
[2021-02-24T00:08:05.123] [TRACE] Crawler-27 - parsing
[2021-02-24T00:08:06.366] [TRACE] Crawler-27 - parsed: 96 total: 395
[2021-02-24T00:08:06.369] [TRACE] Crawler-27 - duration: 14.59 seconds, 26.43 seconds remaining.
[2021-02-24T00:08:06.371] [DEBUG] Crawler-27 - https://www.mountainsteals.com/search/mountain-hardwear?pageSize=48&orderBy=2&viewAllPages=false&beginIndex=96 (normalized)
[2021-02-24T00:08:06.372] [TRACE] Crawler-27 - fetching(puppeteer)
[2021-02-24T00:08:19.525] [TRACE] Crawler-27 - parsing
[2021-02-24T00:08:20.598] [TRACE] Crawler-27 - parsed: 144 total: 394
[2021-02-24T00:08:20.600] [TRACE] Crawler-27 - duration: 14.23 seconds, 12.20 seconds remaining.
[2021-02-24T00:08:20.601] [DEBUG] Crawler-27 - https://www.mountainsteals.com/search/mountain-hardwear?pageSize=48&orderBy=2&viewAllPages=false&beginIndex=144 (normalized)
[2021-02-24T00:08:20.602] [TRACE] Crawler-27 - fetching(puppeteer)
[2021-02-24T00:08:31.116] [TRACE] Crawler-27 - parsing
[2021-02-24T00:08:32.398] [TRACE] Crawler-27 - parsed: 192 total: 394
[2021-02-24T00:08:32.401] [TRACE] Crawler-27 - duration: 11.80 seconds, 0.40 seconds remaining.
[2021-02-24T00:08:32.403] [DEBUG] Crawler-27 - https://www.mountainsteals.com/search/mountain-hardwear?pageSize=48&orderBy=2&viewAllPages=false&beginIndex=192 (normalized)
[2021-02-24T00:08:32.404] [TRACE] Crawler-27 - fetching(puppeteer)
[2021-02-24T00:08:43.935] [TRACE] Crawler-27 - parsing
[2021-02-24T00:08:44.982] [TRACE] Crawler-27 - parsed: 240 total: 394
[2021-02-24T00:08:44.984] [TRACE] Crawler-27 - duration: 12.58 seconds, -12.18 seconds remaining.
[2021-02-24T00:08:44.988] [ERROR] Crawler-27 - Failure https://www.mountainsteals.com/search/mountain-hardwear 
 Timeout Error: Task: https://www.mountainsteals.com/search/mountain-hardwear timeout
[2021-02-24T00:08:44.990] [DEBUG] Crawler-27 - Failure https://www.mountainsteals.com/search/mountain-hardwear 
 TimeoutError: Timeout Error: Task: https://www.mountainsteals.com/search/mountain-hardwear timeout
    at crawlWithConsistencyCheck (/home/ubuntu/crawler/lib/crawlSite.js:210:12)
    at runMicrotasks (<anonymous>)
    at processTicksAndRejections (internal/process/task_queues.js:97:5)
    at async crawlSite (/home/ubuntu/crawler/lib/crawlSite.js:343:23)
    at async runTask (/home/ubuntu/crawler/lib/crawl.js:56:7)
[2021-02-24T00:08:45.019] [INFO] Crawler-28 - Process https://www.mountainsteals.com/search/black-diamond by Mountain Steals crawler, deadline: 00:18
[2021-02-24T00:08:45.020] [DEBUG] Crawler-28 - https://www.mountainsteals.com/search/black-diamond?pageSize=48&orderBy=2&viewAllPages=false (normalized)
[2021-02-24T00:08:45.021] [TRACE] Crawler-28 - fetching(puppeteer)
[2021-02-24T00:08:57.162] [TRACE] Crawler-28 - parsing
[2021-02-24T00:08:58.228] [TRACE] Crawler-28 - parsed: 48 total: 159
[2021-02-24T00:08:58.231] [TRACE] Crawler-28 - duration: 13.21 seconds, 586.79 seconds remaining.
[2021-02-24T00:08:58.233] [DEBUG] Crawler-28 - https://www.mountainsteals.com/search/black-diamond?pageSize=48&orderBy=2&viewAllPages=false&beginIndex=48 (normalized)
[2021-02-24T00:08:58.234] [TRACE] Crawler-28 - fetching(puppeteer)
[2021-02-24T00:09:13.507] [TRACE] Crawler-28 - parsing
[2021-02-24T00:09:14.787] [TRACE] Crawler-28 - parsed: 96 total: 159
[2021-02-24T00:09:14.790] [TRACE] Crawler-28 - duration: 16.56 seconds, 570.23 seconds remaining.
[2021-02-24T00:09:14.791] [DEBUG] Crawler-28 - https://www.mountainsteals.com/search/black-diamond?pageSize=48&orderBy=2&viewAllPages=false&beginIndex=96 (normalized)
[2021-02-24T00:09:14.793] [TRACE] Crawler-28 - fetching(puppeteer)
[2021-02-24T00:09:27.732] [TRACE] Crawler-28 - parsing
[2021-02-24T00:09:28.980] [TRACE] Crawler-28 - parsed: 144 total: 159
[2021-02-24T00:09:28.985] [TRACE] Crawler-28 - duration: 14.19 seconds, 556.03 seconds remaining.
[2021-02-24T00:09:28.987] [DEBUG] Crawler-28 - https://www.mountainsteals.com/search/black-diamond?pageSize=48&orderBy=2&viewAllPages=false&beginIndex=144 (normalized)
[2021-02-24T00:09:28.988] [TRACE] Crawler-28 - fetching(puppeteer)
[2021-02-24T00:09:42.440] [TRACE] Crawler-28 - parsing
[2021-02-24T00:09:43.181] [TRACE] Crawler-28 - parsed: 159 total: 159
[2021-02-24T00:09:43.183] [TRACE] Crawler-28 - duration: 14.20 seconds, 541.84 seconds remaining.
[2021-02-24T00:09:43.196] [DEBUG] Crawler-28 - consistency check: init
[2021-02-24T00:09:43.197] [TRACE] Crawler-28 - wait 5 seconds
[2021-02-24T00:09:48.201] [DEBUG] Crawler-28 - https://www.mountainsteals.com/search/black-diamond?pageSize=48&orderBy=2&viewAllPages=false (normalized)
[2021-02-24T00:09:48.201] [TRACE] Crawler-28 - fetching(puppeteer)
[2021-02-24T00:10:03.531] [TRACE] Crawler-28 - parsing
[2021-02-24T00:10:04.810] [TRACE] Crawler-28 - parsed: 48 total: 159
[2021-02-24T00:10:04.814] [TRACE] Crawler-28 - duration: 16.61 seconds, 520.20 seconds remaining.
[2021-02-24T00:10:04.815] [DEBUG] Crawler-28 - https://www.mountainsteals.com/search/black-diamond?pageSize=48&orderBy=2&viewAllPages=false&beginIndex=48 (normalized)
[2021-02-24T00:10:04.816] [TRACE] Crawler-28 - fetching(puppeteer)
[2021-02-24T00:10:16.718] [TRACE] Crawler-28 - parsing
[2021-02-24T00:10:17.778] [TRACE] Crawler-28 - parsed: 96 total: 159
[2021-02-24T00:10:17.780] [TRACE] Crawler-28 - duration: 12.96 seconds, 507.24 seconds remaining.
[2021-02-24T00:10:17.782] [DEBUG] Crawler-28 - https://www.mountainsteals.com/search/black-diamond?pageSize=48&orderBy=2&viewAllPages=false&beginIndex=96 (normalized)
[2021-02-24T00:10:17.783] [TRACE] Crawler-28 - fetching(puppeteer)
[2021-02-24T00:10:35.497] [TRACE] Crawler-28 - parsing
[2021-02-24T00:10:36.828] [TRACE] Crawler-28 - parsed: 144 total: 159
[2021-02-24T00:10:36.831] [TRACE] Crawler-28 - duration: 19.05 seconds, 488.19 seconds remaining.
[2021-02-24T00:10:36.833] [DEBUG] Crawler-28 - https://www.mountainsteals.com/search/black-diamond?pageSize=48&orderBy=2&viewAllPages=false&beginIndex=144 (normalized)
[2021-02-24T00:10:36.834] [TRACE] Crawler-28 - fetching(puppeteer)
[2021-02-24T00:10:49.725] [TRACE] Crawler-28 - parsing
[2021-02-24T00:10:50.519] [TRACE] Crawler-28 - parsed: 159 total: 159
[2021-02-24T00:10:50.522] [TRACE] Crawler-28 - duration: 13.69 seconds, 474.50 seconds remaining.
[2021-02-24T00:10:50.539] [DEBUG] Crawler-28 - consistency check: (1/1), pass
[2021-02-24T00:10:50.540] [DEBUG] Crawler-28 - consistency check: all pass
[2021-02-24T00:10:50.541] [INFO] Crawler-28 - 160 items in the previous list, and 159 items in the latest list.
[2021-02-24T00:10:50.567] [INFO] Crawler-28 - 1 item(s) removed, 0 item(s) added, and 0 item(s) price were changed.
[2021-02-24T00:10:50.571] [INFO] Crawler-28 - Finish https://www.mountainsteals.com/search/black-diamond in 125.521 seconds 

[2021-02-24T00:10:50.583] [INFO] Crawler-29 - Process https://www.mountainsteals.com/search/mystery-ranch by Mountain Steals crawler, deadline: 00:20
[2021-02-24T00:10:50.585] [DEBUG] Crawler-29 - https://www.mountainsteals.com/search/mystery-ranch?pageSize=48&orderBy=2&viewAllPages=false (normalized)
[2021-02-24T00:10:50.586] [TRACE] Crawler-29 - fetching(puppeteer)
[2021-02-24T00:11:05.247] [TRACE] Crawler-29 - parsing
[2021-02-24T00:11:06.162] [TRACE] Crawler-29 - parsed: 29 total: 29
[2021-02-24T00:11:06.166] [TRACE] Crawler-29 - duration: 15.58 seconds, 584.42 seconds remaining.
[2021-02-24T00:11:06.168] [DEBUG] Crawler-29 - consistency check: init
[2021-02-24T00:11:06.169] [TRACE] Crawler-29 - wait 5 seconds
[2021-02-24T00:11:11.171] [DEBUG] Crawler-29 - https://www.mountainsteals.com/search/mystery-ranch?pageSize=48&orderBy=2&viewAllPages=false (normalized)
[2021-02-24T00:11:11.172] [TRACE] Crawler-29 - fetching(puppeteer)
[2021-02-24T00:11:30.166] [TRACE] Crawler-29 - parsing
[2021-02-24T00:11:31.200] [TRACE] Crawler-29 - parsed: 29 total: 29
[2021-02-24T00:11:31.204] [TRACE] Crawler-29 - duration: 20.03 seconds, 559.38 seconds remaining.
[2021-02-24T00:11:31.206] [DEBUG] Crawler-29 - consistency check: (1/1), pass
[2021-02-24T00:11:31.207] [DEBUG] Crawler-29 - consistency check: all pass
[2021-02-24T00:11:31.208] [INFO] Crawler-29 - 29 items in the previous list, and 29 items in the latest list.
[2021-02-24T00:11:31.211] [INFO] Crawler-29 - 0 item(s) removed, 0 item(s) added, and 0 item(s) price were changed.
[2021-02-24T00:11:31.215] [INFO] Crawler-29 - Finish https://www.mountainsteals.com/search/mystery-ranch in 40.624 seconds 

