[2021-01-18T00:05:00.016] [DEBUG] Scheduler - [Lock]
[2021-01-18T00:05:00.018] [INFO] Scheduler - Start
[2021-01-18T00:05:00.087] [INFO] Git - clone remote git github.com/shiehnpin/crawler-data.git to /home/ubuntu/crawler/repo
[2021-01-18T00:05:00.258] [INFO] Git - cloning...
[2021-01-18T00:05:22.015] [INFO] Git - cloned
[2021-01-18T00:05:22.549] [DEBUG] Scheduler - Load crawler setting {
    "users": [
        {
            "email": "shieh.npin@gmail.com",
            "sites": [
                {
                    "url": "https://www.backcountry.com/Store/catalog/search.jsp?q=arcteryx"
                },
                {
                    "url": "https://www.rei.com/search?q=marmot&ir=q%3Amarmot"
                },
                {
                    "url": "https://www.rei.com/search?q=arc%27teryx&ir=q%3Aarc%27teryx&r=deals%3ASee+All+Deals"
                },
                {
                    "url": "https://www.rei.com/used/b/arcteryx?condition=Excellent%20condition"
                },
                {
                    "url": "https://www.moosejaw.com/search/arcteryx/sale?orderBy=10"
                },
                {
                    "url": "https://www.moosejaw.com/search/mystery-ranch/sale?orderBy=10"
                },
                {
                    "url": "https://www.mountainsteals.com/search/fjallraven",
                    "name": "Fjallraven@MountainSteals",
                    "match": "(?=.*(Trekking))(?=.*(Tight))(?=.*(Women))(?=.*(Abisko))"
                },
                {
                    "url": "https://www.sierra.com/mystery-ranch~b~37083/",
                    "name": "Mystery Ranch@Sierra"
                },
                {
                    "url": "https://www.sierra.com/mammut~b~3201/",
                    "name": "Mammut@Sierra"
                },
                {
                    "url": "https://www.sierra.com/therm-a-rest~b~3177/",
                    "name": "Thermarest@Sierra"
                },
                {
                    "url": "https://www.sierra.com/s~outdoor-research/clearance~1/",
                    "name": "Outdoor-Research-Clearance@Sierra"
                },
                {
                    "url": "https://www.steepandcheap.com/arcteryx",
                    "name": "Arcteryx@steepandcheap"
                },
                {
                    "url": "https://www.steepandcheap.com/mammut",
                    "name": "Mammut@steepandcheap"
                },
                {
                    "url": "https://www.campsaver.com/arc-teryx-brand.html",
                    "name": "Arcteryx@campsaver"
                },
                {
                    "url": "https://www.campsaver.com/mammut-brand.html",
                    "name": "Mammut@campsaver"
                },
                {
                    "url": "https://www.campsaver.com/mystery-ranch-brand.html",
                    "name": "Mystery Ranch@campsaver"
                },
                {
                    "url": "https://www.mountainsteals.com/search/black-diamond",
                    "name": "Black-diamond@mountainsteals"
                },
                {
                    "url": "https://www.mountainsteals.com/search/mystery-ranch",
                    "name": "Mystery-ranch@mountainsteals"
                }
            ]
        }
    ]
}
[2021-01-18T00:05:33.716] [INFO] Crawler - Process https://www.backcountry.com/Store/catalog/search.jsp?q=arcteryx by Back Country crawler, deadline: 00:15
[2021-01-18T00:05:33.721] [DEBUG] Crawler - https://www.backcountry.com/Store/catalog/search.jsp?q=arcteryx&pagesize=42&nf=1 (normalized)
[2021-01-18T00:05:33.724] [TRACE] Crawler - fetching(axios)
[2021-01-18T00:05:33.727] [DEBUG] Crawler - { cancelToken: CancelToken { promise: Promise { <pending> } } }
[2021-01-18T00:05:36.377] [TRACE] Crawler - parsing
[2021-01-18T00:05:37.914] [TRACE] Crawler - parsed: 42 total: 404
[2021-01-18T00:05:37.916] [TRACE] Crawler - duration: 4.20 seconds, 595.80 seconds remaining.
[2021-01-18T00:05:37.918] [DEBUG] Crawler - https://www.backcountry.com/Store/catalog/search.jsp?q=arcteryx&pagesize=42&nf=1&page=1 (normalized)
[2021-01-18T00:05:37.918] [TRACE] Crawler - fetching(axios)
[2021-01-18T00:05:37.919] [DEBUG] Crawler - { cancelToken: CancelToken { promise: Promise { <pending> } },
  headers:
   { Referer:
      'https://www.backcountry.com/Store/catalog/search.jsp?q=arcteryx&pagesize=42&nf=1' } }
[2021-01-18T00:05:39.884] [TRACE] Crawler - parsing
[2021-01-18T00:05:41.108] [TRACE] Crawler - parsed: 84 total: 404
[2021-01-18T00:05:41.111] [TRACE] Crawler - duration: 3.19 seconds, 592.61 seconds remaining.
[2021-01-18T00:05:41.112] [DEBUG] Crawler - https://www.backcountry.com/Store/catalog/search.jsp?q=arcteryx&pagesize=42&nf=1&page=2 (normalized)
[2021-01-18T00:05:41.113] [TRACE] Crawler - fetching(axios)
[2021-01-18T00:05:41.114] [DEBUG] Crawler - { cancelToken: CancelToken { promise: Promise { <pending> } },
  headers:
   { Referer:
      'https://www.backcountry.com/Store/catalog/search.jsp?q=arcteryx&pagesize=42&nf=1&page=1' } }
[2021-01-18T00:05:43.123] [TRACE] Crawler - parsing
[2021-01-18T00:05:44.193] [TRACE] Crawler - parsed: 126 total: 404
[2021-01-18T00:05:44.195] [TRACE] Crawler - duration: 3.08 seconds, 589.52 seconds remaining.
[2021-01-18T00:05:44.196] [DEBUG] Crawler - https://www.backcountry.com/Store/catalog/search.jsp?q=arcteryx&pagesize=42&nf=1&page=3 (normalized)
[2021-01-18T00:05:44.197] [TRACE] Crawler - fetching(axios)
[2021-01-18T00:05:44.197] [DEBUG] Crawler - { cancelToken: CancelToken { promise: Promise { <pending> } },
  headers:
   { Referer:
      'https://www.backcountry.com/Store/catalog/search.jsp?q=arcteryx&pagesize=42&nf=1&page=2' } }
[2021-01-18T00:05:46.291] [TRACE] Crawler - parsing
[2021-01-18T00:05:47.453] [TRACE] Crawler - parsed: 168 total: 404
[2021-01-18T00:05:47.455] [TRACE] Crawler - duration: 3.26 seconds, 586.26 seconds remaining.
[2021-01-18T00:05:47.456] [DEBUG] Crawler - https://www.backcountry.com/Store/catalog/search.jsp?q=arcteryx&pagesize=42&nf=1&page=4 (normalized)
[2021-01-18T00:05:47.457] [TRACE] Crawler - fetching(axios)
[2021-01-18T00:05:47.458] [DEBUG] Crawler - { cancelToken: CancelToken { promise: Promise { <pending> } },
  headers:
   { Referer:
      'https://www.backcountry.com/Store/catalog/search.jsp?q=arcteryx&pagesize=42&nf=1&page=3' } }
[2021-01-18T00:05:49.736] [TRACE] Crawler - parsing
[2021-01-18T00:05:50.762] [TRACE] Crawler - parsed: 210 total: 404
[2021-01-18T00:05:50.764] [TRACE] Crawler - duration: 3.31 seconds, 582.95 seconds remaining.
[2021-01-18T00:05:50.765] [DEBUG] Crawler - https://www.backcountry.com/Store/catalog/search.jsp?q=arcteryx&pagesize=42&nf=1&page=5 (normalized)
[2021-01-18T00:05:50.766] [TRACE] Crawler - fetching(axios)
[2021-01-18T00:05:50.766] [DEBUG] Crawler - { cancelToken: CancelToken { promise: Promise { <pending> } },
  headers:
   { Referer:
      'https://www.backcountry.com/Store/catalog/search.jsp?q=arcteryx&pagesize=42&nf=1&page=4' } }
[2021-01-18T00:05:52.704] [TRACE] Crawler - parsing
[2021-01-18T00:05:53.880] [TRACE] Crawler - parsed: 252 total: 404
[2021-01-18T00:05:53.882] [TRACE] Crawler - duration: 3.12 seconds, 579.83 seconds remaining.
[2021-01-18T00:05:53.883] [DEBUG] Crawler - https://www.backcountry.com/Store/catalog/search.jsp?q=arcteryx&pagesize=42&nf=1&page=6 (normalized)
[2021-01-18T00:05:53.885] [TRACE] Crawler - fetching(axios)
[2021-01-18T00:05:53.885] [DEBUG] Crawler - { cancelToken: CancelToken { promise: Promise { <pending> } },
  headers:
   { Referer:
      'https://www.backcountry.com/Store/catalog/search.jsp?q=arcteryx&pagesize=42&nf=1&page=5' } }
[2021-01-18T00:05:55.796] [TRACE] Crawler - parsing
[2021-01-18T00:05:56.805] [TRACE] Crawler - parsed: 294 total: 404
[2021-01-18T00:05:56.807] [TRACE] Crawler - duration: 2.92 seconds, 576.91 seconds remaining.
[2021-01-18T00:05:56.808] [DEBUG] Crawler - https://www.backcountry.com/Store/catalog/search.jsp?q=arcteryx&pagesize=42&nf=1&page=7 (normalized)
[2021-01-18T00:05:56.809] [TRACE] Crawler - fetching(axios)
[2021-01-18T00:05:56.809] [DEBUG] Crawler - { cancelToken: CancelToken { promise: Promise { <pending> } },
  headers:
   { Referer:
      'https://www.backcountry.com/Store/catalog/search.jsp?q=arcteryx&pagesize=42&nf=1&page=6' } }
[2021-01-18T00:05:58.706] [TRACE] Crawler - parsing
[2021-01-18T00:05:59.845] [TRACE] Crawler - parsed: 336 total: 404
[2021-01-18T00:05:59.848] [TRACE] Crawler - duration: 3.04 seconds, 573.87 seconds remaining.
[2021-01-18T00:05:59.849] [DEBUG] Crawler - https://www.backcountry.com/Store/catalog/search.jsp?q=arcteryx&pagesize=42&nf=1&page=8 (normalized)
[2021-01-18T00:05:59.850] [TRACE] Crawler - fetching(axios)
[2021-01-18T00:05:59.851] [DEBUG] Crawler - { cancelToken: CancelToken { promise: Promise { <pending> } },
  headers:
   { Referer:
      'https://www.backcountry.com/Store/catalog/search.jsp?q=arcteryx&pagesize=42&nf=1&page=7' } }
[2021-01-18T00:06:01.920] [TRACE] Crawler - parsing
[2021-01-18T00:06:02.948] [TRACE] Crawler - parsed: 378 total: 404
[2021-01-18T00:06:02.950] [TRACE] Crawler - duration: 3.10 seconds, 570.77 seconds remaining.
[2021-01-18T00:06:02.951] [DEBUG] Crawler - https://www.backcountry.com/Store/catalog/search.jsp?q=arcteryx&pagesize=42&nf=1&page=9 (normalized)
[2021-01-18T00:06:02.952] [TRACE] Crawler - fetching(axios)
[2021-01-18T00:06:02.953] [DEBUG] Crawler - { cancelToken: CancelToken { promise: Promise { <pending> } },
  headers:
   { Referer:
      'https://www.backcountry.com/Store/catalog/search.jsp?q=arcteryx&pagesize=42&nf=1&page=8' } }
[2021-01-18T00:06:04.902] [TRACE] Crawler - parsing
[2021-01-18T00:06:05.725] [TRACE] Crawler - parsed: 404 total: 404
[2021-01-18T00:06:05.726] [TRACE] Crawler - duration: 2.77 seconds, 567.99 seconds remaining.
[2021-01-18T00:06:05.764] [DEBUG] Crawler - consistency check: init
[2021-01-18T00:06:05.765] [TRACE] Crawler - wait 5 seconds
[2021-01-18T00:06:10.778] [DEBUG] Crawler - https://www.backcountry.com/Store/catalog/search.jsp?q=arcteryx&pagesize=42&nf=1 (normalized)
[2021-01-18T00:06:10.779] [TRACE] Crawler - fetching(axios)
[2021-01-18T00:06:10.780] [DEBUG] Crawler - { cancelToken: CancelToken { promise: Promise { <pending> } } }
[2021-01-18T00:06:12.959] [TRACE] Crawler - parsing
[2021-01-18T00:06:13.934] [TRACE] Crawler - parsed: 42 total: 404
[2021-01-18T00:06:13.935] [TRACE] Crawler - duration: 3.16 seconds, 559.78 seconds remaining.
[2021-01-18T00:06:13.936] [DEBUG] Crawler - https://www.backcountry.com/Store/catalog/search.jsp?q=arcteryx&pagesize=42&nf=1&page=1 (normalized)
[2021-01-18T00:06:13.937] [TRACE] Crawler - fetching(axios)
[2021-01-18T00:06:13.938] [DEBUG] Crawler - { cancelToken: CancelToken { promise: Promise { <pending> } },
  headers:
   { Referer:
      'https://www.backcountry.com/Store/catalog/search.jsp?q=arcteryx&pagesize=42&nf=1' } }
[2021-01-18T00:06:15.994] [TRACE] Crawler - parsing
[2021-01-18T00:06:16.946] [TRACE] Crawler - parsed: 84 total: 404
[2021-01-18T00:06:16.948] [TRACE] Crawler - duration: 3.01 seconds, 556.77 seconds remaining.
[2021-01-18T00:06:16.949] [DEBUG] Crawler - https://www.backcountry.com/Store/catalog/search.jsp?q=arcteryx&pagesize=42&nf=1&page=2 (normalized)
[2021-01-18T00:06:16.950] [TRACE] Crawler - fetching(axios)
[2021-01-18T00:06:16.951] [DEBUG] Crawler - { cancelToken: CancelToken { promise: Promise { <pending> } },
  headers:
   { Referer:
      'https://www.backcountry.com/Store/catalog/search.jsp?q=arcteryx&pagesize=42&nf=1&page=1' } }
[2021-01-18T00:06:18.876] [TRACE] Crawler - parsing
[2021-01-18T00:06:20.013] [TRACE] Crawler - parsed: 126 total: 404
[2021-01-18T00:06:20.015] [TRACE] Crawler - duration: 3.06 seconds, 553.70 seconds remaining.
[2021-01-18T00:06:20.016] [DEBUG] Crawler - https://www.backcountry.com/Store/catalog/search.jsp?q=arcteryx&pagesize=42&nf=1&page=3 (normalized)
[2021-01-18T00:06:20.017] [TRACE] Crawler - fetching(axios)
[2021-01-18T00:06:20.018] [DEBUG] Crawler - { cancelToken: CancelToken { promise: Promise { <pending> } },
  headers:
   { Referer:
      'https://www.backcountry.com/Store/catalog/search.jsp?q=arcteryx&pagesize=42&nf=1&page=2' } }
[2021-01-18T00:06:22.178] [TRACE] Crawler - parsing
[2021-01-18T00:06:23.216] [TRACE] Crawler - parsed: 168 total: 404
[2021-01-18T00:06:23.217] [TRACE] Crawler - duration: 3.20 seconds, 550.50 seconds remaining.
[2021-01-18T00:06:23.218] [DEBUG] Crawler - https://www.backcountry.com/Store/catalog/search.jsp?q=arcteryx&pagesize=42&nf=1&page=4 (normalized)
[2021-01-18T00:06:23.219] [TRACE] Crawler - fetching(axios)
[2021-01-18T00:06:23.220] [DEBUG] Crawler - { cancelToken: CancelToken { promise: Promise { <pending> } },
  headers:
   { Referer:
      'https://www.backcountry.com/Store/catalog/search.jsp?q=arcteryx&pagesize=42&nf=1&page=3' } }
[2021-01-18T00:06:25.189] [TRACE] Crawler - parsing
[2021-01-18T00:06:26.171] [TRACE] Crawler - parsed: 210 total: 404
[2021-01-18T00:06:26.172] [TRACE] Crawler - duration: 2.95 seconds, 547.54 seconds remaining.
[2021-01-18T00:06:26.174] [DEBUG] Crawler - https://www.backcountry.com/Store/catalog/search.jsp?q=arcteryx&pagesize=42&nf=1&page=5 (normalized)
[2021-01-18T00:06:26.175] [TRACE] Crawler - fetching(axios)
[2021-01-18T00:06:26.175] [DEBUG] Crawler - { cancelToken: CancelToken { promise: Promise { <pending> } },
  headers:
   { Referer:
      'https://www.backcountry.com/Store/catalog/search.jsp?q=arcteryx&pagesize=42&nf=1&page=4' } }
[2021-01-18T00:06:28.178] [TRACE] Crawler - parsing
[2021-01-18T00:06:29.142] [TRACE] Crawler - parsed: 252 total: 404
[2021-01-18T00:06:29.143] [TRACE] Crawler - duration: 2.97 seconds, 544.57 seconds remaining.
[2021-01-18T00:06:29.145] [DEBUG] Crawler - https://www.backcountry.com/Store/catalog/search.jsp?q=arcteryx&pagesize=42&nf=1&page=6 (normalized)
[2021-01-18T00:06:29.145] [TRACE] Crawler - fetching(axios)
[2021-01-18T00:06:29.146] [DEBUG] Crawler - { cancelToken: CancelToken { promise: Promise { <pending> } },
  headers:
   { Referer:
      'https://www.backcountry.com/Store/catalog/search.jsp?q=arcteryx&pagesize=42&nf=1&page=5' } }
[2021-01-18T00:06:31.134] [TRACE] Crawler - parsing
[2021-01-18T00:06:32.275] [TRACE] Crawler - parsed: 294 total: 404
[2021-01-18T00:06:32.277] [TRACE] Crawler - duration: 3.13 seconds, 541.44 seconds remaining.
[2021-01-18T00:06:32.279] [DEBUG] Crawler - https://www.backcountry.com/Store/catalog/search.jsp?q=arcteryx&pagesize=42&nf=1&page=7 (normalized)
[2021-01-18T00:06:32.280] [TRACE] Crawler - fetching(axios)
[2021-01-18T00:06:32.281] [DEBUG] Crawler - { cancelToken: CancelToken { promise: Promise { <pending> } },
  headers:
   { Referer:
      'https://www.backcountry.com/Store/catalog/search.jsp?q=arcteryx&pagesize=42&nf=1&page=6' } }
[2021-01-18T00:06:34.317] [TRACE] Crawler - parsing
[2021-01-18T00:06:35.334] [TRACE] Crawler - parsed: 336 total: 404
[2021-01-18T00:06:35.336] [TRACE] Crawler - duration: 3.06 seconds, 538.38 seconds remaining.
[2021-01-18T00:06:35.337] [DEBUG] Crawler - https://www.backcountry.com/Store/catalog/search.jsp?q=arcteryx&pagesize=42&nf=1&page=8 (normalized)
[2021-01-18T00:06:35.338] [TRACE] Crawler - fetching(axios)
[2021-01-18T00:06:35.339] [DEBUG] Crawler - { cancelToken: CancelToken { promise: Promise { <pending> } },
  headers:
   { Referer:
      'https://www.backcountry.com/Store/catalog/search.jsp?q=arcteryx&pagesize=42&nf=1&page=7' } }
[2021-01-18T00:06:37.782] [TRACE] Crawler - parsing
[2021-01-18T00:06:38.733] [TRACE] Crawler - parsed: 378 total: 404
[2021-01-18T00:06:38.734] [TRACE] Crawler - duration: 3.40 seconds, 534.98 seconds remaining.
[2021-01-18T00:06:38.736] [DEBUG] Crawler - https://www.backcountry.com/Store/catalog/search.jsp?q=arcteryx&pagesize=42&nf=1&page=9 (normalized)
[2021-01-18T00:06:38.736] [TRACE] Crawler - fetching(axios)
[2021-01-18T00:06:38.737] [DEBUG] Crawler - { cancelToken: CancelToken { promise: Promise { <pending> } },
  headers:
   { Referer:
      'https://www.backcountry.com/Store/catalog/search.jsp?q=arcteryx&pagesize=42&nf=1&page=8' } }
[2021-01-18T00:06:40.586] [TRACE] Crawler - parsing
[2021-01-18T00:06:41.394] [TRACE] Crawler - parsed: 404 total: 404
[2021-01-18T00:06:41.396] [TRACE] Crawler - duration: 2.66 seconds, 532.32 seconds remaining.
[2021-01-18T00:06:41.424] [DEBUG] Crawler - consistency check: (1/1), pass
[2021-01-18T00:06:41.425] [DEBUG] Crawler - consistency check: all pass
[2021-01-18T00:06:41.426] [INFO] Crawler - 404 items in the previous list, and 404 items in the latest list.
[2021-01-18T00:06:41.501] [INFO] Crawler - 0 item(s) removed, 0 item(s) added, and 0 item(s) price were changed.
[2021-01-18T00:06:41.502] [INFO] Crawler - Finish https://www.backcountry.com/Store/catalog/search.jsp?q=arcteryx in 67.707 seconds 

[2021-01-18T00:06:41.510] [INFO] Crawler - Process https://www.rei.com/search?q=marmot&ir=q%3Amarmot by REI crawler, deadline: 00:16
[2021-01-18T00:06:41.511] [DEBUG] Crawler - https://www.rei.com/search?q=marmot&ir=q%3Amarmot&sort=title (normalized)
[2021-01-18T00:06:41.512] [TRACE] Crawler - fetching(axios)
[2021-01-18T00:06:41.513] [DEBUG] Crawler - { cancelToken: CancelToken { promise: Promise { <pending> } } }
[2021-01-18T00:06:44.434] [TRACE] Crawler - parsing
[2021-01-18T00:06:46.103] [TRACE] Crawler - parsed: 30 total: 229
[2021-01-18T00:06:46.107] [TRACE] Crawler - duration: 4.59 seconds, 595.41 seconds remaining.
[2021-01-18T00:06:46.109] [DEBUG] Crawler - https://www.rei.com/search?q=marmot&ir=q%3Amarmot&sort=title&page=2 (normalized)
[2021-01-18T00:06:46.111] [TRACE] Crawler - fetching(axios)
[2021-01-18T00:06:46.112] [DEBUG] Crawler - { cancelToken: CancelToken { promise: Promise { <pending> } },
  headers:
   { Referer:
      'https://www.rei.com/search?q=marmot&ir=q%3Amarmot&sort=title' } }
[2021-01-18T00:06:48.857] [TRACE] Crawler - parsing
[2021-01-18T00:06:50.627] [TRACE] Crawler - parsed: 60 total: 229
[2021-01-18T00:06:50.629] [TRACE] Crawler - duration: 4.52 seconds, 590.88 seconds remaining.
[2021-01-18T00:06:50.631] [DEBUG] Crawler - https://www.rei.com/search?q=marmot&ir=q%3Amarmot&sort=title&page=3 (normalized)
[2021-01-18T00:06:50.632] [TRACE] Crawler - fetching(axios)
[2021-01-18T00:06:50.632] [DEBUG] Crawler - { cancelToken: CancelToken { promise: Promise { <pending> } },
  headers:
   { Referer:
      'https://www.rei.com/search?q=marmot&ir=q%3Amarmot&sort=title&page=2' } }
[2021-01-18T00:06:54.247] [TRACE] Crawler - parsing
[2021-01-18T00:06:55.981] [TRACE] Crawler - parsed: 90 total: 229
[2021-01-18T00:06:55.983] [TRACE] Crawler - duration: 5.35 seconds, 585.53 seconds remaining.
[2021-01-18T00:06:55.984] [DEBUG] Crawler - https://www.rei.com/search?q=marmot&ir=q%3Amarmot&sort=title&page=4 (normalized)
[2021-01-18T00:06:55.985] [TRACE] Crawler - fetching(axios)
[2021-01-18T00:06:55.985] [DEBUG] Crawler - { cancelToken: CancelToken { promise: Promise { <pending> } },
  headers:
   { Referer:
      'https://www.rei.com/search?q=marmot&ir=q%3Amarmot&sort=title&page=3' } }
[2021-01-18T00:06:58.761] [TRACE] Crawler - parsing
[2021-01-18T00:07:00.439] [TRACE] Crawler - parsed: 120 total: 229
[2021-01-18T00:07:00.441] [TRACE] Crawler - duration: 4.46 seconds, 581.07 seconds remaining.
[2021-01-18T00:07:00.442] [DEBUG] Crawler - https://www.rei.com/search?q=marmot&ir=q%3Amarmot&sort=title&page=5 (normalized)
[2021-01-18T00:07:00.443] [TRACE] Crawler - fetching(axios)
[2021-01-18T00:07:00.449] [DEBUG] Crawler - { cancelToken: CancelToken { promise: Promise { <pending> } },
  headers:
   { Referer:
      'https://www.rei.com/search?q=marmot&ir=q%3Amarmot&sort=title&page=4' } }
[2021-01-18T00:07:03.373] [TRACE] Crawler - parsing
[2021-01-18T00:07:04.970] [TRACE] Crawler - parsed: 150 total: 229
[2021-01-18T00:07:04.972] [TRACE] Crawler - duration: 4.53 seconds, 576.54 seconds remaining.
[2021-01-18T00:07:04.973] [DEBUG] Crawler - https://www.rei.com/search?q=marmot&ir=q%3Amarmot&sort=title&page=6 (normalized)
[2021-01-18T00:07:04.974] [TRACE] Crawler - fetching(axios)
[2021-01-18T00:07:04.975] [DEBUG] Crawler - { cancelToken: CancelToken { promise: Promise { <pending> } },
  headers:
   { Referer:
      'https://www.rei.com/search?q=marmot&ir=q%3Amarmot&sort=title&page=5' } }
[2021-01-18T00:07:08.070] [TRACE] Crawler - parsing
[2021-01-18T00:07:09.717] [TRACE] Crawler - parsed: 180 total: 229
[2021-01-18T00:07:09.718] [TRACE] Crawler - duration: 4.75 seconds, 571.79 seconds remaining.
[2021-01-18T00:07:09.720] [DEBUG] Crawler - https://www.rei.com/search?q=marmot&ir=q%3Amarmot&sort=title&page=7 (normalized)
[2021-01-18T00:07:09.720] [TRACE] Crawler - fetching(axios)
[2021-01-18T00:07:09.721] [DEBUG] Crawler - { cancelToken: CancelToken { promise: Promise { <pending> } },
  headers:
   { Referer:
      'https://www.rei.com/search?q=marmot&ir=q%3Amarmot&sort=title&page=6' } }
[2021-01-18T00:07:12.249] [TRACE] Crawler - parsing
[2021-01-18T00:07:13.812] [TRACE] Crawler - parsed: 210 total: 229
[2021-01-18T00:07:13.814] [TRACE] Crawler - duration: 4.09 seconds, 567.70 seconds remaining.
[2021-01-18T00:07:13.815] [DEBUG] Crawler - https://www.rei.com/search?q=marmot&ir=q%3Amarmot&sort=title&page=8 (normalized)
[2021-01-18T00:07:13.815] [TRACE] Crawler - fetching(axios)
[2021-01-18T00:07:13.815] [DEBUG] Crawler - { cancelToken: CancelToken { promise: Promise { <pending> } },
  headers:
   { Referer:
      'https://www.rei.com/search?q=marmot&ir=q%3Amarmot&sort=title&page=7' } }
[2021-01-18T00:07:16.405] [TRACE] Crawler - parsing
[2021-01-18T00:07:17.934] [TRACE] Crawler - parsed: 229 total: 229
[2021-01-18T00:07:17.936] [TRACE] Crawler - duration: 4.12 seconds, 563.58 seconds remaining.
[2021-01-18T00:07:17.955] [DEBUG] Crawler - consistency check: init
[2021-01-18T00:07:17.955] [TRACE] Crawler - wait 5 seconds
[2021-01-18T00:07:22.964] [DEBUG] Crawler - https://www.rei.com/search?q=marmot&ir=q%3Amarmot&sort=title (normalized)
[2021-01-18T00:07:22.965] [TRACE] Crawler - fetching(axios)
[2021-01-18T00:07:22.966] [DEBUG] Crawler - { cancelToken: CancelToken { promise: Promise { <pending> } } }
[2021-01-18T00:07:24.765] [TRACE] Crawler - parsing
[2021-01-18T00:07:26.426] [TRACE] Crawler - parsed: 30 total: 229
[2021-01-18T00:07:26.427] [TRACE] Crawler - duration: 3.46 seconds, 555.08 seconds remaining.
[2021-01-18T00:07:26.428] [DEBUG] Crawler - https://www.rei.com/search?q=marmot&ir=q%3Amarmot&sort=title&page=2 (normalized)
[2021-01-18T00:07:26.429] [TRACE] Crawler - fetching(axios)
[2021-01-18T00:07:26.429] [DEBUG] Crawler - { cancelToken: CancelToken { promise: Promise { <pending> } },
  headers:
   { Referer:
      'https://www.rei.com/search?q=marmot&ir=q%3Amarmot&sort=title' } }
[2021-01-18T00:07:28.329] [TRACE] Crawler - parsing
[2021-01-18T00:07:31.527] [TRACE] Crawler - parsed: 60 total: 229
[2021-01-18T00:07:31.528] [TRACE] Crawler - duration: 5.10 seconds, 549.98 seconds remaining.
[2021-01-18T00:07:31.529] [DEBUG] Crawler - https://www.rei.com/search?q=marmot&ir=q%3Amarmot&sort=title&page=3 (normalized)
[2021-01-18T00:07:31.530] [TRACE] Crawler - fetching(axios)
[2021-01-18T00:07:31.531] [DEBUG] Crawler - { cancelToken: CancelToken { promise: Promise { <pending> } },
  headers:
   { Referer:
      'https://www.rei.com/search?q=marmot&ir=q%3Amarmot&sort=title&page=2' } }
[2021-01-18T00:07:33.429] [TRACE] Crawler - parsing
[2021-01-18T00:07:35.222] [TRACE] Crawler - parsed: 90 total: 229
[2021-01-18T00:07:35.224] [TRACE] Crawler - duration: 3.69 seconds, 546.29 seconds remaining.
[2021-01-18T00:07:35.225] [DEBUG] Crawler - https://www.rei.com/search?q=marmot&ir=q%3Amarmot&sort=title&page=4 (normalized)
[2021-01-18T00:07:35.226] [TRACE] Crawler - fetching(axios)
[2021-01-18T00:07:35.227] [DEBUG] Crawler - { cancelToken: CancelToken { promise: Promise { <pending> } },
  headers:
   { Referer:
      'https://www.rei.com/search?q=marmot&ir=q%3Amarmot&sort=title&page=3' } }
[2021-01-18T00:07:36.933] [TRACE] Crawler - parsing
[2021-01-18T00:07:40.116] [TRACE] Crawler - parsed: 120 total: 229
[2021-01-18T00:07:40.117] [TRACE] Crawler - duration: 4.89 seconds, 541.39 seconds remaining.
[2021-01-18T00:07:40.119] [DEBUG] Crawler - https://www.rei.com/search?q=marmot&ir=q%3Amarmot&sort=title&page=5 (normalized)
[2021-01-18T00:07:40.119] [TRACE] Crawler - fetching(axios)
[2021-01-18T00:07:40.120] [DEBUG] Crawler - { cancelToken: CancelToken { promise: Promise { <pending> } },
  headers:
   { Referer:
      'https://www.rei.com/search?q=marmot&ir=q%3Amarmot&sort=title&page=4' } }
[2021-01-18T00:07:42.023] [TRACE] Crawler - parsing
[2021-01-18T00:07:45.396] [TRACE] Crawler - parsed: 150 total: 229
[2021-01-18T00:07:45.398] [TRACE] Crawler - duration: 5.28 seconds, 536.11 seconds remaining.
[2021-01-18T00:07:45.399] [DEBUG] Crawler - https://www.rei.com/search?q=marmot&ir=q%3Amarmot&sort=title&page=6 (normalized)
[2021-01-18T00:07:45.400] [TRACE] Crawler - fetching(axios)
[2021-01-18T00:07:45.400] [DEBUG] Crawler - { cancelToken: CancelToken { promise: Promise { <pending> } },
  headers:
   { Referer:
      'https://www.rei.com/search?q=marmot&ir=q%3Amarmot&sort=title&page=5' } }
[2021-01-18T00:07:47.389] [TRACE] Crawler - parsing
[2021-01-18T00:07:49.176] [TRACE] Crawler - parsed: 180 total: 229
[2021-01-18T00:07:49.178] [TRACE] Crawler - duration: 3.78 seconds, 532.33 seconds remaining.
[2021-01-18T00:07:49.180] [DEBUG] Crawler - https://www.rei.com/search?q=marmot&ir=q%3Amarmot&sort=title&page=7 (normalized)
[2021-01-18T00:07:49.180] [TRACE] Crawler - fetching(axios)
[2021-01-18T00:07:49.181] [DEBUG] Crawler - { cancelToken: CancelToken { promise: Promise { <pending> } },
  headers:
   { Referer:
      'https://www.rei.com/search?q=marmot&ir=q%3Amarmot&sort=title&page=6' } }
[2021-01-18T00:07:51.005] [TRACE] Crawler - parsing
[2021-01-18T00:07:52.645] [TRACE] Crawler - parsed: 210 total: 229
[2021-01-18T00:07:52.646] [TRACE] Crawler - duration: 3.47 seconds, 528.86 seconds remaining.
[2021-01-18T00:07:52.648] [DEBUG] Crawler - https://www.rei.com/search?q=marmot&ir=q%3Amarmot&sort=title&page=8 (normalized)
[2021-01-18T00:07:52.648] [TRACE] Crawler - fetching(axios)
[2021-01-18T00:07:52.649] [DEBUG] Crawler - { cancelToken: CancelToken { promise: Promise { <pending> } },
  headers:
   { Referer:
      'https://www.rei.com/search?q=marmot&ir=q%3Amarmot&sort=title&page=7' } }
[2021-01-18T00:07:54.444] [TRACE] Crawler - parsing
[2021-01-18T00:07:57.056] [TRACE] Crawler - parsed: 229 total: 229
[2021-01-18T00:07:57.058] [TRACE] Crawler - duration: 4.41 seconds, 524.45 seconds remaining.
[2021-01-18T00:07:57.074] [DEBUG] Crawler - consistency check: (1/1), pass
[2021-01-18T00:07:57.075] [DEBUG] Crawler - consistency check: all pass
[2021-01-18T00:07:57.075] [INFO] Crawler - 233 items in the previous list, and 229 items in the latest list.
[2021-01-18T00:07:57.100] [INFO] Crawler - 4 item(s) removed, 0 item(s) added, and 0 item(s) price were changed.
[2021-01-18T00:07:57.102] [INFO] Crawler - Finish https://www.rei.com/search?q=marmot&ir=q%3Amarmot in 75.564 seconds 

[2021-01-18T00:07:57.107] [INFO] Crawler - Process https://www.rei.com/search?q=arc%27teryx&ir=q%3Aarc%27teryx&r=deals%3ASee+All+Deals by REI crawler, deadline: 00:17
[2021-01-18T00:07:57.108] [DEBUG] Crawler - https://www.rei.com/search?q=arc%27teryx&ir=q%3Aarc%27teryx&r=deals%3ASee+All+Deals&sort=title (normalized)
[2021-01-18T00:07:57.109] [TRACE] Crawler - fetching(axios)
[2021-01-18T00:07:57.109] [DEBUG] Crawler - { cancelToken: CancelToken { promise: Promise { <pending> } } }
[2021-01-18T00:07:59.999] [TRACE] Crawler - parsing
[2021-01-18T00:08:01.729] [TRACE] Crawler - parsed: 30 total: 234
[2021-01-18T00:08:01.731] [TRACE] Crawler - duration: 4.62 seconds, 595.38 seconds remaining.
[2021-01-18T00:08:01.732] [DEBUG] Crawler - https://www.rei.com/search?q=arc%27teryx&ir=q%3Aarc%27teryx&r=deals%3ASee+All+Deals&sort=title&page=2 (normalized)
[2021-01-18T00:08:01.733] [TRACE] Crawler - fetching(axios)
[2021-01-18T00:08:01.735] [DEBUG] Crawler - { cancelToken: CancelToken { promise: Promise { <pending> } },
  headers:
   { Referer:
      'https://www.rei.com/search?q=arc%27teryx&ir=q%3Aarc%27teryx&r=deals%3ASee+All+Deals&sort=title' } }
[2021-01-18T00:08:04.256] [TRACE] Crawler - parsing
[2021-01-18T00:08:05.890] [TRACE] Crawler - parsed: 60 total: 234
[2021-01-18T00:08:05.892] [TRACE] Crawler - duration: 4.16 seconds, 591.22 seconds remaining.
[2021-01-18T00:08:05.893] [DEBUG] Crawler - https://www.rei.com/search?q=arc%27teryx&ir=q%3Aarc%27teryx&r=deals%3ASee+All+Deals&sort=title&page=3 (normalized)
[2021-01-18T00:08:05.894] [TRACE] Crawler - fetching(axios)
[2021-01-18T00:08:05.895] [DEBUG] Crawler - { cancelToken: CancelToken { promise: Promise { <pending> } },
  headers:
   { Referer:
      'https://www.rei.com/search?q=arc%27teryx&ir=q%3Aarc%27teryx&r=deals%3ASee+All+Deals&sort=title&page=2' } }
[2021-01-18T00:08:08.768] [TRACE] Crawler - parsing
[2021-01-18T00:08:10.379] [TRACE] Crawler - parsed: 90 total: 234
[2021-01-18T00:08:10.380] [TRACE] Crawler - duration: 4.49 seconds, 586.73 seconds remaining.
[2021-01-18T00:08:10.382] [DEBUG] Crawler - https://www.rei.com/search?q=arc%27teryx&ir=q%3Aarc%27teryx&r=deals%3ASee+All+Deals&sort=title&page=4 (normalized)
[2021-01-18T00:08:10.382] [TRACE] Crawler - fetching(axios)
[2021-01-18T00:08:10.383] [DEBUG] Crawler - { cancelToken: CancelToken { promise: Promise { <pending> } },
  headers:
   { Referer:
      'https://www.rei.com/search?q=arc%27teryx&ir=q%3Aarc%27teryx&r=deals%3ASee+All+Deals&sort=title&page=3' } }
[2021-01-18T00:08:13.128] [TRACE] Crawler - parsing
[2021-01-18T00:08:14.647] [TRACE] Crawler - parsed: 120 total: 234
[2021-01-18T00:08:14.649] [TRACE] Crawler - duration: 4.27 seconds, 582.46 seconds remaining.
[2021-01-18T00:08:14.650] [DEBUG] Crawler - https://www.rei.com/search?q=arc%27teryx&ir=q%3Aarc%27teryx&r=deals%3ASee+All+Deals&sort=title&page=5 (normalized)
[2021-01-18T00:08:14.651] [TRACE] Crawler - fetching(axios)
[2021-01-18T00:08:14.653] [DEBUG] Crawler - { cancelToken: CancelToken { promise: Promise { <pending> } },
  headers:
   { Referer:
      'https://www.rei.com/search?q=arc%27teryx&ir=q%3Aarc%27teryx&r=deals%3ASee+All+Deals&sort=title&page=4' } }
[2021-01-18T00:08:17.079] [TRACE] Crawler - parsing
[2021-01-18T00:08:18.574] [TRACE] Crawler - parsed: 150 total: 234
[2021-01-18T00:08:18.576] [TRACE] Crawler - duration: 3.93 seconds, 578.53 seconds remaining.
[2021-01-18T00:08:18.577] [DEBUG] Crawler - https://www.rei.com/search?q=arc%27teryx&ir=q%3Aarc%27teryx&r=deals%3ASee+All+Deals&sort=title&page=6 (normalized)
[2021-01-18T00:08:18.578] [TRACE] Crawler - fetching(axios)
[2021-01-18T00:08:18.578] [DEBUG] Crawler - { cancelToken: CancelToken { promise: Promise { <pending> } },
  headers:
   { Referer:
      'https://www.rei.com/search?q=arc%27teryx&ir=q%3Aarc%27teryx&r=deals%3ASee+All+Deals&sort=title&page=5' } }
[2021-01-18T00:08:20.497] [TRACE] Crawler - parsing
[2021-01-18T00:08:22.313] [TRACE] Crawler - parsed: 180 total: 234
[2021-01-18T00:08:22.315] [TRACE] Crawler - duration: 3.74 seconds, 574.79 seconds remaining.
[2021-01-18T00:08:22.316] [DEBUG] Crawler - https://www.rei.com/search?q=arc%27teryx&ir=q%3Aarc%27teryx&r=deals%3ASee+All+Deals&sort=title&page=7 (normalized)
[2021-01-18T00:08:22.317] [TRACE] Crawler - fetching(axios)
[2021-01-18T00:08:22.317] [DEBUG] Crawler - { cancelToken: CancelToken { promise: Promise { <pending> } },
  headers:
   { Referer:
      'https://www.rei.com/search?q=arc%27teryx&ir=q%3Aarc%27teryx&r=deals%3ASee+All+Deals&sort=title&page=6' } }
[2021-01-18T00:08:24.308] [TRACE] Crawler - parsing
[2021-01-18T00:08:25.996] [TRACE] Crawler - parsed: 210 total: 234
[2021-01-18T00:08:25.998] [TRACE] Crawler - duration: 3.68 seconds, 571.11 seconds remaining.
[2021-01-18T00:08:25.999] [DEBUG] Crawler - https://www.rei.com/search?q=arc%27teryx&ir=q%3Aarc%27teryx&r=deals%3ASee+All+Deals&sort=title&page=8 (normalized)
[2021-01-18T00:08:26.000] [TRACE] Crawler - fetching(axios)
[2021-01-18T00:08:26.000] [DEBUG] Crawler - { cancelToken: CancelToken { promise: Promise { <pending> } },
  headers:
   { Referer:
      'https://www.rei.com/search?q=arc%27teryx&ir=q%3Aarc%27teryx&r=deals%3ASee+All+Deals&sort=title&page=7' } }
[2021-01-18T00:08:27.800] [TRACE] Crawler - parsing
[2021-01-18T00:08:29.372] [TRACE] Crawler - parsed: 234 total: 234
[2021-01-18T00:08:29.373] [TRACE] Crawler - duration: 3.37 seconds, 567.74 seconds remaining.
[2021-01-18T00:08:29.389] [DEBUG] Crawler - consistency check: init
[2021-01-18T00:08:29.390] [TRACE] Crawler - wait 5 seconds
[2021-01-18T00:08:34.400] [DEBUG] Crawler - https://www.rei.com/search?q=arc%27teryx&ir=q%3Aarc%27teryx&r=deals%3ASee+All+Deals&sort=title (normalized)
[2021-01-18T00:08:34.401] [TRACE] Crawler - fetching(axios)
[2021-01-18T00:08:34.401] [DEBUG] Crawler - { cancelToken: CancelToken { promise: Promise { <pending> } } }
[2021-01-18T00:08:36.231] [TRACE] Crawler - parsing
[2021-01-18T00:08:39.479] [TRACE] Crawler - parsed: 30 total: 234
[2021-01-18T00:08:39.481] [TRACE] Crawler - duration: 5.08 seconds, 557.63 seconds remaining.
[2021-01-18T00:08:39.482] [DEBUG] Crawler - https://www.rei.com/search?q=arc%27teryx&ir=q%3Aarc%27teryx&r=deals%3ASee+All+Deals&sort=title&page=2 (normalized)
[2021-01-18T00:08:39.483] [TRACE] Crawler - fetching(axios)
[2021-01-18T00:08:39.491] [DEBUG] Crawler - { cancelToken: CancelToken { promise: Promise { <pending> } },
  headers:
   { Referer:
      'https://www.rei.com/search?q=arc%27teryx&ir=q%3Aarc%27teryx&r=deals%3ASee+All+Deals&sort=title' } }
[2021-01-18T00:08:41.672] [TRACE] Crawler - parsing
[2021-01-18T00:08:44.490] [TRACE] Crawler - parsed: 60 total: 234
[2021-01-18T00:08:44.492] [TRACE] Crawler - duration: 5.01 seconds, 552.62 seconds remaining.
[2021-01-18T00:08:44.493] [DEBUG] Crawler - https://www.rei.com/search?q=arc%27teryx&ir=q%3Aarc%27teryx&r=deals%3ASee+All+Deals&sort=title&page=3 (normalized)
[2021-01-18T00:08:44.494] [TRACE] Crawler - fetching(axios)
[2021-01-18T00:08:44.494] [DEBUG] Crawler - { cancelToken: CancelToken { promise: Promise { <pending> } },
  headers:
   { Referer:
      'https://www.rei.com/search?q=arc%27teryx&ir=q%3Aarc%27teryx&r=deals%3ASee+All+Deals&sort=title&page=2' } }
[2021-01-18T00:08:46.243] [TRACE] Crawler - parsing
[2021-01-18T00:08:49.277] [TRACE] Crawler - parsed: 90 total: 234
[2021-01-18T00:08:49.278] [TRACE] Crawler - duration: 4.79 seconds, 547.83 seconds remaining.
[2021-01-18T00:08:49.280] [DEBUG] Crawler - https://www.rei.com/search?q=arc%27teryx&ir=q%3Aarc%27teryx&r=deals%3ASee+All+Deals&sort=title&page=4 (normalized)
[2021-01-18T00:08:49.280] [TRACE] Crawler - fetching(axios)
[2021-01-18T00:08:49.280] [DEBUG] Crawler - { cancelToken: CancelToken { promise: Promise { <pending> } },
  headers:
   { Referer:
      'https://www.rei.com/search?q=arc%27teryx&ir=q%3Aarc%27teryx&r=deals%3ASee+All+Deals&sort=title&page=3' } }
[2021-01-18T00:08:50.968] [TRACE] Crawler - parsing
[2021-01-18T00:08:53.432] [TRACE] Crawler - parsed: 120 total: 234
[2021-01-18T00:08:53.433] [TRACE] Crawler - duration: 4.15 seconds, 543.67 seconds remaining.
[2021-01-18T00:08:53.434] [DEBUG] Crawler - https://www.rei.com/search?q=arc%27teryx&ir=q%3Aarc%27teryx&r=deals%3ASee+All+Deals&sort=title&page=5 (normalized)
[2021-01-18T00:08:53.435] [TRACE] Crawler - fetching(axios)
[2021-01-18T00:08:53.436] [DEBUG] Crawler - { cancelToken: CancelToken { promise: Promise { <pending> } },
  headers:
   { Referer:
      'https://www.rei.com/search?q=arc%27teryx&ir=q%3Aarc%27teryx&r=deals%3ASee+All+Deals&sort=title&page=4' } }
[2021-01-18T00:08:55.972] [TRACE] Crawler - parsing
[2021-01-18T00:08:58.535] [TRACE] Crawler - parsed: 150 total: 234
[2021-01-18T00:08:58.536] [TRACE] Crawler - duration: 5.10 seconds, 538.57 seconds remaining.
[2021-01-18T00:08:58.537] [DEBUG] Crawler - https://www.rei.com/search?q=arc%27teryx&ir=q%3Aarc%27teryx&r=deals%3ASee+All+Deals&sort=title&page=6 (normalized)
[2021-01-18T00:08:58.538] [TRACE] Crawler - fetching(axios)
[2021-01-18T00:08:58.539] [DEBUG] Crawler - { cancelToken: CancelToken { promise: Promise { <pending> } },
  headers:
   { Referer:
      'https://www.rei.com/search?q=arc%27teryx&ir=q%3Aarc%27teryx&r=deals%3ASee+All+Deals&sort=title&page=5' } }
[2021-01-18T00:09:00.471] [TRACE] Crawler - parsing
[2021-01-18T00:09:03.321] [TRACE] Crawler - parsed: 180 total: 234
[2021-01-18T00:09:03.324] [TRACE] Crawler - duration: 4.79 seconds, 533.78 seconds remaining.
[2021-01-18T00:09:03.325] [DEBUG] Crawler - https://www.rei.com/search?q=arc%27teryx&ir=q%3Aarc%27teryx&r=deals%3ASee+All+Deals&sort=title&page=7 (normalized)
[2021-01-18T00:09:03.326] [TRACE] Crawler - fetching(axios)
[2021-01-18T00:09:03.326] [DEBUG] Crawler - { cancelToken: CancelToken { promise: Promise { <pending> } },
  headers:
   { Referer:
      'https://www.rei.com/search?q=arc%27teryx&ir=q%3Aarc%27teryx&r=deals%3ASee+All+Deals&sort=title&page=6' } }
[2021-01-18T00:09:05.014] [TRACE] Crawler - parsing
[2021-01-18T00:09:08.194] [TRACE] Crawler - parsed: 210 total: 234
[2021-01-18T00:09:08.196] [TRACE] Crawler - duration: 4.87 seconds, 528.91 seconds remaining.
[2021-01-18T00:09:08.197] [DEBUG] Crawler - https://www.rei.com/search?q=arc%27teryx&ir=q%3Aarc%27teryx&r=deals%3ASee+All+Deals&sort=title&page=8 (normalized)
[2021-01-18T00:09:08.197] [TRACE] Crawler - fetching(axios)
[2021-01-18T00:09:08.198] [DEBUG] Crawler - { cancelToken: CancelToken { promise: Promise { <pending> } },
  headers:
   { Referer:
      'https://www.rei.com/search?q=arc%27teryx&ir=q%3Aarc%27teryx&r=deals%3ASee+All+Deals&sort=title&page=7' } }
[2021-01-18T00:09:10.262] [TRACE] Crawler - parsing
[2021-01-18T00:09:12.600] [TRACE] Crawler - parsed: 234 total: 234
[2021-01-18T00:09:12.602] [TRACE] Crawler - duration: 4.41 seconds, 524.51 seconds remaining.
[2021-01-18T00:09:12.618] [DEBUG] Crawler - consistency check: (1/1), pass
[2021-01-18T00:09:12.619] [DEBUG] Crawler - consistency check: all pass
[2021-01-18T00:09:12.620] [INFO] Crawler - 235 items in the previous list, and 234 items in the latest list.
[2021-01-18T00:09:12.644] [INFO] Crawler - 1 item(s) removed, 0 item(s) added, and 0 item(s) price were changed.
[2021-01-18T00:09:12.645] [INFO] Crawler - Finish https://www.rei.com/search?q=arc%27teryx&ir=q%3Aarc%27teryx&r=deals%3ASee+All+Deals in 75.513 seconds 

[2021-01-18T00:09:12.648] [INFO] Crawler - Process https://www.rei.com/used/b/arcteryx?condition=Excellent%20condition by REI Used crawler, deadline: 00:19
[2021-01-18T00:09:12.649] [DEBUG] Crawler - https://www.rei.com/used/b/arcteryx?condition=Excellent+condition&sort=brand_a_z (normalized)
[2021-01-18T00:09:12.650] [TRACE] Crawler - fetching(puppeteer)
[2021-01-18T00:09:13.167] [DEBUG] Crawler - {}
[2021-01-18T00:09:21.008] [TRACE] REI used - start scroll
[2021-01-18T00:09:30.111] [TRACE] Crawler - parsing
[2021-01-18T00:09:30.976] [TRACE] Crawler - parsed: 151 total: 151
[2021-01-18T00:09:30.977] [TRACE] Crawler - duration: 18.33 seconds, 581.67 seconds remaining.
[2021-01-18T00:09:30.984] [DEBUG] Crawler - consistency check: init
[2021-01-18T00:09:30.984] [TRACE] Crawler - wait 5 seconds
[2021-01-18T00:09:35.999] [DEBUG] Crawler - https://www.rei.com/used/b/arcteryx?condition=Excellent+condition&sort=brand_a_z (normalized)
[2021-01-18T00:09:36.000] [TRACE] Crawler - fetching(puppeteer)
[2021-01-18T00:09:36.338] [DEBUG] Crawler - {}
[2021-01-18T00:09:41.176] [TRACE] REI used - start scroll
[2021-01-18T00:09:49.985] [TRACE] Crawler - parsing
[2021-01-18T00:09:50.835] [TRACE] Crawler - parsed: 151 total: 151
[2021-01-18T00:09:50.836] [TRACE] Crawler - duration: 14.84 seconds, 561.81 seconds remaining.
[2021-01-18T00:09:50.843] [DEBUG] Crawler - consistency check: (1/1), pass
[2021-01-18T00:09:50.844] [DEBUG] Crawler - consistency check: all pass
[2021-01-18T00:09:50.845] [INFO] Crawler - 151 items in the previous list, and 151 items in the latest list.
[2021-01-18T00:09:50.857] [INFO] Crawler - 0 item(s) removed, 0 item(s) added, and 0 item(s) price were changed.
[2021-01-18T00:09:50.858] [INFO] Crawler - Finish https://www.rei.com/used/b/arcteryx?condition=Excellent%20condition in 38.197 seconds 

[2021-01-18T00:09:50.876] [INFO] Crawler - Process https://www.moosejaw.com/search/arcteryx/sale?orderBy=10 by Moosejaw crawler, deadline: 00:19
[2021-01-18T00:09:50.877] [DEBUG] Crawler - https://www.moosejaw.com/search/arcteryx/sale?orderBy=2 (normalized)
[2021-01-18T00:09:50.878] [TRACE] Crawler - fetching(puppeteer)
[2021-01-18T00:09:51.374] [DEBUG] Crawler - {}
[2021-01-18T00:10:00.972] [TRACE] Crawler - parsing
[2021-01-18T00:10:03.313] [TRACE] Crawler - parsed: 48 total: 90
[2021-01-18T00:10:03.316] [TRACE] Crawler - duration: 12.44 seconds, 587.56 seconds remaining.
[2021-01-18T00:10:03.317] [DEBUG] Crawler - https://www.moosejaw.com/search/arcteryx/sale?orderBy=2&beginIndex=48 (normalized)
[2021-01-18T00:10:03.318] [TRACE] Crawler - fetching(puppeteer)
[2021-01-18T00:10:03.651] [DEBUG] Crawler - { referer: 'https://www.moosejaw.com/search/arcteryx/sale?orderBy=2' }
[2021-01-18T00:10:17.101] [TRACE] Crawler - parsing
[2021-01-18T00:10:19.139] [TRACE] Crawler - parsed: 90 total: 90
[2021-01-18T00:10:19.141] [TRACE] Crawler - duration: 15.82 seconds, 571.74 seconds remaining.
[2021-01-18T00:10:19.147] [DEBUG] Crawler - consistency check: init
[2021-01-18T00:10:19.148] [TRACE] Crawler - wait 5 seconds
[2021-01-18T00:10:24.162] [DEBUG] Crawler - https://www.moosejaw.com/search/arcteryx/sale?orderBy=2 (normalized)
[2021-01-18T00:10:24.163] [TRACE] Crawler - fetching(puppeteer)
[2021-01-18T00:10:24.497] [DEBUG] Crawler - {}
[2021-01-18T00:10:36.588] [TRACE] Crawler - parsing
[2021-01-18T00:10:38.633] [TRACE] Crawler - parsed: 48 total: 90
[2021-01-18T00:10:38.635] [TRACE] Crawler - duration: 14.47 seconds, 552.24 seconds remaining.
[2021-01-18T00:10:38.636] [DEBUG] Crawler - https://www.moosejaw.com/search/arcteryx/sale?orderBy=2&beginIndex=48 (normalized)
[2021-01-18T00:10:38.637] [TRACE] Crawler - fetching(puppeteer)
[2021-01-18T00:10:39.149] [DEBUG] Crawler - { referer: 'https://www.moosejaw.com/search/arcteryx/sale?orderBy=2' }
[2021-01-18T00:10:55.489] [TRACE] Crawler - parsing
[2021-01-18T00:10:57.764] [TRACE] Crawler - parsed: 90 total: 90
[2021-01-18T00:10:57.767] [TRACE] Crawler - duration: 19.13 seconds, 533.11 seconds remaining.
[2021-01-18T00:10:57.773] [DEBUG] Crawler - consistency check: (1/1), pass
[2021-01-18T00:10:57.774] [DEBUG] Crawler - consistency check: all pass
[2021-01-18T00:10:57.774] [INFO] Crawler - 90 items in the previous list, and 90 items in the latest list.
[2021-01-18T00:10:57.782] [INFO] Crawler - 0 item(s) removed, 0 item(s) added, and 0 item(s) price were changed.
[2021-01-18T00:10:57.784] [INFO] Crawler - Finish https://www.moosejaw.com/search/arcteryx/sale?orderBy=10 in 66.897 seconds 

[2021-01-18T00:10:57.785] [INFO] Crawler - Process https://www.moosejaw.com/search/mystery-ranch/sale?orderBy=10 by Moosejaw crawler, deadline: 00:20
[2021-01-18T00:10:57.787] [DEBUG] Crawler - https://www.moosejaw.com/search/mystery-ranch/sale?orderBy=2 (normalized)
[2021-01-18T00:10:57.788] [TRACE] Crawler - fetching(puppeteer)
[2021-01-18T00:10:58.121] [DEBUG] Crawler - {}
[2021-01-18T00:11:11.362] [TRACE] Crawler - parsing
[2021-01-18T00:11:13.188] [TRACE] Crawler - parsed: 33 total: 33
[2021-01-18T00:11:13.190] [TRACE] Crawler - duration: 15.40 seconds, 584.60 seconds remaining.
[2021-01-18T00:11:13.192] [DEBUG] Crawler - consistency check: init
[2021-01-18T00:11:13.193] [TRACE] Crawler - wait 5 seconds
[2021-01-18T00:11:18.210] [DEBUG] Crawler - https://www.moosejaw.com/search/mystery-ranch/sale?orderBy=2 (normalized)
[2021-01-18T00:11:18.211] [TRACE] Crawler - fetching(puppeteer)
[2021-01-18T00:11:18.557] [DEBUG] Crawler - {}
[2021-01-18T00:11:32.950] [TRACE] Crawler - parsing
[2021-01-18T00:11:34.760] [TRACE] Crawler - parsed: 33 total: 33
[2021-01-18T00:11:34.762] [TRACE] Crawler - duration: 16.55 seconds, 563.02 seconds remaining.
[2021-01-18T00:11:34.764] [DEBUG] Crawler - consistency check: (1/1), pass
[2021-01-18T00:11:34.764] [DEBUG] Crawler - consistency check: all pass
[2021-01-18T00:11:34.765] [INFO] Crawler - 33 items in the previous list, and 33 items in the latest list.
[2021-01-18T00:11:34.767] [INFO] Crawler - 0 item(s) removed, 0 item(s) added, and 0 item(s) price were changed.
[2021-01-18T00:11:34.768] [INFO] Crawler - Finish https://www.moosejaw.com/search/mystery-ranch/sale?orderBy=10 in 36.979 seconds 

[2021-01-18T00:11:34.771] [INFO] Crawler - Process https://www.mountainsteals.com/search/fjallraven by Mountain Steals crawler, deadline: 00:21
[2021-01-18T00:11:34.772] [DEBUG] Crawler - https://www.mountainsteals.com/search/fjallraven?pageSize=48&orderBy=2&viewAllPages=false (normalized)
[2021-01-18T00:11:34.773] [TRACE] Crawler - fetching(axios)
[2021-01-18T00:11:34.773] [DEBUG] Crawler - { cancelToken: CancelToken { promise: Promise { <pending> } } }
[2021-01-18T00:11:46.570] [TRACE] Crawler - parsing
[2021-01-18T00:11:48.303] [TRACE] Crawler - parsed: 48 total: 131
[2021-01-18T00:11:48.306] [TRACE] Crawler - duration: 13.53 seconds, 586.47 seconds remaining.
[2021-01-18T00:11:48.307] [DEBUG] Crawler - https://www.mountainsteals.com/search/fjallraven?pageSize=48&orderBy=2&viewAllPages=false&beginIndex=48 (normalized)
[2021-01-18T00:11:48.308] [TRACE] Crawler - fetching(axios)
[2021-01-18T00:11:48.309] [DEBUG] Crawler - { cancelToken: CancelToken { promise: Promise { <pending> } },
  headers:
   { Referer:
      'https://www.mountainsteals.com/search/fjallraven?pageSize=48&orderBy=2&viewAllPages=false' } }
[2021-01-18T00:11:54.914] [TRACE] Crawler - parsing
[2021-01-18T00:11:56.441] [TRACE] Crawler - parsed: 96 total: 131
[2021-01-18T00:11:56.442] [TRACE] Crawler - duration: 8.13 seconds, 578.33 seconds remaining.
[2021-01-18T00:11:56.443] [DEBUG] Crawler - https://www.mountainsteals.com/search/fjallraven?pageSize=48&orderBy=2&viewAllPages=false&beginIndex=96 (normalized)
[2021-01-18T00:11:56.444] [TRACE] Crawler - fetching(axios)
[2021-01-18T00:11:56.445] [DEBUG] Crawler - { cancelToken: CancelToken { promise: Promise { <pending> } },
  headers:
   { Referer:
      'https://www.mountainsteals.com/search/fjallraven?pageSize=48&orderBy=2&viewAllPages=false&beginIndex=48' } }
[2021-01-18T00:12:01.573] [TRACE] Crawler - parsing
[2021-01-18T00:12:02.898] [TRACE] Crawler - parsed: 131 total: 131
[2021-01-18T00:12:02.899] [TRACE] Crawler - duration: 6.46 seconds, 571.87 seconds remaining.
[2021-01-18T00:12:02.910] [DEBUG] Crawler - consistency check: init
[2021-01-18T00:12:02.910] [TRACE] Crawler - wait 5 seconds
[2021-01-18T00:12:07.921] [DEBUG] Crawler - https://www.mountainsteals.com/search/fjallraven?pageSize=48&orderBy=2&viewAllPages=false (normalized)
[2021-01-18T00:12:07.923] [TRACE] Crawler - fetching(axios)
[2021-01-18T00:12:07.924] [DEBUG] Crawler - { cancelToken: CancelToken { promise: Promise { <pending> } } }
[2021-01-18T00:12:18.166] [TRACE] Crawler - parsing
[2021-01-18T00:12:19.886] [TRACE] Crawler - parsed: 48 total: 131
[2021-01-18T00:12:19.888] [TRACE] Crawler - duration: 11.97 seconds, 554.88 seconds remaining.
[2021-01-18T00:12:19.890] [DEBUG] Crawler - https://www.mountainsteals.com/search/fjallraven?pageSize=48&orderBy=2&viewAllPages=false&beginIndex=48 (normalized)
[2021-01-18T00:12:19.890] [TRACE] Crawler - fetching(axios)
[2021-01-18T00:12:19.891] [DEBUG] Crawler - { cancelToken: CancelToken { promise: Promise { <pending> } },
  headers:
   { Referer:
      'https://www.mountainsteals.com/search/fjallraven?pageSize=48&orderBy=2&viewAllPages=false' } }
[2021-01-18T00:12:25.725] [TRACE] Crawler - parsing
[2021-01-18T00:12:27.319] [TRACE] Crawler - parsed: 96 total: 131
[2021-01-18T00:12:27.321] [TRACE] Crawler - duration: 7.43 seconds, 547.45 seconds remaining.
[2021-01-18T00:12:27.323] [DEBUG] Crawler - https://www.mountainsteals.com/search/fjallraven?pageSize=48&orderBy=2&viewAllPages=false&beginIndex=96 (normalized)
[2021-01-18T00:12:27.323] [TRACE] Crawler - fetching(axios)
[2021-01-18T00:12:27.324] [DEBUG] Crawler - { cancelToken: CancelToken { promise: Promise { <pending> } },
  headers:
   { Referer:
      'https://www.mountainsteals.com/search/fjallraven?pageSize=48&orderBy=2&viewAllPages=false&beginIndex=48' } }
[2021-01-18T00:12:33.871] [TRACE] Crawler - parsing
[2021-01-18T00:12:35.157] [TRACE] Crawler - parsed: 131 total: 131
[2021-01-18T00:12:35.159] [TRACE] Crawler - duration: 7.84 seconds, 539.61 seconds remaining.
[2021-01-18T00:12:35.170] [DEBUG] Crawler - consistency check: (1/1), pass
[2021-01-18T00:12:35.170] [DEBUG] Crawler - consistency check: all pass
[2021-01-18T00:12:35.171] [INFO] Crawler - 131 items in the previous list, and 131 items in the latest list.
[2021-01-18T00:12:35.184] [INFO] Crawler - 0 item(s) removed, 0 item(s) added, and 0 item(s) price were changed.
[2021-01-18T00:12:35.185] [INFO] Crawler - Finish https://www.mountainsteals.com/search/fjallraven in 60.4 seconds 

[2021-01-18T00:12:35.187] [INFO] Crawler - Process https://www.sierra.com/mystery-ranch~b~37083/ by Sierra crawler, deadline: 00:22
[2021-01-18T00:12:35.188] [DEBUG] Crawler - https://www.sierra.com/mystery-ranch~b~37083/ (normalized)
[2021-01-18T00:12:35.188] [TRACE] Crawler - fetching(axios)
[2021-01-18T00:12:35.189] [DEBUG] Crawler - { cancelToken: CancelToken { promise: Promise { <pending> } } }
[2021-01-18T00:12:40.284] [TRACE] Crawler - parsing
[2021-01-18T00:12:44.156] [TRACE] Crawler - duration: 8.97 seconds, 591.03 seconds remaining.
[2021-01-18T00:12:44.157] [DEBUG] Crawler - consistency check: skip
[2021-01-18T00:12:44.157] [INFO] Crawler - 24 items in the previous list, and 24 items in the latest list.
[2021-01-18T00:12:44.159] [INFO] Crawler - 0 item(s) removed, 0 item(s) added, and 0 item(s) price were changed.
[2021-01-18T00:12:44.161] [INFO] Crawler - Finish https://www.sierra.com/mystery-ranch~b~37083/ in 8.969 seconds 

[2021-01-18T00:12:44.162] [INFO] Crawler - Process https://www.sierra.com/mammut~b~3201/ by Sierra crawler, deadline: 00:22
[2021-01-18T00:12:44.163] [DEBUG] Crawler - https://www.sierra.com/mammut~b~3201/ (normalized)
[2021-01-18T00:12:44.164] [TRACE] Crawler - fetching(axios)
[2021-01-18T00:12:44.164] [DEBUG] Crawler - { cancelToken: CancelToken { promise: Promise { <pending> } } }
[2021-01-18T00:12:48.352] [TRACE] Crawler - parsing
[2021-01-18T00:12:52.196] [TRACE] Crawler - duration: 8.03 seconds, 591.97 seconds remaining.
[2021-01-18T00:12:52.197] [DEBUG] Crawler - consistency check: skip
[2021-01-18T00:12:52.198] [INFO] Crawler - 16 items in the previous list, and 16 items in the latest list.
[2021-01-18T00:12:52.199] [INFO] Crawler - 0 item(s) removed, 0 item(s) added, and 0 item(s) price were changed.
[2021-01-18T00:12:52.201] [INFO] Crawler - Finish https://www.sierra.com/mammut~b~3201/ in 8.035 seconds 

[2021-01-18T00:12:52.202] [INFO] Crawler - Process https://www.sierra.com/therm-a-rest~b~3177/ by Sierra crawler, deadline: 00:22
[2021-01-18T00:12:52.203] [DEBUG] Crawler - https://www.sierra.com/therm-a-rest~b~3177/ (normalized)
[2021-01-18T00:12:52.204] [TRACE] Crawler - fetching(axios)
[2021-01-18T00:12:52.204] [DEBUG] Crawler - { cancelToken: CancelToken { promise: Promise { <pending> } } }
[2021-01-18T00:12:58.092] [TRACE] Crawler - parsing
[2021-01-18T00:13:01.414] [TRACE] Crawler - duration: 9.21 seconds, 590.79 seconds remaining.
[2021-01-18T00:13:01.415] [DEBUG] Crawler - consistency check: skip
[2021-01-18T00:13:01.415] [INFO] Crawler - 5 items in the previous list, and 5 items in the latest list.
[2021-01-18T00:13:01.416] [INFO] Crawler - 0 item(s) removed, 0 item(s) added, and 0 item(s) price were changed.
[2021-01-18T00:13:01.417] [INFO] Crawler - Finish https://www.sierra.com/therm-a-rest~b~3177/ in 9.212 seconds 

[2021-01-18T00:13:01.419] [INFO] Crawler - Process https://www.sierra.com/s~outdoor-research/clearance~1/ by Sierra crawler, deadline: 00:23
[2021-01-18T00:13:01.420] [DEBUG] Crawler - https://www.sierra.com/s~outdoor-research/clearance~1/ (normalized)
[2021-01-18T00:13:01.420] [TRACE] Crawler - fetching(axios)
[2021-01-18T00:13:01.421] [DEBUG] Crawler - { cancelToken: CancelToken { promise: Promise { <pending> } } }
[2021-01-18T00:13:03.606] [TRACE] Crawler - parsing
[2021-01-18T00:13:04.007] [TRACE] Crawler - duration: 2.59 seconds, 597.41 seconds remaining.
[2021-01-18T00:13:04.041] [DEBUG] Crawler - consistency check: skip
[2021-01-18T00:13:04.041] [INFO] Crawler - 0 items in the previous list, and 0 items in the latest list.
[2021-01-18T00:13:04.042] [INFO] Crawler - 0 item(s) removed, 0 item(s) added, and 0 item(s) price were changed.
[2021-01-18T00:13:04.043] [INFO] Crawler - Finish https://www.sierra.com/s~outdoor-research/clearance~1/ in 2.622 seconds 

[2021-01-18T00:13:04.044] [INFO] Crawler - Process https://www.steepandcheap.com/arcteryx by Steepandcheap crawler, deadline: 00:23
[2021-01-18T00:13:04.045] [DEBUG] Crawler - https://www.steepandcheap.com/arcteryx?sort=%2Bprice (normalized)
[2021-01-18T00:13:04.046] [TRACE] Crawler - fetching(axios)
[2021-01-18T00:13:04.046] [DEBUG] Crawler - { cancelToken: CancelToken { promise: Promise { <pending> } } }
[2021-01-18T00:13:06.100] [TRACE] Crawler - parsing
[2021-01-18T00:13:07.090] [TRACE] Crawler - duration: 3.04 seconds, 596.96 seconds remaining.
[2021-01-18T00:13:07.091] [DEBUG] Crawler - https://www.steepandcheap.com/arcteryx?sort=%2Bprice&page=1 (normalized)
[2021-01-18T00:13:07.092] [TRACE] Crawler - fetching(axios)
[2021-01-18T00:13:07.093] [DEBUG] Crawler - { cancelToken: CancelToken { promise: Promise { <pending> } },
  headers:
   { Referer: 'https://www.steepandcheap.com/arcteryx?sort=%2Bprice' } }
[2021-01-18T00:13:08.925] [TRACE] Crawler - parsing
[2021-01-18T00:13:09.677] [TRACE] Crawler - duration: 2.58 seconds, 594.37 seconds remaining.
[2021-01-18T00:13:09.679] [DEBUG] Crawler - consistency check: init
[2021-01-18T00:13:09.680] [TRACE] Crawler - wait 5 seconds
[2021-01-18T00:13:14.697] [DEBUG] Crawler - https://www.steepandcheap.com/arcteryx?sort=%2Bprice (normalized)
[2021-01-18T00:13:14.698] [TRACE] Crawler - fetching(axios)
[2021-01-18T00:13:14.698] [DEBUG] Crawler - { cancelToken: CancelToken { promise: Promise { <pending> } } }
[2021-01-18T00:13:16.623] [TRACE] Crawler - parsing
[2021-01-18T00:13:17.703] [TRACE] Crawler - duration: 3.01 seconds, 586.34 seconds remaining.
[2021-01-18T00:13:17.704] [DEBUG] Crawler - https://www.steepandcheap.com/arcteryx?sort=%2Bprice&page=1 (normalized)
[2021-01-18T00:13:17.704] [TRACE] Crawler - fetching(axios)
[2021-01-18T00:13:17.705] [DEBUG] Crawler - { cancelToken: CancelToken { promise: Promise { <pending> } },
  headers:
   { Referer: 'https://www.steepandcheap.com/arcteryx?sort=%2Bprice' } }
[2021-01-18T00:13:19.515] [TRACE] Crawler - parsing
[2021-01-18T00:13:20.191] [TRACE] Crawler - duration: 2.49 seconds, 583.85 seconds remaining.
[2021-01-18T00:13:20.193] [DEBUG] Crawler - consistency check: (1/1), pass
[2021-01-18T00:13:20.194] [DEBUG] Crawler - consistency check: all pass
[2021-01-18T00:13:20.195] [INFO] Crawler - 48 items in the previous list, and 48 items in the latest list.
[2021-01-18T00:13:20.197] [INFO] Crawler - 0 item(s) removed, 0 item(s) added, and 0 item(s) price were changed.
[2021-01-18T00:13:20.199] [INFO] Crawler - Finish https://www.steepandcheap.com/arcteryx in 16.149 seconds 

[2021-01-18T00:13:20.200] [INFO] Crawler - Process https://www.steepandcheap.com/mammut by Steepandcheap crawler, deadline: 00:23
[2021-01-18T00:13:20.202] [DEBUG] Crawler - https://www.steepandcheap.com/mammut?sort=%2Bprice (normalized)
[2021-01-18T00:13:20.202] [TRACE] Crawler - fetching(axios)
[2021-01-18T00:13:20.203] [DEBUG] Crawler - { cancelToken: CancelToken { promise: Promise { <pending> } } }
[2021-01-18T00:13:22.182] [TRACE] Crawler - parsing
[2021-01-18T00:13:23.208] [TRACE] Crawler - duration: 3.01 seconds, 596.99 seconds remaining.
[2021-01-18T00:13:23.210] [DEBUG] Crawler - https://www.steepandcheap.com/mammut?sort=%2Bprice&page=1 (normalized)
[2021-01-18T00:13:23.210] [TRACE] Crawler - fetching(axios)
[2021-01-18T00:13:23.211] [DEBUG] Crawler - { cancelToken: CancelToken { promise: Promise { <pending> } },
  headers:
   { Referer: 'https://www.steepandcheap.com/mammut?sort=%2Bprice' } }
[2021-01-18T00:13:25.258] [TRACE] Crawler - parsing
[2021-01-18T00:13:26.302] [TRACE] Crawler - duration: 3.09 seconds, 593.90 seconds remaining.
[2021-01-18T00:13:26.304] [DEBUG] Crawler - https://www.steepandcheap.com/mammut?sort=%2Bprice&page=2 (normalized)
[2021-01-18T00:13:26.304] [TRACE] Crawler - fetching(axios)
[2021-01-18T00:13:26.305] [DEBUG] Crawler - { cancelToken: CancelToken { promise: Promise { <pending> } },
  headers:
   { Referer: 'https://www.steepandcheap.com/mammut?sort=%2Bprice&page=1' } }
[2021-01-18T00:13:28.445] [TRACE] Crawler - parsing
[2021-01-18T00:13:29.603] [TRACE] Crawler - duration: 3.30 seconds, 590.60 seconds remaining.
[2021-01-18T00:13:29.611] [DEBUG] Crawler - consistency check: init
[2021-01-18T00:13:29.612] [TRACE] Crawler - wait 5 seconds
[2021-01-18T00:13:34.628] [DEBUG] Crawler - https://www.steepandcheap.com/mammut?sort=%2Bprice (normalized)
[2021-01-18T00:13:34.628] [TRACE] Crawler - fetching(axios)
[2021-01-18T00:13:34.629] [DEBUG] Crawler - { cancelToken: CancelToken { promise: Promise { <pending> } } }
[2021-01-18T00:13:36.686] [TRACE] Crawler - parsing
[2021-01-18T00:13:37.773] [TRACE] Crawler - duration: 3.15 seconds, 582.43 seconds remaining.
[2021-01-18T00:13:37.774] [DEBUG] Crawler - https://www.steepandcheap.com/mammut?sort=%2Bprice&page=1 (normalized)
[2021-01-18T00:13:37.775] [TRACE] Crawler - fetching(axios)
[2021-01-18T00:13:37.775] [DEBUG] Crawler - { cancelToken: CancelToken { promise: Promise { <pending> } },
  headers:
   { Referer: 'https://www.steepandcheap.com/mammut?sort=%2Bprice' } }
[2021-01-18T00:13:39.681] [TRACE] Crawler - parsing
[2021-01-18T00:13:40.733] [TRACE] Crawler - duration: 2.96 seconds, 579.47 seconds remaining.
[2021-01-18T00:13:40.734] [DEBUG] Crawler - https://www.steepandcheap.com/mammut?sort=%2Bprice&page=2 (normalized)
[2021-01-18T00:13:40.735] [TRACE] Crawler - fetching(axios)
[2021-01-18T00:13:40.735] [DEBUG] Crawler - { cancelToken: CancelToken { promise: Promise { <pending> } },
  headers:
   { Referer: 'https://www.steepandcheap.com/mammut?sort=%2Bprice&page=1' } }
[2021-01-18T00:13:42.802] [TRACE] Crawler - parsing
[2021-01-18T00:13:43.756] [TRACE] Crawler - duration: 3.02 seconds, 576.45 seconds remaining.
[2021-01-18T00:13:43.764] [DEBUG] Crawler - consistency check: (1/1), pass
[2021-01-18T00:13:43.765] [DEBUG] Crawler - consistency check: all pass
[2021-01-18T00:13:43.765] [INFO] Crawler - 113 items in the previous list, and 113 items in the latest list.
[2021-01-18T00:13:43.776] [INFO] Crawler - 0 item(s) removed, 0 item(s) added, and 0 item(s) price were changed.
[2021-01-18T00:13:43.777] [INFO] Crawler - Finish https://www.steepandcheap.com/mammut in 23.564 seconds 

[2021-01-18T00:13:43.779] [INFO] Crawler - Process https://www.campsaver.com/arc-teryx-brand.html by Campsaver crawler, deadline: 00:23
[2021-01-18T00:13:43.780] [DEBUG] Crawler - https://www.campsaver.com/arc-teryx-brand.html?_iv_sort=alphabetically (normalized)
[2021-01-18T00:13:43.781] [TRACE] Crawler - fetching(axios)
[2021-01-18T00:13:43.782] [DEBUG] Crawler - { cancelToken: CancelToken { promise: Promise { <pending> } } }
[2021-01-18T00:13:46.328] [TRACE] Crawler - parsing
[2021-01-18T00:13:48.317] [TRACE] Crawler - parsed: 60 total: 369
[2021-01-18T00:13:48.321] [TRACE] Crawler - duration: 4.54 seconds, 595.46 seconds remaining.
[2021-01-18T00:13:48.322] [DEBUG] Crawler - https://www.campsaver.com/arc-teryx-brand.html?_iv_sort=alphabetically&_iv_page=2 (normalized)
[2021-01-18T00:13:48.323] [TRACE] Crawler - fetching(axios)
[2021-01-18T00:13:48.323] [DEBUG] Crawler - { cancelToken: CancelToken { promise: Promise { <pending> } },
  headers:
   { Referer:
      'https://www.campsaver.com/arc-teryx-brand.html?_iv_sort=alphabetically' } }
[2021-01-18T00:13:49.959] [TRACE] Crawler - parsing
[2021-01-18T00:13:51.791] [TRACE] Crawler - parsed: 120 total: 369
[2021-01-18T00:13:51.792] [TRACE] Crawler - duration: 3.47 seconds, 591.99 seconds remaining.
[2021-01-18T00:13:51.793] [DEBUG] Crawler - https://www.campsaver.com/arc-teryx-brand.html?_iv_sort=alphabetically&_iv_page=3 (normalized)
[2021-01-18T00:13:51.794] [TRACE] Crawler - fetching(axios)
[2021-01-18T00:13:51.795] [DEBUG] Crawler - { cancelToken: CancelToken { promise: Promise { <pending> } },
  headers:
   { Referer:
      'https://www.campsaver.com/arc-teryx-brand.html?_iv_sort=alphabetically&_iv_page=2' } }
[2021-01-18T00:13:53.278] [TRACE] Crawler - parsing
[2021-01-18T00:13:55.027] [TRACE] Crawler - parsed: 180 total: 369
[2021-01-18T00:13:55.028] [TRACE] Crawler - duration: 3.23 seconds, 588.75 seconds remaining.
[2021-01-18T00:13:55.029] [DEBUG] Crawler - https://www.campsaver.com/arc-teryx-brand.html?_iv_sort=alphabetically&_iv_page=4 (normalized)
[2021-01-18T00:13:55.030] [TRACE] Crawler - fetching(axios)
[2021-01-18T00:13:55.031] [DEBUG] Crawler - { cancelToken: CancelToken { promise: Promise { <pending> } },
  headers:
   { Referer:
      'https://www.campsaver.com/arc-teryx-brand.html?_iv_sort=alphabetically&_iv_page=3' } }
[2021-01-18T00:14:01.223] [TRACE] Crawler - parsing
[2021-01-18T00:14:03.003] [TRACE] Crawler - parsed: 240 total: 369
[2021-01-18T00:14:03.005] [TRACE] Crawler - duration: 7.97 seconds, 580.77 seconds remaining.
[2021-01-18T00:14:03.006] [DEBUG] Crawler - https://www.campsaver.com/arc-teryx-brand.html?_iv_sort=alphabetically&_iv_page=5 (normalized)
[2021-01-18T00:14:03.007] [TRACE] Crawler - fetching(axios)
[2021-01-18T00:14:03.007] [DEBUG] Crawler - { cancelToken: CancelToken { promise: Promise { <pending> } },
  headers:
   { Referer:
      'https://www.campsaver.com/arc-teryx-brand.html?_iv_sort=alphabetically&_iv_page=4' } }
[2021-01-18T00:14:09.069] [TRACE] Crawler - parsing
[2021-01-18T00:14:11.003] [TRACE] Crawler - parsed: 300 total: 369
[2021-01-18T00:14:11.006] [TRACE] Crawler - duration: 8.00 seconds, 572.77 seconds remaining.
[2021-01-18T00:14:11.007] [DEBUG] Crawler - https://www.campsaver.com/arc-teryx-brand.html?_iv_sort=alphabetically&_iv_page=6 (normalized)
[2021-01-18T00:14:11.008] [TRACE] Crawler - fetching(axios)
[2021-01-18T00:14:11.008] [DEBUG] Crawler - { cancelToken: CancelToken { promise: Promise { <pending> } },
  headers:
   { Referer:
      'https://www.campsaver.com/arc-teryx-brand.html?_iv_sort=alphabetically&_iv_page=5' } }
[2021-01-18T00:14:14.330] [TRACE] Crawler - parsing
[2021-01-18T00:14:16.230] [TRACE] Crawler - parsed: 360 total: 369
[2021-01-18T00:14:16.232] [TRACE] Crawler - duration: 5.22 seconds, 567.55 seconds remaining.
[2021-01-18T00:14:16.233] [DEBUG] Crawler - https://www.campsaver.com/arc-teryx-brand.html?_iv_sort=alphabetically&_iv_page=7 (normalized)
[2021-01-18T00:14:16.234] [TRACE] Crawler - fetching(axios)
[2021-01-18T00:14:16.235] [DEBUG] Crawler - { cancelToken: CancelToken { promise: Promise { <pending> } },
  headers:
   { Referer:
      'https://www.campsaver.com/arc-teryx-brand.html?_iv_sort=alphabetically&_iv_page=6' } }
[2021-01-18T00:14:17.461] [TRACE] Crawler - parsing
[2021-01-18T00:14:18.538] [TRACE] Crawler - parsed: 369 total: 369
[2021-01-18T00:14:18.539] [TRACE] Crawler - duration: 2.31 seconds, 565.24 seconds remaining.
[2021-01-18T00:14:18.573] [DEBUG] Crawler - consistency check: init
[2021-01-18T00:14:18.574] [TRACE] Crawler - wait 5 seconds
[2021-01-18T00:14:23.588] [DEBUG] Crawler - https://www.campsaver.com/arc-teryx-brand.html?_iv_sort=alphabetically (normalized)
[2021-01-18T00:14:23.589] [TRACE] Crawler - fetching(axios)
[2021-01-18T00:14:23.590] [DEBUG] Crawler - { cancelToken: CancelToken { promise: Promise { <pending> } } }
[2021-01-18T00:14:27.574] [TRACE] Crawler - parsing
[2021-01-18T00:14:29.496] [TRACE] Crawler - parsed: 60 total: 369
[2021-01-18T00:14:29.498] [TRACE] Crawler - duration: 5.91 seconds, 554.28 seconds remaining.
[2021-01-18T00:14:29.500] [DEBUG] Crawler - https://www.campsaver.com/arc-teryx-brand.html?_iv_sort=alphabetically&_iv_page=2 (normalized)
[2021-01-18T00:14:29.501] [TRACE] Crawler - fetching(axios)
[2021-01-18T00:14:29.501] [DEBUG] Crawler - { cancelToken: CancelToken { promise: Promise { <pending> } },
  headers:
   { Referer:
      'https://www.campsaver.com/arc-teryx-brand.html?_iv_sort=alphabetically' } }
[2021-01-18T00:14:30.485] [TRACE] Crawler - parsing
[2021-01-18T00:14:32.412] [TRACE] Crawler - parsed: 120 total: 369
[2021-01-18T00:14:32.414] [TRACE] Crawler - duration: 2.91 seconds, 551.37 seconds remaining.
[2021-01-18T00:14:32.415] [DEBUG] Crawler - https://www.campsaver.com/arc-teryx-brand.html?_iv_sort=alphabetically&_iv_page=3 (normalized)
[2021-01-18T00:14:32.416] [TRACE] Crawler - fetching(axios)
[2021-01-18T00:14:32.416] [DEBUG] Crawler - { cancelToken: CancelToken { promise: Promise { <pending> } },
  headers:
   { Referer:
      'https://www.campsaver.com/arc-teryx-brand.html?_iv_sort=alphabetically&_iv_page=2' } }
[2021-01-18T00:14:36.213] [TRACE] Crawler - parsing
[2021-01-18T00:14:38.092] [TRACE] Crawler - parsed: 180 total: 369
[2021-01-18T00:14:38.095] [TRACE] Crawler - duration: 5.68 seconds, 545.68 seconds remaining.
[2021-01-18T00:14:38.096] [DEBUG] Crawler - https://www.campsaver.com/arc-teryx-brand.html?_iv_sort=alphabetically&_iv_page=4 (normalized)
[2021-01-18T00:14:38.097] [TRACE] Crawler - fetching(axios)
[2021-01-18T00:14:38.097] [DEBUG] Crawler - { cancelToken: CancelToken { promise: Promise { <pending> } },
  headers:
   { Referer:
      'https://www.campsaver.com/arc-teryx-brand.html?_iv_sort=alphabetically&_iv_page=3' } }
[2021-01-18T00:14:40.867] [TRACE] Crawler - parsing
[2021-01-18T00:14:42.815] [TRACE] Crawler - parsed: 240 total: 369
[2021-01-18T00:14:42.817] [TRACE] Crawler - duration: 4.72 seconds, 540.96 seconds remaining.
[2021-01-18T00:14:42.818] [DEBUG] Crawler - https://www.campsaver.com/arc-teryx-brand.html?_iv_sort=alphabetically&_iv_page=5 (normalized)
[2021-01-18T00:14:42.819] [TRACE] Crawler - fetching(axios)
[2021-01-18T00:14:42.820] [DEBUG] Crawler - { cancelToken: CancelToken { promise: Promise { <pending> } },
  headers:
   { Referer:
      'https://www.campsaver.com/arc-teryx-brand.html?_iv_sort=alphabetically&_iv_page=4' } }
[2021-01-18T00:14:48.383] [TRACE] Crawler - parsing
[2021-01-18T00:14:50.186] [TRACE] Crawler - parsed: 300 total: 369
[2021-01-18T00:14:50.188] [TRACE] Crawler - duration: 7.37 seconds, 533.59 seconds remaining.
[2021-01-18T00:14:50.189] [DEBUG] Crawler - https://www.campsaver.com/arc-teryx-brand.html?_iv_sort=alphabetically&_iv_page=6 (normalized)
[2021-01-18T00:14:50.190] [TRACE] Crawler - fetching(axios)
[2021-01-18T00:14:50.191] [DEBUG] Crawler - { cancelToken: CancelToken { promise: Promise { <pending> } },
  headers:
   { Referer:
      'https://www.campsaver.com/arc-teryx-brand.html?_iv_sort=alphabetically&_iv_page=5' } }
[2021-01-18T00:14:53.250] [TRACE] Crawler - parsing
[2021-01-18T00:14:55.063] [TRACE] Crawler - parsed: 360 total: 369
[2021-01-18T00:14:55.064] [TRACE] Crawler - duration: 4.88 seconds, 528.71 seconds remaining.
[2021-01-18T00:14:55.066] [DEBUG] Crawler - https://www.campsaver.com/arc-teryx-brand.html?_iv_sort=alphabetically&_iv_page=7 (normalized)
[2021-01-18T00:14:55.066] [TRACE] Crawler - fetching(axios)
[2021-01-18T00:14:55.067] [DEBUG] Crawler - { cancelToken: CancelToken { promise: Promise { <pending> } },
  headers:
   { Referer:
      'https://www.campsaver.com/arc-teryx-brand.html?_iv_sort=alphabetically&_iv_page=6' } }
[2021-01-18T00:14:56.587] [TRACE] Crawler - parsing
[2021-01-18T00:14:57.764] [TRACE] Crawler - parsed: 369 total: 369
[2021-01-18T00:14:57.766] [TRACE] Crawler - duration: 2.70 seconds, 526.01 seconds remaining.
[2021-01-18T00:14:57.803] [DEBUG] Crawler - consistency check: (1/1), pass
[2021-01-18T00:14:57.804] [DEBUG] Crawler - consistency check: all pass
[2021-01-18T00:14:57.805] [INFO] Crawler - 369 items in the previous list, and 369 items in the latest list.
[2021-01-18T00:14:57.862] [INFO] Crawler - 0 item(s) removed, 0 item(s) added, and 0 item(s) price were changed.
[2021-01-18T00:14:57.863] [INFO] Crawler - Finish https://www.campsaver.com/arc-teryx-brand.html in 74.026 seconds 

[2021-01-18T00:14:57.866] [INFO] Crawler - Process https://www.campsaver.com/mammut-brand.html by Campsaver crawler, deadline: 00:24
[2021-01-18T00:14:57.867] [DEBUG] Crawler - https://www.campsaver.com/mammut-brand.html?_iv_sort=alphabetically (normalized)
[2021-01-18T00:14:57.868] [TRACE] Crawler - fetching(axios)
[2021-01-18T00:14:57.868] [DEBUG] Crawler - { cancelToken: CancelToken { promise: Promise { <pending> } } }
[2021-01-18T00:15:00.212] [TRACE] Crawler - parsing
[2021-01-18T00:15:01.993] [TRACE] Crawler - parsed: 60 total: 611
[2021-01-18T00:15:01.995] [TRACE] Crawler - duration: 4.13 seconds, 595.87 seconds remaining.
[2021-01-18T00:15:01.996] [DEBUG] Crawler - https://www.campsaver.com/mammut-brand.html?_iv_sort=alphabetically&_iv_page=2 (normalized)
[2021-01-18T00:15:01.997] [TRACE] Crawler - fetching(axios)
[2021-01-18T00:15:01.998] [DEBUG] Crawler - { cancelToken: CancelToken { promise: Promise { <pending> } },
  headers:
   { Referer:
      'https://www.campsaver.com/mammut-brand.html?_iv_sort=alphabetically' } }
[2021-01-18T00:15:05.003] [TRACE] Crawler - parsing
[2021-01-18T00:15:06.721] [TRACE] Crawler - parsed: 120 total: 611
[2021-01-18T00:15:06.723] [TRACE] Crawler - duration: 4.73 seconds, 591.14 seconds remaining.
[2021-01-18T00:15:06.725] [DEBUG] Crawler - https://www.campsaver.com/mammut-brand.html?_iv_sort=alphabetically&_iv_page=3 (normalized)
[2021-01-18T00:15:06.725] [TRACE] Crawler - fetching(axios)
[2021-01-18T00:15:06.726] [DEBUG] Crawler - { cancelToken: CancelToken { promise: Promise { <pending> } },
  headers:
   { Referer:
      'https://www.campsaver.com/mammut-brand.html?_iv_sort=alphabetically&_iv_page=2' } }
[2021-01-18T00:15:10.532] [TRACE] Crawler - parsing
[2021-01-18T00:15:12.341] [TRACE] Crawler - parsed: 180 total: 611
[2021-01-18T00:15:12.344] [TRACE] Crawler - duration: 5.62 seconds, 585.52 seconds remaining.
[2021-01-18T00:15:12.345] [DEBUG] Crawler - https://www.campsaver.com/mammut-brand.html?_iv_sort=alphabetically&_iv_page=4 (normalized)
[2021-01-18T00:15:12.346] [TRACE] Crawler - fetching(axios)
[2021-01-18T00:15:12.347] [DEBUG] Crawler - { cancelToken: CancelToken { promise: Promise { <pending> } },
  headers:
   { Referer:
      'https://www.campsaver.com/mammut-brand.html?_iv_sort=alphabetically&_iv_page=3' } }
[2021-01-18T00:15:14.226] [TRACE] Crawler - parsing
[2021-01-18T00:15:16.104] [TRACE] Crawler - parsed: 240 total: 611
[2021-01-18T00:15:16.106] [TRACE] Crawler - duration: 3.76 seconds, 581.76 seconds remaining.
[2021-01-18T00:15:16.107] [DEBUG] Crawler - https://www.campsaver.com/mammut-brand.html?_iv_sort=alphabetically&_iv_page=5 (normalized)
[2021-01-18T00:15:16.108] [TRACE] Crawler - fetching(axios)
[2021-01-18T00:15:16.108] [DEBUG] Crawler - { cancelToken: CancelToken { promise: Promise { <pending> } },
  headers:
   { Referer:
      'https://www.campsaver.com/mammut-brand.html?_iv_sort=alphabetically&_iv_page=4' } }
[2021-01-18T00:15:17.466] [TRACE] Crawler - parsing
[2021-01-18T00:15:19.172] [TRACE] Crawler - parsed: 300 total: 611
[2021-01-18T00:15:19.174] [TRACE] Crawler - duration: 3.07 seconds, 578.69 seconds remaining.
[2021-01-18T00:15:19.175] [DEBUG] Crawler - https://www.campsaver.com/mammut-brand.html?_iv_sort=alphabetically&_iv_page=6 (normalized)
[2021-01-18T00:15:19.175] [TRACE] Crawler - fetching(axios)
[2021-01-18T00:15:19.176] [DEBUG] Crawler - { cancelToken: CancelToken { promise: Promise { <pending> } },
  headers:
   { Referer:
      'https://www.campsaver.com/mammut-brand.html?_iv_sort=alphabetically&_iv_page=5' } }
[2021-01-18T00:15:24.344] [TRACE] Crawler - parsing
[2021-01-18T00:15:26.209] [TRACE] Crawler - parsed: 360 total: 611
[2021-01-18T00:15:26.212] [TRACE] Crawler - duration: 7.04 seconds, 571.65 seconds remaining.
[2021-01-18T00:15:26.214] [DEBUG] Crawler - https://www.campsaver.com/mammut-brand.html?_iv_sort=alphabetically&_iv_page=7 (normalized)
[2021-01-18T00:15:26.215] [TRACE] Crawler - fetching(axios)
[2021-01-18T00:15:26.215] [DEBUG] Crawler - { cancelToken: CancelToken { promise: Promise { <pending> } },
  headers:
   { Referer:
      'https://www.campsaver.com/mammut-brand.html?_iv_sort=alphabetically&_iv_page=6' } }
[2021-01-18T00:15:28.351] [TRACE] Crawler - parsing
[2021-01-18T00:15:30.190] [TRACE] Crawler - parsed: 420 total: 611
[2021-01-18T00:15:30.192] [TRACE] Crawler - duration: 3.98 seconds, 567.67 seconds remaining.
[2021-01-18T00:15:30.193] [DEBUG] Crawler - https://www.campsaver.com/mammut-brand.html?_iv_sort=alphabetically&_iv_page=8 (normalized)
[2021-01-18T00:15:30.194] [TRACE] Crawler - fetching(axios)
[2021-01-18T00:15:30.194] [DEBUG] Crawler - { cancelToken: CancelToken { promise: Promise { <pending> } },
  headers:
   { Referer:
      'https://www.campsaver.com/mammut-brand.html?_iv_sort=alphabetically&_iv_page=7' } }
[2021-01-18T00:15:34.338] [TRACE] Crawler - parsing
[2021-01-18T00:15:36.164] [TRACE] Crawler - parsed: 480 total: 611
[2021-01-18T00:15:36.165] [TRACE] Crawler - duration: 5.97 seconds, 561.70 seconds remaining.
[2021-01-18T00:15:36.167] [DEBUG] Crawler - https://www.campsaver.com/mammut-brand.html?_iv_sort=alphabetically&_iv_page=9 (normalized)
[2021-01-18T00:15:36.168] [TRACE] Crawler - fetching(axios)
[2021-01-18T00:15:36.168] [DEBUG] Crawler - { cancelToken: CancelToken { promise: Promise { <pending> } },
  headers:
   { Referer:
      'https://www.campsaver.com/mammut-brand.html?_iv_sort=alphabetically&_iv_page=8' } }
[2021-01-18T00:15:38.602] [TRACE] Crawler - parsing
[2021-01-18T00:15:40.371] [TRACE] Crawler - parsed: 540 total: 611
[2021-01-18T00:15:40.374] [TRACE] Crawler - duration: 4.21 seconds, 557.49 seconds remaining.
[2021-01-18T00:15:40.375] [DEBUG] Crawler - https://www.campsaver.com/mammut-brand.html?_iv_sort=alphabetically&_iv_page=10 (normalized)
[2021-01-18T00:15:40.375] [TRACE] Crawler - fetching(axios)
[2021-01-18T00:15:40.376] [DEBUG] Crawler - { cancelToken: CancelToken { promise: Promise { <pending> } },
  headers:
   { Referer:
      'https://www.campsaver.com/mammut-brand.html?_iv_sort=alphabetically&_iv_page=9' } }
[2021-01-18T00:15:42.860] [TRACE] Crawler - parsing
[2021-01-18T00:15:44.733] [TRACE] Crawler - parsed: 600 total: 611
[2021-01-18T00:15:44.734] [TRACE] Crawler - duration: 4.36 seconds, 553.13 seconds remaining.
[2021-01-18T00:15:44.735] [DEBUG] Crawler - https://www.campsaver.com/mammut-brand.html?_iv_sort=alphabetically&_iv_page=11 (normalized)
[2021-01-18T00:15:44.736] [TRACE] Crawler - fetching(axios)
[2021-01-18T00:15:44.737] [DEBUG] Crawler - { cancelToken: CancelToken { promise: Promise { <pending> } },
  headers:
   { Referer:
      'https://www.campsaver.com/mammut-brand.html?_iv_sort=alphabetically&_iv_page=10' } }
[2021-01-18T00:15:46.273] [TRACE] Crawler - parsing
[2021-01-18T00:15:47.318] [TRACE] Crawler - parsed: 611 total: 611
[2021-01-18T00:15:47.319] [TRACE] Crawler - duration: 2.58 seconds, 550.55 seconds remaining.
[2021-01-18T00:15:47.388] [DEBUG] Crawler - consistency check: init
[2021-01-18T00:15:47.389] [TRACE] Crawler - wait 5 seconds
[2021-01-18T00:15:52.396] [DEBUG] Crawler - https://www.campsaver.com/mammut-brand.html?_iv_sort=alphabetically (normalized)
[2021-01-18T00:15:52.399] [TRACE] Crawler - fetching(axios)
[2021-01-18T00:15:52.402] [DEBUG] Crawler - { cancelToken: CancelToken { promise: Promise { <pending> } } }
[2021-01-18T00:15:54.756] [TRACE] Crawler - parsing
[2021-01-18T00:15:56.580] [TRACE] Crawler - parsed: 60 total: 611
[2021-01-18T00:15:56.583] [TRACE] Crawler - duration: 4.18 seconds, 541.28 seconds remaining.
[2021-01-18T00:15:56.584] [DEBUG] Crawler - https://www.campsaver.com/mammut-brand.html?_iv_sort=alphabetically&_iv_page=2 (normalized)
[2021-01-18T00:15:56.585] [TRACE] Crawler - fetching(axios)
[2021-01-18T00:15:56.585] [DEBUG] Crawler - { cancelToken: CancelToken { promise: Promise { <pending> } },
  headers:
   { Referer:
      'https://www.campsaver.com/mammut-brand.html?_iv_sort=alphabetically' } }
[2021-01-18T00:15:58.346] [TRACE] Crawler - parsing
[2021-01-18T00:16:00.257] [TRACE] Crawler - parsed: 120 total: 611
[2021-01-18T00:16:00.259] [TRACE] Crawler - duration: 3.67 seconds, 537.61 seconds remaining.
[2021-01-18T00:16:00.260] [DEBUG] Crawler - https://www.campsaver.com/mammut-brand.html?_iv_sort=alphabetically&_iv_page=3 (normalized)
[2021-01-18T00:16:00.261] [TRACE] Crawler - fetching(axios)
[2021-01-18T00:16:00.262] [DEBUG] Crawler - { cancelToken: CancelToken { promise: Promise { <pending> } },
  headers:
   { Referer:
      'https://www.campsaver.com/mammut-brand.html?_iv_sort=alphabetically&_iv_page=2' } }
[2021-01-18T00:16:04.338] [TRACE] Crawler - parsing
[2021-01-18T00:16:06.060] [TRACE] Crawler - parsed: 180 total: 611
[2021-01-18T00:16:06.062] [TRACE] Crawler - duration: 5.80 seconds, 531.80 seconds remaining.
[2021-01-18T00:16:06.063] [DEBUG] Crawler - https://www.campsaver.com/mammut-brand.html?_iv_sort=alphabetically&_iv_page=4 (normalized)
[2021-01-18T00:16:06.064] [TRACE] Crawler - fetching(axios)
[2021-01-18T00:16:06.064] [DEBUG] Crawler - { cancelToken: CancelToken { promise: Promise { <pending> } },
  headers:
   { Referer:
      'https://www.campsaver.com/mammut-brand.html?_iv_sort=alphabetically&_iv_page=3' } }
[2021-01-18T00:16:10.031] [TRACE] Crawler - parsing
[2021-01-18T00:16:11.738] [TRACE] Crawler - parsed: 240 total: 611
[2021-01-18T00:16:11.739] [TRACE] Crawler - duration: 5.67 seconds, 526.13 seconds remaining.
[2021-01-18T00:16:11.740] [DEBUG] Crawler - https://www.campsaver.com/mammut-brand.html?_iv_sort=alphabetically&_iv_page=5 (normalized)
[2021-01-18T00:16:11.741] [TRACE] Crawler - fetching(axios)
[2021-01-18T00:16:11.741] [DEBUG] Crawler - { cancelToken: CancelToken { promise: Promise { <pending> } },
  headers:
   { Referer:
      'https://www.campsaver.com/mammut-brand.html?_iv_sort=alphabetically&_iv_page=4' } }
[2021-01-18T00:16:15.630] [TRACE] Crawler - parsing
[2021-01-18T00:16:17.330] [TRACE] Crawler - parsed: 300 total: 611
[2021-01-18T00:16:17.331] [TRACE] Crawler - duration: 5.59 seconds, 520.53 seconds remaining.
[2021-01-18T00:16:17.333] [DEBUG] Crawler - https://www.campsaver.com/mammut-brand.html?_iv_sort=alphabetically&_iv_page=6 (normalized)
[2021-01-18T00:16:17.333] [TRACE] Crawler - fetching(axios)
[2021-01-18T00:16:17.334] [DEBUG] Crawler - { cancelToken: CancelToken { promise: Promise { <pending> } },
  headers:
   { Referer:
      'https://www.campsaver.com/mammut-brand.html?_iv_sort=alphabetically&_iv_page=5' } }
[2021-01-18T00:16:19.615] [TRACE] Crawler - parsing
[2021-01-18T00:16:21.300] [TRACE] Crawler - parsed: 360 total: 611
[2021-01-18T00:16:21.303] [TRACE] Crawler - duration: 3.97 seconds, 516.56 seconds remaining.
[2021-01-18T00:16:21.304] [DEBUG] Crawler - https://www.campsaver.com/mammut-brand.html?_iv_sort=alphabetically&_iv_page=7 (normalized)
[2021-01-18T00:16:21.305] [TRACE] Crawler - fetching(axios)
[2021-01-18T00:16:21.305] [DEBUG] Crawler - { cancelToken: CancelToken { promise: Promise { <pending> } },
  headers:
   { Referer:
      'https://www.campsaver.com/mammut-brand.html?_iv_sort=alphabetically&_iv_page=6' } }
[2021-01-18T00:16:24.164] [TRACE] Crawler - parsing
[2021-01-18T00:16:25.912] [TRACE] Crawler - parsed: 420 total: 611
[2021-01-18T00:16:25.914] [TRACE] Crawler - duration: 4.61 seconds, 511.95 seconds remaining.
[2021-01-18T00:16:25.915] [DEBUG] Crawler - https://www.campsaver.com/mammut-brand.html?_iv_sort=alphabetically&_iv_page=8 (normalized)
[2021-01-18T00:16:25.916] [TRACE] Crawler - fetching(axios)
[2021-01-18T00:16:25.916] [DEBUG] Crawler - { cancelToken: CancelToken { promise: Promise { <pending> } },
  headers:
   { Referer:
      'https://www.campsaver.com/mammut-brand.html?_iv_sort=alphabetically&_iv_page=7' } }
[2021-01-18T00:16:29.492] [TRACE] Crawler - parsing
[2021-01-18T00:16:31.101] [TRACE] Crawler - parsed: 480 total: 611
[2021-01-18T00:16:31.103] [TRACE] Crawler - duration: 5.19 seconds, 506.76 seconds remaining.
[2021-01-18T00:16:31.104] [DEBUG] Crawler - https://www.campsaver.com/mammut-brand.html?_iv_sort=alphabetically&_iv_page=9 (normalized)
[2021-01-18T00:16:31.105] [TRACE] Crawler - fetching(axios)
[2021-01-18T00:16:31.106] [DEBUG] Crawler - { cancelToken: CancelToken { promise: Promise { <pending> } },
  headers:
   { Referer:
      'https://www.campsaver.com/mammut-brand.html?_iv_sort=alphabetically&_iv_page=8' } }
[2021-01-18T00:16:34.851] [TRACE] Crawler - parsing
[2021-01-18T00:16:36.541] [TRACE] Crawler - parsed: 540 total: 611
[2021-01-18T00:16:36.543] [TRACE] Crawler - duration: 5.44 seconds, 501.32 seconds remaining.
[2021-01-18T00:16:36.545] [DEBUG] Crawler - https://www.campsaver.com/mammut-brand.html?_iv_sort=alphabetically&_iv_page=10 (normalized)
[2021-01-18T00:16:36.545] [TRACE] Crawler - fetching(axios)
[2021-01-18T00:16:36.546] [DEBUG] Crawler - { cancelToken: CancelToken { promise: Promise { <pending> } },
  headers:
   { Referer:
      'https://www.campsaver.com/mammut-brand.html?_iv_sort=alphabetically&_iv_page=9' } }
[2021-01-18T00:16:38.582] [TRACE] Crawler - parsing
[2021-01-18T00:16:40.308] [TRACE] Crawler - parsed: 600 total: 611
[2021-01-18T00:16:40.310] [TRACE] Crawler - duration: 3.77 seconds, 497.56 seconds remaining.
[2021-01-18T00:16:40.311] [DEBUG] Crawler - https://www.campsaver.com/mammut-brand.html?_iv_sort=alphabetically&_iv_page=11 (normalized)
[2021-01-18T00:16:40.312] [TRACE] Crawler - fetching(axios)
[2021-01-18T00:16:40.312] [DEBUG] Crawler - { cancelToken: CancelToken { promise: Promise { <pending> } },
  headers:
   { Referer:
      'https://www.campsaver.com/mammut-brand.html?_iv_sort=alphabetically&_iv_page=10' } }
[2021-01-18T00:16:42.226] [TRACE] Crawler - parsing
[2021-01-18T00:16:43.269] [TRACE] Crawler - parsed: 611 total: 611
[2021-01-18T00:16:43.270] [TRACE] Crawler - duration: 2.96 seconds, 494.60 seconds remaining.
[2021-01-18T00:16:43.318] [DEBUG] Crawler - consistency check: (1/1), pass
[2021-01-18T00:16:43.319] [DEBUG] Crawler - consistency check: all pass
[2021-01-18T00:16:43.320] [INFO] Crawler - 611 items in the previous list, and 611 items in the latest list.
[2021-01-18T00:16:43.456] [INFO] Crawler - 0 item(s) removed, 0 item(s) added, and 0 item(s) price were changed.
[2021-01-18T00:16:43.457] [INFO] Crawler - Finish https://www.campsaver.com/mammut-brand.html in 105.454 seconds 

[2021-01-18T00:16:43.459] [INFO] Crawler - Process https://www.campsaver.com/mystery-ranch-brand.html by Campsaver crawler, deadline: 00:26
[2021-01-18T00:16:43.460] [DEBUG] Crawler - https://www.campsaver.com/mystery-ranch-brand.html?_iv_sort=alphabetically (normalized)
[2021-01-18T00:16:43.460] [TRACE] Crawler - fetching(axios)
[2021-01-18T00:16:43.461] [DEBUG] Crawler - { cancelToken: CancelToken { promise: Promise { <pending> } } }
[2021-01-18T00:16:47.106] [TRACE] Crawler - parsing
[2021-01-18T00:16:48.565] [TRACE] Crawler - parsed: 60 total: 114
[2021-01-18T00:16:48.568] [TRACE] Crawler - duration: 5.11 seconds, 594.89 seconds remaining.
[2021-01-18T00:16:48.569] [DEBUG] Crawler - https://www.campsaver.com/mystery-ranch-brand.html?_iv_sort=alphabetically&_iv_page=2 (normalized)
[2021-01-18T00:16:48.570] [TRACE] Crawler - fetching(axios)
[2021-01-18T00:16:48.571] [DEBUG] Crawler - { cancelToken: CancelToken { promise: Promise { <pending> } },
  headers:
   { Referer:
      'https://www.campsaver.com/mystery-ranch-brand.html?_iv_sort=alphabetically' } }
[2021-01-18T00:16:51.446] [TRACE] Crawler - parsing
[2021-01-18T00:16:52.811] [TRACE] Crawler - parsed: 114 total: 114
[2021-01-18T00:16:52.812] [TRACE] Crawler - duration: 4.24 seconds, 590.65 seconds remaining.
[2021-01-18T00:16:52.821] [DEBUG] Crawler - consistency check: init
[2021-01-18T00:16:52.821] [TRACE] Crawler - wait 5 seconds
[2021-01-18T00:16:57.838] [DEBUG] Crawler - https://www.campsaver.com/mystery-ranch-brand.html?_iv_sort=alphabetically (normalized)
[2021-01-18T00:16:57.838] [TRACE] Crawler - fetching(axios)
[2021-01-18T00:16:57.839] [DEBUG] Crawler - { cancelToken: CancelToken { promise: Promise { <pending> } } }
[2021-01-18T00:17:01.020] [TRACE] Crawler - parsing
[2021-01-18T00:17:02.423] [TRACE] Crawler - parsed: 60 total: 114
[2021-01-18T00:17:02.424] [TRACE] Crawler - duration: 4.59 seconds, 581.03 seconds remaining.
[2021-01-18T00:17:02.425] [DEBUG] Crawler - https://www.campsaver.com/mystery-ranch-brand.html?_iv_sort=alphabetically&_iv_page=2 (normalized)
[2021-01-18T00:17:02.426] [TRACE] Crawler - fetching(axios)
[2021-01-18T00:17:02.426] [DEBUG] Crawler - { cancelToken: CancelToken { promise: Promise { <pending> } },
  headers:
   { Referer:
      'https://www.campsaver.com/mystery-ranch-brand.html?_iv_sort=alphabetically' } }
[2021-01-18T00:17:04.026] [TRACE] Crawler - parsing
[2021-01-18T00:17:05.400] [TRACE] Crawler - parsed: 114 total: 114
[2021-01-18T00:17:05.405] [TRACE] Crawler - duration: 2.98 seconds, 578.05 seconds remaining.
[2021-01-18T00:17:05.413] [DEBUG] Crawler - consistency check: (1/1), pass
[2021-01-18T00:17:05.416] [DEBUG] Crawler - consistency check: all pass
[2021-01-18T00:17:05.421] [INFO] Crawler - 114 items in the previous list, and 114 items in the latest list.
[2021-01-18T00:17:05.435] [INFO] Crawler - 0 item(s) removed, 0 item(s) added, and 0 item(s) price were changed.
[2021-01-18T00:17:05.440] [INFO] Crawler - Finish https://www.campsaver.com/mystery-ranch-brand.html in 21.96 seconds 

[2021-01-18T00:17:05.444] [INFO] Crawler - Process https://www.mountainsteals.com/search/black-diamond by Mountain Steals crawler, deadline: 00:27
[2021-01-18T00:17:05.448] [DEBUG] Crawler - https://www.mountainsteals.com/search/black-diamond?pageSize=48&orderBy=2&viewAllPages=false (normalized)
[2021-01-18T00:17:05.452] [TRACE] Crawler - fetching(axios)
[2021-01-18T00:17:05.455] [DEBUG] Crawler - { cancelToken: CancelToken { promise: Promise { <pending> } } }
[2021-01-18T00:17:10.442] [TRACE] Crawler - parsing
[2021-01-18T00:17:11.829] [TRACE] Crawler - parsed: 48 total: 98
[2021-01-18T00:17:11.831] [TRACE] Crawler - duration: 6.38 seconds, 593.61 seconds remaining.
[2021-01-18T00:17:11.833] [DEBUG] Crawler - https://www.mountainsteals.com/search/black-diamond?pageSize=48&orderBy=2&viewAllPages=false&beginIndex=48 (normalized)
[2021-01-18T00:17:11.833] [TRACE] Crawler - fetching(axios)
[2021-01-18T00:17:11.834] [DEBUG] Crawler - { cancelToken: CancelToken { promise: Promise { <pending> } },
  headers:
   { Referer:
      'https://www.mountainsteals.com/search/black-diamond?pageSize=48&orderBy=2&viewAllPages=false' } }
[2021-01-18T00:17:15.946] [TRACE] Crawler - parsing
[2021-01-18T00:17:17.346] [TRACE] Crawler - parsed: 96 total: 98
[2021-01-18T00:17:17.347] [TRACE] Crawler - duration: 5.51 seconds, 588.10 seconds remaining.
[2021-01-18T00:17:17.349] [DEBUG] Crawler - https://www.mountainsteals.com/search/black-diamond?pageSize=48&orderBy=2&viewAllPages=false&beginIndex=96 (normalized)
[2021-01-18T00:17:17.349] [TRACE] Crawler - fetching(axios)
[2021-01-18T00:17:17.350] [DEBUG] Crawler - { cancelToken: CancelToken { promise: Promise { <pending> } },
  headers:
   { Referer:
      'https://www.mountainsteals.com/search/black-diamond?pageSize=48&orderBy=2&viewAllPages=false&beginIndex=48' } }
[2021-01-18T00:17:20.858] [TRACE] Crawler - parsing
[2021-01-18T00:17:21.727] [TRACE] Crawler - parsed: 98 total: 98
[2021-01-18T00:17:21.728] [TRACE] Crawler - duration: 4.38 seconds, 583.72 seconds remaining.
[2021-01-18T00:17:21.733] [DEBUG] Crawler - consistency check: init
[2021-01-18T00:17:21.734] [TRACE] Crawler - wait 5 seconds
[2021-01-18T00:17:26.748] [DEBUG] Crawler - https://www.mountainsteals.com/search/black-diamond?pageSize=48&orderBy=2&viewAllPages=false (normalized)
[2021-01-18T00:17:26.749] [TRACE] Crawler - fetching(axios)
[2021-01-18T00:17:26.750] [DEBUG] Crawler - { cancelToken: CancelToken { promise: Promise { <pending> } } }
[2021-01-18T00:17:31.212] [TRACE] Crawler - parsing
[2021-01-18T00:17:32.764] [TRACE] Crawler - parsed: 48 total: 98
[2021-01-18T00:17:32.766] [TRACE] Crawler - duration: 6.02 seconds, 572.68 seconds remaining.
[2021-01-18T00:17:32.768] [DEBUG] Crawler - https://www.mountainsteals.com/search/black-diamond?pageSize=48&orderBy=2&viewAllPages=false&beginIndex=48 (normalized)
[2021-01-18T00:17:32.768] [TRACE] Crawler - fetching(axios)
[2021-01-18T00:17:32.769] [DEBUG] Crawler - { cancelToken: CancelToken { promise: Promise { <pending> } },
  headers:
   { Referer:
      'https://www.mountainsteals.com/search/black-diamond?pageSize=48&orderBy=2&viewAllPages=false' } }
[2021-01-18T00:17:36.911] [TRACE] Crawler - parsing
[2021-01-18T00:17:38.319] [TRACE] Crawler - parsed: 96 total: 98
[2021-01-18T00:17:38.321] [TRACE] Crawler - duration: 5.55 seconds, 567.12 seconds remaining.
[2021-01-18T00:17:38.322] [DEBUG] Crawler - https://www.mountainsteals.com/search/black-diamond?pageSize=48&orderBy=2&viewAllPages=false&beginIndex=96 (normalized)
[2021-01-18T00:17:38.323] [TRACE] Crawler - fetching(axios)
[2021-01-18T00:17:38.323] [DEBUG] Crawler - { cancelToken: CancelToken { promise: Promise { <pending> } },
  headers:
   { Referer:
      'https://www.mountainsteals.com/search/black-diamond?pageSize=48&orderBy=2&viewAllPages=false&beginIndex=48' } }
[2021-01-18T00:17:41.652] [TRACE] Crawler - parsing
[2021-01-18T00:17:42.546] [TRACE] Crawler - parsed: 98 total: 98
[2021-01-18T00:17:42.548] [TRACE] Crawler - duration: 4.22 seconds, 562.90 seconds remaining.
[2021-01-18T00:17:42.555] [DEBUG] Crawler - consistency check: (1/1), pass
[2021-01-18T00:17:42.555] [DEBUG] Crawler - consistency check: all pass
[2021-01-18T00:17:42.556] [INFO] Crawler - 98 items in the previous list, and 98 items in the latest list.
[2021-01-18T00:17:42.564] [INFO] Crawler - 0 item(s) removed, 0 item(s) added, and 0 item(s) price were changed.
[2021-01-18T00:17:42.566] [INFO] Crawler - Finish https://www.mountainsteals.com/search/black-diamond in 37.109 seconds 

[2021-01-18T00:17:42.568] [INFO] Crawler - Process https://www.mountainsteals.com/search/mystery-ranch by Mountain Steals crawler, deadline: 00:27
[2021-01-18T00:17:42.569] [DEBUG] Crawler - https://www.mountainsteals.com/search/mystery-ranch?pageSize=48&orderBy=2&viewAllPages=false (normalized)
[2021-01-18T00:17:42.570] [TRACE] Crawler - fetching(axios)
[2021-01-18T00:17:42.571] [DEBUG] Crawler - { cancelToken: CancelToken { promise: Promise { <pending> } } }
[2021-01-18T00:17:46.158] [TRACE] Crawler - parsing
[2021-01-18T00:17:47.565] [TRACE] Crawler - parsed: 36 total: 36
[2021-01-18T00:17:47.567] [TRACE] Crawler - duration: 5.00 seconds, 595.00 seconds remaining.
[2021-01-18T00:17:47.569] [DEBUG] Crawler - consistency check: init
[2021-01-18T00:17:47.570] [TRACE] Crawler - wait 5 seconds
[2021-01-18T00:17:52.584] [DEBUG] Crawler - https://www.mountainsteals.com/search/mystery-ranch?pageSize=48&orderBy=2&viewAllPages=false (normalized)
[2021-01-18T00:17:52.585] [TRACE] Crawler - fetching(axios)
[2021-01-18T00:17:52.585] [DEBUG] Crawler - { cancelToken: CancelToken { promise: Promise { <pending> } } }
[2021-01-18T00:17:56.291] [TRACE] Crawler - parsing
[2021-01-18T00:17:57.561] [TRACE] Crawler - parsed: 36 total: 36
[2021-01-18T00:17:57.569] [TRACE] Crawler - duration: 4.98 seconds, 585.00 seconds remaining.
[2021-01-18T00:17:57.571] [DEBUG] Crawler - consistency check: (1/1), pass
[2021-01-18T00:17:57.572] [DEBUG] Crawler - consistency check: all pass
[2021-01-18T00:17:57.573] [INFO] Crawler - 36 items in the previous list, and 36 items in the latest list.
[2021-01-18T00:17:57.577] [INFO] Crawler - 0 item(s) removed, 0 item(s) added, and 0 item(s) price were changed.
[2021-01-18T00:17:57.578] [INFO] Crawler - Finish https://www.mountainsteals.com/search/mystery-ranch in 15.005 seconds 

[2021-01-18T00:17:57.641] [DEBUG] Git - write to /home/ubuntu/crawler/repo/products.json
[2021-01-18T00:18:05.388] [INFO] Git - commit...
[2021-01-18T00:18:06.655] [INFO] Git - commited
[2021-01-18T00:18:06.656] [INFO] Git - pushing...
[2021-01-18T00:18:12.437] [INFO] Git - pushed
[2021-01-18T00:18:12.437] [INFO] Emailer - Dispatching to users...
[2021-01-18T00:18:12.438] [INFO] Emailer - shieh.npin@gmail.com dispatching...
[2021-01-18T00:18:12.439] [INFO] Emailer - Site: https://www.backcountry.com/Store/catalog/search.jsp?q=arcteryx 
[2021-01-18T00:18:12.439] [INFO] Emailer - unchanged
[2021-01-18T00:18:12.440] [INFO] Emailer - Site: https://www.rei.com/search?q=marmot&ir=q%3Amarmot 
[2021-01-18T00:18:12.440] [DEBUG] Emailer - Url: https://www.rei.com/search?q=marmot&ir=q%3Amarmot
[2021-01-18T00:18:12.440] [DEBUG] Emailer - Type: [ 'added', 'updated' ]
[2021-01-18T00:18:12.441] [DEBUG] Emailer - Title: .*
[2021-01-18T00:18:12.442] [INFO] Emailer - unchanged
[2021-01-18T00:18:12.443] [INFO] Emailer - Site: https://www.rei.com/search?q=arc%27teryx&ir=q%3Aarc%27teryx&r=deals%3ASee+All+Deals 
[2021-01-18T00:18:12.443] [DEBUG] Emailer - Url: https://www.rei.com/search?q=arc%27teryx&ir=q%3Aarc%27teryx&r=deals%3ASee+All+Deals
[2021-01-18T00:18:12.444] [DEBUG] Emailer - Type: [ 'added', 'updated' ]
[2021-01-18T00:18:12.444] [DEBUG] Emailer - Title: .*
[2021-01-18T00:18:12.445] [INFO] Emailer - unchanged
[2021-01-18T00:18:12.445] [INFO] Emailer - Site: https://www.rei.com/used/b/arcteryx?condition=Excellent%20condition 
[2021-01-18T00:18:12.446] [INFO] Emailer - unchanged
[2021-01-18T00:18:12.447] [INFO] Emailer - Site: https://www.moosejaw.com/search/arcteryx/sale?orderBy=10 
[2021-01-18T00:18:12.447] [INFO] Emailer - unchanged
[2021-01-18T00:18:12.448] [INFO] Emailer - Site: https://www.moosejaw.com/search/mystery-ranch/sale?orderBy=10 
[2021-01-18T00:18:12.448] [INFO] Emailer - unchanged
[2021-01-18T00:18:12.449] [INFO] Emailer - Site: Fjallraven@MountainSteals (https://www.mountainsteals.com/search/fjallraven)
[2021-01-18T00:18:12.450] [INFO] Emailer - unchanged
[2021-01-18T00:18:12.450] [INFO] Emailer - Site: Mystery Ranch@Sierra (https://www.sierra.com/mystery-ranch~b~37083/)
[2021-01-18T00:18:12.451] [INFO] Emailer - unchanged
[2021-01-18T00:18:12.452] [INFO] Emailer - Site: Mammut@Sierra (https://www.sierra.com/mammut~b~3201/)
[2021-01-18T00:18:12.452] [INFO] Emailer - unchanged
[2021-01-18T00:18:12.453] [INFO] Emailer - Site: Thermarest@Sierra (https://www.sierra.com/therm-a-rest~b~3177/)
[2021-01-18T00:18:12.453] [INFO] Emailer - unchanged
[2021-01-18T00:18:12.454] [INFO] Emailer - Site: Outdoor-Research-Clearance@Sierra (https://www.sierra.com/s~outdoor-research/clearance~1/)
[2021-01-18T00:18:12.454] [INFO] Emailer - unchanged
[2021-01-18T00:18:12.455] [INFO] Emailer - Site: Arcteryx@steepandcheap (https://www.steepandcheap.com/arcteryx)
[2021-01-18T00:18:12.455] [INFO] Emailer - unchanged
[2021-01-18T00:18:12.456] [INFO] Emailer - Site: Mammut@steepandcheap (https://www.steepandcheap.com/mammut)
[2021-01-18T00:18:12.456] [INFO] Emailer - unchanged
[2021-01-18T00:18:12.456] [INFO] Emailer - Site: Arcteryx@campsaver (https://www.campsaver.com/arc-teryx-brand.html)
[2021-01-18T00:18:12.457] [INFO] Emailer - unchanged
[2021-01-18T00:18:12.457] [INFO] Emailer - Site: Mammut@campsaver (https://www.campsaver.com/mammut-brand.html)
[2021-01-18T00:18:12.458] [INFO] Emailer - unchanged
[2021-01-18T00:18:12.459] [INFO] Emailer - Site: Mystery Ranch@campsaver (https://www.campsaver.com/mystery-ranch-brand.html)
[2021-01-18T00:18:12.459] [INFO] Emailer - unchanged
[2021-01-18T00:18:12.460] [INFO] Emailer - Site: Black-diamond@mountainsteals (https://www.mountainsteals.com/search/black-diamond)
[2021-01-18T00:18:12.460] [INFO] Emailer - unchanged
[2021-01-18T00:18:12.461] [INFO] Emailer - Site: Mystery-ranch@mountainsteals (https://www.mountainsteals.com/search/mystery-ranch)
[2021-01-18T00:18:12.461] [INFO] Emailer - unchanged
[2021-01-18T00:18:12.462] [INFO] Emailer - shieh.npin@gmail.com dispatched. 

[2021-01-18T00:18:12.462] [INFO] Emailer - All dispatched
[2021-01-18T00:18:12.465] [INFO] Scheduler - Finish in 13.21 minutes
[2021-01-18T00:18:12.465] [DEBUG] Scheduler - [Release]
