[2021-01-25T14:49:07.131] [TRACE] Crawler - Load module: {"name":"Back Country crawler","headless":false,"maxTaskPeriod":600000,"maxPerPagePeriod":60000,"maxRetryTimes":8,"minMatchTimes":1}
[2021-01-25T14:49:07.145] [TRACE] Crawler - Load module: {"name":"Campsaver crawler","headless":false,"maxTaskPeriod":600000,"maxPerPagePeriod":60000,"maxRetryTimes":5,"minMatchTimes":1}
[2021-01-25T14:49:07.146] [TRACE] Crawler - Load module: {"name":"Moosejaw crawler","headless":true,"maxTaskPeriod":600000,"maxPerPagePeriod":60000,"maxRetryTimes":5,"minMatchTimes":1}
[2021-01-25T14:49:07.147] [TRACE] Crawler - Load module: {"name":"Mountain Steals crawler","headless":false,"maxTaskPeriod":600000,"maxPerPagePeriod":60000,"maxRetryTimes":12,"minMatchTimes":1}
[2021-01-25T14:49:07.148] [TRACE] Crawler - Load module: {"name":"REI crawler","headless":false,"maxTaskPeriod":600000,"maxPerPagePeriod":60000,"maxRetryTimes":4,"minMatchTimes":1}
[2021-01-25T14:49:07.148] [TRACE] Crawler - Load module: {"name":"REI Used crawler","headless":true,"maxTaskPeriod":600000,"maxPerPagePeriod":60000,"maxRetryTimes":4,"minMatchTimes":1}
[2021-01-25T14:49:07.149] [TRACE] Crawler - Load module: {"name":"Sierra crawler","headless":false,"maxTaskPeriod":600000,"maxPerPagePeriod":60000,"maxRetryTimes":5,"minMatchTimes":0}
[2021-01-25T14:49:07.150] [TRACE] Crawler - Load module: {"name":"Steepandcheap crawler","headless":false,"maxTaskPeriod":600000,"maxPerPagePeriod":60000,"maxRetryTimes":5,"minMatchTimes":1}
[2021-01-25T14:49:07.281] [WARN] Scheduler - this is one-shot only
[2021-01-25T14:49:07.282] [INFO] Scheduler - Start
[2021-01-25T14:49:07.283] [INFO] Firebase - using local: /Users/hsiehenping/Workspace/crawler-outdoor/tmp
[2021-01-25T14:49:07.283] [WARN] Firebase - use exist crawler.yml
[2021-01-25T14:49:07.291] [DEBUG] Scheduler - Load crawler setting {
    "users": [
        {
            "email": "shieh.npin@gmail.com",
            "sites": [
                {
                    "url": "https://www.rei.com/search?q=arc%27teryx&ir=q%3Aarc%27teryx&r=deals%3ASee+All+Deals&sort=title"
                }
            ]
        }
    ]
}
[2021-01-25T14:49:07.590] [INFO] Crawler - Process https://www.rei.com/search?q=arc%27teryx&ir=q%3Aarc%27teryx&r=deals%3ASee+All+Deals&sort=title by REI crawler, deadline: 14:59
[2021-01-25T14:49:07.592] [DEBUG] Crawler - https://www.rei.com/search?q=arc%27teryx&ir=q%3Aarc%27teryx&r=deals%3ASee+All+Deals&sort=title (normalized)
[2021-01-25T14:49:07.592] [TRACE] Crawler - fetching(axios)
[2021-01-25T14:49:07.593] [DEBUG] Crawler - { cancelToken: CancelToken { promise: Promise { <pending> } } }
[2021-01-25T14:49:09.684] [TRACE] Crawler - parsing
[2021-01-25T14:49:09.922] [TRACE] Crawler - parsed: 30 total: 158
[2021-01-25T14:49:09.923] [TRACE] Crawler - duration: 2.33 seconds, 597.67 seconds remaining.
[2021-01-25T14:49:09.924] [DEBUG] Crawler - https://www.rei.com/search?q=arc%27teryx&ir=q%3Aarc%27teryx&r=deals%3ASee+All+Deals&sort=title&page=2 (normalized)
[2021-01-25T14:49:09.924] [TRACE] Crawler - fetching(axios)
[2021-01-25T14:49:09.924] [DEBUG] Crawler - {
  cancelToken: CancelToken { promise: Promise { <pending> } },
  headers: {
    Referer: 'https://www.rei.com/search?q=arc%27teryx&ir=q%3Aarc%27teryx&r=deals%3ASee+All+Deals&sort=title'
  }
}
[2021-01-25T14:49:11.269] [TRACE] Crawler - parsing
[2021-01-25T14:49:11.414] [TRACE] Crawler - parsed: 60 total: 158
[2021-01-25T14:49:11.414] [TRACE] Crawler - duration: 1.49 seconds, 596.17 seconds remaining.
[2021-01-25T14:49:11.415] [DEBUG] Crawler - https://www.rei.com/search?q=arc%27teryx&ir=q%3Aarc%27teryx&r=deals%3ASee+All+Deals&sort=title&page=3 (normalized)
[2021-01-25T14:49:11.415] [TRACE] Crawler - fetching(axios)
[2021-01-25T14:49:11.415] [DEBUG] Crawler - {
  cancelToken: CancelToken { promise: Promise { <pending> } },
  headers: {
    Referer: 'https://www.rei.com/search?q=arc%27teryx&ir=q%3Aarc%27teryx&r=deals%3ASee+All+Deals&sort=title&page=2'
  }
}
[2021-01-25T14:49:12.450] [TRACE] Crawler - parsing
[2021-01-25T14:49:12.583] [TRACE] Crawler - parsed: 90 total: 158
[2021-01-25T14:49:12.583] [TRACE] Crawler - duration: 1.17 seconds, 595.01 seconds remaining.
[2021-01-25T14:49:12.584] [DEBUG] Crawler - https://www.rei.com/search?q=arc%27teryx&ir=q%3Aarc%27teryx&r=deals%3ASee+All+Deals&sort=title&page=4 (normalized)
[2021-01-25T14:49:12.584] [TRACE] Crawler - fetching(axios)
[2021-01-25T14:49:12.584] [DEBUG] Crawler - {
  cancelToken: CancelToken { promise: Promise { <pending> } },
  headers: {
    Referer: 'https://www.rei.com/search?q=arc%27teryx&ir=q%3Aarc%27teryx&r=deals%3ASee+All+Deals&sort=title&page=3'
  }
}
[2021-01-25T14:49:13.750] [TRACE] Crawler - parsing
[2021-01-25T14:49:13.850] [TRACE] Crawler - parsed: 120 total: 158
[2021-01-25T14:49:13.850] [TRACE] Crawler - duration: 1.27 seconds, 593.74 seconds remaining.
[2021-01-25T14:49:13.850] [DEBUG] Crawler - https://www.rei.com/search?q=arc%27teryx&ir=q%3Aarc%27teryx&r=deals%3ASee+All+Deals&sort=title&page=5 (normalized)
[2021-01-25T14:49:13.851] [TRACE] Crawler - fetching(axios)
[2021-01-25T14:49:13.851] [DEBUG] Crawler - {
  cancelToken: CancelToken { promise: Promise { <pending> } },
  headers: {
    Referer: 'https://www.rei.com/search?q=arc%27teryx&ir=q%3Aarc%27teryx&r=deals%3ASee+All+Deals&sort=title&page=4'
  }
}
[2021-01-25T14:49:14.826] [TRACE] Crawler - parsing
[2021-01-25T14:49:14.936] [TRACE] Crawler - parsed: 150 total: 158
[2021-01-25T14:49:14.937] [TRACE] Crawler - duration: 1.09 seconds, 592.65 seconds remaining.
[2021-01-25T14:49:14.937] [DEBUG] Crawler - https://www.rei.com/search?q=arc%27teryx&ir=q%3Aarc%27teryx&r=deals%3ASee+All+Deals&sort=title&page=6 (normalized)
[2021-01-25T14:49:14.937] [TRACE] Crawler - fetching(axios)
[2021-01-25T14:49:14.937] [DEBUG] Crawler - {
  cancelToken: CancelToken { promise: Promise { <pending> } },
  headers: {
    Referer: 'https://www.rei.com/search?q=arc%27teryx&ir=q%3Aarc%27teryx&r=deals%3ASee+All+Deals&sort=title&page=5'
  }
}
[2021-01-25T14:49:15.937] [TRACE] Crawler - parsing
[2021-01-25T14:49:15.998] [TRACE] Crawler - parsed: 158 total: 158
[2021-01-25T14:49:15.999] [TRACE] Crawler - duration: 1.06 seconds, 591.59 seconds remaining.
[2021-01-25T14:49:16.012] [DEBUG] Crawler - consistency check: init
[2021-01-25T14:49:16.012] [TRACE] Crawler - wait 5 seconds
[2021-01-25T14:49:21.013] [DEBUG] Crawler - https://www.rei.com/search?q=arc%27teryx&ir=q%3Aarc%27teryx&r=deals%3ASee+All+Deals&sort=title (normalized)
[2021-01-25T14:49:21.013] [TRACE] Crawler - fetching(axios)
[2021-01-25T14:49:21.013] [DEBUG] Crawler - { cancelToken: CancelToken { promise: Promise { <pending> } } }
[2021-01-25T14:49:21.182] [TRACE] Crawler - parsing
[2021-01-25T14:49:21.265] [TRACE] Crawler - parsed: 30 total: 158
[2021-01-25T14:49:21.266] [TRACE] Crawler - duration: 0.25 seconds, 586.32 seconds remaining.
[2021-01-25T14:49:21.266] [DEBUG] Crawler - https://www.rei.com/search?q=arc%27teryx&ir=q%3Aarc%27teryx&r=deals%3ASee+All+Deals&sort=title&page=2 (normalized)
[2021-01-25T14:49:21.266] [TRACE] Crawler - fetching(axios)
[2021-01-25T14:49:21.266] [DEBUG] Crawler - {
  cancelToken: CancelToken { promise: Promise { <pending> } },
  headers: {
    Referer: 'https://www.rei.com/search?q=arc%27teryx&ir=q%3Aarc%27teryx&r=deals%3ASee+All+Deals&sort=title'
  }
}
[2021-01-25T14:49:21.433] [TRACE] Crawler - parsing
[2021-01-25T14:49:21.539] [TRACE] Crawler - parsed: 60 total: 158
[2021-01-25T14:49:21.539] [TRACE] Crawler - duration: 0.27 seconds, 586.05 seconds remaining.
[2021-01-25T14:49:21.539] [DEBUG] Crawler - https://www.rei.com/search?q=arc%27teryx&ir=q%3Aarc%27teryx&r=deals%3ASee+All+Deals&sort=title&page=3 (normalized)
[2021-01-25T14:49:21.540] [TRACE] Crawler - fetching(axios)
[2021-01-25T14:49:21.540] [DEBUG] Crawler - {
  cancelToken: CancelToken { promise: Promise { <pending> } },
  headers: {
    Referer: 'https://www.rei.com/search?q=arc%27teryx&ir=q%3Aarc%27teryx&r=deals%3ASee+All+Deals&sort=title&page=2'
  }
}
[2021-01-25T14:49:21.847] [TRACE] Crawler - parsing
[2021-01-25T14:49:21.945] [TRACE] Crawler - parsed: 90 total: 158
[2021-01-25T14:49:21.945] [TRACE] Crawler - duration: 0.41 seconds, 585.64 seconds remaining.
[2021-01-25T14:49:21.946] [DEBUG] Crawler - https://www.rei.com/search?q=arc%27teryx&ir=q%3Aarc%27teryx&r=deals%3ASee+All+Deals&sort=title&page=4 (normalized)
[2021-01-25T14:49:21.946] [TRACE] Crawler - fetching(axios)
[2021-01-25T14:49:21.946] [DEBUG] Crawler - {
  cancelToken: CancelToken { promise: Promise { <pending> } },
  headers: {
    Referer: 'https://www.rei.com/search?q=arc%27teryx&ir=q%3Aarc%27teryx&r=deals%3ASee+All+Deals&sort=title&page=3'
  }
}
[2021-01-25T14:49:22.138] [TRACE] Crawler - parsing
[2021-01-25T14:49:22.240] [TRACE] Crawler - parsed: 120 total: 158
[2021-01-25T14:49:22.240] [TRACE] Crawler - duration: 0.29 seconds, 585.35 seconds remaining.
[2021-01-25T14:49:22.240] [DEBUG] Crawler - https://www.rei.com/search?q=arc%27teryx&ir=q%3Aarc%27teryx&r=deals%3ASee+All+Deals&sort=title&page=5 (normalized)
[2021-01-25T14:49:22.241] [TRACE] Crawler - fetching(axios)
[2021-01-25T14:49:22.241] [DEBUG] Crawler - {
  cancelToken: CancelToken { promise: Promise { <pending> } },
  headers: {
    Referer: 'https://www.rei.com/search?q=arc%27teryx&ir=q%3Aarc%27teryx&r=deals%3ASee+All+Deals&sort=title&page=4'
  }
}
[2021-01-25T14:49:22.396] [TRACE] Crawler - parsing
[2021-01-25T14:49:22.495] [TRACE] Crawler - parsed: 150 total: 158
[2021-01-25T14:49:22.495] [TRACE] Crawler - duration: 0.26 seconds, 585.09 seconds remaining.
[2021-01-25T14:49:22.495] [DEBUG] Crawler - https://www.rei.com/search?q=arc%27teryx&ir=q%3Aarc%27teryx&r=deals%3ASee+All+Deals&sort=title&page=6 (normalized)
[2021-01-25T14:49:22.495] [TRACE] Crawler - fetching(axios)
[2021-01-25T14:49:22.496] [DEBUG] Crawler - {
  cancelToken: CancelToken { promise: Promise { <pending> } },
  headers: {
    Referer: 'https://www.rei.com/search?q=arc%27teryx&ir=q%3Aarc%27teryx&r=deals%3ASee+All+Deals&sort=title&page=5'
  }
}
[2021-01-25T14:49:22.791] [TRACE] Crawler - parsing
[2021-01-25T14:49:22.866] [TRACE] Crawler - parsed: 158 total: 158
[2021-01-25T14:49:22.867] [TRACE] Crawler - duration: 0.37 seconds, 584.72 seconds remaining.
[2021-01-25T14:49:22.868] [DEBUG] Crawler - consistency check: (1/1), pass
[2021-01-25T14:49:22.868] [DEBUG] Crawler - consistency check: all pass
[2021-01-25T14:49:22.868] [INFO] Crawler - 234 items in the previous list, and 158 items in the latest list.
[2021-01-25T14:49:22.870] [INFO] Crawler - 82 item(s) removed, 6 item(s) added, and 0 item(s) price were changed.
[2021-01-25T14:49:22.871] [INFO] Crawler - Finish https://www.rei.com/search?q=arc%27teryx&ir=q%3Aarc%27teryx&r=deals%3ASee+All+Deals&sort=title in 15.277 seconds 

[2021-01-25T14:49:22.888] [DEBUG] Firebase - write to /Users/hsiehenping/Workspace/crawler-outdoor/tmp/products.json
[2021-01-25T14:49:22.893] [INFO] Emailer - Dispatching to users...
[2021-01-25T14:49:22.893] [INFO] Emailer - shieh.npin@gmail.com dispatching...
[2021-01-25T14:49:22.893] [INFO] Emailer - Site: https://www.rei.com/search?q=arc%27teryx&ir=q%3Aarc%27teryx&r=deals%3ASee+All+Deals&sort=title 
[2021-01-25T14:49:22.893] [DEBUG] Emailer - Url: https://www.rei.com/search?q=arc%27teryx&ir=q%3Aarc%27teryx&r=deals%3ASee+All+Deals&sort=title
[2021-01-25T14:49:22.893] [DEBUG] Emailer - Type: [ 'added', 'updated' ]
[2021-01-25T14:49:22.894] [DEBUG] Emailer - Title: .*
[2021-01-25T14:49:22.894] [INFO] Emailer - found 6 event(s).
[2021-01-25T14:49:22.894] [DEBUG] Emailer - mailing to shieh.npin@gmail.com
[2021-01-25T14:49:25.900] [DEBUG] Emailer - mail sent
[2021-01-25T14:49:25.901] [INFO] Emailer - shieh.npin@gmail.com dispatched. 

[2021-01-25T14:49:25.901] [INFO] Emailer - All dispatched
[2021-01-25T14:49:25.901] [INFO] Scheduler - Finish Run in 0.31 seconds
[2021-01-25T14:49:35.922] [TRACE] Crawler - Load module: {"name":"Back Country crawler","headless":false,"maxTaskPeriod":600000,"maxPerPagePeriod":60000,"maxRetryTimes":8,"minMatchTimes":1}
[2021-01-25T14:49:35.933] [TRACE] Crawler - Load module: {"name":"Campsaver crawler","headless":false,"maxTaskPeriod":600000,"maxPerPagePeriod":60000,"maxRetryTimes":5,"minMatchTimes":1}
[2021-01-25T14:49:35.934] [TRACE] Crawler - Load module: {"name":"Moosejaw crawler","headless":true,"maxTaskPeriod":600000,"maxPerPagePeriod":60000,"maxRetryTimes":5,"minMatchTimes":1}
[2021-01-25T14:49:35.934] [TRACE] Crawler - Load module: {"name":"Mountain Steals crawler","headless":false,"maxTaskPeriod":600000,"maxPerPagePeriod":60000,"maxRetryTimes":12,"minMatchTimes":1}
[2021-01-25T14:49:35.935] [TRACE] Crawler - Load module: {"name":"REI crawler","headless":false,"maxTaskPeriod":600000,"maxPerPagePeriod":60000,"maxRetryTimes":4,"minMatchTimes":1}
[2021-01-25T14:49:35.936] [TRACE] Crawler - Load module: {"name":"REI Used crawler","headless":true,"maxTaskPeriod":600000,"maxPerPagePeriod":60000,"maxRetryTimes":4,"minMatchTimes":1}
[2021-01-25T14:49:35.936] [TRACE] Crawler - Load module: {"name":"Sierra crawler","headless":false,"maxTaskPeriod":600000,"maxPerPagePeriod":60000,"maxRetryTimes":5,"minMatchTimes":0}
[2021-01-25T14:49:35.937] [TRACE] Crawler - Load module: {"name":"Steepandcheap crawler","headless":false,"maxTaskPeriod":600000,"maxPerPagePeriod":60000,"maxRetryTimes":5,"minMatchTimes":1}
[2021-01-25T14:49:36.016] [WARN] Scheduler - this is one-shot only
[2021-01-25T14:49:36.017] [INFO] Scheduler - Start
[2021-01-25T14:49:36.018] [INFO] Firebase - using local: /Users/hsiehenping/Workspace/crawler-outdoor/tmp
[2021-01-25T14:49:36.018] [WARN] Firebase - use exist crawler.yml
[2021-01-25T14:49:36.025] [DEBUG] Scheduler - Load crawler setting {
    "users": [
        {
            "email": "shieh.npin@gmail.com",
            "sites": [
                {
                    "url": "https://www.rei.com/search?q=arc%27teryx&ir=q%3Aarc%27teryx&r=deals%3ASee+All+Deals&sort=title"
                },
                {
                    "url": "https://www.moosejaw.com/search/arcteryx/sale?orderBy=10"
                }
            ]
        }
    ]
}
[2021-01-25T14:49:36.202] [INFO] Crawler - Process https://www.rei.com/search?q=arc%27teryx&ir=q%3Aarc%27teryx&r=deals%3ASee+All+Deals&sort=title by REI crawler, deadline: 14:59
[2021-01-25T14:49:36.203] [DEBUG] Crawler - https://www.rei.com/search?q=arc%27teryx&ir=q%3Aarc%27teryx&r=deals%3ASee+All+Deals&sort=title (normalized)
[2021-01-25T14:49:36.204] [TRACE] Crawler - fetching(axios)
[2021-01-25T14:49:36.204] [DEBUG] Crawler - { cancelToken: CancelToken { promise: Promise { <pending> } } }
[2021-01-25T14:49:36.369] [TRACE] Crawler - parsing
[2021-01-25T14:49:36.618] [TRACE] Crawler - parsed: 30 total: 158
[2021-01-25T14:49:36.619] [TRACE] Crawler - duration: 0.42 seconds, 599.58 seconds remaining.
[2021-01-25T14:49:36.619] [DEBUG] Crawler - https://www.rei.com/search?q=arc%27teryx&ir=q%3Aarc%27teryx&r=deals%3ASee+All+Deals&sort=title&page=2 (normalized)
[2021-01-25T14:49:36.620] [TRACE] Crawler - fetching(axios)
[2021-01-25T14:49:36.620] [DEBUG] Crawler - {
  cancelToken: CancelToken { promise: Promise { <pending> } },
  headers: {
    Referer: 'https://www.rei.com/search?q=arc%27teryx&ir=q%3Aarc%27teryx&r=deals%3ASee+All+Deals&sort=title'
  }
}
[2021-01-25T14:49:36.771] [TRACE] Crawler - parsing
[2021-01-25T14:49:36.909] [TRACE] Crawler - parsed: 60 total: 158
[2021-01-25T14:49:36.909] [TRACE] Crawler - duration: 0.29 seconds, 599.29 seconds remaining.
[2021-01-25T14:49:36.910] [DEBUG] Crawler - https://www.rei.com/search?q=arc%27teryx&ir=q%3Aarc%27teryx&r=deals%3ASee+All+Deals&sort=title&page=3 (normalized)
[2021-01-25T14:49:36.910] [TRACE] Crawler - fetching(axios)
[2021-01-25T14:49:36.910] [DEBUG] Crawler - {
  cancelToken: CancelToken { promise: Promise { <pending> } },
  headers: {
    Referer: 'https://www.rei.com/search?q=arc%27teryx&ir=q%3Aarc%27teryx&r=deals%3ASee+All+Deals&sort=title&page=2'
  }
}
[2021-01-25T14:49:37.051] [TRACE] Crawler - parsing
[2021-01-25T14:49:37.184] [TRACE] Crawler - parsed: 90 total: 158
[2021-01-25T14:49:37.184] [TRACE] Crawler - duration: 0.28 seconds, 599.02 seconds remaining.
[2021-01-25T14:49:37.184] [DEBUG] Crawler - https://www.rei.com/search?q=arc%27teryx&ir=q%3Aarc%27teryx&r=deals%3ASee+All+Deals&sort=title&page=4 (normalized)
[2021-01-25T14:49:37.185] [TRACE] Crawler - fetching(axios)
[2021-01-25T14:49:37.185] [DEBUG] Crawler - {
  cancelToken: CancelToken { promise: Promise { <pending> } },
  headers: {
    Referer: 'https://www.rei.com/search?q=arc%27teryx&ir=q%3Aarc%27teryx&r=deals%3ASee+All+Deals&sort=title&page=3'
  }
}
[2021-01-25T14:49:37.341] [TRACE] Crawler - parsing
[2021-01-25T14:49:37.438] [TRACE] Crawler - parsed: 120 total: 158
[2021-01-25T14:49:37.439] [TRACE] Crawler - duration: 0.26 seconds, 598.76 seconds remaining.
[2021-01-25T14:49:37.439] [DEBUG] Crawler - https://www.rei.com/search?q=arc%27teryx&ir=q%3Aarc%27teryx&r=deals%3ASee+All+Deals&sort=title&page=5 (normalized)
[2021-01-25T14:49:37.439] [TRACE] Crawler - fetching(axios)
[2021-01-25T14:49:37.439] [DEBUG] Crawler - {
  cancelToken: CancelToken { promise: Promise { <pending> } },
  headers: {
    Referer: 'https://www.rei.com/search?q=arc%27teryx&ir=q%3Aarc%27teryx&r=deals%3ASee+All+Deals&sort=title&page=4'
  }
}
[2021-01-25T14:49:37.623] [TRACE] Crawler - parsing
[2021-01-25T14:49:37.733] [TRACE] Crawler - parsed: 150 total: 158
[2021-01-25T14:49:37.734] [TRACE] Crawler - duration: 0.29 seconds, 598.47 seconds remaining.
[2021-01-25T14:49:37.734] [DEBUG] Crawler - https://www.rei.com/search?q=arc%27teryx&ir=q%3Aarc%27teryx&r=deals%3ASee+All+Deals&sort=title&page=6 (normalized)
[2021-01-25T14:49:37.734] [TRACE] Crawler - fetching(axios)
[2021-01-25T14:49:37.734] [DEBUG] Crawler - {
  cancelToken: CancelToken { promise: Promise { <pending> } },
  headers: {
    Referer: 'https://www.rei.com/search?q=arc%27teryx&ir=q%3Aarc%27teryx&r=deals%3ASee+All+Deals&sort=title&page=5'
  }
}
[2021-01-25T14:49:37.879] [TRACE] Crawler - parsing
[2021-01-25T14:49:37.959] [TRACE] Crawler - parsed: 158 total: 158
[2021-01-25T14:49:37.959] [TRACE] Crawler - duration: 0.23 seconds, 598.24 seconds remaining.
[2021-01-25T14:49:37.972] [DEBUG] Crawler - consistency check: init
[2021-01-25T14:49:37.972] [TRACE] Crawler - wait 5 seconds
[2021-01-25T14:49:42.976] [DEBUG] Crawler - https://www.rei.com/search?q=arc%27teryx&ir=q%3Aarc%27teryx&r=deals%3ASee+All+Deals&sort=title (normalized)
[2021-01-25T14:49:42.977] [TRACE] Crawler - fetching(axios)
[2021-01-25T14:49:42.977] [DEBUG] Crawler - { cancelToken: CancelToken { promise: Promise { <pending> } } }
[2021-01-25T14:49:43.316] [TRACE] Crawler - parsing
[2021-01-25T14:49:43.397] [TRACE] Crawler - parsed: 30 total: 158
[2021-01-25T14:49:43.397] [TRACE] Crawler - duration: 0.42 seconds, 592.80 seconds remaining.
[2021-01-25T14:49:43.398] [DEBUG] Crawler - https://www.rei.com/search?q=arc%27teryx&ir=q%3Aarc%27teryx&r=deals%3ASee+All+Deals&sort=title&page=2 (normalized)
[2021-01-25T14:49:43.398] [TRACE] Crawler - fetching(axios)
[2021-01-25T14:49:43.398] [DEBUG] Crawler - {
  cancelToken: CancelToken { promise: Promise { <pending> } },
  headers: {
    Referer: 'https://www.rei.com/search?q=arc%27teryx&ir=q%3Aarc%27teryx&r=deals%3ASee+All+Deals&sort=title'
  }
}
[2021-01-25T14:49:43.779] [TRACE] Crawler - parsing
[2021-01-25T14:49:43.924] [TRACE] Crawler - parsed: 60 total: 158
[2021-01-25T14:49:43.924] [TRACE] Crawler - duration: 0.53 seconds, 592.28 seconds remaining.
[2021-01-25T14:49:43.924] [DEBUG] Crawler - https://www.rei.com/search?q=arc%27teryx&ir=q%3Aarc%27teryx&r=deals%3ASee+All+Deals&sort=title&page=3 (normalized)
[2021-01-25T14:49:43.925] [TRACE] Crawler - fetching(axios)
[2021-01-25T14:49:43.925] [DEBUG] Crawler - {
  cancelToken: CancelToken { promise: Promise { <pending> } },
  headers: {
    Referer: 'https://www.rei.com/search?q=arc%27teryx&ir=q%3Aarc%27teryx&r=deals%3ASee+All+Deals&sort=title&page=2'
  }
}
[2021-01-25T14:49:44.277] [TRACE] Crawler - parsing
[2021-01-25T14:49:44.364] [TRACE] Crawler - parsed: 90 total: 158
[2021-01-25T14:49:44.364] [TRACE] Crawler - duration: 0.44 seconds, 591.84 seconds remaining.
[2021-01-25T14:49:44.365] [DEBUG] Crawler - https://www.rei.com/search?q=arc%27teryx&ir=q%3Aarc%27teryx&r=deals%3ASee+All+Deals&sort=title&page=4 (normalized)
[2021-01-25T14:49:44.365] [TRACE] Crawler - fetching(axios)
[2021-01-25T14:49:44.365] [DEBUG] Crawler - {
  cancelToken: CancelToken { promise: Promise { <pending> } },
  headers: {
    Referer: 'https://www.rei.com/search?q=arc%27teryx&ir=q%3Aarc%27teryx&r=deals%3ASee+All+Deals&sort=title&page=3'
  }
}
[2021-01-25T14:49:44.538] [TRACE] Crawler - parsing
[2021-01-25T14:49:44.666] [TRACE] Crawler - parsed: 120 total: 158
[2021-01-25T14:49:44.666] [TRACE] Crawler - duration: 0.30 seconds, 591.53 seconds remaining.
[2021-01-25T14:49:44.666] [DEBUG] Crawler - https://www.rei.com/search?q=arc%27teryx&ir=q%3Aarc%27teryx&r=deals%3ASee+All+Deals&sort=title&page=5 (normalized)
[2021-01-25T14:49:44.667] [TRACE] Crawler - fetching(axios)
[2021-01-25T14:49:44.667] [DEBUG] Crawler - {
  cancelToken: CancelToken { promise: Promise { <pending> } },
  headers: {
    Referer: 'https://www.rei.com/search?q=arc%27teryx&ir=q%3Aarc%27teryx&r=deals%3ASee+All+Deals&sort=title&page=4'
  }
}
[2021-01-25T14:49:44.894] [TRACE] Crawler - parsing
[2021-01-25T14:49:45.007] [TRACE] Crawler - parsed: 150 total: 158
[2021-01-25T14:49:45.007] [TRACE] Crawler - duration: 0.34 seconds, 591.19 seconds remaining.
[2021-01-25T14:49:45.007] [DEBUG] Crawler - https://www.rei.com/search?q=arc%27teryx&ir=q%3Aarc%27teryx&r=deals%3ASee+All+Deals&sort=title&page=6 (normalized)
[2021-01-25T14:49:45.007] [TRACE] Crawler - fetching(axios)
[2021-01-25T14:49:45.007] [DEBUG] Crawler - {
  cancelToken: CancelToken { promise: Promise { <pending> } },
  headers: {
    Referer: 'https://www.rei.com/search?q=arc%27teryx&ir=q%3Aarc%27teryx&r=deals%3ASee+All+Deals&sort=title&page=5'
  }
}
[2021-01-25T14:49:45.351] [TRACE] Crawler - parsing
[2021-01-25T14:49:45.426] [TRACE] Crawler - parsed: 158 total: 158
[2021-01-25T14:49:45.426] [TRACE] Crawler - duration: 0.42 seconds, 590.77 seconds remaining.
[2021-01-25T14:49:45.428] [DEBUG] Crawler - consistency check: (1/1), pass
[2021-01-25T14:49:45.428] [DEBUG] Crawler - consistency check: all pass
[2021-01-25T14:49:45.428] [INFO] Crawler - 158 items in the previous list, and 158 items in the latest list.
[2021-01-25T14:49:45.430] [INFO] Crawler - 0 item(s) removed, 0 item(s) added, and 0 item(s) price were changed.
[2021-01-25T14:49:45.430] [INFO] Crawler - Finish https://www.rei.com/search?q=arc%27teryx&ir=q%3Aarc%27teryx&r=deals%3ASee+All+Deals&sort=title in 9.226 seconds 

[2021-01-25T14:49:45.431] [INFO] Crawler - Process https://www.moosejaw.com/search/arcteryx/sale?orderBy=10 by Moosejaw crawler, deadline: 14:59
[2021-01-25T14:49:45.431] [DEBUG] Crawler - https://www.moosejaw.com/search/arcteryx/sale?orderBy=2 (normalized)
[2021-01-25T14:49:45.431] [TRACE] Crawler - fetching(puppeteer)
[2021-01-25T14:49:45.569] [DEBUG] Crawler - {}
[2021-01-25T14:49:53.908] [TRACE] Crawler - parsing
[2021-01-25T14:49:54.096] [TRACE] Crawler - parsed: 48 total: 86
[2021-01-25T14:49:54.096] [TRACE] Crawler - duration: 8.66 seconds, 591.34 seconds remaining.
[2021-01-25T14:49:54.097] [DEBUG] Crawler - https://www.moosejaw.com/search/arcteryx/sale?orderBy=2&beginIndex=48 (normalized)
[2021-01-25T14:49:54.097] [TRACE] Crawler - fetching(puppeteer)
[2021-01-25T14:49:54.266] [DEBUG] Crawler - { referer: 'https://www.moosejaw.com/search/arcteryx/sale?orderBy=2' }
[2021-01-25T14:50:00.412] [TRACE] Crawler - parsing
[2021-01-25T14:50:00.595] [TRACE] Crawler - parsed: 86 total: 86
[2021-01-25T14:50:00.595] [TRACE] Crawler - duration: 6.50 seconds, 584.84 seconds remaining.
[2021-01-25T14:50:00.596] [DEBUG] Crawler - consistency check: init
[2021-01-25T14:50:00.596] [TRACE] Crawler - wait 5 seconds
[2021-01-25T14:50:05.598] [DEBUG] Crawler - https://www.moosejaw.com/search/arcteryx/sale?orderBy=2 (normalized)
[2021-01-25T14:50:05.599] [TRACE] Crawler - fetching(puppeteer)
[2021-01-25T14:50:05.707] [DEBUG] Crawler - {}
[2021-01-25T14:50:09.627] [TRACE] Crawler - parsing
[2021-01-25T14:50:09.893] [TRACE] Crawler - parsed: 48 total: 86
[2021-01-25T14:50:09.895] [TRACE] Crawler - duration: 4.30 seconds, 575.54 seconds remaining.
[2021-01-25T14:50:09.895] [DEBUG] Crawler - https://www.moosejaw.com/search/arcteryx/sale?orderBy=2&beginIndex=48 (normalized)
[2021-01-25T14:50:09.895] [TRACE] Crawler - fetching(puppeteer)
[2021-01-25T14:50:10.019] [DEBUG] Crawler - { referer: 'https://www.moosejaw.com/search/arcteryx/sale?orderBy=2' }
[2021-01-25T14:50:15.088] [TRACE] Crawler - parsing
[2021-01-25T14:50:15.238] [TRACE] Crawler - parsed: 86 total: 86
[2021-01-25T14:50:15.238] [TRACE] Crawler - duration: 5.34 seconds, 570.19 seconds remaining.
[2021-01-25T14:50:15.239] [DEBUG] Crawler - consistency check: (1/1), pass
[2021-01-25T14:50:15.239] [DEBUG] Crawler - consistency check: all pass
[2021-01-25T14:50:15.239] [INFO] Crawler - 0 items in the previous list, and 86 items in the latest list.
[2021-01-25T14:50:15.240] [INFO] Crawler - 0 item(s) removed, 86 item(s) added, and 0 item(s) price were changed.
[2021-01-25T14:50:15.241] [INFO] Crawler - Finish https://www.moosejaw.com/search/arcteryx/sale?orderBy=10 in 29.808 seconds 

[2021-01-25T14:50:15.293] [DEBUG] Firebase - write to /Users/hsiehenping/Workspace/crawler-outdoor/tmp/products.json
[2021-01-25T14:50:15.299] [INFO] Emailer - Dispatching to users...
[2021-01-25T14:50:15.299] [INFO] Emailer - shieh.npin@gmail.com dispatching...
[2021-01-25T14:50:15.299] [INFO] Emailer - Site: https://www.rei.com/search?q=arc%27teryx&ir=q%3Aarc%27teryx&r=deals%3ASee+All+Deals&sort=title 
[2021-01-25T14:50:15.299] [INFO] Emailer - unchanged
[2021-01-25T14:50:15.299] [INFO] Emailer - Site: https://www.moosejaw.com/search/arcteryx/sale?orderBy=10 
[2021-01-25T14:50:15.300] [DEBUG] Emailer - Url: https://www.moosejaw.com/search/arcteryx/sale?orderBy=10
[2021-01-25T14:50:15.300] [DEBUG] Emailer - Type: [ 'added', 'updated' ]
[2021-01-25T14:50:15.300] [DEBUG] Emailer - Title: .*
[2021-01-25T14:50:15.300] [INFO] Emailer - found 86 event(s).
[2021-01-25T14:50:15.301] [DEBUG] Emailer - mailing to shieh.npin@gmail.com
[2021-01-25T14:50:18.058] [DEBUG] Emailer - mail sent
[2021-01-25T14:50:18.058] [INFO] Emailer - shieh.npin@gmail.com dispatched. 

[2021-01-25T14:50:18.058] [INFO] Emailer - All dispatched
[2021-01-25T14:50:18.059] [INFO] Scheduler - Finish Run in 0.70 seconds
