[2021-04-22T00:00:00.004] [DEBUG] Scheduler - [Lock]
[2021-04-22T00:00:00.006] [INFO] Scheduler - Start
[2021-04-22T00:00:00.072] [INFO] Git - clone remote git github.com/shiehnpin/crawler-data.git to /home/ubuntu/crawler/repo
[2021-04-22T00:00:00.074] [INFO] Git - cloning...
[2021-04-22T00:00:20.223] [FATAL] Scheduler - Abort GitError: Git Error: unable to exec clone from/to https://github.com/shiehnpin/crawler-data.git
    at load (/home/ubuntu/crawler/lib/repo.js:41:10)
    at runMicrotasks (<anonymous>)
    at processTicksAndRejections (internal/process/task_queues.js:97:5)
From previous Error: Cloning into '/home/ubuntu/crawler/repo'...
fatal: unable to access 'https://github.com/shiehnpin/crawler-data.git/': Could not resolve host: github.com

[2021-04-22T00:00:20.226] [DEBUG] Scheduler - [Release]
[2021-04-22T00:15:00.006] [DEBUG] Scheduler - [Lock]
[2021-04-22T00:15:00.007] [INFO] Scheduler - Start
[2021-04-22T00:15:00.070] [INFO] Git - clone remote git github.com/shiehnpin/crawler-data.git to /home/ubuntu/crawler/repo
[2021-04-22T00:15:00.072] [INFO] Git - cloning...
[2021-04-22T00:15:20.220] [FATAL] Scheduler - Abort GitError: Git Error: unable to exec clone from/to https://github.com/shiehnpin/crawler-data.git
    at load (/home/ubuntu/crawler/lib/repo.js:41:10)
    at runMicrotasks (<anonymous>)
    at processTicksAndRejections (internal/process/task_queues.js:97:5)
From previous Error: Cloning into '/home/ubuntu/crawler/repo'...
fatal: unable to access 'https://github.com/shiehnpin/crawler-data.git/': Could not resolve host: github.com

[2021-04-22T00:15:20.224] [DEBUG] Scheduler - [Release]
[2021-04-22T00:30:00.005] [DEBUG] Scheduler - [Lock]
[2021-04-22T00:30:00.006] [INFO] Scheduler - Start
[2021-04-22T00:30:00.061] [INFO] Git - clone remote git github.com/shiehnpin/crawler-data.git to /home/ubuntu/crawler/repo
[2021-04-22T00:30:00.063] [INFO] Git - cloning...
[2021-04-22T00:30:20.191] [FATAL] Scheduler - Abort GitError: Git Error: unable to exec clone from/to https://github.com/shiehnpin/crawler-data.git
    at load (/home/ubuntu/crawler/lib/repo.js:41:10)
    at runMicrotasks (<anonymous>)
    at processTicksAndRejections (internal/process/task_queues.js:97:5)
From previous Error: Cloning into '/home/ubuntu/crawler/repo'...
fatal: unable to access 'https://github.com/shiehnpin/crawler-data.git/': Could not resolve host: github.com

[2021-04-22T00:30:20.195] [DEBUG] Scheduler - [Release]
[2021-04-22T00:45:00.005] [DEBUG] Scheduler - [Lock]
[2021-04-22T00:45:00.006] [INFO] Scheduler - Start
[2021-04-22T00:45:00.062] [INFO] Git - clone remote git github.com/shiehnpin/crawler-data.git to /home/ubuntu/crawler/repo
[2021-04-22T00:45:00.065] [INFO] Git - cloning...
[2021-04-22T00:45:20.188] [FATAL] Scheduler - Abort GitError: Git Error: unable to exec clone from/to https://github.com/shiehnpin/crawler-data.git
    at load (/home/ubuntu/crawler/lib/repo.js:41:10)
    at runMicrotasks (<anonymous>)
    at processTicksAndRejections (internal/process/task_queues.js:97:5)
From previous Error: Cloning into '/home/ubuntu/crawler/repo'...
fatal: unable to access 'https://github.com/shiehnpin/crawler-data.git/': Could not resolve host: github.com

[2021-04-22T00:45:20.191] [DEBUG] Scheduler - [Release]
[2021-04-22T01:00:00.006] [DEBUG] Scheduler - [Lock]
[2021-04-22T01:00:00.007] [INFO] Scheduler - Start
[2021-04-22T01:00:00.068] [INFO] Git - clone remote git github.com/shiehnpin/crawler-data.git to /home/ubuntu/crawler/repo
[2021-04-22T01:00:00.070] [INFO] Git - cloning...
[2021-04-22T01:00:20.192] [FATAL] Scheduler - Abort GitError: Git Error: unable to exec clone from/to https://github.com/shiehnpin/crawler-data.git
    at load (/home/ubuntu/crawler/lib/repo.js:41:10)
    at runMicrotasks (<anonymous>)
    at processTicksAndRejections (internal/process/task_queues.js:97:5)
From previous Error: Cloning into '/home/ubuntu/crawler/repo'...
fatal: unable to access 'https://github.com/shiehnpin/crawler-data.git/': Could not resolve host: github.com

[2021-04-22T01:00:20.195] [DEBUG] Scheduler - [Release]
[2021-04-22T01:15:00.006] [DEBUG] Scheduler - [Lock]
[2021-04-22T01:15:00.007] [INFO] Scheduler - Start
[2021-04-22T01:15:00.065] [INFO] Git - clone remote git github.com/shiehnpin/crawler-data.git to /home/ubuntu/crawler/repo
[2021-04-22T01:15:00.067] [INFO] Git - cloning...
[2021-04-22T01:15:20.204] [FATAL] Scheduler - Abort GitError: Git Error: unable to exec clone from/to https://github.com/shiehnpin/crawler-data.git
    at load (/home/ubuntu/crawler/lib/repo.js:41:10)
    at runMicrotasks (<anonymous>)
    at processTicksAndRejections (internal/process/task_queues.js:97:5)
From previous Error: Cloning into '/home/ubuntu/crawler/repo'...
fatal: unable to access 'https://github.com/shiehnpin/crawler-data.git/': Could not resolve host: github.com

[2021-04-22T01:15:20.207] [DEBUG] Scheduler - [Release]
[2021-04-22T01:30:00.005] [DEBUG] Scheduler - [Lock]
[2021-04-22T01:30:00.006] [INFO] Scheduler - Start
[2021-04-22T01:30:00.060] [INFO] Git - clone remote git github.com/shiehnpin/crawler-data.git to /home/ubuntu/crawler/repo
[2021-04-22T01:30:00.062] [INFO] Git - cloning...
[2021-04-22T01:30:20.193] [FATAL] Scheduler - Abort GitError: Git Error: unable to exec clone from/to https://github.com/shiehnpin/crawler-data.git
    at load (/home/ubuntu/crawler/lib/repo.js:41:10)
    at runMicrotasks (<anonymous>)
    at processTicksAndRejections (internal/process/task_queues.js:97:5)
From previous Error: Cloning into '/home/ubuntu/crawler/repo'...
fatal: unable to access 'https://github.com/shiehnpin/crawler-data.git/': Could not resolve host: github.com

[2021-04-22T01:30:20.197] [DEBUG] Scheduler - [Release]
[2021-04-22T01:45:00.004] [DEBUG] Scheduler - [Lock]
[2021-04-22T01:45:00.006] [INFO] Scheduler - Start
[2021-04-22T01:45:00.062] [INFO] Git - clone remote git github.com/shiehnpin/crawler-data.git to /home/ubuntu/crawler/repo
[2021-04-22T01:45:00.063] [INFO] Git - cloning...
[2021-04-22T01:45:20.197] [FATAL] Scheduler - Abort GitError: Git Error: unable to exec clone from/to https://github.com/shiehnpin/crawler-data.git
    at load (/home/ubuntu/crawler/lib/repo.js:41:10)
    at runMicrotasks (<anonymous>)
    at processTicksAndRejections (internal/process/task_queues.js:97:5)
From previous Error: Cloning into '/home/ubuntu/crawler/repo'...
fatal: unable to access 'https://github.com/shiehnpin/crawler-data.git/': Could not resolve host: github.com

[2021-04-22T01:45:20.199] [DEBUG] Scheduler - [Release]
[2021-04-22T02:00:00.005] [DEBUG] Scheduler - [Lock]
[2021-04-22T02:00:00.006] [INFO] Scheduler - Start
[2021-04-22T02:00:00.064] [INFO] Git - clone remote git github.com/shiehnpin/crawler-data.git to /home/ubuntu/crawler/repo
[2021-04-22T02:00:00.066] [INFO] Git - cloning...
[2021-04-22T02:00:20.204] [FATAL] Scheduler - Abort GitError: Git Error: unable to exec clone from/to https://github.com/shiehnpin/crawler-data.git
    at load (/home/ubuntu/crawler/lib/repo.js:41:10)
    at runMicrotasks (<anonymous>)
    at processTicksAndRejections (internal/process/task_queues.js:97:5)
From previous Error: Cloning into '/home/ubuntu/crawler/repo'...
fatal: unable to access 'https://github.com/shiehnpin/crawler-data.git/': Could not resolve host: github.com

[2021-04-22T02:00:20.208] [DEBUG] Scheduler - [Release]
[2021-04-22T02:15:00.005] [DEBUG] Scheduler - [Lock]
[2021-04-22T02:15:00.006] [INFO] Scheduler - Start
[2021-04-22T02:15:00.062] [INFO] Git - clone remote git github.com/shiehnpin/crawler-data.git to /home/ubuntu/crawler/repo
[2021-04-22T02:15:00.063] [INFO] Git - cloning...
[2021-04-22T02:15:20.188] [FATAL] Scheduler - Abort GitError: Git Error: unable to exec clone from/to https://github.com/shiehnpin/crawler-data.git
    at load (/home/ubuntu/crawler/lib/repo.js:41:10)
    at runMicrotasks (<anonymous>)
    at processTicksAndRejections (internal/process/task_queues.js:97:5)
From previous Error: Cloning into '/home/ubuntu/crawler/repo'...
fatal: unable to access 'https://github.com/shiehnpin/crawler-data.git/': Could not resolve host: github.com

[2021-04-22T02:15:20.191] [DEBUG] Scheduler - [Release]
[2021-04-22T02:30:00.006] [DEBUG] Scheduler - [Lock]
[2021-04-22T02:30:00.007] [INFO] Scheduler - Start
[2021-04-22T02:30:00.062] [INFO] Git - clone remote git github.com/shiehnpin/crawler-data.git to /home/ubuntu/crawler/repo
[2021-04-22T02:30:00.064] [INFO] Git - cloning...
[2021-04-22T02:30:20.190] [FATAL] Scheduler - Abort GitError: Git Error: unable to exec clone from/to https://github.com/shiehnpin/crawler-data.git
    at load (/home/ubuntu/crawler/lib/repo.js:41:10)
    at runMicrotasks (<anonymous>)
    at processTicksAndRejections (internal/process/task_queues.js:97:5)
From previous Error: Cloning into '/home/ubuntu/crawler/repo'...
fatal: unable to access 'https://github.com/shiehnpin/crawler-data.git/': Could not resolve host: github.com

[2021-04-22T02:30:20.194] [DEBUG] Scheduler - [Release]
[2021-04-22T02:45:00.005] [DEBUG] Scheduler - [Lock]
[2021-04-22T02:45:00.006] [INFO] Scheduler - Start
[2021-04-22T02:45:00.062] [INFO] Git - clone remote git github.com/shiehnpin/crawler-data.git to /home/ubuntu/crawler/repo
[2021-04-22T02:45:00.064] [INFO] Git - cloning...
[2021-04-22T02:45:20.187] [FATAL] Scheduler - Abort GitError: Git Error: unable to exec clone from/to https://github.com/shiehnpin/crawler-data.git
    at load (/home/ubuntu/crawler/lib/repo.js:41:10)
    at runMicrotasks (<anonymous>)
    at processTicksAndRejections (internal/process/task_queues.js:97:5)
From previous Error: Cloning into '/home/ubuntu/crawler/repo'...
fatal: unable to access 'https://github.com/shiehnpin/crawler-data.git/': Could not resolve host: github.com

[2021-04-22T02:45:20.190] [DEBUG] Scheduler - [Release]
[2021-04-22T03:00:00.005] [DEBUG] Scheduler - [Lock]
[2021-04-22T03:00:00.006] [INFO] Scheduler - Start
[2021-04-22T03:00:00.061] [INFO] Git - clone remote git github.com/shiehnpin/crawler-data.git to /home/ubuntu/crawler/repo
[2021-04-22T03:00:00.063] [INFO] Git - cloning...
[2021-04-22T03:00:20.185] [FATAL] Scheduler - Abort GitError: Git Error: unable to exec clone from/to https://github.com/shiehnpin/crawler-data.git
    at load (/home/ubuntu/crawler/lib/repo.js:41:10)
    at runMicrotasks (<anonymous>)
    at processTicksAndRejections (internal/process/task_queues.js:97:5)
From previous Error: Cloning into '/home/ubuntu/crawler/repo'...
fatal: unable to access 'https://github.com/shiehnpin/crawler-data.git/': Could not resolve host: github.com

[2021-04-22T03:00:20.188] [DEBUG] Scheduler - [Release]
[2021-04-22T03:15:00.006] [DEBUG] Scheduler - [Lock]
[2021-04-22T03:15:00.007] [INFO] Scheduler - Start
[2021-04-22T03:15:00.070] [INFO] Git - clone remote git github.com/shiehnpin/crawler-data.git to /home/ubuntu/crawler/repo
[2021-04-22T03:15:00.073] [INFO] Git - cloning...
[2021-04-22T03:15:20.279] [FATAL] Scheduler - Abort GitError: Git Error: unable to exec clone from/to https://github.com/shiehnpin/crawler-data.git
    at load (/home/ubuntu/crawler/lib/repo.js:41:10)
    at runMicrotasks (<anonymous>)
    at processTicksAndRejections (internal/process/task_queues.js:97:5)
From previous Error: Cloning into '/home/ubuntu/crawler/repo'...
fatal: unable to access 'https://github.com/shiehnpin/crawler-data.git/': Could not resolve host: github.com

[2021-04-22T03:15:20.283] [DEBUG] Scheduler - [Release]
[2021-04-22T03:30:00.004] [DEBUG] Scheduler - [Lock]
[2021-04-22T03:30:00.005] [INFO] Scheduler - Start
[2021-04-22T03:30:00.062] [INFO] Git - clone remote git github.com/shiehnpin/crawler-data.git to /home/ubuntu/crawler/repo
[2021-04-22T03:30:00.063] [INFO] Git - cloning...
[2021-04-22T03:30:20.189] [FATAL] Scheduler - Abort GitError: Git Error: unable to exec clone from/to https://github.com/shiehnpin/crawler-data.git
    at load (/home/ubuntu/crawler/lib/repo.js:41:10)
    at runMicrotasks (<anonymous>)
    at processTicksAndRejections (internal/process/task_queues.js:97:5)
From previous Error: Cloning into '/home/ubuntu/crawler/repo'...
fatal: unable to access 'https://github.com/shiehnpin/crawler-data.git/': Could not resolve host: github.com

[2021-04-22T03:30:20.192] [DEBUG] Scheduler - [Release]
[2021-04-22T03:45:00.003] [DEBUG] Scheduler - [Lock]
[2021-04-22T03:45:00.004] [INFO] Scheduler - Start
[2021-04-22T03:45:00.064] [INFO] Git - clone remote git github.com/shiehnpin/crawler-data.git to /home/ubuntu/crawler/repo
[2021-04-22T03:45:00.066] [INFO] Git - cloning...
[2021-04-22T03:45:20.186] [FATAL] Scheduler - Abort GitError: Git Error: unable to exec clone from/to https://github.com/shiehnpin/crawler-data.git
    at load (/home/ubuntu/crawler/lib/repo.js:41:10)
    at runMicrotasks (<anonymous>)
    at processTicksAndRejections (internal/process/task_queues.js:97:5)
From previous Error: Cloning into '/home/ubuntu/crawler/repo'...
fatal: unable to access 'https://github.com/shiehnpin/crawler-data.git/': Could not resolve host: github.com

[2021-04-22T03:45:20.189] [DEBUG] Scheduler - [Release]
[2021-04-22T04:00:00.018] [DEBUG] Scheduler - [Lock]
[2021-04-22T04:00:00.019] [INFO] Scheduler - Start
[2021-04-22T04:00:00.075] [INFO] Git - clone remote git github.com/shiehnpin/crawler-data.git to /home/ubuntu/crawler/repo
[2021-04-22T04:00:00.077] [INFO] Git - cloning...
[2021-04-22T04:00:20.209] [FATAL] Scheduler - Abort GitError: Git Error: unable to exec clone from/to https://github.com/shiehnpin/crawler-data.git
    at load (/home/ubuntu/crawler/lib/repo.js:41:10)
    at runMicrotasks (<anonymous>)
    at processTicksAndRejections (internal/process/task_queues.js:97:5)
From previous Error: Cloning into '/home/ubuntu/crawler/repo'...
fatal: unable to access 'https://github.com/shiehnpin/crawler-data.git/': Could not resolve host: github.com

[2021-04-22T04:00:20.212] [DEBUG] Scheduler - [Release]
[2021-04-22T04:15:00.005] [DEBUG] Scheduler - [Lock]
[2021-04-22T04:15:00.006] [INFO] Scheduler - Start
[2021-04-22T04:15:00.062] [INFO] Git - clone remote git github.com/shiehnpin/crawler-data.git to /home/ubuntu/crawler/repo
[2021-04-22T04:15:00.063] [INFO] Git - cloning...
[2021-04-22T04:15:20.181] [FATAL] Scheduler - Abort GitError: Git Error: unable to exec clone from/to https://github.com/shiehnpin/crawler-data.git
    at load (/home/ubuntu/crawler/lib/repo.js:41:10)
    at runMicrotasks (<anonymous>)
    at processTicksAndRejections (internal/process/task_queues.js:97:5)
From previous Error: Cloning into '/home/ubuntu/crawler/repo'...
fatal: unable to access 'https://github.com/shiehnpin/crawler-data.git/': Could not resolve host: github.com

[2021-04-22T04:15:20.184] [DEBUG] Scheduler - [Release]
[2021-04-22T04:30:00.006] [DEBUG] Scheduler - [Lock]
[2021-04-22T04:30:00.007] [INFO] Scheduler - Start
[2021-04-22T04:30:00.064] [INFO] Git - clone remote git github.com/shiehnpin/crawler-data.git to /home/ubuntu/crawler/repo
[2021-04-22T04:30:00.066] [INFO] Git - cloning...
[2021-04-22T04:30:20.182] [FATAL] Scheduler - Abort GitError: Git Error: unable to exec clone from/to https://github.com/shiehnpin/crawler-data.git
    at load (/home/ubuntu/crawler/lib/repo.js:41:10)
    at runMicrotasks (<anonymous>)
    at processTicksAndRejections (internal/process/task_queues.js:97:5)
From previous Error: Cloning into '/home/ubuntu/crawler/repo'...
fatal: unable to access 'https://github.com/shiehnpin/crawler-data.git/': Could not resolve host: github.com

[2021-04-22T04:30:20.184] [DEBUG] Scheduler - [Release]
[2021-04-22T04:45:00.005] [DEBUG] Scheduler - [Lock]
[2021-04-22T04:45:00.006] [INFO] Scheduler - Start
[2021-04-22T04:45:00.065] [INFO] Git - clone remote git github.com/shiehnpin/crawler-data.git to /home/ubuntu/crawler/repo
[2021-04-22T04:45:00.067] [INFO] Git - cloning...
[2021-04-22T04:45:20.184] [FATAL] Scheduler - Abort GitError: Git Error: unable to exec clone from/to https://github.com/shiehnpin/crawler-data.git
    at load (/home/ubuntu/crawler/lib/repo.js:41:10)
    at runMicrotasks (<anonymous>)
    at processTicksAndRejections (internal/process/task_queues.js:97:5)
From previous Error: Cloning into '/home/ubuntu/crawler/repo'...
fatal: unable to access 'https://github.com/shiehnpin/crawler-data.git/': Could not resolve host: github.com

[2021-04-22T04:45:20.187] [DEBUG] Scheduler - [Release]
[2021-04-22T05:00:00.006] [DEBUG] Scheduler - [Lock]
[2021-04-22T05:00:00.007] [INFO] Scheduler - Start
[2021-04-22T05:00:00.067] [INFO] Git - clone remote git github.com/shiehnpin/crawler-data.git to /home/ubuntu/crawler/repo
[2021-04-22T05:00:00.069] [INFO] Git - cloning...
[2021-04-22T05:00:20.185] [FATAL] Scheduler - Abort GitError: Git Error: unable to exec clone from/to https://github.com/shiehnpin/crawler-data.git
    at load (/home/ubuntu/crawler/lib/repo.js:41:10)
    at runMicrotasks (<anonymous>)
    at processTicksAndRejections (internal/process/task_queues.js:97:5)
From previous Error: Cloning into '/home/ubuntu/crawler/repo'...
fatal: unable to access 'https://github.com/shiehnpin/crawler-data.git/': Could not resolve host: github.com

[2021-04-22T05:00:20.188] [DEBUG] Scheduler - [Release]
[2021-04-22T05:15:00.006] [DEBUG] Scheduler - [Lock]
[2021-04-22T05:15:00.007] [INFO] Scheduler - Start
[2021-04-22T05:15:00.065] [INFO] Git - clone remote git github.com/shiehnpin/crawler-data.git to /home/ubuntu/crawler/repo
[2021-04-22T05:15:00.066] [INFO] Git - cloning...
[2021-04-22T05:15:20.190] [FATAL] Scheduler - Abort GitError: Git Error: unable to exec clone from/to https://github.com/shiehnpin/crawler-data.git
    at load (/home/ubuntu/crawler/lib/repo.js:41:10)
    at runMicrotasks (<anonymous>)
    at processTicksAndRejections (internal/process/task_queues.js:97:5)
From previous Error: Cloning into '/home/ubuntu/crawler/repo'...
fatal: unable to access 'https://github.com/shiehnpin/crawler-data.git/': Could not resolve host: github.com

[2021-04-22T05:15:20.192] [DEBUG] Scheduler - [Release]
[2021-04-22T05:30:00.004] [DEBUG] Scheduler - [Lock]
[2021-04-22T05:30:00.006] [INFO] Scheduler - Start
[2021-04-22T05:30:00.059] [INFO] Git - clone remote git github.com/shiehnpin/crawler-data.git to /home/ubuntu/crawler/repo
[2021-04-22T05:30:00.061] [INFO] Git - cloning...
[2021-04-22T05:30:20.178] [FATAL] Scheduler - Abort GitError: Git Error: unable to exec clone from/to https://github.com/shiehnpin/crawler-data.git
    at load (/home/ubuntu/crawler/lib/repo.js:41:10)
    at runMicrotasks (<anonymous>)
    at processTicksAndRejections (internal/process/task_queues.js:97:5)
From previous Error: Cloning into '/home/ubuntu/crawler/repo'...
fatal: unable to access 'https://github.com/shiehnpin/crawler-data.git/': Could not resolve host: github.com

[2021-04-22T05:30:20.181] [DEBUG] Scheduler - [Release]
[2021-04-22T05:45:00.005] [DEBUG] Scheduler - [Lock]
[2021-04-22T05:45:00.006] [INFO] Scheduler - Start
[2021-04-22T05:45:00.070] [INFO] Git - clone remote git github.com/shiehnpin/crawler-data.git to /home/ubuntu/crawler/repo
[2021-04-22T05:45:00.071] [INFO] Git - cloning...
[2021-04-22T05:45:20.191] [FATAL] Scheduler - Abort GitError: Git Error: unable to exec clone from/to https://github.com/shiehnpin/crawler-data.git
    at load (/home/ubuntu/crawler/lib/repo.js:41:10)
    at runMicrotasks (<anonymous>)
    at processTicksAndRejections (internal/process/task_queues.js:97:5)
From previous Error: Cloning into '/home/ubuntu/crawler/repo'...
fatal: unable to access 'https://github.com/shiehnpin/crawler-data.git/': Could not resolve host: github.com

[2021-04-22T05:45:20.193] [DEBUG] Scheduler - [Release]
[2021-04-22T06:00:00.005] [DEBUG] Scheduler - [Lock]
[2021-04-22T06:00:00.006] [INFO] Scheduler - Start
[2021-04-22T06:00:00.062] [INFO] Git - clone remote git github.com/shiehnpin/crawler-data.git to /home/ubuntu/crawler/repo
[2021-04-22T06:00:00.063] [INFO] Git - cloning...
[2021-04-22T06:00:20.179] [FATAL] Scheduler - Abort GitError: Git Error: unable to exec clone from/to https://github.com/shiehnpin/crawler-data.git
    at load (/home/ubuntu/crawler/lib/repo.js:41:10)
    at runMicrotasks (<anonymous>)
    at processTicksAndRejections (internal/process/task_queues.js:97:5)
From previous Error: Cloning into '/home/ubuntu/crawler/repo'...
fatal: unable to access 'https://github.com/shiehnpin/crawler-data.git/': Could not resolve host: github.com

[2021-04-22T06:00:20.182] [DEBUG] Scheduler - [Release]
[2021-04-22T06:15:00.005] [DEBUG] Scheduler - [Lock]
[2021-04-22T06:15:00.006] [INFO] Scheduler - Start
[2021-04-22T06:15:00.066] [INFO] Git - clone remote git github.com/shiehnpin/crawler-data.git to /home/ubuntu/crawler/repo
[2021-04-22T06:15:00.068] [INFO] Git - cloning...
[2021-04-22T06:15:20.202] [FATAL] Scheduler - Abort GitError: Git Error: unable to exec clone from/to https://github.com/shiehnpin/crawler-data.git
    at load (/home/ubuntu/crawler/lib/repo.js:41:10)
    at runMicrotasks (<anonymous>)
    at processTicksAndRejections (internal/process/task_queues.js:97:5)
From previous Error: Cloning into '/home/ubuntu/crawler/repo'...
fatal: unable to access 'https://github.com/shiehnpin/crawler-data.git/': Could not resolve host: github.com

[2021-04-22T06:15:20.205] [DEBUG] Scheduler - [Release]
[2021-04-22T06:30:00.003] [DEBUG] Scheduler - [Lock]
[2021-04-22T06:30:00.004] [INFO] Scheduler - Start
[2021-04-22T06:30:00.067] [INFO] Git - clone remote git github.com/shiehnpin/crawler-data.git to /home/ubuntu/crawler/repo
[2021-04-22T06:30:00.069] [INFO] Git - cloning...
[2021-04-22T06:30:20.185] [FATAL] Scheduler - Abort GitError: Git Error: unable to exec clone from/to https://github.com/shiehnpin/crawler-data.git
    at load (/home/ubuntu/crawler/lib/repo.js:41:10)
    at runMicrotasks (<anonymous>)
    at processTicksAndRejections (internal/process/task_queues.js:97:5)
From previous Error: Cloning into '/home/ubuntu/crawler/repo'...
fatal: unable to access 'https://github.com/shiehnpin/crawler-data.git/': Could not resolve host: github.com

[2021-04-22T06:30:20.188] [DEBUG] Scheduler - [Release]
[2021-04-22T06:45:00.005] [DEBUG] Scheduler - [Lock]
[2021-04-22T06:45:00.005] [INFO] Scheduler - Start
[2021-04-22T06:45:00.062] [INFO] Git - clone remote git github.com/shiehnpin/crawler-data.git to /home/ubuntu/crawler/repo
[2021-04-22T06:45:00.064] [INFO] Git - cloning...
[2021-04-22T06:45:20.197] [FATAL] Scheduler - Abort GitError: Git Error: unable to exec clone from/to https://github.com/shiehnpin/crawler-data.git
    at load (/home/ubuntu/crawler/lib/repo.js:41:10)
    at runMicrotasks (<anonymous>)
    at processTicksAndRejections (internal/process/task_queues.js:97:5)
From previous Error: Cloning into '/home/ubuntu/crawler/repo'...
fatal: unable to access 'https://github.com/shiehnpin/crawler-data.git/': Could not resolve host: github.com

[2021-04-22T06:45:20.201] [DEBUG] Scheduler - [Release]
[2021-04-22T07:00:00.007] [DEBUG] Scheduler - [Lock]
[2021-04-22T07:00:00.008] [INFO] Scheduler - Start
[2021-04-22T07:00:00.179] [INFO] Git - clone remote git github.com/shiehnpin/crawler-data.git to /home/ubuntu/crawler/repo
[2021-04-22T07:00:00.180] [INFO] Git - cloning...
[2021-04-22T07:00:20.440] [FATAL] Scheduler - Abort GitError: Git Error: unable to exec clone from/to https://github.com/shiehnpin/crawler-data.git
    at load (/home/ubuntu/crawler/lib/repo.js:41:10)
    at runMicrotasks (<anonymous>)
    at processTicksAndRejections (internal/process/task_queues.js:97:5)
From previous Error: Cloning into '/home/ubuntu/crawler/repo'...
fatal: unable to access 'https://github.com/shiehnpin/crawler-data.git/': Could not resolve host: github.com

[2021-04-22T07:00:20.443] [DEBUG] Scheduler - [Release]
[2021-04-22T07:15:00.014] [DEBUG] Scheduler - [Lock]
[2021-04-22T07:15:00.015] [INFO] Scheduler - Start
[2021-04-22T07:15:00.072] [INFO] Git - clone remote git github.com/shiehnpin/crawler-data.git to /home/ubuntu/crawler/repo
[2021-04-22T07:15:00.074] [INFO] Git - cloning...
[2021-04-22T07:15:20.230] [FATAL] Scheduler - Abort GitError: Git Error: unable to exec clone from/to https://github.com/shiehnpin/crawler-data.git
    at load (/home/ubuntu/crawler/lib/repo.js:41:10)
    at runMicrotasks (<anonymous>)
    at processTicksAndRejections (internal/process/task_queues.js:97:5)
From previous Error: Cloning into '/home/ubuntu/crawler/repo'...
fatal: unable to access 'https://github.com/shiehnpin/crawler-data.git/': Could not resolve host: github.com

[2021-04-22T07:15:20.233] [DEBUG] Scheduler - [Release]
[2021-04-22T07:30:00.005] [DEBUG] Scheduler - [Lock]
[2021-04-22T07:30:00.006] [INFO] Scheduler - Start
[2021-04-22T07:30:00.062] [INFO] Git - clone remote git github.com/shiehnpin/crawler-data.git to /home/ubuntu/crawler/repo
[2021-04-22T07:30:00.063] [INFO] Git - cloning...
[2021-04-22T07:30:20.291] [FATAL] Scheduler - Abort GitError: Git Error: unable to exec clone from/to https://github.com/shiehnpin/crawler-data.git
    at load (/home/ubuntu/crawler/lib/repo.js:41:10)
    at runMicrotasks (<anonymous>)
    at processTicksAndRejections (internal/process/task_queues.js:97:5)
From previous Error: Cloning into '/home/ubuntu/crawler/repo'...
fatal: unable to access 'https://github.com/shiehnpin/crawler-data.git/': Could not resolve host: github.com

[2021-04-22T07:30:20.293] [DEBUG] Scheduler - [Release]
[2021-04-22T07:45:00.006] [DEBUG] Scheduler - [Lock]
[2021-04-22T07:45:00.007] [INFO] Scheduler - Start
[2021-04-22T07:45:00.066] [INFO] Git - clone remote git github.com/shiehnpin/crawler-data.git to /home/ubuntu/crawler/repo
[2021-04-22T07:45:00.068] [INFO] Git - cloning...
[2021-04-22T07:45:20.183] [FATAL] Scheduler - Abort GitError: Git Error: unable to exec clone from/to https://github.com/shiehnpin/crawler-data.git
    at load (/home/ubuntu/crawler/lib/repo.js:41:10)
    at runMicrotasks (<anonymous>)
    at processTicksAndRejections (internal/process/task_queues.js:97:5)
From previous Error: Cloning into '/home/ubuntu/crawler/repo'...
fatal: unable to access 'https://github.com/shiehnpin/crawler-data.git/': Could not resolve host: github.com

[2021-04-22T07:45:20.186] [DEBUG] Scheduler - [Release]
[2021-04-22T08:00:00.005] [DEBUG] Scheduler - [Lock]
[2021-04-22T08:00:00.008] [INFO] Scheduler - Start
[2021-04-22T08:00:00.064] [INFO] Git - clone remote git github.com/shiehnpin/crawler-data.git to /home/ubuntu/crawler/repo
[2021-04-22T08:00:00.066] [INFO] Git - cloning...
[2021-04-22T08:00:20.187] [FATAL] Scheduler - Abort GitError: Git Error: unable to exec clone from/to https://github.com/shiehnpin/crawler-data.git
    at load (/home/ubuntu/crawler/lib/repo.js:41:10)
    at runMicrotasks (<anonymous>)
    at processTicksAndRejections (internal/process/task_queues.js:97:5)
From previous Error: Cloning into '/home/ubuntu/crawler/repo'...
fatal: unable to access 'https://github.com/shiehnpin/crawler-data.git/': Could not resolve host: github.com

[2021-04-22T08:00:20.190] [DEBUG] Scheduler - [Release]
[2021-04-22T08:15:00.004] [DEBUG] Scheduler - [Lock]
[2021-04-22T08:15:00.005] [INFO] Scheduler - Start
[2021-04-22T08:15:00.063] [INFO] Git - clone remote git github.com/shiehnpin/crawler-data.git to /home/ubuntu/crawler/repo
[2021-04-22T08:15:00.064] [INFO] Git - cloning...
[2021-04-22T08:15:20.198] [FATAL] Scheduler - Abort GitError: Git Error: unable to exec clone from/to https://github.com/shiehnpin/crawler-data.git
    at load (/home/ubuntu/crawler/lib/repo.js:41:10)
    at runMicrotasks (<anonymous>)
    at processTicksAndRejections (internal/process/task_queues.js:97:5)
From previous Error: Cloning into '/home/ubuntu/crawler/repo'...
fatal: unable to access 'https://github.com/shiehnpin/crawler-data.git/': Could not resolve host: github.com

[2021-04-22T08:15:20.201] [DEBUG] Scheduler - [Release]
[2021-04-22T08:30:00.004] [DEBUG] Scheduler - [Lock]
[2021-04-22T08:30:00.005] [INFO] Scheduler - Start
[2021-04-22T08:30:00.062] [INFO] Git - clone remote git github.com/shiehnpin/crawler-data.git to /home/ubuntu/crawler/repo
[2021-04-22T08:30:00.063] [INFO] Git - cloning...
[2021-04-22T08:30:20.179] [FATAL] Scheduler - Abort GitError: Git Error: unable to exec clone from/to https://github.com/shiehnpin/crawler-data.git
    at load (/home/ubuntu/crawler/lib/repo.js:41:10)
    at runMicrotasks (<anonymous>)
    at processTicksAndRejections (internal/process/task_queues.js:97:5)
From previous Error: Cloning into '/home/ubuntu/crawler/repo'...
fatal: unable to access 'https://github.com/shiehnpin/crawler-data.git/': Could not resolve host: github.com

[2021-04-22T08:30:20.182] [DEBUG] Scheduler - [Release]
[2021-04-22T08:45:00.004] [DEBUG] Scheduler - [Lock]
[2021-04-22T08:45:00.005] [INFO] Scheduler - Start
[2021-04-22T08:45:00.080] [INFO] Git - clone remote git github.com/shiehnpin/crawler-data.git to /home/ubuntu/crawler/repo
[2021-04-22T08:45:00.082] [INFO] Git - cloning...
[2021-04-22T08:45:20.203] [FATAL] Scheduler - Abort GitError: Git Error: unable to exec clone from/to https://github.com/shiehnpin/crawler-data.git
    at load (/home/ubuntu/crawler/lib/repo.js:41:10)
    at runMicrotasks (<anonymous>)
    at processTicksAndRejections (internal/process/task_queues.js:97:5)
From previous Error: Cloning into '/home/ubuntu/crawler/repo'...
fatal: unable to access 'https://github.com/shiehnpin/crawler-data.git/': Could not resolve host: github.com

[2021-04-22T08:45:20.206] [DEBUG] Scheduler - [Release]
[2021-04-22T09:00:00.003] [DEBUG] Scheduler - [Lock]
[2021-04-22T09:00:00.005] [INFO] Scheduler - Start
[2021-04-22T09:00:00.063] [INFO] Git - clone remote git github.com/shiehnpin/crawler-data.git to /home/ubuntu/crawler/repo
[2021-04-22T09:00:00.065] [INFO] Git - cloning...
[2021-04-22T09:00:20.185] [FATAL] Scheduler - Abort GitError: Git Error: unable to exec clone from/to https://github.com/shiehnpin/crawler-data.git
    at load (/home/ubuntu/crawler/lib/repo.js:41:10)
    at runMicrotasks (<anonymous>)
    at processTicksAndRejections (internal/process/task_queues.js:97:5)
From previous Error: Cloning into '/home/ubuntu/crawler/repo'...
fatal: unable to access 'https://github.com/shiehnpin/crawler-data.git/': Could not resolve host: github.com

[2021-04-22T09:00:20.189] [DEBUG] Scheduler - [Release]
[2021-04-22T09:15:00.005] [DEBUG] Scheduler - [Lock]
[2021-04-22T09:15:00.006] [INFO] Scheduler - Start
[2021-04-22T09:15:00.062] [INFO] Git - clone remote git github.com/shiehnpin/crawler-data.git to /home/ubuntu/crawler/repo
[2021-04-22T09:15:00.063] [INFO] Git - cloning...
[2021-04-22T09:15:20.194] [FATAL] Scheduler - Abort GitError: Git Error: unable to exec clone from/to https://github.com/shiehnpin/crawler-data.git
    at load (/home/ubuntu/crawler/lib/repo.js:41:10)
    at runMicrotasks (<anonymous>)
    at processTicksAndRejections (internal/process/task_queues.js:97:5)
From previous Error: Cloning into '/home/ubuntu/crawler/repo'...
fatal: unable to access 'https://github.com/shiehnpin/crawler-data.git/': Could not resolve host: github.com

[2021-04-22T09:15:20.198] [DEBUG] Scheduler - [Release]
[2021-04-22T09:30:00.004] [DEBUG] Scheduler - [Lock]
[2021-04-22T09:30:00.005] [INFO] Scheduler - Start
[2021-04-22T09:30:00.068] [INFO] Git - clone remote git github.com/shiehnpin/crawler-data.git to /home/ubuntu/crawler/repo
[2021-04-22T09:30:00.070] [INFO] Git - cloning...
[2021-04-22T09:30:20.244] [FATAL] Scheduler - Abort GitError: Git Error: unable to exec clone from/to https://github.com/shiehnpin/crawler-data.git
    at load (/home/ubuntu/crawler/lib/repo.js:41:10)
    at runMicrotasks (<anonymous>)
    at processTicksAndRejections (internal/process/task_queues.js:97:5)
From previous Error: Cloning into '/home/ubuntu/crawler/repo'...
fatal: unable to access 'https://github.com/shiehnpin/crawler-data.git/': Could not resolve host: github.com

[2021-04-22T09:30:20.247] [DEBUG] Scheduler - [Release]
[2021-04-22T09:45:00.005] [DEBUG] Scheduler - [Lock]
[2021-04-22T09:45:00.006] [INFO] Scheduler - Start
[2021-04-22T09:45:00.063] [INFO] Git - clone remote git github.com/shiehnpin/crawler-data.git to /home/ubuntu/crawler/repo
[2021-04-22T09:45:00.064] [INFO] Git - cloning...
[2021-04-22T09:45:20.180] [FATAL] Scheduler - Abort GitError: Git Error: unable to exec clone from/to https://github.com/shiehnpin/crawler-data.git
    at load (/home/ubuntu/crawler/lib/repo.js:41:10)
    at runMicrotasks (<anonymous>)
    at processTicksAndRejections (internal/process/task_queues.js:97:5)
From previous Error: Cloning into '/home/ubuntu/crawler/repo'...
fatal: unable to access 'https://github.com/shiehnpin/crawler-data.git/': Could not resolve host: github.com

[2021-04-22T09:45:20.183] [DEBUG] Scheduler - [Release]
[2021-04-22T10:00:00.005] [DEBUG] Scheduler - [Lock]
[2021-04-22T10:00:00.006] [INFO] Scheduler - Start
[2021-04-22T10:00:00.075] [INFO] Git - clone remote git github.com/shiehnpin/crawler-data.git to /home/ubuntu/crawler/repo
[2021-04-22T10:00:00.077] [INFO] Git - cloning...
[2021-04-22T10:00:20.202] [FATAL] Scheduler - Abort GitError: Git Error: unable to exec clone from/to https://github.com/shiehnpin/crawler-data.git
    at load (/home/ubuntu/crawler/lib/repo.js:41:10)
    at runMicrotasks (<anonymous>)
    at processTicksAndRejections (internal/process/task_queues.js:97:5)
From previous Error: Cloning into '/home/ubuntu/crawler/repo'...
fatal: unable to access 'https://github.com/shiehnpin/crawler-data.git/': Could not resolve host: github.com

[2021-04-22T10:00:20.208] [DEBUG] Scheduler - [Release]
[2021-04-22T10:15:00.006] [DEBUG] Scheduler - [Lock]
[2021-04-22T10:15:00.007] [INFO] Scheduler - Start
[2021-04-22T10:15:00.062] [INFO] Git - clone remote git github.com/shiehnpin/crawler-data.git to /home/ubuntu/crawler/repo
[2021-04-22T10:15:00.064] [INFO] Git - cloning...
[2021-04-22T10:15:00.175] [FATAL] Scheduler - Abort GitError: Git Error: unable to exec clone from/to https://github.com/shiehnpin/crawler-data.git
    at load (/home/ubuntu/crawler/lib/repo.js:41:10)
    at runMicrotasks (<anonymous>)
    at processTicksAndRejections (internal/process/task_queues.js:97:5)
From previous Error: Cloning into '/home/ubuntu/crawler/repo'...
fatal: unable to access 'https://github.com/shiehnpin/crawler-data.git/': Could not resolve host: github.com

[2021-04-22T10:15:00.178] [DEBUG] Scheduler - [Release]
[2021-04-22T10:30:00.004] [DEBUG] Scheduler - [Lock]
[2021-04-22T10:30:00.004] [INFO] Scheduler - Start
[2021-04-22T10:30:00.062] [INFO] Git - clone remote git github.com/shiehnpin/crawler-data.git to /home/ubuntu/crawler/repo
[2021-04-22T10:30:00.063] [INFO] Git - cloning...
[2021-04-22T10:30:00.169] [FATAL] Scheduler - Abort GitError: Git Error: unable to exec clone from/to https://github.com/shiehnpin/crawler-data.git
    at load (/home/ubuntu/crawler/lib/repo.js:41:10)
    at runMicrotasks (<anonymous>)
    at processTicksAndRejections (internal/process/task_queues.js:97:5)
From previous Error: Cloning into '/home/ubuntu/crawler/repo'...
fatal: unable to access 'https://github.com/shiehnpin/crawler-data.git/': Could not resolve host: github.com

[2021-04-22T10:30:00.172] [DEBUG] Scheduler - [Release]
[2021-04-22T10:45:00.004] [DEBUG] Scheduler - [Lock]
[2021-04-22T10:45:00.005] [INFO] Scheduler - Start
[2021-04-22T10:45:00.062] [INFO] Git - clone remote git github.com/shiehnpin/crawler-data.git to /home/ubuntu/crawler/repo
[2021-04-22T10:45:00.064] [INFO] Git - cloning...
[2021-04-22T10:45:00.165] [FATAL] Scheduler - Abort GitError: Git Error: unable to exec clone from/to https://github.com/shiehnpin/crawler-data.git
    at load (/home/ubuntu/crawler/lib/repo.js:41:10)
    at runMicrotasks (<anonymous>)
    at processTicksAndRejections (internal/process/task_queues.js:97:5)
From previous Error: Cloning into '/home/ubuntu/crawler/repo'...
fatal: unable to access 'https://github.com/shiehnpin/crawler-data.git/': Could not resolve host: github.com

[2021-04-22T10:45:00.168] [DEBUG] Scheduler - [Release]
[2021-04-22T11:00:00.003] [DEBUG] Scheduler - [Lock]
[2021-04-22T11:00:00.004] [INFO] Scheduler - Start
[2021-04-22T11:00:00.077] [INFO] Git - clone remote git github.com/shiehnpin/crawler-data.git to /home/ubuntu/crawler/repo
[2021-04-22T11:00:00.079] [INFO] Git - cloning...
[2021-04-22T11:00:00.197] [FATAL] Scheduler - Abort GitError: Git Error: unable to exec clone from/to https://github.com/shiehnpin/crawler-data.git
    at load (/home/ubuntu/crawler/lib/repo.js:41:10)
    at runMicrotasks (<anonymous>)
    at processTicksAndRejections (internal/process/task_queues.js:97:5)
From previous Error: Cloning into '/home/ubuntu/crawler/repo'...
fatal: unable to access 'https://github.com/shiehnpin/crawler-data.git/': Could not resolve host: github.com

[2021-04-22T11:00:00.200] [DEBUG] Scheduler - [Release]
[2021-04-22T11:15:00.004] [DEBUG] Scheduler - [Lock]
[2021-04-22T11:15:00.005] [INFO] Scheduler - Start
[2021-04-22T11:15:00.063] [INFO] Git - clone remote git github.com/shiehnpin/crawler-data.git to /home/ubuntu/crawler/repo
[2021-04-22T11:15:00.064] [INFO] Git - cloning...
[2021-04-22T11:15:00.174] [FATAL] Scheduler - Abort GitError: Git Error: unable to exec clone from/to https://github.com/shiehnpin/crawler-data.git
    at load (/home/ubuntu/crawler/lib/repo.js:41:10)
    at runMicrotasks (<anonymous>)
    at processTicksAndRejections (internal/process/task_queues.js:97:5)
From previous Error: Cloning into '/home/ubuntu/crawler/repo'...
fatal: unable to access 'https://github.com/shiehnpin/crawler-data.git/': Could not resolve host: github.com

[2021-04-22T11:15:00.177] [DEBUG] Scheduler - [Release]
[2021-04-22T11:30:00.004] [DEBUG] Scheduler - [Lock]
[2021-04-22T11:30:00.005] [INFO] Scheduler - Start
[2021-04-22T11:30:00.061] [INFO] Git - clone remote git github.com/shiehnpin/crawler-data.git to /home/ubuntu/crawler/repo
[2021-04-22T11:30:00.063] [INFO] Git - cloning...
[2021-04-22T11:30:00.176] [FATAL] Scheduler - Abort GitError: Git Error: unable to exec clone from/to https://github.com/shiehnpin/crawler-data.git
    at load (/home/ubuntu/crawler/lib/repo.js:41:10)
    at runMicrotasks (<anonymous>)
    at processTicksAndRejections (internal/process/task_queues.js:97:5)
From previous Error: Cloning into '/home/ubuntu/crawler/repo'...
fatal: unable to access 'https://github.com/shiehnpin/crawler-data.git/': Could not resolve host: github.com

[2021-04-22T11:30:00.180] [DEBUG] Scheduler - [Release]
[2021-04-22T11:45:00.004] [DEBUG] Scheduler - [Lock]
[2021-04-22T11:45:00.005] [INFO] Scheduler - Start
[2021-04-22T11:45:00.094] [INFO] Git - clone remote git github.com/shiehnpin/crawler-data.git to /home/ubuntu/crawler/repo
[2021-04-22T11:45:00.096] [INFO] Git - cloning...
[2021-04-22T11:45:00.217] [FATAL] Scheduler - Abort GitError: Git Error: unable to exec clone from/to https://github.com/shiehnpin/crawler-data.git
    at load (/home/ubuntu/crawler/lib/repo.js:41:10)
    at runMicrotasks (<anonymous>)
    at processTicksAndRejections (internal/process/task_queues.js:97:5)
From previous Error: Cloning into '/home/ubuntu/crawler/repo'...
fatal: unable to access 'https://github.com/shiehnpin/crawler-data.git/': Could not resolve host: github.com

[2021-04-22T11:45:00.221] [DEBUG] Scheduler - [Release]
[2021-04-22T12:00:00.005] [DEBUG] Scheduler - [Lock]
[2021-04-22T12:00:00.006] [INFO] Scheduler - Start
[2021-04-22T12:00:00.062] [INFO] Git - clone remote git github.com/shiehnpin/crawler-data.git to /home/ubuntu/crawler/repo
[2021-04-22T12:00:00.065] [INFO] Git - cloning...
[2021-04-22T12:00:00.169] [FATAL] Scheduler - Abort GitError: Git Error: unable to exec clone from/to https://github.com/shiehnpin/crawler-data.git
    at load (/home/ubuntu/crawler/lib/repo.js:41:10)
    at runMicrotasks (<anonymous>)
    at processTicksAndRejections (internal/process/task_queues.js:97:5)
From previous Error: Cloning into '/home/ubuntu/crawler/repo'...
fatal: unable to access 'https://github.com/shiehnpin/crawler-data.git/': Could not resolve host: github.com

[2021-04-22T12:00:00.172] [DEBUG] Scheduler - [Release]
[2021-04-22T12:15:00.003] [DEBUG] Scheduler - [Lock]
[2021-04-22T12:15:00.004] [INFO] Scheduler - Start
[2021-04-22T12:15:00.057] [INFO] Git - clone remote git github.com/shiehnpin/crawler-data.git to /home/ubuntu/crawler/repo
[2021-04-22T12:15:00.059] [INFO] Git - cloning...
[2021-04-22T12:15:00.171] [FATAL] Scheduler - Abort GitError: Git Error: unable to exec clone from/to https://github.com/shiehnpin/crawler-data.git
    at load (/home/ubuntu/crawler/lib/repo.js:41:10)
    at runMicrotasks (<anonymous>)
    at processTicksAndRejections (internal/process/task_queues.js:97:5)
From previous Error: Cloning into '/home/ubuntu/crawler/repo'...
fatal: unable to access 'https://github.com/shiehnpin/crawler-data.git/': Could not resolve host: github.com

[2021-04-22T12:15:00.174] [DEBUG] Scheduler - [Release]
[2021-04-22T12:30:00.004] [DEBUG] Scheduler - [Lock]
[2021-04-22T12:30:00.005] [INFO] Scheduler - Start
[2021-04-22T12:30:00.062] [INFO] Git - clone remote git github.com/shiehnpin/crawler-data.git to /home/ubuntu/crawler/repo
[2021-04-22T12:30:00.066] [INFO] Git - cloning...
[2021-04-22T12:30:00.170] [FATAL] Scheduler - Abort GitError: Git Error: unable to exec clone from/to https://github.com/shiehnpin/crawler-data.git
    at load (/home/ubuntu/crawler/lib/repo.js:41:10)
    at runMicrotasks (<anonymous>)
    at processTicksAndRejections (internal/process/task_queues.js:97:5)
From previous Error: Cloning into '/home/ubuntu/crawler/repo'...
fatal: unable to access 'https://github.com/shiehnpin/crawler-data.git/': Could not resolve host: github.com

[2021-04-22T12:30:00.173] [DEBUG] Scheduler - [Release]
[2021-04-22T12:45:00.005] [DEBUG] Scheduler - [Lock]
[2021-04-22T12:45:00.006] [INFO] Scheduler - Start
[2021-04-22T12:45:00.062] [INFO] Git - clone remote git github.com/shiehnpin/crawler-data.git to /home/ubuntu/crawler/repo
[2021-04-22T12:45:00.064] [INFO] Git - cloning...
[2021-04-22T12:45:00.168] [FATAL] Scheduler - Abort GitError: Git Error: unable to exec clone from/to https://github.com/shiehnpin/crawler-data.git
    at load (/home/ubuntu/crawler/lib/repo.js:41:10)
    at runMicrotasks (<anonymous>)
    at processTicksAndRejections (internal/process/task_queues.js:97:5)
From previous Error: Cloning into '/home/ubuntu/crawler/repo'...
fatal: unable to access 'https://github.com/shiehnpin/crawler-data.git/': Could not resolve host: github.com

[2021-04-22T12:45:00.171] [DEBUG] Scheduler - [Release]
[2021-04-22T13:00:00.006] [DEBUG] Scheduler - [Lock]
[2021-04-22T13:00:00.007] [INFO] Scheduler - Start
[2021-04-22T13:00:00.062] [INFO] Git - clone remote git github.com/shiehnpin/crawler-data.git to /home/ubuntu/crawler/repo
[2021-04-22T13:00:00.064] [INFO] Git - cloning...
[2021-04-22T13:00:00.167] [FATAL] Scheduler - Abort GitError: Git Error: unable to exec clone from/to https://github.com/shiehnpin/crawler-data.git
    at load (/home/ubuntu/crawler/lib/repo.js:41:10)
    at runMicrotasks (<anonymous>)
    at processTicksAndRejections (internal/process/task_queues.js:97:5)
From previous Error: Cloning into '/home/ubuntu/crawler/repo'...
fatal: unable to access 'https://github.com/shiehnpin/crawler-data.git/': Could not resolve host: github.com

[2021-04-22T13:00:00.170] [DEBUG] Scheduler - [Release]
[2021-04-22T13:15:00.006] [DEBUG] Scheduler - [Lock]
[2021-04-22T13:15:00.007] [INFO] Scheduler - Start
[2021-04-22T13:15:00.063] [INFO] Git - clone remote git github.com/shiehnpin/crawler-data.git to /home/ubuntu/crawler/repo
[2021-04-22T13:15:00.066] [INFO] Git - cloning...
[2021-04-22T13:15:00.179] [FATAL] Scheduler - Abort GitError: Git Error: unable to exec clone from/to https://github.com/shiehnpin/crawler-data.git
    at load (/home/ubuntu/crawler/lib/repo.js:41:10)
    at runMicrotasks (<anonymous>)
    at processTicksAndRejections (internal/process/task_queues.js:97:5)
From previous Error: Cloning into '/home/ubuntu/crawler/repo'...
fatal: unable to access 'https://github.com/shiehnpin/crawler-data.git/': Could not resolve host: github.com

[2021-04-22T13:15:00.181] [DEBUG] Scheduler - [Release]
[2021-04-22T13:30:00.006] [DEBUG] Scheduler - [Lock]
[2021-04-22T13:30:00.007] [INFO] Scheduler - Start
[2021-04-22T13:30:00.062] [INFO] Git - clone remote git github.com/shiehnpin/crawler-data.git to /home/ubuntu/crawler/repo
[2021-04-22T13:30:00.064] [INFO] Git - cloning...
[2021-04-22T13:30:00.169] [FATAL] Scheduler - Abort GitError: Git Error: unable to exec clone from/to https://github.com/shiehnpin/crawler-data.git
    at load (/home/ubuntu/crawler/lib/repo.js:41:10)
    at runMicrotasks (<anonymous>)
    at processTicksAndRejections (internal/process/task_queues.js:97:5)
From previous Error: Cloning into '/home/ubuntu/crawler/repo'...
fatal: unable to access 'https://github.com/shiehnpin/crawler-data.git/': Could not resolve host: github.com

[2021-04-22T13:30:00.172] [DEBUG] Scheduler - [Release]
[2021-04-22T13:45:00.005] [DEBUG] Scheduler - [Lock]
[2021-04-22T13:45:00.006] [INFO] Scheduler - Start
[2021-04-22T13:45:00.067] [INFO] Git - clone remote git github.com/shiehnpin/crawler-data.git to /home/ubuntu/crawler/repo
[2021-04-22T13:45:00.069] [INFO] Git - cloning...
[2021-04-22T13:45:00.170] [FATAL] Scheduler - Abort GitError: Git Error: unable to exec clone from/to https://github.com/shiehnpin/crawler-data.git
    at load (/home/ubuntu/crawler/lib/repo.js:41:10)
    at runMicrotasks (<anonymous>)
    at processTicksAndRejections (internal/process/task_queues.js:97:5)
From previous Error: Cloning into '/home/ubuntu/crawler/repo'...
fatal: unable to access 'https://github.com/shiehnpin/crawler-data.git/': Could not resolve host: github.com

[2021-04-22T13:45:00.173] [DEBUG] Scheduler - [Release]
[2021-04-22T14:00:00.004] [DEBUG] Scheduler - [Lock]
[2021-04-22T14:00:00.004] [INFO] Scheduler - Start
[2021-04-22T14:00:00.068] [INFO] Git - clone remote git github.com/shiehnpin/crawler-data.git to /home/ubuntu/crawler/repo
[2021-04-22T14:00:00.070] [INFO] Git - cloning...
[2021-04-22T14:00:00.175] [FATAL] Scheduler - Abort GitError: Git Error: unable to exec clone from/to https://github.com/shiehnpin/crawler-data.git
    at load (/home/ubuntu/crawler/lib/repo.js:41:10)
    at runMicrotasks (<anonymous>)
    at processTicksAndRejections (internal/process/task_queues.js:97:5)
From previous Error: Cloning into '/home/ubuntu/crawler/repo'...
fatal: unable to access 'https://github.com/shiehnpin/crawler-data.git/': Could not resolve host: github.com

[2021-04-22T14:00:00.177] [DEBUG] Scheduler - [Release]
[2021-04-22T14:15:00.006] [DEBUG] Scheduler - [Lock]
[2021-04-22T14:15:00.007] [INFO] Scheduler - Start
[2021-04-22T14:15:00.064] [INFO] Git - clone remote git github.com/shiehnpin/crawler-data.git to /home/ubuntu/crawler/repo
[2021-04-22T14:15:00.066] [INFO] Git - cloning...
[2021-04-22T14:15:00.175] [FATAL] Scheduler - Abort GitError: Git Error: unable to exec clone from/to https://github.com/shiehnpin/crawler-data.git
    at load (/home/ubuntu/crawler/lib/repo.js:41:10)
    at runMicrotasks (<anonymous>)
    at processTicksAndRejections (internal/process/task_queues.js:97:5)
From previous Error: Cloning into '/home/ubuntu/crawler/repo'...
fatal: unable to access 'https://github.com/shiehnpin/crawler-data.git/': Could not resolve host: github.com

[2021-04-22T14:15:00.178] [DEBUG] Scheduler - [Release]
[2021-04-22T14:30:00.006] [DEBUG] Scheduler - [Lock]
[2021-04-22T14:30:00.007] [INFO] Scheduler - Start
[2021-04-22T14:30:00.063] [INFO] Git - clone remote git github.com/shiehnpin/crawler-data.git to /home/ubuntu/crawler/repo
[2021-04-22T14:30:00.065] [INFO] Git - cloning...
[2021-04-22T14:30:00.172] [FATAL] Scheduler - Abort GitError: Git Error: unable to exec clone from/to https://github.com/shiehnpin/crawler-data.git
    at load (/home/ubuntu/crawler/lib/repo.js:41:10)
    at runMicrotasks (<anonymous>)
    at processTicksAndRejections (internal/process/task_queues.js:97:5)
From previous Error: Cloning into '/home/ubuntu/crawler/repo'...
fatal: unable to access 'https://github.com/shiehnpin/crawler-data.git/': Could not resolve host: github.com

[2021-04-22T14:30:00.176] [DEBUG] Scheduler - [Release]
[2021-04-22T14:45:00.005] [DEBUG] Scheduler - [Lock]
[2021-04-22T14:45:00.006] [INFO] Scheduler - Start
[2021-04-22T14:45:00.235] [INFO] Git - clone remote git github.com/shiehnpin/crawler-data.git to /home/ubuntu/crawler/repo
[2021-04-22T14:45:00.237] [INFO] Git - cloning...
[2021-04-22T14:45:00.664] [FATAL] Scheduler - Abort GitError: Git Error: unable to exec clone from/to https://github.com/shiehnpin/crawler-data.git
    at load (/home/ubuntu/crawler/lib/repo.js:41:10)
    at runMicrotasks (<anonymous>)
    at processTicksAndRejections (internal/process/task_queues.js:97:5)
From previous Error: Cloning into '/home/ubuntu/crawler/repo'...
fatal: unable to access 'https://github.com/shiehnpin/crawler-data.git/': Could not resolve host: github.com

[2021-04-22T14:45:00.667] [DEBUG] Scheduler - [Release]
[2021-04-22T15:00:00.005] [DEBUG] Scheduler - [Lock]
[2021-04-22T15:00:00.006] [INFO] Scheduler - Start
[2021-04-22T15:00:00.066] [INFO] Git - clone remote git github.com/shiehnpin/crawler-data.git to /home/ubuntu/crawler/repo
[2021-04-22T15:00:00.068] [INFO] Git - cloning...
[2021-04-22T15:00:00.178] [FATAL] Scheduler - Abort GitError: Git Error: unable to exec clone from/to https://github.com/shiehnpin/crawler-data.git
    at load (/home/ubuntu/crawler/lib/repo.js:41:10)
    at runMicrotasks (<anonymous>)
    at processTicksAndRejections (internal/process/task_queues.js:97:5)
From previous Error: Cloning into '/home/ubuntu/crawler/repo'...
fatal: unable to access 'https://github.com/shiehnpin/crawler-data.git/': Could not resolve host: github.com

[2021-04-22T15:00:00.181] [DEBUG] Scheduler - [Release]
[2021-04-22T15:15:00.004] [DEBUG] Scheduler - [Lock]
[2021-04-22T15:15:00.005] [INFO] Scheduler - Start
[2021-04-22T15:15:00.071] [INFO] Git - clone remote git github.com/shiehnpin/crawler-data.git to /home/ubuntu/crawler/repo
[2021-04-22T15:15:00.073] [INFO] Git - cloning...
[2021-04-22T15:15:00.422] [FATAL] Scheduler - Abort GitError: Git Error: unable to exec clone from/to https://github.com/shiehnpin/crawler-data.git
    at load (/home/ubuntu/crawler/lib/repo.js:41:10)
    at runMicrotasks (<anonymous>)
    at processTicksAndRejections (internal/process/task_queues.js:97:5)
From previous Error: Cloning into '/home/ubuntu/crawler/repo'...
fatal: unable to access 'https://github.com/shiehnpin/crawler-data.git/': Could not resolve host: github.com

[2021-04-22T15:15:00.426] [DEBUG] Scheduler - [Release]
[2021-04-22T15:30:00.003] [DEBUG] Scheduler - [Lock]
[2021-04-22T15:30:00.004] [INFO] Scheduler - Start
[2021-04-22T15:30:00.062] [INFO] Git - clone remote git github.com/shiehnpin/crawler-data.git to /home/ubuntu/crawler/repo
[2021-04-22T15:30:00.063] [INFO] Git - cloning...
[2021-04-22T15:30:00.178] [FATAL] Scheduler - Abort GitError: Git Error: unable to exec clone from/to https://github.com/shiehnpin/crawler-data.git
    at load (/home/ubuntu/crawler/lib/repo.js:41:10)
    at runMicrotasks (<anonymous>)
    at processTicksAndRejections (internal/process/task_queues.js:97:5)
From previous Error: Cloning into '/home/ubuntu/crawler/repo'...
fatal: unable to access 'https://github.com/shiehnpin/crawler-data.git/': Could not resolve host: github.com

[2021-04-22T15:30:00.184] [DEBUG] Scheduler - [Release]
[2021-04-22T15:45:00.004] [DEBUG] Scheduler - [Lock]
[2021-04-22T15:45:00.005] [INFO] Scheduler - Start
[2021-04-22T15:45:00.062] [INFO] Git - clone remote git github.com/shiehnpin/crawler-data.git to /home/ubuntu/crawler/repo
[2021-04-22T15:45:00.064] [INFO] Git - cloning...
[2021-04-22T15:45:00.167] [FATAL] Scheduler - Abort GitError: Git Error: unable to exec clone from/to https://github.com/shiehnpin/crawler-data.git
    at load (/home/ubuntu/crawler/lib/repo.js:41:10)
    at runMicrotasks (<anonymous>)
    at processTicksAndRejections (internal/process/task_queues.js:97:5)
From previous Error: Cloning into '/home/ubuntu/crawler/repo'...
fatal: unable to access 'https://github.com/shiehnpin/crawler-data.git/': Could not resolve host: github.com

[2021-04-22T15:45:00.173] [DEBUG] Scheduler - [Release]
[2021-04-22T16:00:00.004] [DEBUG] Scheduler - [Lock]
[2021-04-22T16:00:00.005] [INFO] Scheduler - Start
[2021-04-22T16:00:00.061] [INFO] Git - clone remote git github.com/shiehnpin/crawler-data.git to /home/ubuntu/crawler/repo
[2021-04-22T16:00:00.063] [INFO] Git - cloning...
[2021-04-22T16:00:00.166] [FATAL] Scheduler - Abort GitError: Git Error: unable to exec clone from/to https://github.com/shiehnpin/crawler-data.git
    at load (/home/ubuntu/crawler/lib/repo.js:41:10)
    at runMicrotasks (<anonymous>)
    at processTicksAndRejections (internal/process/task_queues.js:97:5)
From previous Error: Cloning into '/home/ubuntu/crawler/repo'...
fatal: unable to access 'https://github.com/shiehnpin/crawler-data.git/': Could not resolve host: github.com

[2021-04-22T16:00:00.169] [DEBUG] Scheduler - [Release]
[2021-04-22T16:15:00.004] [DEBUG] Scheduler - [Lock]
[2021-04-22T16:15:00.005] [INFO] Scheduler - Start
[2021-04-22T16:15:00.059] [INFO] Git - clone remote git github.com/shiehnpin/crawler-data.git to /home/ubuntu/crawler/repo
[2021-04-22T16:15:00.061] [INFO] Git - cloning...
[2021-04-22T16:15:00.175] [FATAL] Scheduler - Abort GitError: Git Error: unable to exec clone from/to https://github.com/shiehnpin/crawler-data.git
    at load (/home/ubuntu/crawler/lib/repo.js:41:10)
    at runMicrotasks (<anonymous>)
    at processTicksAndRejections (internal/process/task_queues.js:97:5)
From previous Error: Cloning into '/home/ubuntu/crawler/repo'...
fatal: unable to access 'https://github.com/shiehnpin/crawler-data.git/': Could not resolve host: github.com

[2021-04-22T16:15:00.177] [DEBUG] Scheduler - [Release]
[2021-04-22T16:30:00.005] [DEBUG] Scheduler - [Lock]
[2021-04-22T16:30:00.006] [INFO] Scheduler - Start
[2021-04-22T16:30:01.816] [INFO] Git - clone remote git github.com/shiehnpin/crawler-data.git to /home/ubuntu/crawler/repo
[2021-04-22T16:30:01.818] [INFO] Git - cloning...
[2021-04-22T16:30:01.941] [FATAL] Scheduler - Abort GitError: Git Error: unable to exec clone from/to https://github.com/shiehnpin/crawler-data.git
    at load (/home/ubuntu/crawler/lib/repo.js:41:10)
    at runMicrotasks (<anonymous>)
    at processTicksAndRejections (internal/process/task_queues.js:97:5)
From previous Error: Cloning into '/home/ubuntu/crawler/repo'...
fatal: unable to access 'https://github.com/shiehnpin/crawler-data.git/': Could not resolve host: github.com

[2021-04-22T16:30:01.943] [DEBUG] Scheduler - [Release]
[2021-04-22T16:45:00.005] [DEBUG] Scheduler - [Lock]
[2021-04-22T16:45:00.006] [INFO] Scheduler - Start
[2021-04-22T16:45:00.062] [INFO] Git - clone remote git github.com/shiehnpin/crawler-data.git to /home/ubuntu/crawler/repo
[2021-04-22T16:45:00.064] [INFO] Git - cloning...
[2021-04-22T16:45:00.178] [FATAL] Scheduler - Abort GitError: Git Error: unable to exec clone from/to https://github.com/shiehnpin/crawler-data.git
    at load (/home/ubuntu/crawler/lib/repo.js:41:10)
    at runMicrotasks (<anonymous>)
    at processTicksAndRejections (internal/process/task_queues.js:97:5)
From previous Error: Cloning into '/home/ubuntu/crawler/repo'...
fatal: unable to access 'https://github.com/shiehnpin/crawler-data.git/': Could not resolve host: github.com

[2021-04-22T16:45:00.181] [DEBUG] Scheduler - [Release]
[2021-04-22T17:00:00.003] [DEBUG] Scheduler - [Lock]
[2021-04-22T17:00:00.004] [INFO] Scheduler - Start
[2021-04-22T17:00:00.065] [INFO] Git - clone remote git github.com/shiehnpin/crawler-data.git to /home/ubuntu/crawler/repo
[2021-04-22T17:00:00.067] [INFO] Git - cloning...
[2021-04-22T17:00:00.179] [FATAL] Scheduler - Abort GitError: Git Error: unable to exec clone from/to https://github.com/shiehnpin/crawler-data.git
    at load (/home/ubuntu/crawler/lib/repo.js:41:10)
    at runMicrotasks (<anonymous>)
    at processTicksAndRejections (internal/process/task_queues.js:97:5)
From previous Error: Cloning into '/home/ubuntu/crawler/repo'...
fatal: unable to access 'https://github.com/shiehnpin/crawler-data.git/': Could not resolve host: github.com

[2021-04-22T17:00:00.182] [DEBUG] Scheduler - [Release]
[2021-04-22T17:15:00.005] [DEBUG] Scheduler - [Lock]
[2021-04-22T17:15:00.006] [INFO] Scheduler - Start
[2021-04-22T17:15:00.061] [INFO] Git - clone remote git github.com/shiehnpin/crawler-data.git to /home/ubuntu/crawler/repo
[2021-04-22T17:15:00.063] [INFO] Git - cloning...
[2021-04-22T17:15:00.171] [FATAL] Scheduler - Abort GitError: Git Error: unable to exec clone from/to https://github.com/shiehnpin/crawler-data.git
    at load (/home/ubuntu/crawler/lib/repo.js:41:10)
    at runMicrotasks (<anonymous>)
    at processTicksAndRejections (internal/process/task_queues.js:97:5)
From previous Error: Cloning into '/home/ubuntu/crawler/repo'...
fatal: unable to access 'https://github.com/shiehnpin/crawler-data.git/': Could not resolve host: github.com

[2021-04-22T17:15:00.174] [DEBUG] Scheduler - [Release]
[2021-04-22T17:30:00.006] [DEBUG] Scheduler - [Lock]
[2021-04-22T17:30:00.007] [INFO] Scheduler - Start
[2021-04-22T17:30:00.077] [INFO] Git - clone remote git github.com/shiehnpin/crawler-data.git to /home/ubuntu/crawler/repo
[2021-04-22T17:30:00.078] [INFO] Git - cloning...
[2021-04-22T17:30:00.198] [FATAL] Scheduler - Abort GitError: Git Error: unable to exec clone from/to https://github.com/shiehnpin/crawler-data.git
    at load (/home/ubuntu/crawler/lib/repo.js:41:10)
    at runMicrotasks (<anonymous>)
    at processTicksAndRejections (internal/process/task_queues.js:97:5)
From previous Error: Cloning into '/home/ubuntu/crawler/repo'...
fatal: unable to access 'https://github.com/shiehnpin/crawler-data.git/': Could not resolve host: github.com

[2021-04-22T17:30:00.201] [DEBUG] Scheduler - [Release]
[2021-04-22T17:45:00.004] [DEBUG] Scheduler - [Lock]
[2021-04-22T17:45:00.005] [INFO] Scheduler - Start
[2021-04-22T17:45:00.060] [INFO] Git - clone remote git github.com/shiehnpin/crawler-data.git to /home/ubuntu/crawler/repo
[2021-04-22T17:45:00.062] [INFO] Git - cloning...
[2021-04-22T17:45:00.171] [FATAL] Scheduler - Abort GitError: Git Error: unable to exec clone from/to https://github.com/shiehnpin/crawler-data.git
    at load (/home/ubuntu/crawler/lib/repo.js:41:10)
    at runMicrotasks (<anonymous>)
    at processTicksAndRejections (internal/process/task_queues.js:97:5)
From previous Error: Cloning into '/home/ubuntu/crawler/repo'...
fatal: unable to access 'https://github.com/shiehnpin/crawler-data.git/': Could not resolve host: github.com

[2021-04-22T17:45:00.173] [DEBUG] Scheduler - [Release]
[2021-04-22T18:00:00.003] [DEBUG] Scheduler - [Lock]
[2021-04-22T18:00:00.004] [INFO] Scheduler - Start
[2021-04-22T18:00:00.061] [INFO] Git - clone remote git github.com/shiehnpin/crawler-data.git to /home/ubuntu/crawler/repo
[2021-04-22T18:00:00.062] [INFO] Git - cloning...
[2021-04-22T18:00:00.168] [FATAL] Scheduler - Abort GitError: Git Error: unable to exec clone from/to https://github.com/shiehnpin/crawler-data.git
    at load (/home/ubuntu/crawler/lib/repo.js:41:10)
    at runMicrotasks (<anonymous>)
    at processTicksAndRejections (internal/process/task_queues.js:97:5)
From previous Error: Cloning into '/home/ubuntu/crawler/repo'...
fatal: unable to access 'https://github.com/shiehnpin/crawler-data.git/': Could not resolve host: github.com

[2021-04-22T18:00:00.171] [DEBUG] Scheduler - [Release]
[2021-04-22T18:15:00.003] [DEBUG] Scheduler - [Lock]
[2021-04-22T18:15:00.004] [INFO] Scheduler - Start
[2021-04-22T18:15:00.081] [INFO] Git - clone remote git github.com/shiehnpin/crawler-data.git to /home/ubuntu/crawler/repo
[2021-04-22T18:15:00.083] [INFO] Git - cloning...
[2021-04-22T18:15:00.192] [FATAL] Scheduler - Abort GitError: Git Error: unable to exec clone from/to https://github.com/shiehnpin/crawler-data.git
    at load (/home/ubuntu/crawler/lib/repo.js:41:10)
    at runMicrotasks (<anonymous>)
    at processTicksAndRejections (internal/process/task_queues.js:97:5)
From previous Error: Cloning into '/home/ubuntu/crawler/repo'...
fatal: unable to access 'https://github.com/shiehnpin/crawler-data.git/': Could not resolve host: github.com

[2021-04-22T18:15:00.195] [DEBUG] Scheduler - [Release]
[2021-04-22T18:30:00.003] [DEBUG] Scheduler - [Lock]
[2021-04-22T18:30:00.004] [INFO] Scheduler - Start
[2021-04-22T18:30:00.060] [INFO] Git - clone remote git github.com/shiehnpin/crawler-data.git to /home/ubuntu/crawler/repo
[2021-04-22T18:30:00.062] [INFO] Git - cloning...
[2021-04-22T18:30:00.171] [FATAL] Scheduler - Abort GitError: Git Error: unable to exec clone from/to https://github.com/shiehnpin/crawler-data.git
    at load (/home/ubuntu/crawler/lib/repo.js:41:10)
    at runMicrotasks (<anonymous>)
    at processTicksAndRejections (internal/process/task_queues.js:97:5)
From previous Error: Cloning into '/home/ubuntu/crawler/repo'...
fatal: unable to access 'https://github.com/shiehnpin/crawler-data.git/': Could not resolve host: github.com

[2021-04-22T18:30:00.174] [DEBUG] Scheduler - [Release]
[2021-04-22T18:45:00.003] [DEBUG] Scheduler - [Lock]
[2021-04-22T18:45:00.026] [INFO] Scheduler - Start
[2021-04-22T18:45:00.090] [INFO] Git - clone remote git github.com/shiehnpin/crawler-data.git to /home/ubuntu/crawler/repo
[2021-04-22T18:45:00.093] [INFO] Git - cloning...
[2021-04-22T18:45:00.197] [FATAL] Scheduler - Abort GitError: Git Error: unable to exec clone from/to https://github.com/shiehnpin/crawler-data.git
    at load (/home/ubuntu/crawler/lib/repo.js:41:10)
    at runMicrotasks (<anonymous>)
    at processTicksAndRejections (internal/process/task_queues.js:97:5)
From previous Error: Cloning into '/home/ubuntu/crawler/repo'...
fatal: unable to access 'https://github.com/shiehnpin/crawler-data.git/': Could not resolve host: github.com

[2021-04-22T18:45:00.199] [DEBUG] Scheduler - [Release]
[2021-04-22T19:00:00.003] [DEBUG] Scheduler - [Lock]
[2021-04-22T19:00:00.004] [INFO] Scheduler - Start
[2021-04-22T19:00:00.062] [INFO] Git - clone remote git github.com/shiehnpin/crawler-data.git to /home/ubuntu/crawler/repo
[2021-04-22T19:00:00.063] [INFO] Git - cloning...
[2021-04-22T19:00:00.174] [FATAL] Scheduler - Abort GitError: Git Error: unable to exec clone from/to https://github.com/shiehnpin/crawler-data.git
    at load (/home/ubuntu/crawler/lib/repo.js:41:10)
    at runMicrotasks (<anonymous>)
    at processTicksAndRejections (internal/process/task_queues.js:97:5)
From previous Error: Cloning into '/home/ubuntu/crawler/repo'...
fatal: unable to access 'https://github.com/shiehnpin/crawler-data.git/': Could not resolve host: github.com

[2021-04-22T19:00:00.177] [DEBUG] Scheduler - [Release]
[2021-04-22T19:15:00.003] [DEBUG] Scheduler - [Lock]
[2021-04-22T19:15:00.004] [INFO] Scheduler - Start
[2021-04-22T19:15:00.062] [INFO] Git - clone remote git github.com/shiehnpin/crawler-data.git to /home/ubuntu/crawler/repo
[2021-04-22T19:15:00.064] [INFO] Git - cloning...
[2021-04-22T19:15:00.172] [FATAL] Scheduler - Abort GitError: Git Error: unable to exec clone from/to https://github.com/shiehnpin/crawler-data.git
    at load (/home/ubuntu/crawler/lib/repo.js:41:10)
    at runMicrotasks (<anonymous>)
    at processTicksAndRejections (internal/process/task_queues.js:97:5)
From previous Error: Cloning into '/home/ubuntu/crawler/repo'...
fatal: unable to access 'https://github.com/shiehnpin/crawler-data.git/': Could not resolve host: github.com

[2021-04-22T19:15:00.175] [DEBUG] Scheduler - [Release]
[2021-04-22T19:30:00.003] [DEBUG] Scheduler - [Lock]
[2021-04-22T19:30:00.004] [INFO] Scheduler - Start
[2021-04-22T19:30:00.060] [INFO] Git - clone remote git github.com/shiehnpin/crawler-data.git to /home/ubuntu/crawler/repo
[2021-04-22T19:30:00.062] [INFO] Git - cloning...
[2021-04-22T19:30:00.168] [FATAL] Scheduler - Abort GitError: Git Error: unable to exec clone from/to https://github.com/shiehnpin/crawler-data.git
    at load (/home/ubuntu/crawler/lib/repo.js:41:10)
    at runMicrotasks (<anonymous>)
    at processTicksAndRejections (internal/process/task_queues.js:97:5)
From previous Error: Cloning into '/home/ubuntu/crawler/repo'...
fatal: unable to access 'https://github.com/shiehnpin/crawler-data.git/': Could not resolve host: github.com

[2021-04-22T19:30:00.171] [DEBUG] Scheduler - [Release]
[2021-04-22T19:45:00.005] [DEBUG] Scheduler - [Lock]
[2021-04-22T19:45:00.006] [INFO] Scheduler - Start
[2021-04-22T19:45:00.062] [INFO] Git - clone remote git github.com/shiehnpin/crawler-data.git to /home/ubuntu/crawler/repo
[2021-04-22T19:45:00.064] [INFO] Git - cloning...
[2021-04-22T19:45:00.170] [FATAL] Scheduler - Abort GitError: Git Error: unable to exec clone from/to https://github.com/shiehnpin/crawler-data.git
    at load (/home/ubuntu/crawler/lib/repo.js:41:10)
    at runMicrotasks (<anonymous>)
    at processTicksAndRejections (internal/process/task_queues.js:97:5)
From previous Error: Cloning into '/home/ubuntu/crawler/repo'...
fatal: unable to access 'https://github.com/shiehnpin/crawler-data.git/': Could not resolve host: github.com

[2021-04-22T19:45:00.174] [DEBUG] Scheduler - [Release]
[2021-04-22T20:00:00.005] [DEBUG] Scheduler - [Lock]
[2021-04-22T20:00:00.006] [INFO] Scheduler - Start
[2021-04-22T20:00:00.069] [INFO] Git - clone remote git github.com/shiehnpin/crawler-data.git to /home/ubuntu/crawler/repo
[2021-04-22T20:00:00.071] [INFO] Git - cloning...
[2021-04-22T20:00:00.179] [FATAL] Scheduler - Abort GitError: Git Error: unable to exec clone from/to https://github.com/shiehnpin/crawler-data.git
    at load (/home/ubuntu/crawler/lib/repo.js:41:10)
    at runMicrotasks (<anonymous>)
    at processTicksAndRejections (internal/process/task_queues.js:97:5)
From previous Error: Cloning into '/home/ubuntu/crawler/repo'...
fatal: unable to access 'https://github.com/shiehnpin/crawler-data.git/': Could not resolve host: github.com

[2021-04-22T20:00:00.182] [DEBUG] Scheduler - [Release]
[2021-04-22T20:15:00.004] [DEBUG] Scheduler - [Lock]
[2021-04-22T20:15:00.005] [INFO] Scheduler - Start
[2021-04-22T20:15:00.061] [INFO] Git - clone remote git github.com/shiehnpin/crawler-data.git to /home/ubuntu/crawler/repo
[2021-04-22T20:15:00.063] [INFO] Git - cloning...
[2021-04-22T20:15:00.185] [FATAL] Scheduler - Abort GitError: Git Error: unable to exec clone from/to https://github.com/shiehnpin/crawler-data.git
    at load (/home/ubuntu/crawler/lib/repo.js:41:10)
    at runMicrotasks (<anonymous>)
    at processTicksAndRejections (internal/process/task_queues.js:97:5)
From previous Error: Cloning into '/home/ubuntu/crawler/repo'...
fatal: unable to access 'https://github.com/shiehnpin/crawler-data.git/': Could not resolve host: github.com

[2021-04-22T20:15:00.188] [DEBUG] Scheduler - [Release]
[2021-04-22T20:30:00.005] [DEBUG] Scheduler - [Lock]
[2021-04-22T20:30:00.006] [INFO] Scheduler - Start
[2021-04-22T20:30:00.062] [INFO] Git - clone remote git github.com/shiehnpin/crawler-data.git to /home/ubuntu/crawler/repo
[2021-04-22T20:30:00.064] [INFO] Git - cloning...
[2021-04-22T20:30:00.183] [FATAL] Scheduler - Abort GitError: Git Error: unable to exec clone from/to https://github.com/shiehnpin/crawler-data.git
    at load (/home/ubuntu/crawler/lib/repo.js:41:10)
    at runMicrotasks (<anonymous>)
    at processTicksAndRejections (internal/process/task_queues.js:97:5)
From previous Error: Cloning into '/home/ubuntu/crawler/repo'...
fatal: unable to access 'https://github.com/shiehnpin/crawler-data.git/': Could not resolve host: github.com

[2021-04-22T20:30:00.187] [DEBUG] Scheduler - [Release]
[2021-04-22T20:45:00.005] [DEBUG] Scheduler - [Lock]
[2021-04-22T20:45:00.006] [INFO] Scheduler - Start
[2021-04-22T20:45:00.062] [INFO] Git - clone remote git github.com/shiehnpin/crawler-data.git to /home/ubuntu/crawler/repo
[2021-04-22T20:45:00.064] [INFO] Git - cloning...
[2021-04-22T20:45:00.172] [FATAL] Scheduler - Abort GitError: Git Error: unable to exec clone from/to https://github.com/shiehnpin/crawler-data.git
    at load (/home/ubuntu/crawler/lib/repo.js:41:10)
    at runMicrotasks (<anonymous>)
    at processTicksAndRejections (internal/process/task_queues.js:97:5)
From previous Error: Cloning into '/home/ubuntu/crawler/repo'...
fatal: unable to access 'https://github.com/shiehnpin/crawler-data.git/': Could not resolve host: github.com

[2021-04-22T20:45:00.174] [DEBUG] Scheduler - [Release]
[2021-04-22T21:00:00.006] [DEBUG] Scheduler - [Lock]
[2021-04-22T21:00:00.007] [INFO] Scheduler - Start
[2021-04-22T21:00:00.064] [INFO] Git - clone remote git github.com/shiehnpin/crawler-data.git to /home/ubuntu/crawler/repo
[2021-04-22T21:00:00.066] [INFO] Git - cloning...
[2021-04-22T21:00:00.170] [FATAL] Scheduler - Abort GitError: Git Error: unable to exec clone from/to https://github.com/shiehnpin/crawler-data.git
    at load (/home/ubuntu/crawler/lib/repo.js:41:10)
    at runMicrotasks (<anonymous>)
    at processTicksAndRejections (internal/process/task_queues.js:97:5)
From previous Error: Cloning into '/home/ubuntu/crawler/repo'...
fatal: unable to access 'https://github.com/shiehnpin/crawler-data.git/': Could not resolve host: github.com

[2021-04-22T21:00:00.173] [DEBUG] Scheduler - [Release]
[2021-04-22T21:15:00.007] [DEBUG] Scheduler - [Lock]
[2021-04-22T21:15:00.009] [INFO] Scheduler - Start
[2021-04-22T21:15:00.080] [INFO] Git - clone remote git github.com/shiehnpin/crawler-data.git to /home/ubuntu/crawler/repo
[2021-04-22T21:15:00.082] [INFO] Git - cloning...
[2021-04-22T21:15:00.192] [FATAL] Scheduler - Abort GitError: Git Error: unable to exec clone from/to https://github.com/shiehnpin/crawler-data.git
    at load (/home/ubuntu/crawler/lib/repo.js:41:10)
    at runMicrotasks (<anonymous>)
    at processTicksAndRejections (internal/process/task_queues.js:97:5)
From previous Error: Cloning into '/home/ubuntu/crawler/repo'...
fatal: unable to access 'https://github.com/shiehnpin/crawler-data.git/': Could not resolve host: github.com

[2021-04-22T21:15:00.195] [DEBUG] Scheduler - [Release]
[2021-04-22T21:30:00.004] [DEBUG] Scheduler - [Lock]
[2021-04-22T21:30:00.006] [INFO] Scheduler - Start
[2021-04-22T21:30:00.061] [INFO] Git - clone remote git github.com/shiehnpin/crawler-data.git to /home/ubuntu/crawler/repo
[2021-04-22T21:30:00.063] [INFO] Git - cloning...
[2021-04-22T21:30:00.165] [FATAL] Scheduler - Abort GitError: Git Error: unable to exec clone from/to https://github.com/shiehnpin/crawler-data.git
    at load (/home/ubuntu/crawler/lib/repo.js:41:10)
    at runMicrotasks (<anonymous>)
    at processTicksAndRejections (internal/process/task_queues.js:97:5)
From previous Error: Cloning into '/home/ubuntu/crawler/repo'...
fatal: unable to access 'https://github.com/shiehnpin/crawler-data.git/': Could not resolve host: github.com

[2021-04-22T21:30:00.169] [DEBUG] Scheduler - [Release]
[2021-04-22T21:45:00.003] [DEBUG] Scheduler - [Lock]
[2021-04-22T21:45:00.004] [INFO] Scheduler - Start
[2021-04-22T21:45:00.060] [INFO] Git - clone remote git github.com/shiehnpin/crawler-data.git to /home/ubuntu/crawler/repo
[2021-04-22T21:45:00.062] [INFO] Git - cloning...
[2021-04-22T21:45:00.168] [FATAL] Scheduler - Abort GitError: Git Error: unable to exec clone from/to https://github.com/shiehnpin/crawler-data.git
    at load (/home/ubuntu/crawler/lib/repo.js:41:10)
    at runMicrotasks (<anonymous>)
    at processTicksAndRejections (internal/process/task_queues.js:97:5)
From previous Error: Cloning into '/home/ubuntu/crawler/repo'...
fatal: unable to access 'https://github.com/shiehnpin/crawler-data.git/': Could not resolve host: github.com

[2021-04-22T21:45:00.171] [DEBUG] Scheduler - [Release]
[2021-04-22T22:00:00.005] [DEBUG] Scheduler - [Lock]
[2021-04-22T22:00:00.006] [INFO] Scheduler - Start
[2021-04-22T22:00:00.062] [INFO] Git - clone remote git github.com/shiehnpin/crawler-data.git to /home/ubuntu/crawler/repo
[2021-04-22T22:00:00.063] [INFO] Git - cloning...
[2021-04-22T22:00:00.178] [FATAL] Scheduler - Abort GitError: Git Error: unable to exec clone from/to https://github.com/shiehnpin/crawler-data.git
    at load (/home/ubuntu/crawler/lib/repo.js:41:10)
    at runMicrotasks (<anonymous>)
    at processTicksAndRejections (internal/process/task_queues.js:97:5)
From previous Error: Cloning into '/home/ubuntu/crawler/repo'...
fatal: unable to access 'https://github.com/shiehnpin/crawler-data.git/': Could not resolve host: github.com

[2021-04-22T22:00:00.181] [DEBUG] Scheduler - [Release]
[2021-04-22T22:15:00.005] [DEBUG] Scheduler - [Lock]
[2021-04-22T22:15:00.006] [INFO] Scheduler - Start
[2021-04-22T22:15:00.062] [INFO] Git - clone remote git github.com/shiehnpin/crawler-data.git to /home/ubuntu/crawler/repo
[2021-04-22T22:15:00.064] [INFO] Git - cloning...
[2021-04-22T22:15:00.173] [FATAL] Scheduler - Abort GitError: Git Error: unable to exec clone from/to https://github.com/shiehnpin/crawler-data.git
    at load (/home/ubuntu/crawler/lib/repo.js:41:10)
    at runMicrotasks (<anonymous>)
    at processTicksAndRejections (internal/process/task_queues.js:97:5)
From previous Error: Cloning into '/home/ubuntu/crawler/repo'...
fatal: unable to access 'https://github.com/shiehnpin/crawler-data.git/': Could not resolve host: github.com

[2021-04-22T22:15:00.175] [DEBUG] Scheduler - [Release]
[2021-04-22T22:30:00.006] [DEBUG] Scheduler - [Lock]
[2021-04-22T22:30:00.007] [INFO] Scheduler - Start
[2021-04-22T22:30:00.065] [INFO] Git - clone remote git github.com/shiehnpin/crawler-data.git to /home/ubuntu/crawler/repo
[2021-04-22T22:30:00.066] [INFO] Git - cloning...
[2021-04-22T22:30:00.175] [FATAL] Scheduler - Abort GitError: Git Error: unable to exec clone from/to https://github.com/shiehnpin/crawler-data.git
    at load (/home/ubuntu/crawler/lib/repo.js:41:10)
    at runMicrotasks (<anonymous>)
    at processTicksAndRejections (internal/process/task_queues.js:97:5)
From previous Error: Cloning into '/home/ubuntu/crawler/repo'...
fatal: unable to access 'https://github.com/shiehnpin/crawler-data.git/': Could not resolve host: github.com

[2021-04-22T22:30:00.178] [DEBUG] Scheduler - [Release]
[2021-04-22T22:45:00.004] [DEBUG] Scheduler - [Lock]
[2021-04-22T22:45:00.005] [INFO] Scheduler - Start
[2021-04-22T22:45:00.062] [INFO] Git - clone remote git github.com/shiehnpin/crawler-data.git to /home/ubuntu/crawler/repo
[2021-04-22T22:45:00.064] [INFO] Git - cloning...
[2021-04-22T22:45:00.171] [FATAL] Scheduler - Abort GitError: Git Error: unable to exec clone from/to https://github.com/shiehnpin/crawler-data.git
    at load (/home/ubuntu/crawler/lib/repo.js:41:10)
    at runMicrotasks (<anonymous>)
    at processTicksAndRejections (internal/process/task_queues.js:97:5)
From previous Error: Cloning into '/home/ubuntu/crawler/repo'...
fatal: unable to access 'https://github.com/shiehnpin/crawler-data.git/': Could not resolve host: github.com

[2021-04-22T22:45:00.174] [DEBUG] Scheduler - [Release]
[2021-04-22T23:00:00.005] [DEBUG] Scheduler - [Lock]
[2021-04-22T23:00:00.006] [INFO] Scheduler - Start
[2021-04-22T23:00:00.066] [INFO] Git - clone remote git github.com/shiehnpin/crawler-data.git to /home/ubuntu/crawler/repo
[2021-04-22T23:00:00.068] [INFO] Git - cloning...
[2021-04-22T23:00:00.176] [FATAL] Scheduler - Abort GitError: Git Error: unable to exec clone from/to https://github.com/shiehnpin/crawler-data.git
    at load (/home/ubuntu/crawler/lib/repo.js:41:10)
    at runMicrotasks (<anonymous>)
    at processTicksAndRejections (internal/process/task_queues.js:97:5)
From previous Error: Cloning into '/home/ubuntu/crawler/repo'...
fatal: unable to access 'https://github.com/shiehnpin/crawler-data.git/': Could not resolve host: github.com

[2021-04-22T23:00:00.178] [DEBUG] Scheduler - [Release]
[2021-04-22T23:15:00.006] [DEBUG] Scheduler - [Lock]
[2021-04-22T23:15:00.007] [INFO] Scheduler - Start
[2021-04-22T23:15:00.063] [INFO] Git - clone remote git github.com/shiehnpin/crawler-data.git to /home/ubuntu/crawler/repo
[2021-04-22T23:15:00.065] [INFO] Git - cloning...
[2021-04-22T23:15:00.172] [FATAL] Scheduler - Abort GitError: Git Error: unable to exec clone from/to https://github.com/shiehnpin/crawler-data.git
    at load (/home/ubuntu/crawler/lib/repo.js:41:10)
    at runMicrotasks (<anonymous>)
    at processTicksAndRejections (internal/process/task_queues.js:97:5)
From previous Error: Cloning into '/home/ubuntu/crawler/repo'...
fatal: unable to access 'https://github.com/shiehnpin/crawler-data.git/': Could not resolve host: github.com

[2021-04-22T23:15:00.176] [DEBUG] Scheduler - [Release]
[2021-04-22T23:30:00.005] [DEBUG] Scheduler - [Lock]
[2021-04-22T23:30:00.006] [INFO] Scheduler - Start
[2021-04-22T23:30:00.062] [INFO] Git - clone remote git github.com/shiehnpin/crawler-data.git to /home/ubuntu/crawler/repo
[2021-04-22T23:30:00.063] [INFO] Git - cloning...
[2021-04-22T23:30:00.190] [FATAL] Scheduler - Abort GitError: Git Error: unable to exec clone from/to https://github.com/shiehnpin/crawler-data.git
    at load (/home/ubuntu/crawler/lib/repo.js:41:10)
    at runMicrotasks (<anonymous>)
    at processTicksAndRejections (internal/process/task_queues.js:97:5)
From previous Error: Cloning into '/home/ubuntu/crawler/repo'...
fatal: unable to access 'https://github.com/shiehnpin/crawler-data.git/': Could not resolve host: github.com

[2021-04-22T23:30:00.193] [DEBUG] Scheduler - [Release]
[2021-04-22T23:45:00.006] [DEBUG] Scheduler - [Lock]
[2021-04-22T23:45:00.007] [INFO] Scheduler - Start
[2021-04-22T23:45:00.070] [INFO] Git - clone remote git github.com/shiehnpin/crawler-data.git to /home/ubuntu/crawler/repo
[2021-04-22T23:45:00.072] [INFO] Git - cloning...
[2021-04-22T23:45:00.175] [FATAL] Scheduler - Abort GitError: Git Error: unable to exec clone from/to https://github.com/shiehnpin/crawler-data.git
    at load (/home/ubuntu/crawler/lib/repo.js:41:10)
    at runMicrotasks (<anonymous>)
    at processTicksAndRejections (internal/process/task_queues.js:97:5)
From previous Error: Cloning into '/home/ubuntu/crawler/repo'...
fatal: unable to access 'https://github.com/shiehnpin/crawler-data.git/': Could not resolve host: github.com

[2021-04-22T23:45:00.178] [DEBUG] Scheduler - [Release]
