[2021-04-23T00:00:00.003] [DEBUG] Scheduler - [Lock]
[2021-04-23T00:00:00.005] [INFO] Scheduler - Start
[2021-04-23T00:00:00.103] [INFO] Git - clone remote git github.com/shiehnpin/crawler-data.git to /home/ubuntu/crawler/repo
[2021-04-23T00:00:00.104] [INFO] Git - cloning...
[2021-04-23T00:00:00.237] [FATAL] Scheduler - Abort GitError: Git Error: unable to exec clone from/to https://github.com/shiehnpin/crawler-data.git
    at load (/home/ubuntu/crawler/lib/repo.js:41:10)
    at runMicrotasks (<anonymous>)
    at processTicksAndRejections (internal/process/task_queues.js:97:5)
From previous Error: Cloning into '/home/ubuntu/crawler/repo'...
fatal: unable to access 'https://github.com/shiehnpin/crawler-data.git/': Could not resolve host: github.com

[2021-04-23T00:00:00.241] [DEBUG] Scheduler - [Release]
[2021-04-23T00:15:00.006] [DEBUG] Scheduler - [Lock]
[2021-04-23T00:15:00.007] [INFO] Scheduler - Start
[2021-04-23T00:15:00.066] [INFO] Git - clone remote git github.com/shiehnpin/crawler-data.git to /home/ubuntu/crawler/repo
[2021-04-23T00:15:00.068] [INFO] Git - cloning...
[2021-04-23T00:15:00.186] [FATAL] Scheduler - Abort GitError: Git Error: unable to exec clone from/to https://github.com/shiehnpin/crawler-data.git
    at load (/home/ubuntu/crawler/lib/repo.js:41:10)
    at runMicrotasks (<anonymous>)
    at processTicksAndRejections (internal/process/task_queues.js:97:5)
From previous Error: Cloning into '/home/ubuntu/crawler/repo'...
fatal: unable to access 'https://github.com/shiehnpin/crawler-data.git/': Could not resolve host: github.com

[2021-04-23T00:15:00.189] [DEBUG] Scheduler - [Release]
[2021-04-23T00:30:00.003] [DEBUG] Scheduler - [Lock]
[2021-04-23T00:30:00.004] [INFO] Scheduler - Start
[2021-04-23T00:30:00.060] [INFO] Git - clone remote git github.com/shiehnpin/crawler-data.git to /home/ubuntu/crawler/repo
[2021-04-23T00:30:00.063] [INFO] Git - cloning...
[2021-04-23T00:30:00.173] [FATAL] Scheduler - Abort GitError: Git Error: unable to exec clone from/to https://github.com/shiehnpin/crawler-data.git
    at load (/home/ubuntu/crawler/lib/repo.js:41:10)
    at runMicrotasks (<anonymous>)
    at processTicksAndRejections (internal/process/task_queues.js:97:5)
From previous Error: Cloning into '/home/ubuntu/crawler/repo'...
fatal: unable to access 'https://github.com/shiehnpin/crawler-data.git/': Could not resolve host: github.com

[2021-04-23T00:30:00.176] [DEBUG] Scheduler - [Release]
[2021-04-23T00:45:00.003] [DEBUG] Scheduler - [Lock]
[2021-04-23T00:45:00.004] [INFO] Scheduler - Start
[2021-04-23T00:45:00.090] [INFO] Git - clone remote git github.com/shiehnpin/crawler-data.git to /home/ubuntu/crawler/repo
[2021-04-23T00:45:00.092] [INFO] Git - cloning...
[2021-04-23T00:45:00.195] [FATAL] Scheduler - Abort GitError: Git Error: unable to exec clone from/to https://github.com/shiehnpin/crawler-data.git
    at load (/home/ubuntu/crawler/lib/repo.js:41:10)
    at runMicrotasks (<anonymous>)
    at processTicksAndRejections (internal/process/task_queues.js:97:5)
From previous Error: Cloning into '/home/ubuntu/crawler/repo'...
fatal: unable to access 'https://github.com/shiehnpin/crawler-data.git/': Could not resolve host: github.com

[2021-04-23T00:45:00.198] [DEBUG] Scheduler - [Release]
[2021-04-23T01:00:00.006] [DEBUG] Scheduler - [Lock]
[2021-04-23T01:00:00.007] [INFO] Scheduler - Start
[2021-04-23T01:00:00.062] [INFO] Git - clone remote git github.com/shiehnpin/crawler-data.git to /home/ubuntu/crawler/repo
[2021-04-23T01:00:00.064] [INFO] Git - cloning...
[2021-04-23T01:00:00.170] [FATAL] Scheduler - Abort GitError: Git Error: unable to exec clone from/to https://github.com/shiehnpin/crawler-data.git
    at load (/home/ubuntu/crawler/lib/repo.js:41:10)
    at runMicrotasks (<anonymous>)
    at processTicksAndRejections (internal/process/task_queues.js:97:5)
From previous Error: Cloning into '/home/ubuntu/crawler/repo'...
fatal: unable to access 'https://github.com/shiehnpin/crawler-data.git/': Could not resolve host: github.com

[2021-04-23T01:00:00.174] [DEBUG] Scheduler - [Release]
[2021-04-23T01:15:00.004] [DEBUG] Scheduler - [Lock]
[2021-04-23T01:15:00.006] [INFO] Scheduler - Start
[2021-04-23T01:15:00.062] [INFO] Git - clone remote git github.com/shiehnpin/crawler-data.git to /home/ubuntu/crawler/repo
[2021-04-23T01:15:00.063] [INFO] Git - cloning...
[2021-04-23T01:15:00.171] [FATAL] Scheduler - Abort GitError: Git Error: unable to exec clone from/to https://github.com/shiehnpin/crawler-data.git
    at load (/home/ubuntu/crawler/lib/repo.js:41:10)
    at runMicrotasks (<anonymous>)
    at processTicksAndRejections (internal/process/task_queues.js:97:5)
From previous Error: Cloning into '/home/ubuntu/crawler/repo'...
fatal: unable to access 'https://github.com/shiehnpin/crawler-data.git/': Could not resolve host: github.com

[2021-04-23T01:15:00.174] [DEBUG] Scheduler - [Release]
[2021-04-23T01:30:00.005] [DEBUG] Scheduler - [Lock]
[2021-04-23T01:30:00.006] [INFO] Scheduler - Start
[2021-04-23T01:30:00.069] [INFO] Git - clone remote git github.com/shiehnpin/crawler-data.git to /home/ubuntu/crawler/repo
[2021-04-23T01:30:00.071] [INFO] Git - cloning...
[2021-04-23T01:30:00.180] [FATAL] Scheduler - Abort GitError: Git Error: unable to exec clone from/to https://github.com/shiehnpin/crawler-data.git
    at load (/home/ubuntu/crawler/lib/repo.js:41:10)
    at runMicrotasks (<anonymous>)
    at processTicksAndRejections (internal/process/task_queues.js:97:5)
From previous Error: Cloning into '/home/ubuntu/crawler/repo'...
fatal: unable to access 'https://github.com/shiehnpin/crawler-data.git/': Could not resolve host: github.com

[2021-04-23T01:30:00.182] [DEBUG] Scheduler - [Release]
[2021-04-23T01:45:00.005] [DEBUG] Scheduler - [Lock]
[2021-04-23T01:45:00.006] [INFO] Scheduler - Start
[2021-04-23T01:45:00.062] [INFO] Git - clone remote git github.com/shiehnpin/crawler-data.git to /home/ubuntu/crawler/repo
[2021-04-23T01:45:00.064] [INFO] Git - cloning...
[2021-04-23T01:45:00.165] [FATAL] Scheduler - Abort GitError: Git Error: unable to exec clone from/to https://github.com/shiehnpin/crawler-data.git
    at load (/home/ubuntu/crawler/lib/repo.js:41:10)
    at runMicrotasks (<anonymous>)
    at processTicksAndRejections (internal/process/task_queues.js:97:5)
From previous Error: Cloning into '/home/ubuntu/crawler/repo'...
fatal: unable to access 'https://github.com/shiehnpin/crawler-data.git/': Could not resolve host: github.com

[2021-04-23T01:45:00.169] [DEBUG] Scheduler - [Release]
[2021-04-23T02:00:00.007] [DEBUG] Scheduler - [Lock]
[2021-04-23T02:00:00.009] [INFO] Scheduler - Start
[2021-04-23T02:00:00.082] [INFO] Git - clone remote git github.com/shiehnpin/crawler-data.git to /home/ubuntu/crawler/repo
[2021-04-23T02:00:00.084] [INFO] Git - cloning...
[2021-04-23T02:00:00.297] [FATAL] Scheduler - Abort GitError: Git Error: unable to exec clone from/to https://github.com/shiehnpin/crawler-data.git
    at load (/home/ubuntu/crawler/lib/repo.js:41:10)
    at runMicrotasks (<anonymous>)
    at processTicksAndRejections (internal/process/task_queues.js:97:5)
From previous Error: Cloning into '/home/ubuntu/crawler/repo'...
fatal: unable to access 'https://github.com/shiehnpin/crawler-data.git/': Could not resolve host: github.com

[2021-04-23T02:00:00.302] [DEBUG] Scheduler - [Release]
[2021-04-23T02:15:00.003] [DEBUG] Scheduler - [Lock]
[2021-04-23T02:15:00.004] [INFO] Scheduler - Start
[2021-04-23T02:15:00.067] [INFO] Git - clone remote git github.com/shiehnpin/crawler-data.git to /home/ubuntu/crawler/repo
[2021-04-23T02:15:00.069] [INFO] Git - cloning...
[2021-04-23T02:15:00.176] [FATAL] Scheduler - Abort GitError: Git Error: unable to exec clone from/to https://github.com/shiehnpin/crawler-data.git
    at load (/home/ubuntu/crawler/lib/repo.js:41:10)
    at runMicrotasks (<anonymous>)
    at processTicksAndRejections (internal/process/task_queues.js:97:5)
From previous Error: Cloning into '/home/ubuntu/crawler/repo'...
fatal: unable to access 'https://github.com/shiehnpin/crawler-data.git/': Could not resolve host: github.com

[2021-04-23T02:15:00.179] [DEBUG] Scheduler - [Release]
[2021-04-23T02:30:00.006] [DEBUG] Scheduler - [Lock]
[2021-04-23T02:30:00.007] [INFO] Scheduler - Start
[2021-04-23T02:30:00.063] [INFO] Git - clone remote git github.com/shiehnpin/crawler-data.git to /home/ubuntu/crawler/repo
[2021-04-23T02:30:00.065] [INFO] Git - cloning...
[2021-04-23T02:30:00.169] [FATAL] Scheduler - Abort GitError: Git Error: unable to exec clone from/to https://github.com/shiehnpin/crawler-data.git
    at load (/home/ubuntu/crawler/lib/repo.js:41:10)
    at runMicrotasks (<anonymous>)
    at processTicksAndRejections (internal/process/task_queues.js:97:5)
From previous Error: Cloning into '/home/ubuntu/crawler/repo'...
fatal: unable to access 'https://github.com/shiehnpin/crawler-data.git/': Could not resolve host: github.com

[2021-04-23T02:30:00.172] [DEBUG] Scheduler - [Release]
[2021-04-23T02:45:00.004] [DEBUG] Scheduler - [Lock]
[2021-04-23T02:45:00.005] [INFO] Scheduler - Start
[2021-04-23T02:45:00.060] [INFO] Git - clone remote git github.com/shiehnpin/crawler-data.git to /home/ubuntu/crawler/repo
[2021-04-23T02:45:00.062] [INFO] Git - cloning...
[2021-04-23T02:45:00.164] [FATAL] Scheduler - Abort GitError: Git Error: unable to exec clone from/to https://github.com/shiehnpin/crawler-data.git
    at load (/home/ubuntu/crawler/lib/repo.js:41:10)
    at runMicrotasks (<anonymous>)
    at processTicksAndRejections (internal/process/task_queues.js:97:5)
From previous Error: Cloning into '/home/ubuntu/crawler/repo'...
fatal: unable to access 'https://github.com/shiehnpin/crawler-data.git/': Could not resolve host: github.com

[2021-04-23T02:45:00.167] [DEBUG] Scheduler - [Release]
[2021-04-23T03:00:00.004] [DEBUG] Scheduler - [Lock]
[2021-04-23T03:00:00.006] [INFO] Scheduler - Start
[2021-04-23T03:00:00.066] [INFO] Git - clone remote git github.com/shiehnpin/crawler-data.git to /home/ubuntu/crawler/repo
[2021-04-23T03:00:00.068] [INFO] Git - cloning...
[2021-04-23T03:00:00.176] [FATAL] Scheduler - Abort GitError: Git Error: unable to exec clone from/to https://github.com/shiehnpin/crawler-data.git
    at load (/home/ubuntu/crawler/lib/repo.js:41:10)
    at runMicrotasks (<anonymous>)
    at processTicksAndRejections (internal/process/task_queues.js:97:5)
From previous Error: Cloning into '/home/ubuntu/crawler/repo'...
fatal: unable to access 'https://github.com/shiehnpin/crawler-data.git/': Could not resolve host: github.com

[2021-04-23T03:00:00.179] [DEBUG] Scheduler - [Release]
[2021-04-23T03:15:00.012] [DEBUG] Scheduler - [Lock]
[2021-04-23T03:15:00.014] [INFO] Scheduler - Start
[2021-04-23T03:15:00.071] [INFO] Git - clone remote git github.com/shiehnpin/crawler-data.git to /home/ubuntu/crawler/repo
[2021-04-23T03:15:00.073] [INFO] Git - cloning...
[2021-04-23T03:15:00.181] [FATAL] Scheduler - Abort GitError: Git Error: unable to exec clone from/to https://github.com/shiehnpin/crawler-data.git
    at load (/home/ubuntu/crawler/lib/repo.js:41:10)
    at runMicrotasks (<anonymous>)
    at processTicksAndRejections (internal/process/task_queues.js:97:5)
From previous Error: Cloning into '/home/ubuntu/crawler/repo'...
fatal: unable to access 'https://github.com/shiehnpin/crawler-data.git/': Could not resolve host: github.com

[2021-04-23T03:15:00.186] [DEBUG] Scheduler - [Release]
[2021-04-23T03:30:00.004] [DEBUG] Scheduler - [Lock]
[2021-04-23T03:30:00.005] [INFO] Scheduler - Start
[2021-04-23T03:30:00.060] [INFO] Git - clone remote git github.com/shiehnpin/crawler-data.git to /home/ubuntu/crawler/repo
[2021-04-23T03:30:00.062] [INFO] Git - cloning...
[2021-04-23T03:30:00.168] [FATAL] Scheduler - Abort GitError: Git Error: unable to exec clone from/to https://github.com/shiehnpin/crawler-data.git
    at load (/home/ubuntu/crawler/lib/repo.js:41:10)
    at runMicrotasks (<anonymous>)
    at processTicksAndRejections (internal/process/task_queues.js:97:5)
From previous Error: Cloning into '/home/ubuntu/crawler/repo'...
fatal: unable to access 'https://github.com/shiehnpin/crawler-data.git/': Could not resolve host: github.com

[2021-04-23T03:30:00.171] [DEBUG] Scheduler - [Release]
[2021-04-23T03:45:00.004] [DEBUG] Scheduler - [Lock]
[2021-04-23T03:45:00.005] [INFO] Scheduler - Start
[2021-04-23T03:45:00.061] [INFO] Git - clone remote git github.com/shiehnpin/crawler-data.git to /home/ubuntu/crawler/repo
[2021-04-23T03:45:00.062] [INFO] Git - cloning...
[2021-04-23T03:45:00.162] [FATAL] Scheduler - Abort GitError: Git Error: unable to exec clone from/to https://github.com/shiehnpin/crawler-data.git
    at load (/home/ubuntu/crawler/lib/repo.js:41:10)
    at runMicrotasks (<anonymous>)
    at processTicksAndRejections (internal/process/task_queues.js:97:5)
From previous Error: Cloning into '/home/ubuntu/crawler/repo'...
fatal: unable to access 'https://github.com/shiehnpin/crawler-data.git/': Could not resolve host: github.com

[2021-04-23T03:45:00.165] [DEBUG] Scheduler - [Release]
[2021-04-23T04:00:00.005] [DEBUG] Scheduler - [Lock]
[2021-04-23T04:00:00.006] [INFO] Scheduler - Start
[2021-04-23T04:00:00.061] [INFO] Git - clone remote git github.com/shiehnpin/crawler-data.git to /home/ubuntu/crawler/repo
[2021-04-23T04:00:00.063] [INFO] Git - cloning...
[2021-04-23T04:00:00.179] [FATAL] Scheduler - Abort GitError: Git Error: unable to exec clone from/to https://github.com/shiehnpin/crawler-data.git
    at load (/home/ubuntu/crawler/lib/repo.js:41:10)
    at runMicrotasks (<anonymous>)
    at processTicksAndRejections (internal/process/task_queues.js:97:5)
From previous Error: Cloning into '/home/ubuntu/crawler/repo'...
fatal: unable to access 'https://github.com/shiehnpin/crawler-data.git/': Could not resolve host: github.com

[2021-04-23T04:00:00.182] [DEBUG] Scheduler - [Release]
[2021-04-23T04:15:00.003] [DEBUG] Scheduler - [Lock]
[2021-04-23T04:15:00.004] [INFO] Scheduler - Start
[2021-04-23T04:15:00.061] [INFO] Git - clone remote git github.com/shiehnpin/crawler-data.git to /home/ubuntu/crawler/repo
[2021-04-23T04:15:00.063] [INFO] Git - cloning...
[2021-04-23T04:15:00.181] [FATAL] Scheduler - Abort GitError: Git Error: unable to exec clone from/to https://github.com/shiehnpin/crawler-data.git
    at load (/home/ubuntu/crawler/lib/repo.js:41:10)
    at runMicrotasks (<anonymous>)
    at processTicksAndRejections (internal/process/task_queues.js:97:5)
From previous Error: Cloning into '/home/ubuntu/crawler/repo'...
fatal: unable to access 'https://github.com/shiehnpin/crawler-data.git/': Could not resolve host: github.com

[2021-04-23T04:15:00.185] [DEBUG] Scheduler - [Release]
[2021-04-23T04:30:00.006] [DEBUG] Scheduler - [Lock]
[2021-04-23T04:30:00.008] [INFO] Scheduler - Start
[2021-04-23T04:30:00.067] [INFO] Git - clone remote git github.com/shiehnpin/crawler-data.git to /home/ubuntu/crawler/repo
[2021-04-23T04:30:00.074] [INFO] Git - cloning...
[2021-04-23T04:30:00.180] [FATAL] Scheduler - Abort GitError: Git Error: unable to exec clone from/to https://github.com/shiehnpin/crawler-data.git
    at load (/home/ubuntu/crawler/lib/repo.js:41:10)
    at runMicrotasks (<anonymous>)
    at processTicksAndRejections (internal/process/task_queues.js:97:5)
From previous Error: Cloning into '/home/ubuntu/crawler/repo'...
fatal: unable to access 'https://github.com/shiehnpin/crawler-data.git/': Could not resolve host: github.com

[2021-04-23T04:30:00.183] [DEBUG] Scheduler - [Release]
[2021-04-23T04:45:00.007] [DEBUG] Scheduler - [Lock]
[2021-04-23T04:45:00.008] [INFO] Scheduler - Start
[2021-04-23T04:45:00.066] [INFO] Git - clone remote git github.com/shiehnpin/crawler-data.git to /home/ubuntu/crawler/repo
[2021-04-23T04:45:00.067] [INFO] Git - cloning...
[2021-04-23T04:45:00.177] [FATAL] Scheduler - Abort GitError: Git Error: unable to exec clone from/to https://github.com/shiehnpin/crawler-data.git
    at load (/home/ubuntu/crawler/lib/repo.js:41:10)
    at runMicrotasks (<anonymous>)
    at processTicksAndRejections (internal/process/task_queues.js:97:5)
From previous Error: Cloning into '/home/ubuntu/crawler/repo'...
fatal: unable to access 'https://github.com/shiehnpin/crawler-data.git/': Could not resolve host: github.com

[2021-04-23T04:45:00.180] [DEBUG] Scheduler - [Release]
[2021-04-23T05:00:00.005] [DEBUG] Scheduler - [Lock]
[2021-04-23T05:00:00.006] [INFO] Scheduler - Start
[2021-04-23T05:00:00.068] [INFO] Git - clone remote git github.com/shiehnpin/crawler-data.git to /home/ubuntu/crawler/repo
[2021-04-23T05:00:00.070] [INFO] Git - cloning...
[2021-04-23T05:00:00.184] [FATAL] Scheduler - Abort GitError: Git Error: unable to exec clone from/to https://github.com/shiehnpin/crawler-data.git
    at load (/home/ubuntu/crawler/lib/repo.js:41:10)
    at runMicrotasks (<anonymous>)
    at processTicksAndRejections (internal/process/task_queues.js:97:5)
From previous Error: Cloning into '/home/ubuntu/crawler/repo'...
fatal: unable to access 'https://github.com/shiehnpin/crawler-data.git/': Could not resolve host: github.com

[2021-04-23T05:00:00.188] [DEBUG] Scheduler - [Release]
[2021-04-23T05:15:00.004] [DEBUG] Scheduler - [Lock]
[2021-04-23T05:15:00.005] [INFO] Scheduler - Start
[2021-04-23T05:15:00.062] [INFO] Git - clone remote git github.com/shiehnpin/crawler-data.git to /home/ubuntu/crawler/repo
[2021-04-23T05:15:00.063] [INFO] Git - cloning...
[2021-04-23T05:15:00.176] [FATAL] Scheduler - Abort GitError: Git Error: unable to exec clone from/to https://github.com/shiehnpin/crawler-data.git
    at load (/home/ubuntu/crawler/lib/repo.js:41:10)
    at runMicrotasks (<anonymous>)
    at processTicksAndRejections (internal/process/task_queues.js:97:5)
From previous Error: Cloning into '/home/ubuntu/crawler/repo'...
fatal: unable to access 'https://github.com/shiehnpin/crawler-data.git/': Could not resolve host: github.com

[2021-04-23T05:15:00.178] [DEBUG] Scheduler - [Release]
[2021-04-23T05:30:00.004] [DEBUG] Scheduler - [Lock]
[2021-04-23T05:30:00.005] [INFO] Scheduler - Start
[2021-04-23T05:30:00.063] [INFO] Git - clone remote git github.com/shiehnpin/crawler-data.git to /home/ubuntu/crawler/repo
[2021-04-23T05:30:00.064] [INFO] Git - cloning...
[2021-04-23T05:30:00.171] [FATAL] Scheduler - Abort GitError: Git Error: unable to exec clone from/to https://github.com/shiehnpin/crawler-data.git
    at load (/home/ubuntu/crawler/lib/repo.js:41:10)
    at runMicrotasks (<anonymous>)
    at processTicksAndRejections (internal/process/task_queues.js:97:5)
From previous Error: Cloning into '/home/ubuntu/crawler/repo'...
fatal: unable to access 'https://github.com/shiehnpin/crawler-data.git/': Could not resolve host: github.com

[2021-04-23T05:30:00.175] [DEBUG] Scheduler - [Release]
[2021-04-23T05:45:00.004] [DEBUG] Scheduler - [Lock]
[2021-04-23T05:45:00.005] [INFO] Scheduler - Start
[2021-04-23T05:45:00.061] [INFO] Git - clone remote git github.com/shiehnpin/crawler-data.git to /home/ubuntu/crawler/repo
[2021-04-23T05:45:00.063] [INFO] Git - cloning...
[2021-04-23T05:45:00.164] [FATAL] Scheduler - Abort GitError: Git Error: unable to exec clone from/to https://github.com/shiehnpin/crawler-data.git
    at load (/home/ubuntu/crawler/lib/repo.js:41:10)
    at runMicrotasks (<anonymous>)
    at processTicksAndRejections (internal/process/task_queues.js:97:5)
From previous Error: Cloning into '/home/ubuntu/crawler/repo'...
fatal: unable to access 'https://github.com/shiehnpin/crawler-data.git/': Could not resolve host: github.com

[2021-04-23T05:45:00.168] [DEBUG] Scheduler - [Release]
[2021-04-23T06:00:00.006] [DEBUG] Scheduler - [Lock]
[2021-04-23T06:00:00.007] [INFO] Scheduler - Start
[2021-04-23T06:00:00.065] [INFO] Git - clone remote git github.com/shiehnpin/crawler-data.git to /home/ubuntu/crawler/repo
[2021-04-23T06:00:00.067] [INFO] Git - cloning...
[2021-04-23T06:00:00.171] [FATAL] Scheduler - Abort GitError: Git Error: unable to exec clone from/to https://github.com/shiehnpin/crawler-data.git
    at load (/home/ubuntu/crawler/lib/repo.js:41:10)
    at runMicrotasks (<anonymous>)
    at processTicksAndRejections (internal/process/task_queues.js:97:5)
From previous Error: Cloning into '/home/ubuntu/crawler/repo'...
fatal: unable to access 'https://github.com/shiehnpin/crawler-data.git/': Could not resolve host: github.com

[2021-04-23T06:00:00.176] [DEBUG] Scheduler - [Release]
[2021-04-23T06:15:00.004] [DEBUG] Scheduler - [Lock]
[2021-04-23T06:15:00.005] [INFO] Scheduler - Start
[2021-04-23T06:15:00.062] [INFO] Git - clone remote git github.com/shiehnpin/crawler-data.git to /home/ubuntu/crawler/repo
[2021-04-23T06:15:00.064] [INFO] Git - cloning...
[2021-04-23T06:15:00.175] [FATAL] Scheduler - Abort GitError: Git Error: unable to exec clone from/to https://github.com/shiehnpin/crawler-data.git
    at load (/home/ubuntu/crawler/lib/repo.js:41:10)
    at runMicrotasks (<anonymous>)
    at processTicksAndRejections (internal/process/task_queues.js:97:5)
From previous Error: Cloning into '/home/ubuntu/crawler/repo'...
fatal: unable to access 'https://github.com/shiehnpin/crawler-data.git/': Could not resolve host: github.com

[2021-04-23T06:15:00.177] [DEBUG] Scheduler - [Release]
[2021-04-23T06:30:00.005] [DEBUG] Scheduler - [Lock]
[2021-04-23T06:30:00.006] [INFO] Scheduler - Start
[2021-04-23T06:30:00.089] [INFO] Git - clone remote git github.com/shiehnpin/crawler-data.git to /home/ubuntu/crawler/repo
[2021-04-23T06:30:00.091] [INFO] Git - cloning...
[2021-04-23T06:30:00.198] [FATAL] Scheduler - Abort GitError: Git Error: unable to exec clone from/to https://github.com/shiehnpin/crawler-data.git
    at load (/home/ubuntu/crawler/lib/repo.js:41:10)
    at runMicrotasks (<anonymous>)
    at processTicksAndRejections (internal/process/task_queues.js:97:5)
From previous Error: Cloning into '/home/ubuntu/crawler/repo'...
fatal: unable to access 'https://github.com/shiehnpin/crawler-data.git/': Could not resolve host: github.com

[2021-04-23T06:30:00.201] [DEBUG] Scheduler - [Release]
[2021-04-23T06:45:00.006] [DEBUG] Scheduler - [Lock]
[2021-04-23T06:45:00.007] [INFO] Scheduler - Start
[2021-04-23T06:45:00.065] [INFO] Git - clone remote git github.com/shiehnpin/crawler-data.git to /home/ubuntu/crawler/repo
[2021-04-23T06:45:00.067] [INFO] Git - cloning...
[2021-04-23T06:45:00.170] [FATAL] Scheduler - Abort GitError: Git Error: unable to exec clone from/to https://github.com/shiehnpin/crawler-data.git
    at load (/home/ubuntu/crawler/lib/repo.js:41:10)
    at runMicrotasks (<anonymous>)
    at processTicksAndRejections (internal/process/task_queues.js:97:5)
From previous Error: Cloning into '/home/ubuntu/crawler/repo'...
fatal: unable to access 'https://github.com/shiehnpin/crawler-data.git/': Could not resolve host: github.com

[2021-04-23T06:45:00.173] [DEBUG] Scheduler - [Release]
[2021-04-23T07:00:00.003] [DEBUG] Scheduler - [Lock]
[2021-04-23T07:00:00.004] [INFO] Scheduler - Start
[2021-04-23T07:00:00.505] [INFO] Git - clone remote git github.com/shiehnpin/crawler-data.git to /home/ubuntu/crawler/repo
[2021-04-23T07:00:00.507] [INFO] Git - cloning...
[2021-04-23T07:00:00.634] [FATAL] Scheduler - Abort GitError: Git Error: unable to exec clone from/to https://github.com/shiehnpin/crawler-data.git
    at load (/home/ubuntu/crawler/lib/repo.js:41:10)
    at runMicrotasks (<anonymous>)
    at processTicksAndRejections (internal/process/task_queues.js:97:5)
From previous Error: Cloning into '/home/ubuntu/crawler/repo'...
fatal: unable to access 'https://github.com/shiehnpin/crawler-data.git/': Could not resolve host: github.com

[2021-04-23T07:00:00.637] [DEBUG] Scheduler - [Release]
[2021-04-23T07:15:00.004] [DEBUG] Scheduler - [Lock]
[2021-04-23T07:15:00.006] [INFO] Scheduler - Start
[2021-04-23T07:15:00.073] [INFO] Git - clone remote git github.com/shiehnpin/crawler-data.git to /home/ubuntu/crawler/repo
[2021-04-23T07:15:00.074] [INFO] Git - cloning...
[2021-04-23T07:15:00.182] [FATAL] Scheduler - Abort GitError: Git Error: unable to exec clone from/to https://github.com/shiehnpin/crawler-data.git
    at load (/home/ubuntu/crawler/lib/repo.js:41:10)
    at runMicrotasks (<anonymous>)
    at processTicksAndRejections (internal/process/task_queues.js:97:5)
From previous Error: Cloning into '/home/ubuntu/crawler/repo'...
fatal: unable to access 'https://github.com/shiehnpin/crawler-data.git/': Could not resolve host: github.com

[2021-04-23T07:15:00.186] [DEBUG] Scheduler - [Release]
[2021-04-23T07:30:00.003] [DEBUG] Scheduler - [Lock]
[2021-04-23T07:30:00.006] [INFO] Scheduler - Start
[2021-04-23T07:30:00.062] [INFO] Git - clone remote git github.com/shiehnpin/crawler-data.git to /home/ubuntu/crawler/repo
[2021-04-23T07:30:00.063] [INFO] Git - cloning...
[2021-04-23T07:30:00.197] [FATAL] Scheduler - Abort GitError: Git Error: unable to exec clone from/to https://github.com/shiehnpin/crawler-data.git
    at load (/home/ubuntu/crawler/lib/repo.js:41:10)
    at runMicrotasks (<anonymous>)
    at processTicksAndRejections (internal/process/task_queues.js:97:5)
From previous Error: Cloning into '/home/ubuntu/crawler/repo'...
fatal: unable to access 'https://github.com/shiehnpin/crawler-data.git/': Could not resolve host: github.com

[2021-04-23T07:30:00.200] [DEBUG] Scheduler - [Release]
[2021-04-23T07:45:00.005] [DEBUG] Scheduler - [Lock]
[2021-04-23T07:45:00.006] [INFO] Scheduler - Start
[2021-04-23T07:45:00.062] [INFO] Git - clone remote git github.com/shiehnpin/crawler-data.git to /home/ubuntu/crawler/repo
[2021-04-23T07:45:00.064] [INFO] Git - cloning...
[2021-04-23T07:45:00.175] [FATAL] Scheduler - Abort GitError: Git Error: unable to exec clone from/to https://github.com/shiehnpin/crawler-data.git
    at load (/home/ubuntu/crawler/lib/repo.js:41:10)
    at runMicrotasks (<anonymous>)
    at processTicksAndRejections (internal/process/task_queues.js:97:5)
From previous Error: Cloning into '/home/ubuntu/crawler/repo'...
fatal: unable to access 'https://github.com/shiehnpin/crawler-data.git/': Could not resolve host: github.com

[2021-04-23T07:45:00.178] [DEBUG] Scheduler - [Release]
[2021-04-23T08:00:00.005] [DEBUG] Scheduler - [Lock]
[2021-04-23T08:00:00.006] [INFO] Scheduler - Start
[2021-04-23T08:00:00.169] [INFO] Git - clone remote git github.com/shiehnpin/crawler-data.git to /home/ubuntu/crawler/repo
[2021-04-23T08:00:00.171] [INFO] Git - cloning...
[2021-04-23T08:00:00.294] [FATAL] Scheduler - Abort GitError: Git Error: unable to exec clone from/to https://github.com/shiehnpin/crawler-data.git
    at load (/home/ubuntu/crawler/lib/repo.js:41:10)
    at runMicrotasks (<anonymous>)
    at processTicksAndRejections (internal/process/task_queues.js:97:5)
From previous Error: Cloning into '/home/ubuntu/crawler/repo'...
fatal: unable to access 'https://github.com/shiehnpin/crawler-data.git/': Could not resolve host: github.com

[2021-04-23T08:00:00.300] [DEBUG] Scheduler - [Release]
[2021-04-23T08:15:00.005] [DEBUG] Scheduler - [Lock]
[2021-04-23T08:15:00.006] [INFO] Scheduler - Start
[2021-04-23T08:15:00.063] [INFO] Git - clone remote git github.com/shiehnpin/crawler-data.git to /home/ubuntu/crawler/repo
[2021-04-23T08:15:00.064] [INFO] Git - cloning...
[2021-04-23T08:15:00.171] [FATAL] Scheduler - Abort GitError: Git Error: unable to exec clone from/to https://github.com/shiehnpin/crawler-data.git
    at load (/home/ubuntu/crawler/lib/repo.js:41:10)
    at runMicrotasks (<anonymous>)
    at processTicksAndRejections (internal/process/task_queues.js:97:5)
From previous Error: Cloning into '/home/ubuntu/crawler/repo'...
fatal: unable to access 'https://github.com/shiehnpin/crawler-data.git/': Could not resolve host: github.com

[2021-04-23T08:15:00.174] [DEBUG] Scheduler - [Release]
[2021-04-23T08:30:00.004] [DEBUG] Scheduler - [Lock]
[2021-04-23T08:30:00.005] [INFO] Scheduler - Start
[2021-04-23T08:30:00.081] [INFO] Git - clone remote git github.com/shiehnpin/crawler-data.git to /home/ubuntu/crawler/repo
[2021-04-23T08:30:00.083] [INFO] Git - cloning...
[2021-04-23T08:30:00.185] [FATAL] Scheduler - Abort GitError: Git Error: unable to exec clone from/to https://github.com/shiehnpin/crawler-data.git
    at load (/home/ubuntu/crawler/lib/repo.js:41:10)
    at runMicrotasks (<anonymous>)
    at processTicksAndRejections (internal/process/task_queues.js:97:5)
From previous Error: Cloning into '/home/ubuntu/crawler/repo'...
fatal: unable to access 'https://github.com/shiehnpin/crawler-data.git/': Could not resolve host: github.com

[2021-04-23T08:30:00.188] [DEBUG] Scheduler - [Release]
[2021-04-23T08:45:00.004] [DEBUG] Scheduler - [Lock]
[2021-04-23T08:45:00.005] [INFO] Scheduler - Start
[2021-04-23T08:45:00.064] [INFO] Git - clone remote git github.com/shiehnpin/crawler-data.git to /home/ubuntu/crawler/repo
[2021-04-23T08:45:00.066] [INFO] Git - cloning...
[2021-04-23T08:45:00.174] [FATAL] Scheduler - Abort GitError: Git Error: unable to exec clone from/to https://github.com/shiehnpin/crawler-data.git
    at load (/home/ubuntu/crawler/lib/repo.js:41:10)
    at runMicrotasks (<anonymous>)
    at processTicksAndRejections (internal/process/task_queues.js:97:5)
From previous Error: Cloning into '/home/ubuntu/crawler/repo'...
fatal: unable to access 'https://github.com/shiehnpin/crawler-data.git/': Could not resolve host: github.com

[2021-04-23T08:45:00.177] [DEBUG] Scheduler - [Release]
[2021-04-23T09:00:00.004] [DEBUG] Scheduler - [Lock]
[2021-04-23T09:00:00.004] [INFO] Scheduler - Start
[2021-04-23T09:00:00.069] [INFO] Git - clone remote git github.com/shiehnpin/crawler-data.git to /home/ubuntu/crawler/repo
[2021-04-23T09:00:00.071] [INFO] Git - cloning...
[2021-04-23T09:00:00.180] [FATAL] Scheduler - Abort GitError: Git Error: unable to exec clone from/to https://github.com/shiehnpin/crawler-data.git
    at load (/home/ubuntu/crawler/lib/repo.js:41:10)
    at runMicrotasks (<anonymous>)
    at processTicksAndRejections (internal/process/task_queues.js:97:5)
From previous Error: Cloning into '/home/ubuntu/crawler/repo'...
fatal: unable to access 'https://github.com/shiehnpin/crawler-data.git/': Could not resolve host: github.com

[2021-04-23T09:00:00.183] [DEBUG] Scheduler - [Release]
[2021-04-23T09:15:00.004] [DEBUG] Scheduler - [Lock]
[2021-04-23T09:15:00.005] [INFO] Scheduler - Start
[2021-04-23T09:15:00.062] [INFO] Git - clone remote git github.com/shiehnpin/crawler-data.git to /home/ubuntu/crawler/repo
[2021-04-23T09:15:00.063] [INFO] Git - cloning...
[2021-04-23T09:15:00.170] [FATAL] Scheduler - Abort GitError: Git Error: unable to exec clone from/to https://github.com/shiehnpin/crawler-data.git
    at load (/home/ubuntu/crawler/lib/repo.js:41:10)
    at runMicrotasks (<anonymous>)
    at processTicksAndRejections (internal/process/task_queues.js:97:5)
From previous Error: Cloning into '/home/ubuntu/crawler/repo'...
fatal: unable to access 'https://github.com/shiehnpin/crawler-data.git/': Could not resolve host: github.com

[2021-04-23T09:15:00.173] [DEBUG] Scheduler - [Release]
[2021-04-23T09:30:00.004] [DEBUG] Scheduler - [Lock]
[2021-04-23T09:30:00.005] [INFO] Scheduler - Start
[2021-04-23T09:30:00.087] [INFO] Git - clone remote git github.com/shiehnpin/crawler-data.git to /home/ubuntu/crawler/repo
[2021-04-23T09:30:00.088] [INFO] Git - cloning...
[2021-04-23T09:30:00.202] [FATAL] Scheduler - Abort GitError: Git Error: unable to exec clone from/to https://github.com/shiehnpin/crawler-data.git
    at load (/home/ubuntu/crawler/lib/repo.js:41:10)
    at runMicrotasks (<anonymous>)
    at processTicksAndRejections (internal/process/task_queues.js:97:5)
From previous Error: Cloning into '/home/ubuntu/crawler/repo'...
fatal: unable to access 'https://github.com/shiehnpin/crawler-data.git/': Could not resolve host: github.com

[2021-04-23T09:30:00.205] [DEBUG] Scheduler - [Release]
[2021-04-23T09:45:00.004] [DEBUG] Scheduler - [Lock]
[2021-04-23T09:45:00.005] [INFO] Scheduler - Start
[2021-04-23T09:45:00.061] [INFO] Git - clone remote git github.com/shiehnpin/crawler-data.git to /home/ubuntu/crawler/repo
[2021-04-23T09:45:00.063] [INFO] Git - cloning...
[2021-04-23T09:45:00.177] [FATAL] Scheduler - Abort GitError: Git Error: unable to exec clone from/to https://github.com/shiehnpin/crawler-data.git
    at load (/home/ubuntu/crawler/lib/repo.js:41:10)
    at runMicrotasks (<anonymous>)
    at processTicksAndRejections (internal/process/task_queues.js:97:5)
From previous Error: Cloning into '/home/ubuntu/crawler/repo'...
fatal: unable to access 'https://github.com/shiehnpin/crawler-data.git/': Could not resolve host: github.com

[2021-04-23T09:45:00.180] [DEBUG] Scheduler - [Release]
[2021-04-23T10:00:00.003] [DEBUG] Scheduler - [Lock]
[2021-04-23T10:00:00.004] [INFO] Scheduler - Start
[2021-04-23T10:00:00.058] [INFO] Git - clone remote git github.com/shiehnpin/crawler-data.git to /home/ubuntu/crawler/repo
[2021-04-23T10:00:00.063] [INFO] Git - cloning...
[2021-04-23T10:00:00.166] [FATAL] Scheduler - Abort GitError: Git Error: unable to exec clone from/to https://github.com/shiehnpin/crawler-data.git
    at load (/home/ubuntu/crawler/lib/repo.js:41:10)
    at runMicrotasks (<anonymous>)
    at processTicksAndRejections (internal/process/task_queues.js:97:5)
From previous Error: Cloning into '/home/ubuntu/crawler/repo'...
fatal: unable to access 'https://github.com/shiehnpin/crawler-data.git/': Could not resolve host: github.com

[2021-04-23T10:00:00.170] [DEBUG] Scheduler - [Release]
[2021-04-23T10:15:00.004] [DEBUG] Scheduler - [Lock]
[2021-04-23T10:15:00.005] [INFO] Scheduler - Start
[2021-04-23T10:15:00.061] [INFO] Git - clone remote git github.com/shiehnpin/crawler-data.git to /home/ubuntu/crawler/repo
[2021-04-23T10:15:00.063] [INFO] Git - cloning...
[2021-04-23T10:15:00.169] [FATAL] Scheduler - Abort GitError: Git Error: unable to exec clone from/to https://github.com/shiehnpin/crawler-data.git
    at load (/home/ubuntu/crawler/lib/repo.js:41:10)
    at runMicrotasks (<anonymous>)
    at processTicksAndRejections (internal/process/task_queues.js:97:5)
From previous Error: Cloning into '/home/ubuntu/crawler/repo'...
fatal: unable to access 'https://github.com/shiehnpin/crawler-data.git/': Could not resolve host: github.com

[2021-04-23T10:15:00.171] [DEBUG] Scheduler - [Release]
[2021-04-23T10:30:00.004] [DEBUG] Scheduler - [Lock]
[2021-04-23T10:30:00.005] [INFO] Scheduler - Start
[2021-04-23T10:30:00.061] [INFO] Git - clone remote git github.com/shiehnpin/crawler-data.git to /home/ubuntu/crawler/repo
[2021-04-23T10:30:00.063] [INFO] Git - cloning...
[2021-04-23T10:30:00.168] [FATAL] Scheduler - Abort GitError: Git Error: unable to exec clone from/to https://github.com/shiehnpin/crawler-data.git
    at load (/home/ubuntu/crawler/lib/repo.js:41:10)
    at runMicrotasks (<anonymous>)
    at processTicksAndRejections (internal/process/task_queues.js:97:5)
From previous Error: Cloning into '/home/ubuntu/crawler/repo'...
fatal: unable to access 'https://github.com/shiehnpin/crawler-data.git/': Could not resolve host: github.com

[2021-04-23T10:30:00.171] [DEBUG] Scheduler - [Release]
[2021-04-23T10:45:00.005] [DEBUG] Scheduler - [Lock]
[2021-04-23T10:45:00.006] [INFO] Scheduler - Start
[2021-04-23T10:45:00.090] [INFO] Git - clone remote git github.com/shiehnpin/crawler-data.git to /home/ubuntu/crawler/repo
[2021-04-23T10:45:00.093] [INFO] Git - cloning...
[2021-04-23T10:45:00.202] [FATAL] Scheduler - Abort GitError: Git Error: unable to exec clone from/to https://github.com/shiehnpin/crawler-data.git
    at load (/home/ubuntu/crawler/lib/repo.js:41:10)
    at runMicrotasks (<anonymous>)
    at processTicksAndRejections (internal/process/task_queues.js:97:5)
From previous Error: Cloning into '/home/ubuntu/crawler/repo'...
fatal: unable to access 'https://github.com/shiehnpin/crawler-data.git/': Could not resolve host: github.com

[2021-04-23T10:45:00.204] [DEBUG] Scheduler - [Release]
[2021-04-23T11:00:00.004] [DEBUG] Scheduler - [Lock]
[2021-04-23T11:00:00.005] [INFO] Scheduler - Start
[2021-04-23T11:00:00.065] [INFO] Git - clone remote git github.com/shiehnpin/crawler-data.git to /home/ubuntu/crawler/repo
[2021-04-23T11:00:00.069] [INFO] Git - cloning...
[2021-04-23T11:00:00.216] [FATAL] Scheduler - Abort GitError: Git Error: unable to exec clone from/to https://github.com/shiehnpin/crawler-data.git
    at load (/home/ubuntu/crawler/lib/repo.js:41:10)
    at runMicrotasks (<anonymous>)
    at processTicksAndRejections (internal/process/task_queues.js:97:5)
From previous Error: Cloning into '/home/ubuntu/crawler/repo'...
fatal: unable to access 'https://github.com/shiehnpin/crawler-data.git/': Could not resolve host: github.com

[2021-04-23T11:00:00.219] [DEBUG] Scheduler - [Release]
[2021-04-23T11:15:00.004] [DEBUG] Scheduler - [Lock]
[2021-04-23T11:15:00.005] [INFO] Scheduler - Start
[2021-04-23T11:15:00.064] [INFO] Git - clone remote git github.com/shiehnpin/crawler-data.git to /home/ubuntu/crawler/repo
[2021-04-23T11:15:00.065] [INFO] Git - cloning...
[2021-04-23T11:15:00.181] [FATAL] Scheduler - Abort GitError: Git Error: unable to exec clone from/to https://github.com/shiehnpin/crawler-data.git
    at load (/home/ubuntu/crawler/lib/repo.js:41:10)
    at runMicrotasks (<anonymous>)
    at processTicksAndRejections (internal/process/task_queues.js:97:5)
From previous Error: Cloning into '/home/ubuntu/crawler/repo'...
fatal: unable to access 'https://github.com/shiehnpin/crawler-data.git/': Could not resolve host: github.com

[2021-04-23T11:15:00.184] [DEBUG] Scheduler - [Release]
[2021-04-23T11:30:00.004] [DEBUG] Scheduler - [Lock]
[2021-04-23T11:30:00.005] [INFO] Scheduler - Start
[2021-04-23T11:30:00.074] [INFO] Git - clone remote git github.com/shiehnpin/crawler-data.git to /home/ubuntu/crawler/repo
[2021-04-23T11:30:00.076] [INFO] Git - cloning...
[2021-04-23T11:30:00.181] [FATAL] Scheduler - Abort GitError: Git Error: unable to exec clone from/to https://github.com/shiehnpin/crawler-data.git
    at load (/home/ubuntu/crawler/lib/repo.js:41:10)
    at runMicrotasks (<anonymous>)
    at processTicksAndRejections (internal/process/task_queues.js:97:5)
From previous Error: Cloning into '/home/ubuntu/crawler/repo'...
fatal: unable to access 'https://github.com/shiehnpin/crawler-data.git/': Could not resolve host: github.com

[2021-04-23T11:30:00.184] [DEBUG] Scheduler - [Release]
[2021-04-23T11:45:00.003] [DEBUG] Scheduler - [Lock]
[2021-04-23T11:45:00.004] [INFO] Scheduler - Start
[2021-04-23T11:45:00.060] [INFO] Git - clone remote git github.com/shiehnpin/crawler-data.git to /home/ubuntu/crawler/repo
[2021-04-23T11:45:00.062] [INFO] Git - cloning...
[2021-04-23T11:45:00.165] [FATAL] Scheduler - Abort GitError: Git Error: unable to exec clone from/to https://github.com/shiehnpin/crawler-data.git
    at load (/home/ubuntu/crawler/lib/repo.js:41:10)
    at runMicrotasks (<anonymous>)
    at processTicksAndRejections (internal/process/task_queues.js:97:5)
From previous Error: Cloning into '/home/ubuntu/crawler/repo'...
fatal: unable to access 'https://github.com/shiehnpin/crawler-data.git/': Could not resolve host: github.com

[2021-04-23T11:45:00.167] [DEBUG] Scheduler - [Release]
[2021-04-23T12:00:00.004] [DEBUG] Scheduler - [Lock]
[2021-04-23T12:00:00.006] [INFO] Scheduler - Start
[2021-04-23T12:00:00.061] [INFO] Git - clone remote git github.com/shiehnpin/crawler-data.git to /home/ubuntu/crawler/repo
[2021-04-23T12:00:00.063] [INFO] Git - cloning...
[2021-04-23T12:00:00.168] [FATAL] Scheduler - Abort GitError: Git Error: unable to exec clone from/to https://github.com/shiehnpin/crawler-data.git
    at load (/home/ubuntu/crawler/lib/repo.js:41:10)
    at runMicrotasks (<anonymous>)
    at processTicksAndRejections (internal/process/task_queues.js:97:5)
From previous Error: Cloning into '/home/ubuntu/crawler/repo'...
fatal: unable to access 'https://github.com/shiehnpin/crawler-data.git/': Could not resolve host: github.com

[2021-04-23T12:00:00.170] [DEBUG] Scheduler - [Release]
[2021-04-23T12:15:00.006] [DEBUG] Scheduler - [Lock]
[2021-04-23T12:15:00.007] [INFO] Scheduler - Start
[2021-04-23T12:15:00.062] [INFO] Git - clone remote git github.com/shiehnpin/crawler-data.git to /home/ubuntu/crawler/repo
[2021-04-23T12:15:00.064] [INFO] Git - cloning...
[2021-04-23T12:15:00.172] [FATAL] Scheduler - Abort GitError: Git Error: unable to exec clone from/to https://github.com/shiehnpin/crawler-data.git
    at load (/home/ubuntu/crawler/lib/repo.js:41:10)
    at runMicrotasks (<anonymous>)
    at processTicksAndRejections (internal/process/task_queues.js:97:5)
From previous Error: Cloning into '/home/ubuntu/crawler/repo'...
fatal: unable to access 'https://github.com/shiehnpin/crawler-data.git/': Could not resolve host: github.com

[2021-04-23T12:15:00.175] [DEBUG] Scheduler - [Release]
[2021-04-23T12:30:00.004] [DEBUG] Scheduler - [Lock]
[2021-04-23T12:30:00.005] [INFO] Scheduler - Start
[2021-04-23T12:30:00.062] [INFO] Git - clone remote git github.com/shiehnpin/crawler-data.git to /home/ubuntu/crawler/repo
[2021-04-23T12:30:00.063] [INFO] Git - cloning...
[2021-04-23T12:30:00.165] [FATAL] Scheduler - Abort GitError: Git Error: unable to exec clone from/to https://github.com/shiehnpin/crawler-data.git
    at load (/home/ubuntu/crawler/lib/repo.js:41:10)
    at runMicrotasks (<anonymous>)
    at processTicksAndRejections (internal/process/task_queues.js:97:5)
From previous Error: Cloning into '/home/ubuntu/crawler/repo'...
fatal: unable to access 'https://github.com/shiehnpin/crawler-data.git/': Could not resolve host: github.com

[2021-04-23T12:30:00.169] [DEBUG] Scheduler - [Release]
[2021-04-23T12:45:00.003] [DEBUG] Scheduler - [Lock]
[2021-04-23T12:45:00.004] [INFO] Scheduler - Start
[2021-04-23T12:45:00.066] [INFO] Git - clone remote git github.com/shiehnpin/crawler-data.git to /home/ubuntu/crawler/repo
[2021-04-23T12:45:00.068] [INFO] Git - cloning...
[2021-04-23T12:45:00.179] [FATAL] Scheduler - Abort GitError: Git Error: unable to exec clone from/to https://github.com/shiehnpin/crawler-data.git
    at load (/home/ubuntu/crawler/lib/repo.js:41:10)
    at runMicrotasks (<anonymous>)
    at processTicksAndRejections (internal/process/task_queues.js:97:5)
From previous Error: Cloning into '/home/ubuntu/crawler/repo'...
fatal: unable to access 'https://github.com/shiehnpin/crawler-data.git/': Could not resolve host: github.com

[2021-04-23T12:45:00.183] [DEBUG] Scheduler - [Release]
[2021-04-23T13:00:00.004] [DEBUG] Scheduler - [Lock]
[2021-04-23T13:00:00.005] [INFO] Scheduler - Start
[2021-04-23T13:00:00.061] [INFO] Git - clone remote git github.com/shiehnpin/crawler-data.git to /home/ubuntu/crawler/repo
[2021-04-23T13:00:00.063] [INFO] Git - cloning...
[2021-04-23T13:00:00.164] [FATAL] Scheduler - Abort GitError: Git Error: unable to exec clone from/to https://github.com/shiehnpin/crawler-data.git
    at load (/home/ubuntu/crawler/lib/repo.js:41:10)
    at runMicrotasks (<anonymous>)
    at processTicksAndRejections (internal/process/task_queues.js:97:5)
From previous Error: Cloning into '/home/ubuntu/crawler/repo'...
fatal: unable to access 'https://github.com/shiehnpin/crawler-data.git/': Could not resolve host: github.com

[2021-04-23T13:00:00.167] [DEBUG] Scheduler - [Release]
[2021-04-23T13:15:00.003] [DEBUG] Scheduler - [Lock]
[2021-04-23T13:15:00.004] [INFO] Scheduler - Start
[2021-04-23T13:15:00.061] [INFO] Git - clone remote git github.com/shiehnpin/crawler-data.git to /home/ubuntu/crawler/repo
[2021-04-23T13:15:00.062] [INFO] Git - cloning...
[2021-04-23T13:15:00.177] [FATAL] Scheduler - Abort GitError: Git Error: unable to exec clone from/to https://github.com/shiehnpin/crawler-data.git
    at load (/home/ubuntu/crawler/lib/repo.js:41:10)
    at runMicrotasks (<anonymous>)
    at processTicksAndRejections (internal/process/task_queues.js:97:5)
From previous Error: Cloning into '/home/ubuntu/crawler/repo'...
fatal: unable to access 'https://github.com/shiehnpin/crawler-data.git/': Could not resolve host: github.com

[2021-04-23T13:15:00.181] [DEBUG] Scheduler - [Release]
[2021-04-23T13:30:00.004] [DEBUG] Scheduler - [Lock]
[2021-04-23T13:30:00.005] [INFO] Scheduler - Start
[2021-04-23T13:30:00.063] [INFO] Git - clone remote git github.com/shiehnpin/crawler-data.git to /home/ubuntu/crawler/repo
[2021-04-23T13:30:00.064] [INFO] Git - cloning...
[2021-04-23T13:30:00.167] [FATAL] Scheduler - Abort GitError: Git Error: unable to exec clone from/to https://github.com/shiehnpin/crawler-data.git
    at load (/home/ubuntu/crawler/lib/repo.js:41:10)
    at runMicrotasks (<anonymous>)
    at processTicksAndRejections (internal/process/task_queues.js:97:5)
From previous Error: Cloning into '/home/ubuntu/crawler/repo'...
fatal: unable to access 'https://github.com/shiehnpin/crawler-data.git/': Could not resolve host: github.com

[2021-04-23T13:30:00.171] [DEBUG] Scheduler - [Release]
[2021-04-23T13:45:00.004] [DEBUG] Scheduler - [Lock]
[2021-04-23T13:45:00.005] [INFO] Scheduler - Start
[2021-04-23T13:45:00.062] [INFO] Git - clone remote git github.com/shiehnpin/crawler-data.git to /home/ubuntu/crawler/repo
[2021-04-23T13:45:00.063] [INFO] Git - cloning...
[2021-04-23T13:45:00.164] [FATAL] Scheduler - Abort GitError: Git Error: unable to exec clone from/to https://github.com/shiehnpin/crawler-data.git
    at load (/home/ubuntu/crawler/lib/repo.js:41:10)
    at runMicrotasks (<anonymous>)
    at processTicksAndRejections (internal/process/task_queues.js:97:5)
From previous Error: Cloning into '/home/ubuntu/crawler/repo'...
fatal: unable to access 'https://github.com/shiehnpin/crawler-data.git/': Could not resolve host: github.com

[2021-04-23T13:45:00.167] [DEBUG] Scheduler - [Release]
[2021-04-23T14:00:00.006] [DEBUG] Scheduler - [Lock]
[2021-04-23T14:00:00.009] [INFO] Scheduler - Start
[2021-04-23T14:00:00.083] [INFO] Git - clone remote git github.com/shiehnpin/crawler-data.git to /home/ubuntu/crawler/repo
[2021-04-23T14:00:00.085] [INFO] Git - cloning...
[2021-04-23T14:00:00.198] [FATAL] Scheduler - Abort GitError: Git Error: unable to exec clone from/to https://github.com/shiehnpin/crawler-data.git
    at load (/home/ubuntu/crawler/lib/repo.js:41:10)
    at runMicrotasks (<anonymous>)
    at processTicksAndRejections (internal/process/task_queues.js:97:5)
From previous Error: Cloning into '/home/ubuntu/crawler/repo'...
fatal: unable to access 'https://github.com/shiehnpin/crawler-data.git/': Could not resolve host: github.com

[2021-04-23T14:00:00.201] [DEBUG] Scheduler - [Release]
[2021-04-23T14:15:00.005] [DEBUG] Scheduler - [Lock]
[2021-04-23T14:15:00.006] [INFO] Scheduler - Start
[2021-04-23T14:15:00.065] [INFO] Git - clone remote git github.com/shiehnpin/crawler-data.git to /home/ubuntu/crawler/repo
[2021-04-23T14:15:00.066] [INFO] Git - cloning...
[2021-04-23T14:15:00.197] [FATAL] Scheduler - Abort GitError: Git Error: unable to exec clone from/to https://github.com/shiehnpin/crawler-data.git
    at load (/home/ubuntu/crawler/lib/repo.js:41:10)
    at runMicrotasks (<anonymous>)
    at processTicksAndRejections (internal/process/task_queues.js:97:5)
From previous Error: Cloning into '/home/ubuntu/crawler/repo'...
fatal: unable to access 'https://github.com/shiehnpin/crawler-data.git/': Could not resolve host: github.com

[2021-04-23T14:15:00.200] [DEBUG] Scheduler - [Release]
[2021-04-23T14:30:00.005] [DEBUG] Scheduler - [Lock]
[2021-04-23T14:30:00.007] [INFO] Scheduler - Start
[2021-04-23T14:30:00.066] [INFO] Git - clone remote git github.com/shiehnpin/crawler-data.git to /home/ubuntu/crawler/repo
[2021-04-23T14:30:00.069] [INFO] Git - cloning...
[2021-04-23T14:30:00.173] [FATAL] Scheduler - Abort GitError: Git Error: unable to exec clone from/to https://github.com/shiehnpin/crawler-data.git
    at load (/home/ubuntu/crawler/lib/repo.js:41:10)
    at runMicrotasks (<anonymous>)
    at processTicksAndRejections (internal/process/task_queues.js:97:5)
From previous Error: Cloning into '/home/ubuntu/crawler/repo'...
fatal: unable to access 'https://github.com/shiehnpin/crawler-data.git/': Could not resolve host: github.com

[2021-04-23T14:30:00.179] [DEBUG] Scheduler - [Release]
[2021-04-23T14:45:00.005] [DEBUG] Scheduler - [Lock]
[2021-04-23T14:45:00.006] [INFO] Scheduler - Start
[2021-04-23T14:45:00.211] [INFO] Git - clone remote git github.com/shiehnpin/crawler-data.git to /home/ubuntu/crawler/repo
[2021-04-23T14:45:00.214] [INFO] Git - cloning...
[2021-04-23T14:45:00.563] [FATAL] Scheduler - Abort GitError: Git Error: unable to exec clone from/to https://github.com/shiehnpin/crawler-data.git
    at load (/home/ubuntu/crawler/lib/repo.js:41:10)
    at runMicrotasks (<anonymous>)
    at processTicksAndRejections (internal/process/task_queues.js:97:5)
From previous Error: Cloning into '/home/ubuntu/crawler/repo'...
fatal: unable to access 'https://github.com/shiehnpin/crawler-data.git/': Could not resolve host: github.com

[2021-04-23T14:45:00.566] [DEBUG] Scheduler - [Release]
[2021-04-23T15:00:00.003] [DEBUG] Scheduler - [Lock]
[2021-04-23T15:00:00.004] [INFO] Scheduler - Start
[2021-04-23T15:00:00.063] [INFO] Git - clone remote git github.com/shiehnpin/crawler-data.git to /home/ubuntu/crawler/repo
[2021-04-23T15:00:00.065] [INFO] Git - cloning...
[2021-04-23T15:00:00.186] [FATAL] Scheduler - Abort GitError: Git Error: unable to exec clone from/to https://github.com/shiehnpin/crawler-data.git
    at load (/home/ubuntu/crawler/lib/repo.js:41:10)
    at runMicrotasks (<anonymous>)
    at processTicksAndRejections (internal/process/task_queues.js:97:5)
From previous Error: Cloning into '/home/ubuntu/crawler/repo'...
fatal: unable to access 'https://github.com/shiehnpin/crawler-data.git/': Could not resolve host: github.com

[2021-04-23T15:00:00.190] [DEBUG] Scheduler - [Release]
[2021-04-23T15:15:00.004] [DEBUG] Scheduler - [Lock]
[2021-04-23T15:15:00.005] [INFO] Scheduler - Start
[2021-04-23T15:15:00.066] [INFO] Git - clone remote git github.com/shiehnpin/crawler-data.git to /home/ubuntu/crawler/repo
[2021-04-23T15:15:00.067] [INFO] Git - cloning...
[2021-04-23T15:15:00.188] [FATAL] Scheduler - Abort GitError: Git Error: unable to exec clone from/to https://github.com/shiehnpin/crawler-data.git
    at load (/home/ubuntu/crawler/lib/repo.js:41:10)
    at runMicrotasks (<anonymous>)
    at processTicksAndRejections (internal/process/task_queues.js:97:5)
From previous Error: Cloning into '/home/ubuntu/crawler/repo'...
fatal: unable to access 'https://github.com/shiehnpin/crawler-data.git/': Could not resolve host: github.com

[2021-04-23T15:15:00.191] [DEBUG] Scheduler - [Release]
[2021-04-23T15:30:00.005] [DEBUG] Scheduler - [Lock]
[2021-04-23T15:30:00.006] [INFO] Scheduler - Start
[2021-04-23T15:30:00.065] [INFO] Git - clone remote git github.com/shiehnpin/crawler-data.git to /home/ubuntu/crawler/repo
[2021-04-23T15:30:00.067] [INFO] Git - cloning...
[2021-04-23T15:30:00.177] [FATAL] Scheduler - Abort GitError: Git Error: unable to exec clone from/to https://github.com/shiehnpin/crawler-data.git
    at load (/home/ubuntu/crawler/lib/repo.js:41:10)
    at runMicrotasks (<anonymous>)
    at processTicksAndRejections (internal/process/task_queues.js:97:5)
From previous Error: Cloning into '/home/ubuntu/crawler/repo'...
fatal: unable to access 'https://github.com/shiehnpin/crawler-data.git/': Could not resolve host: github.com

[2021-04-23T15:30:00.181] [DEBUG] Scheduler - [Release]
[2021-04-23T15:45:00.005] [DEBUG] Scheduler - [Lock]
[2021-04-23T15:45:00.007] [INFO] Scheduler - Start
[2021-04-23T15:45:00.062] [INFO] Git - clone remote git github.com/shiehnpin/crawler-data.git to /home/ubuntu/crawler/repo
[2021-04-23T15:45:00.064] [INFO] Git - cloning...
[2021-04-23T15:45:00.171] [FATAL] Scheduler - Abort GitError: Git Error: unable to exec clone from/to https://github.com/shiehnpin/crawler-data.git
    at load (/home/ubuntu/crawler/lib/repo.js:41:10)
    at runMicrotasks (<anonymous>)
    at processTicksAndRejections (internal/process/task_queues.js:97:5)
From previous Error: Cloning into '/home/ubuntu/crawler/repo'...
fatal: unable to access 'https://github.com/shiehnpin/crawler-data.git/': Could not resolve host: github.com

[2021-04-23T15:45:00.175] [DEBUG] Scheduler - [Release]
[2021-04-23T16:00:00.004] [DEBUG] Scheduler - [Lock]
[2021-04-23T16:00:00.005] [INFO] Scheduler - Start
[2021-04-23T16:00:00.062] [INFO] Git - clone remote git github.com/shiehnpin/crawler-data.git to /home/ubuntu/crawler/repo
[2021-04-23T16:00:00.063] [INFO] Git - cloning...
[2021-04-23T16:00:00.169] [FATAL] Scheduler - Abort GitError: Git Error: unable to exec clone from/to https://github.com/shiehnpin/crawler-data.git
    at load (/home/ubuntu/crawler/lib/repo.js:41:10)
    at runMicrotasks (<anonymous>)
    at processTicksAndRejections (internal/process/task_queues.js:97:5)
From previous Error: Cloning into '/home/ubuntu/crawler/repo'...
fatal: unable to access 'https://github.com/shiehnpin/crawler-data.git/': Could not resolve host: github.com

[2021-04-23T16:00:00.172] [DEBUG] Scheduler - [Release]
[2021-04-23T16:15:00.004] [DEBUG] Scheduler - [Lock]
[2021-04-23T16:15:00.005] [INFO] Scheduler - Start
[2021-04-23T16:15:00.061] [INFO] Git - clone remote git github.com/shiehnpin/crawler-data.git to /home/ubuntu/crawler/repo
[2021-04-23T16:15:00.062] [INFO] Git - cloning...
[2021-04-23T16:15:00.166] [FATAL] Scheduler - Abort GitError: Git Error: unable to exec clone from/to https://github.com/shiehnpin/crawler-data.git
    at load (/home/ubuntu/crawler/lib/repo.js:41:10)
    at runMicrotasks (<anonymous>)
    at processTicksAndRejections (internal/process/task_queues.js:97:5)
From previous Error: Cloning into '/home/ubuntu/crawler/repo'...
fatal: unable to access 'https://github.com/shiehnpin/crawler-data.git/': Could not resolve host: github.com

[2021-04-23T16:15:00.169] [DEBUG] Scheduler - [Release]
[2021-04-23T16:30:00.005] [DEBUG] Scheduler - [Lock]
[2021-04-23T16:30:00.006] [INFO] Scheduler - Start
[2021-04-23T16:30:00.065] [INFO] Git - clone remote git github.com/shiehnpin/crawler-data.git to /home/ubuntu/crawler/repo
[2021-04-23T16:30:00.066] [INFO] Git - cloning...
[2021-04-23T16:30:00.171] [FATAL] Scheduler - Abort GitError: Git Error: unable to exec clone from/to https://github.com/shiehnpin/crawler-data.git
    at load (/home/ubuntu/crawler/lib/repo.js:41:10)
    at runMicrotasks (<anonymous>)
    at processTicksAndRejections (internal/process/task_queues.js:97:5)
From previous Error: Cloning into '/home/ubuntu/crawler/repo'...
fatal: unable to access 'https://github.com/shiehnpin/crawler-data.git/': Could not resolve host: github.com

[2021-04-23T16:30:00.174] [DEBUG] Scheduler - [Release]
[2021-04-23T16:45:00.004] [DEBUG] Scheduler - [Lock]
[2021-04-23T16:45:00.005] [INFO] Scheduler - Start
[2021-04-23T16:45:00.063] [INFO] Git - clone remote git github.com/shiehnpin/crawler-data.git to /home/ubuntu/crawler/repo
[2021-04-23T16:45:00.065] [INFO] Git - cloning...
[2021-04-23T16:45:00.171] [FATAL] Scheduler - Abort GitError: Git Error: unable to exec clone from/to https://github.com/shiehnpin/crawler-data.git
    at load (/home/ubuntu/crawler/lib/repo.js:41:10)
    at runMicrotasks (<anonymous>)
    at processTicksAndRejections (internal/process/task_queues.js:97:5)
From previous Error: Cloning into '/home/ubuntu/crawler/repo'...
fatal: unable to access 'https://github.com/shiehnpin/crawler-data.git/': Could not resolve host: github.com

[2021-04-23T16:45:00.174] [DEBUG] Scheduler - [Release]
[2021-04-23T17:00:00.004] [DEBUG] Scheduler - [Lock]
[2021-04-23T17:00:00.005] [INFO] Scheduler - Start
[2021-04-23T17:00:00.061] [INFO] Git - clone remote git github.com/shiehnpin/crawler-data.git to /home/ubuntu/crawler/repo
[2021-04-23T17:00:00.063] [INFO] Git - cloning...
[2021-04-23T17:00:00.169] [FATAL] Scheduler - Abort GitError: Git Error: unable to exec clone from/to https://github.com/shiehnpin/crawler-data.git
    at load (/home/ubuntu/crawler/lib/repo.js:41:10)
    at runMicrotasks (<anonymous>)
    at processTicksAndRejections (internal/process/task_queues.js:97:5)
From previous Error: Cloning into '/home/ubuntu/crawler/repo'...
fatal: unable to access 'https://github.com/shiehnpin/crawler-data.git/': Could not resolve host: github.com

[2021-04-23T17:00:00.172] [DEBUG] Scheduler - [Release]
[2021-04-23T17:15:00.004] [DEBUG] Scheduler - [Lock]
[2021-04-23T17:15:00.005] [INFO] Scheduler - Start
[2021-04-23T17:15:00.061] [INFO] Git - clone remote git github.com/shiehnpin/crawler-data.git to /home/ubuntu/crawler/repo
[2021-04-23T17:15:00.063] [INFO] Git - cloning...
[2021-04-23T17:15:00.179] [FATAL] Scheduler - Abort GitError: Git Error: unable to exec clone from/to https://github.com/shiehnpin/crawler-data.git
    at load (/home/ubuntu/crawler/lib/repo.js:41:10)
    at runMicrotasks (<anonymous>)
    at processTicksAndRejections (internal/process/task_queues.js:97:5)
From previous Error: Cloning into '/home/ubuntu/crawler/repo'...
fatal: unable to access 'https://github.com/shiehnpin/crawler-data.git/': Could not resolve host: github.com

[2021-04-23T17:15:00.182] [DEBUG] Scheduler - [Release]
[2021-04-23T17:30:00.004] [DEBUG] Scheduler - [Lock]
[2021-04-23T17:30:00.005] [INFO] Scheduler - Start
[2021-04-23T17:30:00.061] [INFO] Git - clone remote git github.com/shiehnpin/crawler-data.git to /home/ubuntu/crawler/repo
[2021-04-23T17:30:00.063] [INFO] Git - cloning...
[2021-04-23T17:30:00.170] [FATAL] Scheduler - Abort GitError: Git Error: unable to exec clone from/to https://github.com/shiehnpin/crawler-data.git
    at load (/home/ubuntu/crawler/lib/repo.js:41:10)
    at runMicrotasks (<anonymous>)
    at processTicksAndRejections (internal/process/task_queues.js:97:5)
From previous Error: Cloning into '/home/ubuntu/crawler/repo'...
fatal: unable to access 'https://github.com/shiehnpin/crawler-data.git/': Could not resolve host: github.com

[2021-04-23T17:30:00.173] [DEBUG] Scheduler - [Release]
[2021-04-23T17:45:00.003] [DEBUG] Scheduler - [Lock]
[2021-04-23T17:45:00.004] [INFO] Scheduler - Start
[2021-04-23T17:45:00.062] [INFO] Git - clone remote git github.com/shiehnpin/crawler-data.git to /home/ubuntu/crawler/repo
[2021-04-23T17:45:00.063] [INFO] Git - cloning...
[2021-04-23T17:45:00.165] [FATAL] Scheduler - Abort GitError: Git Error: unable to exec clone from/to https://github.com/shiehnpin/crawler-data.git
    at load (/home/ubuntu/crawler/lib/repo.js:41:10)
    at runMicrotasks (<anonymous>)
    at processTicksAndRejections (internal/process/task_queues.js:97:5)
From previous Error: Cloning into '/home/ubuntu/crawler/repo'...
fatal: unable to access 'https://github.com/shiehnpin/crawler-data.git/': Could not resolve host: github.com

[2021-04-23T17:45:00.169] [DEBUG] Scheduler - [Release]
[2021-04-23T18:00:00.003] [DEBUG] Scheduler - [Lock]
[2021-04-23T18:00:00.004] [INFO] Scheduler - Start
[2021-04-23T18:00:00.061] [INFO] Git - clone remote git github.com/shiehnpin/crawler-data.git to /home/ubuntu/crawler/repo
[2021-04-23T18:00:00.063] [INFO] Git - cloning...
[2021-04-23T18:00:00.167] [FATAL] Scheduler - Abort GitError: Git Error: unable to exec clone from/to https://github.com/shiehnpin/crawler-data.git
    at load (/home/ubuntu/crawler/lib/repo.js:41:10)
    at runMicrotasks (<anonymous>)
    at processTicksAndRejections (internal/process/task_queues.js:97:5)
From previous Error: Cloning into '/home/ubuntu/crawler/repo'...
fatal: unable to access 'https://github.com/shiehnpin/crawler-data.git/': Could not resolve host: github.com

[2021-04-23T18:00:00.171] [DEBUG] Scheduler - [Release]
[2021-04-23T18:15:00.006] [DEBUG] Scheduler - [Lock]
[2021-04-23T18:15:00.007] [INFO] Scheduler - Start
[2021-04-23T18:15:00.062] [INFO] Git - clone remote git github.com/shiehnpin/crawler-data.git to /home/ubuntu/crawler/repo
[2021-04-23T18:15:00.064] [INFO] Git - cloning...
[2021-04-23T18:15:00.172] [FATAL] Scheduler - Abort GitError: Git Error: unable to exec clone from/to https://github.com/shiehnpin/crawler-data.git
    at load (/home/ubuntu/crawler/lib/repo.js:41:10)
    at runMicrotasks (<anonymous>)
    at processTicksAndRejections (internal/process/task_queues.js:97:5)
From previous Error: Cloning into '/home/ubuntu/crawler/repo'...
fatal: unable to access 'https://github.com/shiehnpin/crawler-data.git/': Could not resolve host: github.com

[2021-04-23T18:15:00.175] [DEBUG] Scheduler - [Release]
[2021-04-23T18:30:00.006] [DEBUG] Scheduler - [Lock]
[2021-04-23T18:30:00.008] [INFO] Scheduler - Start
[2021-04-23T18:30:00.069] [INFO] Git - clone remote git github.com/shiehnpin/crawler-data.git to /home/ubuntu/crawler/repo
[2021-04-23T18:30:00.071] [INFO] Git - cloning...
[2021-04-23T18:30:00.181] [FATAL] Scheduler - Abort GitError: Git Error: unable to exec clone from/to https://github.com/shiehnpin/crawler-data.git
    at load (/home/ubuntu/crawler/lib/repo.js:41:10)
    at runMicrotasks (<anonymous>)
    at processTicksAndRejections (internal/process/task_queues.js:97:5)
From previous Error: Cloning into '/home/ubuntu/crawler/repo'...
fatal: unable to access 'https://github.com/shiehnpin/crawler-data.git/': Could not resolve host: github.com

[2021-04-23T18:30:00.184] [DEBUG] Scheduler - [Release]
[2021-04-23T18:45:00.004] [DEBUG] Scheduler - [Lock]
[2021-04-23T18:45:00.005] [INFO] Scheduler - Start
[2021-04-23T18:45:00.075] [INFO] Git - clone remote git github.com/shiehnpin/crawler-data.git to /home/ubuntu/crawler/repo
[2021-04-23T18:45:00.077] [INFO] Git - cloning...
[2021-04-23T18:45:00.182] [FATAL] Scheduler - Abort GitError: Git Error: unable to exec clone from/to https://github.com/shiehnpin/crawler-data.git
    at load (/home/ubuntu/crawler/lib/repo.js:41:10)
    at runMicrotasks (<anonymous>)
    at processTicksAndRejections (internal/process/task_queues.js:97:5)
From previous Error: Cloning into '/home/ubuntu/crawler/repo'...
fatal: unable to access 'https://github.com/shiehnpin/crawler-data.git/': Could not resolve host: github.com

[2021-04-23T18:45:00.188] [DEBUG] Scheduler - [Release]
[2021-04-23T19:00:00.003] [DEBUG] Scheduler - [Lock]
[2021-04-23T19:00:00.004] [INFO] Scheduler - Start
[2021-04-23T19:00:00.063] [INFO] Git - clone remote git github.com/shiehnpin/crawler-data.git to /home/ubuntu/crawler/repo
[2021-04-23T19:00:00.065] [INFO] Git - cloning...
[2021-04-23T19:00:00.205] [FATAL] Scheduler - Abort GitError: Git Error: unable to exec clone from/to https://github.com/shiehnpin/crawler-data.git
    at load (/home/ubuntu/crawler/lib/repo.js:41:10)
    at runMicrotasks (<anonymous>)
    at processTicksAndRejections (internal/process/task_queues.js:97:5)
From previous Error: Cloning into '/home/ubuntu/crawler/repo'...
fatal: unable to access 'https://github.com/shiehnpin/crawler-data.git/': Could not resolve host: github.com

[2021-04-23T19:00:00.209] [DEBUG] Scheduler - [Release]
[2021-04-23T19:15:00.005] [DEBUG] Scheduler - [Lock]
[2021-04-23T19:15:00.006] [INFO] Scheduler - Start
[2021-04-23T19:15:00.066] [INFO] Git - clone remote git github.com/shiehnpin/crawler-data.git to /home/ubuntu/crawler/repo
[2021-04-23T19:15:00.068] [INFO] Git - cloning...
[2021-04-23T19:15:00.181] [FATAL] Scheduler - Abort GitError: Git Error: unable to exec clone from/to https://github.com/shiehnpin/crawler-data.git
    at load (/home/ubuntu/crawler/lib/repo.js:41:10)
    at runMicrotasks (<anonymous>)
    at processTicksAndRejections (internal/process/task_queues.js:97:5)
From previous Error: Cloning into '/home/ubuntu/crawler/repo'...
fatal: unable to access 'https://github.com/shiehnpin/crawler-data.git/': Could not resolve host: github.com

[2021-04-23T19:15:00.184] [DEBUG] Scheduler - [Release]
[2021-04-23T19:30:00.005] [DEBUG] Scheduler - [Lock]
[2021-04-23T19:30:00.006] [INFO] Scheduler - Start
[2021-04-23T19:30:00.061] [INFO] Git - clone remote git github.com/shiehnpin/crawler-data.git to /home/ubuntu/crawler/repo
[2021-04-23T19:30:00.063] [INFO] Git - cloning...
[2021-04-23T19:30:00.171] [FATAL] Scheduler - Abort GitError: Git Error: unable to exec clone from/to https://github.com/shiehnpin/crawler-data.git
    at load (/home/ubuntu/crawler/lib/repo.js:41:10)
    at runMicrotasks (<anonymous>)
    at processTicksAndRejections (internal/process/task_queues.js:97:5)
From previous Error: Cloning into '/home/ubuntu/crawler/repo'...
fatal: unable to access 'https://github.com/shiehnpin/crawler-data.git/': Could not resolve host: github.com

[2021-04-23T19:30:00.174] [DEBUG] Scheduler - [Release]
[2021-04-23T19:45:00.004] [DEBUG] Scheduler - [Lock]
[2021-04-23T19:45:00.005] [INFO] Scheduler - Start
[2021-04-23T19:45:00.061] [INFO] Git - clone remote git github.com/shiehnpin/crawler-data.git to /home/ubuntu/crawler/repo
[2021-04-23T19:45:00.062] [INFO] Git - cloning...
[2021-04-23T19:45:00.164] [FATAL] Scheduler - Abort GitError: Git Error: unable to exec clone from/to https://github.com/shiehnpin/crawler-data.git
    at load (/home/ubuntu/crawler/lib/repo.js:41:10)
    at runMicrotasks (<anonymous>)
    at processTicksAndRejections (internal/process/task_queues.js:97:5)
From previous Error: Cloning into '/home/ubuntu/crawler/repo'...
fatal: unable to access 'https://github.com/shiehnpin/crawler-data.git/': Could not resolve host: github.com

[2021-04-23T19:45:00.168] [DEBUG] Scheduler - [Release]
[2021-04-23T20:00:00.006] [DEBUG] Scheduler - [Lock]
[2021-04-23T20:00:00.007] [INFO] Scheduler - Start
[2021-04-23T20:00:00.065] [INFO] Git - clone remote git github.com/shiehnpin/crawler-data.git to /home/ubuntu/crawler/repo
[2021-04-23T20:00:00.067] [INFO] Git - cloning...
[2021-04-23T20:00:00.175] [FATAL] Scheduler - Abort GitError: Git Error: unable to exec clone from/to https://github.com/shiehnpin/crawler-data.git
    at load (/home/ubuntu/crawler/lib/repo.js:41:10)
    at runMicrotasks (<anonymous>)
    at processTicksAndRejections (internal/process/task_queues.js:97:5)
From previous Error: Cloning into '/home/ubuntu/crawler/repo'...
fatal: unable to access 'https://github.com/shiehnpin/crawler-data.git/': Could not resolve host: github.com

[2021-04-23T20:00:00.177] [DEBUG] Scheduler - [Release]
[2021-04-23T20:15:00.005] [DEBUG] Scheduler - [Lock]
[2021-04-23T20:15:00.006] [INFO] Scheduler - Start
[2021-04-23T20:15:00.069] [INFO] Git - clone remote git github.com/shiehnpin/crawler-data.git to /home/ubuntu/crawler/repo
[2021-04-23T20:15:00.071] [INFO] Git - cloning...
[2021-04-23T20:15:00.196] [FATAL] Scheduler - Abort GitError: Git Error: unable to exec clone from/to https://github.com/shiehnpin/crawler-data.git
    at load (/home/ubuntu/crawler/lib/repo.js:41:10)
    at runMicrotasks (<anonymous>)
    at processTicksAndRejections (internal/process/task_queues.js:97:5)
From previous Error: Cloning into '/home/ubuntu/crawler/repo'...
fatal: unable to access 'https://github.com/shiehnpin/crawler-data.git/': Could not resolve host: github.com

[2021-04-23T20:15:00.199] [DEBUG] Scheduler - [Release]
[2021-04-23T20:30:00.005] [DEBUG] Scheduler - [Lock]
[2021-04-23T20:30:00.006] [INFO] Scheduler - Start
[2021-04-23T20:30:00.062] [INFO] Git - clone remote git github.com/shiehnpin/crawler-data.git to /home/ubuntu/crawler/repo
[2021-04-23T20:30:00.064] [INFO] Git - cloning...
[2021-04-23T20:30:00.168] [FATAL] Scheduler - Abort GitError: Git Error: unable to exec clone from/to https://github.com/shiehnpin/crawler-data.git
    at load (/home/ubuntu/crawler/lib/repo.js:41:10)
    at runMicrotasks (<anonymous>)
    at processTicksAndRejections (internal/process/task_queues.js:97:5)
From previous Error: Cloning into '/home/ubuntu/crawler/repo'...
fatal: unable to access 'https://github.com/shiehnpin/crawler-data.git/': Could not resolve host: github.com

[2021-04-23T20:30:00.171] [DEBUG] Scheduler - [Release]
[2021-04-23T20:45:00.005] [DEBUG] Scheduler - [Lock]
[2021-04-23T20:45:00.006] [INFO] Scheduler - Start
[2021-04-23T20:45:00.061] [INFO] Git - clone remote git github.com/shiehnpin/crawler-data.git to /home/ubuntu/crawler/repo
[2021-04-23T20:45:00.063] [INFO] Git - cloning...
[2021-04-23T20:45:00.170] [FATAL] Scheduler - Abort GitError: Git Error: unable to exec clone from/to https://github.com/shiehnpin/crawler-data.git
    at load (/home/ubuntu/crawler/lib/repo.js:41:10)
    at runMicrotasks (<anonymous>)
    at processTicksAndRejections (internal/process/task_queues.js:97:5)
From previous Error: Cloning into '/home/ubuntu/crawler/repo'...
fatal: unable to access 'https://github.com/shiehnpin/crawler-data.git/': Could not resolve host: github.com

[2021-04-23T20:45:00.174] [DEBUG] Scheduler - [Release]
[2021-04-23T21:00:00.003] [DEBUG] Scheduler - [Lock]
[2021-04-23T21:00:00.004] [INFO] Scheduler - Start
[2021-04-23T21:00:00.060] [INFO] Git - clone remote git github.com/shiehnpin/crawler-data.git to /home/ubuntu/crawler/repo
[2021-04-23T21:00:00.062] [INFO] Git - cloning...
[2021-04-23T21:00:00.164] [FATAL] Scheduler - Abort GitError: Git Error: unable to exec clone from/to https://github.com/shiehnpin/crawler-data.git
    at load (/home/ubuntu/crawler/lib/repo.js:41:10)
    at runMicrotasks (<anonymous>)
    at processTicksAndRejections (internal/process/task_queues.js:97:5)
From previous Error: Cloning into '/home/ubuntu/crawler/repo'...
fatal: unable to access 'https://github.com/shiehnpin/crawler-data.git/': Could not resolve host: github.com

[2021-04-23T21:00:00.169] [DEBUG] Scheduler - [Release]
[2021-04-23T21:15:00.005] [DEBUG] Scheduler - [Lock]
[2021-04-23T21:15:00.006] [INFO] Scheduler - Start
[2021-04-23T21:15:00.070] [INFO] Git - clone remote git github.com/shiehnpin/crawler-data.git to /home/ubuntu/crawler/repo
[2021-04-23T21:15:00.073] [INFO] Git - cloning...
[2021-04-23T21:15:00.231] [FATAL] Scheduler - Abort GitError: Git Error: unable to exec clone from/to https://github.com/shiehnpin/crawler-data.git
    at load (/home/ubuntu/crawler/lib/repo.js:41:10)
    at runMicrotasks (<anonymous>)
    at processTicksAndRejections (internal/process/task_queues.js:97:5)
From previous Error: Cloning into '/home/ubuntu/crawler/repo'...
fatal: unable to access 'https://github.com/shiehnpin/crawler-data.git/': Could not resolve host: github.com

[2021-04-23T21:15:00.236] [DEBUG] Scheduler - [Release]
[2021-04-23T21:30:00.006] [DEBUG] Scheduler - [Lock]
[2021-04-23T21:30:00.007] [INFO] Scheduler - Start
[2021-04-23T21:30:00.062] [INFO] Git - clone remote git github.com/shiehnpin/crawler-data.git to /home/ubuntu/crawler/repo
[2021-04-23T21:30:00.064] [INFO] Git - cloning...
[2021-04-23T21:30:00.167] [FATAL] Scheduler - Abort GitError: Git Error: unable to exec clone from/to https://github.com/shiehnpin/crawler-data.git
    at load (/home/ubuntu/crawler/lib/repo.js:41:10)
    at runMicrotasks (<anonymous>)
    at processTicksAndRejections (internal/process/task_queues.js:97:5)
From previous Error: Cloning into '/home/ubuntu/crawler/repo'...
fatal: unable to access 'https://github.com/shiehnpin/crawler-data.git/': Could not resolve host: github.com

[2021-04-23T21:30:00.170] [DEBUG] Scheduler - [Release]
[2021-04-23T21:45:00.005] [DEBUG] Scheduler - [Lock]
[2021-04-23T21:45:00.006] [INFO] Scheduler - Start
[2021-04-23T21:45:00.069] [INFO] Git - clone remote git github.com/shiehnpin/crawler-data.git to /home/ubuntu/crawler/repo
[2021-04-23T21:45:00.070] [INFO] Git - cloning...
[2021-04-23T21:45:00.175] [FATAL] Scheduler - Abort GitError: Git Error: unable to exec clone from/to https://github.com/shiehnpin/crawler-data.git
    at load (/home/ubuntu/crawler/lib/repo.js:41:10)
    at runMicrotasks (<anonymous>)
    at processTicksAndRejections (internal/process/task_queues.js:97:5)
From previous Error: Cloning into '/home/ubuntu/crawler/repo'...
fatal: unable to access 'https://github.com/shiehnpin/crawler-data.git/': Could not resolve host: github.com

[2021-04-23T21:45:00.177] [DEBUG] Scheduler - [Release]
[2021-04-23T22:00:00.005] [DEBUG] Scheduler - [Lock]
[2021-04-23T22:00:00.006] [INFO] Scheduler - Start
[2021-04-23T22:00:00.063] [INFO] Git - clone remote git github.com/shiehnpin/crawler-data.git to /home/ubuntu/crawler/repo
[2021-04-23T22:00:00.064] [INFO] Git - cloning...
[2021-04-23T22:00:00.170] [FATAL] Scheduler - Abort GitError: Git Error: unable to exec clone from/to https://github.com/shiehnpin/crawler-data.git
    at load (/home/ubuntu/crawler/lib/repo.js:41:10)
    at runMicrotasks (<anonymous>)
    at processTicksAndRejections (internal/process/task_queues.js:97:5)
From previous Error: Cloning into '/home/ubuntu/crawler/repo'...
fatal: unable to access 'https://github.com/shiehnpin/crawler-data.git/': Could not resolve host: github.com

[2021-04-23T22:00:00.173] [DEBUG] Scheduler - [Release]
[2021-04-23T22:15:00.005] [DEBUG] Scheduler - [Lock]
[2021-04-23T22:15:00.006] [INFO] Scheduler - Start
[2021-04-23T22:15:00.062] [INFO] Git - clone remote git github.com/shiehnpin/crawler-data.git to /home/ubuntu/crawler/repo
[2021-04-23T22:15:00.064] [INFO] Git - cloning...
[2021-04-23T22:15:00.185] [FATAL] Scheduler - Abort GitError: Git Error: unable to exec clone from/to https://github.com/shiehnpin/crawler-data.git
    at load (/home/ubuntu/crawler/lib/repo.js:41:10)
    at runMicrotasks (<anonymous>)
    at processTicksAndRejections (internal/process/task_queues.js:97:5)
From previous Error: Cloning into '/home/ubuntu/crawler/repo'...
fatal: unable to access 'https://github.com/shiehnpin/crawler-data.git/': Could not resolve host: github.com

[2021-04-23T22:15:00.188] [DEBUG] Scheduler - [Release]
[2021-04-23T22:30:00.004] [DEBUG] Scheduler - [Lock]
[2021-04-23T22:30:00.005] [INFO] Scheduler - Start
[2021-04-23T22:30:00.060] [INFO] Git - clone remote git github.com/shiehnpin/crawler-data.git to /home/ubuntu/crawler/repo
[2021-04-23T22:30:00.062] [INFO] Git - cloning...
[2021-04-23T22:30:00.164] [FATAL] Scheduler - Abort GitError: Git Error: unable to exec clone from/to https://github.com/shiehnpin/crawler-data.git
    at load (/home/ubuntu/crawler/lib/repo.js:41:10)
    at runMicrotasks (<anonymous>)
    at processTicksAndRejections (internal/process/task_queues.js:97:5)
From previous Error: Cloning into '/home/ubuntu/crawler/repo'...
fatal: unable to access 'https://github.com/shiehnpin/crawler-data.git/': Could not resolve host: github.com

[2021-04-23T22:30:00.167] [DEBUG] Scheduler - [Release]
[2021-04-23T22:45:00.008] [DEBUG] Scheduler - [Lock]
[2021-04-23T22:45:00.009] [INFO] Scheduler - Start
[2021-04-23T22:45:00.066] [INFO] Git - clone remote git github.com/shiehnpin/crawler-data.git to /home/ubuntu/crawler/repo
[2021-04-23T22:45:00.068] [INFO] Git - cloning...
[2021-04-23T22:45:00.195] [FATAL] Scheduler - Abort GitError: Git Error: unable to exec clone from/to https://github.com/shiehnpin/crawler-data.git
    at load (/home/ubuntu/crawler/lib/repo.js:41:10)
    at runMicrotasks (<anonymous>)
    at processTicksAndRejections (internal/process/task_queues.js:97:5)
From previous Error: Cloning into '/home/ubuntu/crawler/repo'...
fatal: unable to access 'https://github.com/shiehnpin/crawler-data.git/': Could not resolve host: github.com

[2021-04-23T22:45:00.197] [DEBUG] Scheduler - [Release]
[2021-04-23T23:00:00.005] [DEBUG] Scheduler - [Lock]
[2021-04-23T23:00:00.006] [INFO] Scheduler - Start
[2021-04-23T23:00:00.075] [INFO] Git - clone remote git github.com/shiehnpin/crawler-data.git to /home/ubuntu/crawler/repo
[2021-04-23T23:00:00.077] [INFO] Git - cloning...
[2021-04-23T23:00:00.183] [FATAL] Scheduler - Abort GitError: Git Error: unable to exec clone from/to https://github.com/shiehnpin/crawler-data.git
    at load (/home/ubuntu/crawler/lib/repo.js:41:10)
    at runMicrotasks (<anonymous>)
    at processTicksAndRejections (internal/process/task_queues.js:97:5)
From previous Error: Cloning into '/home/ubuntu/crawler/repo'...
fatal: unable to access 'https://github.com/shiehnpin/crawler-data.git/': Could not resolve host: github.com

[2021-04-23T23:00:00.189] [DEBUG] Scheduler - [Release]
[2021-04-23T23:15:00.003] [DEBUG] Scheduler - [Lock]
[2021-04-23T23:15:00.004] [INFO] Scheduler - Start
[2021-04-23T23:15:00.061] [INFO] Git - clone remote git github.com/shiehnpin/crawler-data.git to /home/ubuntu/crawler/repo
[2021-04-23T23:15:00.063] [INFO] Git - cloning...
[2021-04-23T23:15:00.173] [FATAL] Scheduler - Abort GitError: Git Error: unable to exec clone from/to https://github.com/shiehnpin/crawler-data.git
    at load (/home/ubuntu/crawler/lib/repo.js:41:10)
    at runMicrotasks (<anonymous>)
    at processTicksAndRejections (internal/process/task_queues.js:97:5)
From previous Error: Cloning into '/home/ubuntu/crawler/repo'...
fatal: unable to access 'https://github.com/shiehnpin/crawler-data.git/': Could not resolve host: github.com

[2021-04-23T23:15:00.176] [DEBUG] Scheduler - [Release]
[2021-04-23T23:30:00.004] [DEBUG] Scheduler - [Lock]
[2021-04-23T23:30:00.005] [INFO] Scheduler - Start
[2021-04-23T23:30:00.061] [INFO] Git - clone remote git github.com/shiehnpin/crawler-data.git to /home/ubuntu/crawler/repo
[2021-04-23T23:30:00.063] [INFO] Git - cloning...
[2021-04-23T23:30:00.171] [FATAL] Scheduler - Abort GitError: Git Error: unable to exec clone from/to https://github.com/shiehnpin/crawler-data.git
    at load (/home/ubuntu/crawler/lib/repo.js:41:10)
    at runMicrotasks (<anonymous>)
    at processTicksAndRejections (internal/process/task_queues.js:97:5)
From previous Error: Cloning into '/home/ubuntu/crawler/repo'...
fatal: unable to access 'https://github.com/shiehnpin/crawler-data.git/': Could not resolve host: github.com

[2021-04-23T23:30:00.174] [DEBUG] Scheduler - [Release]
[2021-04-23T23:45:00.005] [DEBUG] Scheduler - [Lock]
[2021-04-23T23:45:00.006] [INFO] Scheduler - Start
[2021-04-23T23:45:00.063] [INFO] Git - clone remote git github.com/shiehnpin/crawler-data.git to /home/ubuntu/crawler/repo
[2021-04-23T23:45:00.065] [INFO] Git - cloning...
[2021-04-23T23:45:00.203] [FATAL] Scheduler - Abort GitError: Git Error: unable to exec clone from/to https://github.com/shiehnpin/crawler-data.git
    at load (/home/ubuntu/crawler/lib/repo.js:41:10)
    at runMicrotasks (<anonymous>)
    at processTicksAndRejections (internal/process/task_queues.js:97:5)
From previous Error: Cloning into '/home/ubuntu/crawler/repo'...
fatal: unable to access 'https://github.com/shiehnpin/crawler-data.git/': Could not resolve host: github.com

[2021-04-23T23:45:00.214] [DEBUG] Scheduler - [Release]
