[2021-01-27T15:10:33.828] [INFO] CI - listen, version: 1.0.0
[2021-01-27T15:12:30.202] [INFO] CI - listen, version: 1.0.0
[2021-01-27T15:13:46.343] [INFO] CI - listen, version: 1.0.0
[2021-01-27T15:15:29.647] [INFO] CI - listen, version: 1.0.0
[2021-01-27T15:15:42.660] [INFO] CI - listen, version: 1.0.0
[2021-01-27T15:31:30.061] [INFO] CI - listen, version: 1.0.0
[2021-01-27T15:42:54.852] [INFO] CI - listen, version: 1.0.0 098c5cacb2895daa198e8c7eba0c0ef0cf289631e206b9295d8ecec3f62d1f02
[2021-01-27T15:44:06.692] [INFO] CI - listen, version: 1.0.0 a4efbe12-37be-56a6-9273-151d6c3ac98e
[2021-01-27T16:00:51.008] [INFO] CI - listen, version: 1.0.0 098c5cacb2895daa198e8c7eba0c0ef0cf289631e206b9295d8ecec3f62d1f02
[2021-01-27T16:01:38.084] [INFO] CI - listen, version: 1.0.0 098c5cacb2895daa198e8c7eba0c0ef0cf289631e206b9295d8ecec3f62d1f02
[2021-01-27T16:07:29.257] [INFO] CI - listen, version: 1.0.0 098c5cacb2895daa198e8c7eba0c0ef0cf289631e206b9295d8ecec3f62d1f02
[2021-01-27T19:32:51.508] [INFO] CI - listen, version: 1.0.0 098c5cacb2895daa198e8c7eba0c0ef0cf289631e206b9295d8ecec3f62d1f02
[2021-01-27T19:32:51.723] [INFO] CI - app chagned:  { version: '1.0.0' }
[2021-01-27T19:36:55.446] [INFO] CI - listen, version: 1.0.0 098c5cacb2895daa198e8c7eba0c0ef0cf289631e206b9295d8ecec3f62d1f02
[2021-01-27T19:36:55.660] [INFO] CI - app chagned:  { version: '1.0.0' }
[2021-01-27T19:37:03.981] [INFO] CI - dry run mode
[2021-01-27T19:37:04.402] [INFO] CI - listen, version: 1.0.0 098c5cacb2895daa198e8c7eba0c0ef0cf289631e206b9295d8ecec3f62d1f02
[2021-01-27T19:37:04.600] [INFO] CI - app chagned:  { version: '1.0.0' }
[2021-01-27T19:37:29.099] [INFO] CI - dry run mode
[2021-01-27T19:37:29.445] [INFO] CI - listen, version: 1.0.0 098c5cacb2895daa198e8c7eba0c0ef0cf289631e206b9295d8ecec3f62d1f02
[2021-01-27T19:37:29.640] [INFO] CI - app chagned:  { version: '1.0.0' }
[2021-01-27T19:37:29.640] [INFO] CI - upgrade
[2021-01-27T19:37:29.692] [INFO] CI - tasks changed:  {
  sites: [
    {
      url: 'https://www.sierra.com/mystery-ranch~b~37083/',
      name: '神秘農場@sierra',
      event: [Array],
      match: 'Backpack'
    },
    { url: 'https://www.rei.com/used/b/arcteryx' }
  ],
  email: 'shieh.npin@gmail.com'
}
[2021-01-27T19:37:29.692] [INFO] CI - reload
[2021-01-27T19:37:29.693] [INFO] CI - tasks changed:  { email: 'deltaguita@gmail.com' }
[2021-01-27T19:37:29.693] [INFO] CI - reload
[2021-01-27T19:38:51.374] [INFO] CI - dry run mode
[2021-01-27T19:38:51.776] [INFO] CI - listen, version: 1.0.0 098c5cacb2895daa198e8c7eba0c0ef0cf289631e206b9295d8ecec3f62d1f02
[2021-01-27T19:38:51.963] [INFO] CI - app chagned:  { version: '1.0.0' }
[2021-01-27T19:38:51.963] [INFO] CI - upgrade
[2021-01-27T19:38:51.983] [INFO] CI - tasks changed:  {
  email: 'shieh.npin@gmail.com',
  sites: [
    {
      url: 'https://www.sierra.com/mystery-ranch~b~37083/',
      match: 'Backpack',
      name: '神秘農場@sierra',
      event: [Array]
    },
    { url: 'https://www.rei.com/used/b/arcteryx' }
  ]
}
[2021-01-27T19:38:51.984] [INFO] CI - reload
[2021-01-27T19:38:51.984] [INFO] CI - tasks changed:  { email: 'deltaguita@gmail.com' }
[2021-01-27T19:38:51.984] [INFO] CI - reload
[2021-01-27T19:47:16.311] [INFO] CI - dry run mode
[2021-01-27T19:47:16.732] [INFO] CI - upgrade
[2021-01-27T19:48:00.370] [INFO] CI - dry run mode
[2021-01-27T19:48:00.772] [INFO] CI - Promise { <pending> }
[2021-01-27T19:48:00.774] [INFO] CI - upgrade
[2021-01-27T19:49:01.525] [INFO] CI - dry run mode
[2021-01-27T19:49:02.060] [INFO] CI - { version: '1.0.0' }
[2021-01-27T19:49:02.061] [INFO] CI - upgrade
[2021-01-27T19:49:15.016] [INFO] CI - dry run mode
[2021-01-27T19:49:15.538] [INFO] CI - listen, version: 1.0.0 098c5cacb2895daa198e8c7eba0c0ef0cf289631e206b9295d8ecec3f62d1f02
[2021-01-27T19:49:15.702] [INFO] CI - tasks changed:  {
  email: 'shieh.npin@gmail.com',
  sites: [
    {
      event: [Array],
      match: 'Backpack',
      url: 'https://www.sierra.com/mystery-ranch~b~37083/',
      name: '神秘農場@sierra'
    },
    { url: 'https://www.rei.com/used/b/arcteryx' }
  ]
}
[2021-01-27T19:49:15.703] [INFO] CI - reload
[2021-01-27T19:49:15.703] [INFO] CI - tasks changed:  { email: 'deltaguita@gmail.com' }
[2021-01-27T19:49:15.703] [INFO] CI - reload
[2021-01-27T19:49:15.726] [INFO] CI - setting chagned:  { version: '1.0.0' }
[2021-01-27T19:49:20.242] [INFO] CI - dry run mode
[2021-01-27T19:49:20.707] [INFO] CI - listen, version: 1.0.0 098c5cacb2895daa198e8c7eba0c0ef0cf289631e206b9295d8ecec3f62d1f02
[2021-01-27T19:49:20.908] [INFO] CI - setting chagned:  { version: '1.0.0' }
[2021-01-27T19:49:20.914] [INFO] CI - tasks changed:  {
  sites: [
    {
      match: 'Backpack',
      event: [Array],
      url: 'https://www.sierra.com/mystery-ranch~b~37083/',
      name: '神秘農場@sierra'
    },
    { url: 'https://www.rei.com/used/b/arcteryx' }
  ],
  email: 'shieh.npin@gmail.com'
}
[2021-01-27T19:49:20.915] [INFO] CI - reload
[2021-01-27T19:49:20.915] [INFO] CI - tasks changed:  { email: 'deltaguita@gmail.com' }
[2021-01-27T19:49:20.915] [INFO] CI - reload
[2021-01-27T19:49:32.036] [INFO] CI - dry run mode
[2021-01-27T19:49:32.564] [INFO] CI - listen, version: 1.0.0 098c5cacb2895daa198e8c7eba0c0ef0cf289631e206b9295d8ecec3f62d1f02
[2021-01-27T19:49:32.758] [INFO] CI - tasks changed:  {
  email: 'shieh.npin@gmail.com',
  sites: [
    {
      name: '神秘農場@sierra',
      match: 'Backpack',
      url: 'https://www.sierra.com/mystery-ranch~b~37083/',
      event: [Array]
    },
    { url: 'https://www.rei.com/used/b/arcteryx' }
  ]
}
[2021-01-27T19:49:32.758] [INFO] CI - reload
[2021-01-27T19:49:32.759] [INFO] CI - tasks changed:  { email: 'deltaguita@gmail.com' }
[2021-01-27T19:49:32.759] [INFO] CI - reload
[2021-01-27T19:49:32.762] [INFO] CI - setting chagned:  { version: '1.0.0' }
[2021-01-27T19:54:38.632] [INFO] CI - dry run mode
[2021-01-27T19:54:39.168] [INFO] CI - listen, version: 1.0.0 098c5cacb2895daa198e8c7eba0c0ef0cf289631e206b9295d8ecec3f62d1f02
[2021-01-27T19:54:39.357] [INFO] CI - setting chagned:  { version: '1.0.0' }
