[2021-01-20T20:45:30.363] [INFO] CI - listen
[2021-01-20T20:47:49.778] [INFO] CI - listen
[2021-01-20T20:47:50.810] [INFO] CI - tasks changed:  { users: [ { email: 'shieh.npin@gmail.com', sites: [Array] } ] }
[2021-01-20T20:48:06.091] [INFO] CI - tasks changed:  { users: [ { email: 'shieh.npin@gmail.com', sites: [Array] } ] }
[2021-01-20T20:48:12.643] [INFO] CI - tasks changed:  { users: [ { email: 'shieh.npin2@gmail.com', sites: [Array] } ] }
[2021-01-20T21:33:56.160] [INFO] CI - listen
[2021-01-20T21:33:57.826] [INFO] CI - tasks changed:  { users: [ { email: 'shieh.npin2@gmail.com', sites: [Array] } ] }
[2021-01-20T21:43:27.399] [INFO] CI - listen
[2021-01-20T21:43:28.407] [INFO] CI - tasks changed:  { users: [ { email: 'shieh.npin2@gmail.com', sites: [Array] } ] }
[2021-01-20T21:44:08.242] [INFO] CI - listen
[2021-01-20T21:44:09.773] [INFO] CI - tasks changed:  { users: [ { email: 'shieh.npin2@gmail.com', sites: [Array] } ] }
[2021-01-20T21:44:28.907] [INFO] CI - listen
[2021-01-20T21:44:29.891] [INFO] CI - tasks changed:  { users: [ { email: 'shieh.npin2@gmail.com', sites: [Array] } ] }
[2021-01-20T21:44:47.972] [INFO] CI - listen
[2021-01-20T21:44:48.926] [INFO] CI - tasks changed:  { users: [ { email: 'shieh.npin2@gmail.com', sites: [Array] } ] }
[2021-01-20T21:46:15.051] [INFO] CI - listen
[2021-01-20T21:46:16.082] [INFO] CI - tasks changed:  { users: [ { email: 'shieh.npin2@gmail.com', sites: [Array] } ] }
[2021-01-20T21:46:55.389] [INFO] CI - listen
[2021-01-20T21:46:56.333] [INFO] CI - tasks changed:  { users: [ { email: 'shieh.npin2@gmail.com', sites: [Array] } ] }
[2021-01-20T21:47:14.590] [INFO] CI - listen
[2021-01-20T21:47:16.610] [INFO] CI - tasks changed:  { users: [ { email: 'shieh.npin2@gmail.com', sites: [Array] } ] }
[2021-01-20T21:47:32.682] [INFO] CI - listen
[2021-01-20T21:47:33.657] [INFO] CI - tasks changed:  { users: [ { email: 'shieh.npin2@gmail.com', sites: [Array] } ] }
[2021-01-20T21:51:49.815] [INFO] CI - listen
[2021-01-20T21:51:51.204] [INFO] CI - tasks changed:  { users: [ { email: 'shieh.npin2@gmail.com', sites: [Array] } ] }
[2021-01-20T21:52:18.560] [INFO] CI - dry run mode
[2021-01-20T21:52:18.607] [INFO] CI - listen
[2021-01-20T21:52:19.580] [INFO] CI - tasks changed:  { users: [ { email: 'shieh.npin2@gmail.com', sites: [Array] } ] }
[2021-01-20T21:53:47.862] [INFO] CI - dry run mode
[2021-01-20T21:53:47.925] [INFO] CI - listen
[2021-01-20T21:53:48.893] [INFO] CI - tasks changed:  { users: [ { email: 'shieh.npin2@gmail.com', sites: [Array] } ] }
[2021-01-20T21:54:00.805] [INFO] CI - dry run mode
[2021-01-20T21:54:00.853] [INFO] CI - listen
[2021-01-20T21:54:01.841] [INFO] CI - tasks changed:  { users: [ { email: 'shieh.npin2@gmail.com', sites: [Array] } ] }
[2021-01-20T21:54:37.197] [INFO] CI - dry run mode
[2021-01-20T21:54:37.248] [INFO] CI - listen
[2021-01-20T21:54:38.196] [INFO] CI - tasks changed:  { users: [ { email: 'shieh.npin2@gmail.com', sites: [Array] } ] }
[2021-01-20T21:56:53.628] [INFO] CI - dry run mode
[2021-01-20T21:56:53.694] [INFO] CI - listen
[2021-01-20T21:56:54.745] [INFO] CI - tasks changed:  { users: [ { email: 'shieh.npin2@gmail.com', sites: [Array] } ] }
[2021-01-20T21:57:37.753] [INFO] CI - dry run mode
[2021-01-20T21:57:37.806] [INFO] CI - listen
[2021-01-20T21:57:38.763] [INFO] CI - tasks changed:  { users: [ { email: 'shieh.npin2@gmail.com', sites: [Array] } ] }
[2021-01-20T21:57:54.874] [INFO] CI - dry run mode
[2021-01-20T21:57:54.923] [INFO] CI - listen
[2021-01-20T21:57:55.904] [INFO] CI - tasks changed:  { users: [ { email: 'shieh.npin2@gmail.com', sites: [Array] } ] }
[2021-01-20T21:58:09.713] [INFO] CI - dry run mode
[2021-01-20T21:58:09.763] [INFO] CI - listen
[2021-01-20T21:58:11.812] [INFO] CI - tasks changed:  { users: [ { email: 'shieh.npin2@gmail.com', sites: [Array] } ] }
[2021-01-20T21:58:42.369] [INFO] CI - listen
[2021-01-20T21:58:43.493] [INFO] CI - tasks changed:  { users: [ { email: 'shieh.npin2@gmail.com', sites: [Array] } ] }
[2021-01-20T21:59:20.433] [INFO] CI - listen
[2021-01-20T21:59:21.451] [INFO] CI - tasks changed:  { users: [ { email: 'shieh.npin2@gmail.com', sites: [Array] } ] }
[2021-01-20T22:01:16.521] [INFO] CI - listen
[2021-01-20T22:01:18.488] [INFO] CI - tasks changed:  { users: [ { email: 'shieh.npin2@gmail.com', sites: [Array] } ] }
[2021-01-20T22:02:05.073] [INFO] CI - listen
[2021-01-20T22:26:11.823] [INFO] CI - dry run mode
[2021-01-20T22:26:11.884] [INFO] CI - listen
[2021-01-20T22:26:13.019] [INFO] CI - tasks changed:  { users: [ { email: 'shieh.npin2@gmail.com', sites: [Array] } ] }
[2021-01-20T22:26:33.680] [INFO] CI - dry run mode
[2021-01-20T22:26:33.733] [INFO] CI - listen
[2021-01-20T22:26:34.650] [INFO] CI - tasks changed:  { users: [ { email: 'shieh.npin2@gmail.com', sites: [Array] } ] }
[2021-01-20T22:28:35.709] [INFO] CI - dry run mode
[2021-01-20T22:28:35.770] [INFO] CI - listen
[2021-01-20T22:28:36.772] [INFO] CI - tasks changed:  { users: [ { email: 'shieh.npin2@gmail.com', sites: [Array] } ] }
[2021-01-20T22:29:16.847] [INFO] CI - dry run mode
[2021-01-20T22:29:16.895] [INFO] CI - listen
[2021-01-20T22:29:17.952] [INFO] CI - tasks changed:  { users: [ { email: 'shieh.npin2@gmail.com', sites: [Array] } ] }
[2021-01-20T22:32:02.394] [INFO] CI - dry run mode
[2021-01-20T22:32:02.454] [INFO] CI - listen
[2021-01-20T22:32:32.911] [INFO] CI - dry run mode
[2021-01-20T22:32:32.977] [INFO] CI - listen
[2021-01-20T22:32:33.925] [INFO] CI - tasks changed:  { users: [ { email: 'shieh.npin2@gmail.com', sites: [Array] } ] }
[2021-01-20T22:50:55.552] [INFO] CI - dry run mode
[2021-01-20T22:50:55.612] [INFO] CI - listen
[2021-01-20T22:50:56.692] [INFO] CI - tasks changed:  { users: [ { email: 'shieh.npin2@gmail.com', sites: [Array] } ] }
[2021-01-20T22:51:17.791] [INFO] CI - dry run mode
[2021-01-20T22:51:17.839] [INFO] CI - listen
[2021-01-20T22:51:18.906] [INFO] CI - tasks changed:  { users: [ { email: 'shieh.npin2@gmail.com', sites: [Array] } ] }
[2021-01-20T23:10:41.692] [INFO] CI - dry run mode
[2021-01-20T23:10:41.753] [INFO] CI - listen
[2021-01-20T23:10:42.913] [INFO] CI - tasks changed:  { users: [ { email: 'shieh.npin2@gmail.com', sites: [Array] } ] }
[2021-01-20T23:11:47.831] [INFO] CI - dry run mode
[2021-01-20T23:11:47.901] [INFO] CI - listen
[2021-01-20T23:14:50.844] [INFO] CI - dry run mode
[2021-01-20T23:14:50.904] [INFO] CI - listen
[2021-01-20T23:14:51.903] [INFO] CI - tasks changed:  { users: [ { email: 'shieh.npin2@gmail.com', sites: [Array] } ] }
[2021-01-20T23:14:51.904] [INFO] CI - reload
[2021-01-20T23:19:13.064] [INFO] CI - dry run mode
[2021-01-20T23:19:13.124] [INFO] CI - listen, version: 1.0.0
[2021-01-20T23:19:14.254] [INFO] CI - tasks changed:  { users: [ { email: 'shieh.npin2@gmail.com', sites: [Array] } ] }
[2021-01-20T23:19:14.255] [INFO] CI - reload
[2021-01-20T23:19:18.722] [INFO] CI - listen, version: 1.0.0
[2021-01-20T23:19:19.734] [INFO] CI - tasks changed:  { users: [ { email: 'shieh.npin2@gmail.com', sites: [Array] } ] }
[2021-01-20T23:19:19.735] [INFO] CI - reload
