[2021-01-08T00:28:08.960] [INFO] CI - Received a Push from crawler-data(shiehnpin/crawler-data) - commit log: [IGNORE] auto commit
[2021-01-08T00:28:08.963] [INFO] CI - ignore
[2021-01-08T00:57:20.936] [INFO] CI - Received a Push from crawler-data(shiehnpin/crawler-data) - commit log: [IGNORE] auto commit
[2021-01-08T00:57:20.938] [INFO] CI - ignore
[2021-01-08T01:26:15.766] [INFO] CI - Received a Push from crawler-data(shiehnpin/crawler-data) - commit log: [IGNORE] auto commit
[2021-01-08T01:26:15.767] [INFO] CI - ignore
[2021-01-08T01:57:27.553] [INFO] CI - Received a Push from crawler-data(shiehnpin/crawler-data) - commit log: [IGNORE] auto commit
[2021-01-08T01:57:27.555] [INFO] CI - ignore
[2021-01-08T02:00:10.541] [INFO] CI - Received a Push from crawler(shiehnpin/crawler) - commit log: refactor
[2021-01-08T02:00:10.546] [INFO] CI - upgrade
[2021-01-08T02:00:53.432] [INFO] CI - listen
[2021-01-08T02:25:29.254] [INFO] CI - Received a Push from crawler-data(shiehnpin/crawler-data) - commit log: [IGNORE] auto commit
[2021-01-08T02:25:29.257] [INFO] CI - ignore
[2021-01-08T03:01:12.739] [INFO] CI - Received a Push from crawler-data(shiehnpin/crawler-data) - commit log: [IGNORE] auto commit
[2021-01-08T03:01:12.741] [INFO] CI - ignore
[2021-01-08T03:31:24.212] [INFO] CI - Received a Push from crawler-data(shiehnpin/crawler-data) - commit log: [IGNORE] auto commit
[2021-01-08T03:31:24.214] [INFO] CI - ignore
[2021-01-08T04:00:53.128] [INFO] CI - Received a Push from crawler-data(shiehnpin/crawler-data) - commit log: [IGNORE] auto commit
[2021-01-08T04:00:53.131] [INFO] CI - ignore
[2021-01-08T04:33:40.151] [INFO] CI - Received a Push from crawler-data(shiehnpin/crawler-data) - commit log: [IGNORE] auto commit
[2021-01-08T04:33:40.153] [INFO] CI - ignore
[2021-01-08T05:00:22.548] [INFO] CI - Received a Push from crawler-data(shiehnpin/crawler-data) - commit log: [IGNORE] auto commit
[2021-01-08T05:00:22.550] [INFO] CI - ignore
[2021-01-08T05:30:25.323] [INFO] CI - Received a Push from crawler-data(shiehnpin/crawler-data) - commit log: [IGNORE] auto commit
[2021-01-08T05:30:25.324] [INFO] CI - ignore
[2021-01-08T05:59:45.662] [INFO] CI - Received a Push from crawler-data(shiehnpin/crawler-data) - commit log: [IGNORE] auto commit
[2021-01-08T05:59:45.664] [INFO] CI - ignore
[2021-01-08T06:30:34.457] [INFO] CI - Received a Push from crawler-data(shiehnpin/crawler-data) - commit log: [IGNORE] auto commit
[2021-01-08T06:30:34.459] [INFO] CI - ignore
[2021-01-08T07:02:58.641] [INFO] CI - Received a Push from crawler-data(shiehnpin/crawler-data) - commit log: [IGNORE] auto commit
[2021-01-08T07:02:58.645] [INFO] CI - ignore
[2021-01-08T07:29:11.037] [INFO] CI - Received a Push from crawler-data(shiehnpin/crawler-data) - commit log: [IGNORE] auto commit
[2021-01-08T07:29:11.040] [INFO] CI - ignore
[2021-01-08T08:00:22.228] [INFO] CI - Received a Push from crawler-data(shiehnpin/crawler-data) - commit log: [IGNORE] auto commit
[2021-01-08T08:00:22.229] [INFO] CI - ignore
[2021-01-08T08:29:58.019] [INFO] CI - Received a Push from crawler-data(shiehnpin/crawler-data) - commit log: [IGNORE] auto commit
[2021-01-08T08:29:58.020] [INFO] CI - ignore
[2021-01-08T09:00:44.856] [INFO] CI - Received a Push from crawler-data(shiehnpin/crawler-data) - commit log: [IGNORE] auto commit
[2021-01-08T09:00:44.857] [INFO] CI - ignore
[2021-01-08T09:30:59.731] [INFO] CI - Received a Push from crawler-data(shiehnpin/crawler-data) - commit log: [IGNORE] auto commit
[2021-01-08T09:30:59.732] [INFO] CI - ignore
[2021-01-08T10:00:40.260] [INFO] CI - Received a Push from crawler-data(shiehnpin/crawler-data) - commit log: [IGNORE] auto commit
[2021-01-08T10:00:40.261] [INFO] CI - ignore
[2021-01-08T11:02:12.326] [INFO] CI - Received a Push from crawler-data(shiehnpin/crawler-data) - commit log: [IGNORE] auto commit
[2021-01-08T11:02:12.327] [INFO] CI - ignore
[2021-01-08T11:29:58.603] [INFO] CI - Received a Push from crawler-data(shiehnpin/crawler-data) - commit log: [IGNORE] auto commit
[2021-01-08T11:29:58.605] [INFO] CI - ignore
[2021-01-08T12:00:57.665] [INFO] CI - Received a Push from crawler-data(shiehnpin/crawler-data) - commit log: [IGNORE] auto commit
[2021-01-08T12:00:57.666] [INFO] CI - ignore
[2021-01-08T12:31:38.660] [INFO] CI - Received a Push from crawler-data(shiehnpin/crawler-data) - commit log: [IGNORE] auto commit
[2021-01-08T12:31:38.662] [INFO] CI - ignore
[2021-01-08T12:59:01.389] [INFO] CI - Received a Push from crawler-data(shiehnpin/crawler-data) - commit log: [IGNORE] auto commit
[2021-01-08T12:59:01.390] [INFO] CI - ignore
[2021-01-08T13:30:13.506] [INFO] CI - Received a Push from crawler-data(shiehnpin/crawler-data) - commit log: [IGNORE] auto commit
[2021-01-08T13:30:13.508] [INFO] CI - ignore
[2021-01-08T14:01:57.219] [INFO] CI - Received a Push from crawler-data(shiehnpin/crawler-data) - commit log: [IGNORE] auto commit
[2021-01-08T14:01:57.221] [INFO] CI - ignore
[2021-01-08T14:49:07.587] [INFO] CI - Received a Push from crawler-data(shiehnpin/crawler-data) - commit log: [IGNORE] auto commit
[2021-01-08T14:49:07.590] [INFO] CI - ignore
[2021-01-08T15:37:01.194] [INFO] CI - Received a Push from crawler-data(shiehnpin/crawler-data) - commit log: [IGNORE] auto commit
[2021-01-08T15:37:01.195] [INFO] CI - ignore
[2021-01-08T16:36:03.773] [INFO] CI - Received a Push from crawler-data(shiehnpin/crawler-data) - commit log: [IGNORE] auto commit
[2021-01-08T16:36:03.775] [INFO] CI - ignore
[2021-01-08T17:36:35.995] [INFO] CI - Received a Push from crawler-data(shiehnpin/crawler-data) - commit log: [IGNORE] auto commit
[2021-01-08T17:36:35.998] [INFO] CI - ignore
[2021-01-08T18:31:09.809] [INFO] CI - Received a Push from crawler-data(shiehnpin/crawler-data) - commit log: [IGNORE] auto commit
[2021-01-08T18:31:09.811] [INFO] CI - ignore
[2021-01-08T18:59:27.093] [INFO] CI - Received a Push from crawler-data(shiehnpin/crawler-data) - commit log: [IGNORE] auto commit
[2021-01-08T18:59:27.095] [INFO] CI - ignore
[2021-01-08T19:31:42.231] [INFO] CI - Received a Push from crawler-data(shiehnpin/crawler-data) - commit log: [IGNORE] auto commit
[2021-01-08T19:31:42.232] [INFO] CI - ignore
[2021-01-08T20:00:07.904] [INFO] CI - Received a Push from crawler-data(shiehnpin/crawler-data) - commit log: [IGNORE] auto commit
[2021-01-08T20:00:07.905] [INFO] CI - ignore
[2021-01-08T20:29:37.337] [INFO] CI - Received a Push from crawler-data(shiehnpin/crawler-data) - commit log: [IGNORE] auto commit
[2021-01-08T20:29:37.339] [INFO] CI - ignore
[2021-01-08T21:01:03.542] [INFO] CI - Received a Push from crawler-data(shiehnpin/crawler-data) - commit log: [IGNORE] auto commit
[2021-01-08T21:01:03.544] [INFO] CI - ignore
[2021-01-08T21:32:39.520] [INFO] CI - Received a Push from crawler-data(shiehnpin/crawler-data) - commit log: [IGNORE] auto commit
[2021-01-08T21:32:39.521] [INFO] CI - ignore
[2021-01-08T22:01:29.318] [INFO] CI - Received a Push from crawler-data(shiehnpin/crawler-data) - commit log: [IGNORE] auto commit
[2021-01-08T22:01:29.320] [INFO] CI - ignore
[2021-01-08T22:39:21.627] [INFO] CI - Received a Push from crawler-data(shiehnpin/crawler-data) - commit log: [IGNORE] auto commit
[2021-01-08T22:39:21.629] [INFO] CI - ignore
[2021-01-08T22:51:48.118] [INFO] CI - Received a Push from crawler(shiehnpin/crawler) - commit log: comment debug code.
[2021-01-08T22:51:48.144] [INFO] CI - upgrade
[2021-01-08T22:58:07.147] [INFO] CI - listen
[2021-01-08T23:21:42.714] [INFO] CI - Received a Push from crawler-data(shiehnpin/crawler-data) - commit log: [IGNORE] auto commit
[2021-01-08T23:21:42.716] [INFO] CI - ignore
[2021-01-08T23:58:31.105] [INFO] CI - Received a Push from crawler-data(shiehnpin/crawler-data) - commit log: [IGNORE] auto commit
[2021-01-08T23:58:31.107] [INFO] CI - ignore
