[2021-02-13T00:11:48.673] [INFO] CI - Received a Push from crawler-data(shiehnpin/crawler-data) - commit log: [IGNORE] auto commit
[2021-02-13T00:11:48.678] [INFO] CI - ignore
[2021-02-13T00:35:56.539] [INFO] CI - Received a Push from crawler-data(shiehnpin/crawler-data) - commit log: [IGNORE] auto commit
[2021-02-13T00:35:56.542] [INFO] CI - ignore
[2021-02-13T01:07:18.058] [INFO] CI - Received a Push from crawler-data(shiehnpin/crawler-data) - commit log: [IGNORE] auto commit
[2021-02-13T01:07:18.060] [INFO] CI - ignore
[2021-02-13T01:35:20.124] [INFO] CI - Received a Push from crawler-data(shiehnpin/crawler-data) - commit log: [IGNORE] auto commit
[2021-02-13T01:35:20.128] [INFO] CI - ignore
[2021-02-13T01:53:32.650] [INFO] CI - Received a Push from crawler(shiehnpin/crawler) - commit log: add test
[2021-02-13T01:53:32.655] [INFO] CI - upgrade
[2021-02-13T01:54:15.299] [INFO] CI - listen
[2021-02-13T02:16:58.941] [INFO] CI - Received a Push from crawler-data(shiehnpin/crawler-data) - commit log: [IGNORE] auto commit
[2021-02-13T02:16:58.946] [INFO] CI - ignore
[2021-02-13T02:49:19.235] [INFO] CI - Received a Push from crawler-data(shiehnpin/crawler-data) - commit log: [IGNORE] auto commit
[2021-02-13T02:49:19.240] [INFO] CI - ignore
[2021-02-13T03:20:50.237] [INFO] CI - Received a Push from crawler-data(shiehnpin/crawler-data) - commit log: [IGNORE] auto commit
[2021-02-13T03:20:50.242] [INFO] CI - ignore
[2021-02-13T03:50:00.274] [INFO] CI - Received a Push from crawler-data(shiehnpin/crawler-data) - commit log: [IGNORE] auto commit
[2021-02-13T03:50:00.277] [INFO] CI - ignore
[2021-02-13T04:20:41.552] [INFO] CI - Received a Push from crawler-data(shiehnpin/crawler-data) - commit log: [IGNORE] auto commit
[2021-02-13T04:20:41.555] [INFO] CI - ignore
[2021-02-13T04:49:31.271] [INFO] CI - Received a Push from crawler-data(shiehnpin/crawler-data) - commit log: [IGNORE] auto commit
[2021-02-13T04:49:31.274] [INFO] CI - ignore
[2021-02-13T05:19:28.450] [INFO] CI - Received a Push from crawler-data(shiehnpin/crawler-data) - commit log: [IGNORE] auto commit
[2021-02-13T05:19:28.453] [INFO] CI - ignore
[2021-02-13T05:49:56.067] [INFO] CI - Received a Push from crawler-data(shiehnpin/crawler-data) - commit log: [IGNORE] auto commit
[2021-02-13T05:49:56.070] [INFO] CI - ignore
[2021-02-13T06:20:50.526] [INFO] CI - Received a Push from crawler-data(shiehnpin/crawler-data) - commit log: [IGNORE] auto commit
[2021-02-13T06:20:50.528] [INFO] CI - ignore
[2021-02-13T06:51:01.865] [INFO] CI - Received a Push from crawler-data(shiehnpin/crawler-data) - commit log: [IGNORE] auto commit
[2021-02-13T06:51:01.867] [INFO] CI - ignore
[2021-02-13T07:20:42.164] [INFO] CI - Received a Push from crawler-data(shiehnpin/crawler-data) - commit log: [IGNORE] auto commit
[2021-02-13T07:20:42.167] [INFO] CI - ignore
[2021-02-13T07:55:52.684] [INFO] CI - Received a Push from crawler-data(shiehnpin/crawler-data) - commit log: [IGNORE] auto commit
[2021-02-13T07:55:52.687] [INFO] CI - ignore
[2021-02-13T08:24:38.244] [INFO] CI - Received a Push from crawler-data(shiehnpin/crawler-data) - commit log: [IGNORE] auto commit
[2021-02-13T08:24:38.246] [INFO] CI - ignore
[2021-02-13T08:50:17.438] [INFO] CI - Received a Push from crawler-data(shiehnpin/crawler-data) - commit log: [IGNORE] auto commit
[2021-02-13T08:50:17.441] [INFO] CI - ignore
[2021-02-13T09:20:20.591] [INFO] CI - Received a Push from crawler-data(shiehnpin/crawler-data) - commit log: [IGNORE] auto commit
[2021-02-13T09:20:20.593] [INFO] CI - ignore
[2021-02-13T09:50:48.491] [INFO] CI - Received a Push from crawler-data(shiehnpin/crawler-data) - commit log: [IGNORE] auto commit
[2021-02-13T09:50:48.494] [INFO] CI - ignore
[2021-02-13T10:20:42.515] [INFO] CI - Received a Push from crawler-data(shiehnpin/crawler-data) - commit log: [IGNORE] auto commit
[2021-02-13T10:20:42.520] [INFO] CI - ignore
[2021-02-13T10:49:12.560] [INFO] CI - Received a Push from crawler-data(shiehnpin/crawler-data) - commit log: [IGNORE] auto commit
[2021-02-13T10:49:12.562] [INFO] CI - ignore
[2021-02-13T11:21:35.543] [INFO] CI - Received a Push from crawler-data(shiehnpin/crawler-data) - commit log: [IGNORE] auto commit
[2021-02-13T11:21:35.545] [INFO] CI - ignore
