2020-09-19T14:11:41: 
2020-09-19T14:11:41: > wells-web-crawler@1.0.0 ci /home/volumio/crawler
2020-09-19T14:11:41: > WEBHOOK_SECRET=wells-crawler node ./index.js
2020-09-19T14:11:41: 
2020-09-19T14:11:43: Watching for file changes on ./log/error.log
2020-09-19T14:11:51: error.log file Changed, wait 30sec..
2020-09-19T14:11:51: error.log file Changed, wait 30sec..
2020-09-19T14:11:51: error.log file Changed, wait 30sec..
2020-09-19T14:11:51: error.log file Changed, wait 30sec..
2020-09-19T14:11:51: error.log file Changed, wait 30sec..
2020-09-19T14:11:51: error.log file Changed, wait 30sec..
2020-09-19T14:11:54: error.log file Changed, wait 30sec..
2020-09-19T14:11:54: error.log file Changed, wait 30sec..
2020-09-19T14:11:57: error.log file Changed, wait 30sec..
2020-09-19T14:11:57: error.log file Changed, wait 30sec..
2020-09-19T14:11:57: error.log file Changed, wait 30sec..
2020-09-19T14:11:57: error.log file Changed, wait 30sec..
2020-09-19T14:11:57: error.log file Changed, wait 30sec..
2020-09-19T14:11:57: error.log file Changed, wait 30sec..
2020-09-19T14:11:58: error.log file Changed, wait 30sec..
2020-09-19T14:11:58: error.log file Changed, wait 30sec..
2020-09-19T14:12:02: error.log file Changed, wait 30sec..
2020-09-19T14:12:02: error.log file Changed, wait 30sec..
2020-09-19T14:12:02: error.log file Changed, wait 30sec..
2020-09-19T14:12:02: error.log file Changed, wait 30sec..
2020-09-19T14:12:02: error.log file Changed, wait 30sec..
2020-09-19T14:12:02: error.log file Changed, wait 30sec..
2020-09-19T14:12:05: error.log file Changed, wait 30sec..
2020-09-19T14:12:05: error.log file Changed, wait 30sec..
2020-09-19T14:12:09: error.log file Changed, wait 30sec..
2020-09-19T14:12:09: error.log file Changed, wait 30sec..
2020-09-19T14:12:09: error.log file Changed, wait 30sec..
2020-09-19T14:12:09: error.log file Changed, wait 30sec..
2020-09-19T14:12:09: error.log file Changed, wait 30sec..
2020-09-19T14:12:09: error.log file Changed, wait 30sec..
2020-09-19T14:12:09: error.log file Changed, wait 30sec..
2020-09-19T14:12:09: error.log file Changed, wait 30sec..
2020-09-19T14:12:09: error.log file Changed, wait 30sec..
2020-09-19T14:12:09: error.log file Changed, wait 30sec..
2020-09-19T14:12:09: error.log file Changed, wait 30sec..
2020-09-19T14:12:13: error.log file Changed, wait 30sec..
2020-09-19T14:12:13: error.log file Changed, wait 30sec..
2020-09-19T14:12:13: error.log file Changed, wait 30sec..
2020-09-19T14:12:13: error.log file Changed, wait 30sec..
2020-09-19T14:12:13: error.log file Changed, wait 30sec..
2020-09-19T14:12:13: error.log file Changed, wait 30sec..
2020-09-19T14:12:13: error.log file Changed, wait 30sec..
2020-09-19T14:12:13: error.log file Changed, wait 30sec..
2020-09-19T14:12:13: error.log file Changed, wait 30sec..
2020-09-19T14:12:13: error.log file Changed, wait 30sec..
2020-09-19T14:12:13: error.log file Changed, wait 30sec..
2020-09-19T14:12:17: error.log file Changed, wait 30sec..
2020-09-19T14:12:17: error.log file Changed, wait 30sec..
2020-09-19T14:12:17: error.log file Changed, wait 30sec..
2020-09-19T14:12:17: error.log file Changed, wait 30sec..
2020-09-19T14:12:17: error.log file Changed, wait 30sec..
2020-09-19T14:12:17: error.log file Changed, wait 30sec..
2020-09-19T14:12:17: error.log file Changed, wait 30sec..
2020-09-19T14:12:18: error.log file Changed, wait 30sec..
2020-09-19T14:12:18: error.log file Changed, wait 30sec..
2020-09-19T14:12:22: error.log file Changed, wait 30sec..
2020-09-19T14:12:22: error.log file Changed, wait 30sec..
2020-09-19T14:12:22: error.log file Changed, wait 30sec..
2020-09-19T14:12:22: error.log file Changed, wait 30sec..
2020-09-19T14:12:22: error.log file Changed, wait 30sec..
2020-09-19T14:12:27: error.log file Changed, wait 30sec..
2020-09-19T14:12:27: error.log file Changed, wait 30sec..
2020-09-19T14:12:27: error.log file Changed, wait 30sec..
2020-09-19T14:12:27: error.log file Changed, wait 30sec..
2020-09-19T14:12:27: error.log file Changed, wait 30sec..
2020-09-19T14:12:27: error.log file Changed, wait 30sec..
2020-09-19T14:12:29: error.log file Changed, wait 30sec..
2020-09-19T14:12:29: error.log file Changed, wait 30sec..
2020-09-19T14:12:33: error.log file Changed, wait 30sec..
2020-09-19T14:12:33: error.log file Changed, wait 30sec..
2020-09-19T14:12:33: error.log file Changed, wait 30sec..
2020-09-19T14:12:33: error.log file Changed, wait 30sec..
2020-09-19T14:12:33: error.log file Changed, wait 30sec..
2020-09-19T14:12:33: error.log file Changed, wait 30sec..
2020-09-19T14:12:33: error.log file Changed, wait 30sec..
2020-09-19T14:12:37: error.log file Changed, wait 30sec..
2020-09-19T14:12:37: error.log file Changed, wait 30sec..
2020-09-19T14:12:37: error.log file Changed, wait 30sec..
2020-09-19T14:12:37: error.log file Changed, wait 30sec..
2020-09-19T14:12:37: error.log file Changed, wait 30sec..
2020-09-19T14:12:37: error.log file Changed, wait 30sec..
2020-09-19T14:12:37: error.log file Changed, wait 30sec..
2020-09-19T14:12:38: error.log file Changed, wait 30sec..
2020-09-19T14:12:38: error.log file Changed, wait 30sec..
2020-09-19T14:12:42: error.log file Changed, wait 30sec..
2020-09-19T14:12:42: error.log file Changed, wait 30sec..
2020-09-19T14:12:42: error.log file Changed, wait 30sec..
2020-09-19T14:12:42: error.log file Changed, wait 30sec..
2020-09-19T14:12:42: error.log file Changed, wait 30sec..
2020-09-19T14:12:42: error.log file Changed, wait 30sec..
2020-09-19T14:12:45: error.log file Changed, wait 30sec..
2020-09-19T14:12:45: error.log file Changed, wait 30sec..
2020-09-19T14:12:49: error.log file Changed, wait 30sec..
2020-09-19T14:12:49: error.log file Changed, wait 30sec..
2020-09-19T14:12:49: error.log file Changed, wait 30sec..
2020-09-19T14:12:49: error.log file Changed, wait 30sec..
2020-09-19T14:12:49: error.log file Changed, wait 30sec..
2020-09-19T14:12:49: error.log file Changed, wait 30sec..
2020-09-19T14:12:49: error.log file Changed, wait 30sec..
2020-09-19T14:12:49: error.log file Changed, wait 30sec..
2020-09-19T14:12:49: error.log file Changed, wait 30sec..
2020-09-19T14:12:52: error.log file Changed, wait 30sec..
2020-09-19T14:12:52: error.log file Changed, wait 30sec..
2020-09-19T14:12:56: error.log file Changed, wait 30sec..
2020-09-19T14:12:56: error.log file Changed, wait 30sec..
2020-09-19T14:12:56: error.log file Changed, wait 30sec..
2020-09-19T14:12:56: error.log file Changed, wait 30sec..
2020-09-19T14:12:56: error.log file Changed, wait 30sec..
2020-09-19T14:12:56: error.log file Changed, wait 30sec..
2020-09-19T14:12:59: error.log file Changed, wait 30sec..
2020-09-19T14:12:59: error.log file Changed, wait 30sec..
2020-09-19T14:13:03: error.log file Changed, wait 30sec..
2020-09-19T14:13:03: error.log file Changed, wait 30sec..
2020-09-19T14:13:03: error.log file Changed, wait 30sec..
2020-09-19T14:13:03: error.log file Changed, wait 30sec..
2020-09-19T14:13:03: error.log file Changed, wait 30sec..
2020-09-19T14:13:03: error.log file Changed, wait 30sec..
2020-09-19T14:13:04: error.log file Changed, wait 30sec..
2020-09-19T14:13:06: error.log file Changed, wait 30sec..
2020-09-19T14:13:06: error.log file Changed, wait 30sec..
2020-09-19T14:13:11: error.log file Changed, wait 30sec..
2020-09-19T14:13:11: error.log file Changed, wait 30sec..
2020-09-19T14:13:11: error.log file Changed, wait 30sec..
2020-09-19T14:13:11: error.log file Changed, wait 30sec..
2020-09-19T14:13:11: error.log file Changed, wait 30sec..
2020-09-19T14:13:11: error.log file Changed, wait 30sec..
2020-09-19T14:13:13: error.log file Changed, wait 30sec..
2020-09-19T14:13:13: error.log file Changed, wait 30sec..
2020-09-19T14:13:18: error.log file Changed, wait 30sec..
2020-09-19T14:13:18: error.log file Changed, wait 30sec..
2020-09-19T14:13:18: error.log file Changed, wait 30sec..
2020-09-19T14:13:18: error.log file Changed, wait 30sec..
2020-09-19T14:13:18: error.log file Changed, wait 30sec..
2020-09-19T14:13:18: error.log file Changed, wait 30sec..
2020-09-19T14:13:18: error.log file Changed, wait 30sec..
2020-09-19T14:13:18: error.log file Changed, wait 30sec..
2020-09-19T14:13:21: error.log file Changed, wait 30sec..
2020-09-19T14:13:21: error.log file Changed, wait 30sec..
2020-09-19T14:13:25: error.log file Changed, wait 30sec..
2020-09-19T14:13:25: error.log file Changed, wait 30sec..
2020-09-19T14:13:25: error.log file Changed, wait 30sec..
2020-09-19T14:13:25: error.log file Changed, wait 30sec..
2020-09-19T14:13:25: error.log file Changed, wait 30sec..
2020-09-19T14:13:25: error.log file Changed, wait 30sec..
2020-09-19T14:13:28: error.log file Changed, wait 30sec..
2020-09-19T14:13:28: error.log file Changed, wait 30sec..
2020-09-19T14:13:32: error.log file Changed, wait 30sec..
2020-09-19T14:13:32: error.log file Changed, wait 30sec..
2020-09-19T14:13:32: error.log file Changed, wait 30sec..
2020-09-19T14:13:32: error.log file Changed, wait 30sec..
2020-09-19T14:13:32: error.log file Changed, wait 30sec..
2020-09-19T14:13:32: error.log file Changed, wait 30sec..
2020-09-19T14:13:32: error.log file Changed, wait 30sec..
2020-09-19T14:13:32: error.log file Changed, wait 30sec..
2020-09-19T14:13:32: error.log file Changed, wait 30sec..
2020-09-19T14:13:36: error.log file Changed, wait 30sec..
2020-09-19T14:13:36: error.log file Changed, wait 30sec..
2020-09-19T14:13:36: error.log file Changed, wait 30sec..
2020-09-19T14:13:36: error.log file Changed, wait 30sec..
2020-09-19T14:13:36: error.log file Changed, wait 30sec..
2020-09-19T14:13:39: error.log file Changed, wait 30sec..
2020-09-19T14:13:39: error.log file Changed, wait 30sec..
2020-09-19T14:13:42: error.log file Changed, wait 30sec..
2020-09-19T14:13:42: error.log file Changed, wait 30sec..
2020-09-19T14:13:42: error.log file Changed, wait 30sec..
2020-09-19T14:13:42: error.log file Changed, wait 30sec..
2020-09-19T14:13:42: error.log file Changed, wait 30sec..
2020-09-19T14:13:42: error.log file Changed, wait 30sec..
2020-09-19T14:13:43: error.log file Changed, wait 30sec..
2020-09-19T14:13:43: error.log file Changed, wait 30sec..
2020-09-19T14:13:45: Received undefined
2020-09-19T14:16:00: 
2020-09-19T14:16:00: > wells-web-crawler@1.0.0 ci /home/volumio/crawler
2020-09-19T14:16:00: > WEBHOOK_SECRET=wells-crawler node ./index.js
2020-09-19T14:16:00: 
2020-09-19T14:16:01: Watching for file changes on ./log/error.log
