2020-09-19T19:45:26: 
2020-09-19T19:45:26: > wells-web-crawler@1.0.0 start /home/volumio/crawler
2020-09-19T19:45:26: > node ./service/schedule.js
2020-09-19T19:45:26: 
2020-09-19T19:45:31: Start crawler @ 7:45:31 PM
2020-09-19T19:45:36: Load sites [ 'https://www.sierra.com/mystery-ranch~b~37083/',
2020-09-19T19:45:36:   'https://www.sierra.com/gregory~b~7155/',
2020-09-19T19:45:36:   'https://www.steepandcheap.com/arcteryx',
2020-09-19T19:45:36:   'https://www.steepandcheap.com/mammut?sort=%2Bprice',
2020-09-19T19:45:36:   'https://www.steepandcheap.com/fjallraven?sort=%2Bprice' ]
2020-09-19T19:45:36: Load receivers [ 'shieh.npin@gmail.com', 'deltaguita@gmail.com' ]
2020-09-19T19:45:36: Process https://www.sierra.com/mystery-ranch~b~37083/ with Sierra crawler
2020-09-19T19:45:36: Fetch... https://www.sierra.com/mystery-ranch~b~37083/
2020-09-19T19:45:52: 	Removed duplicated by id, found... 0
2020-09-19T19:45:52: 	There are 13 items in the previous list.
2020-09-19T19:45:52: 	There are 13 items in the latest list.
2020-09-19T19:45:52: 	There are 0 items is removed
2020-09-19T19:45:52: 	There are 0 items is added
2020-09-19T19:45:52: 	There are 0 items price is changed
2020-09-19T19:45:52: Done.
2020-09-19T19:45:52: 
2020-09-19T19:45:52: Process https://www.sierra.com/gregory~b~7155/ with Sierra crawler
2020-09-19T19:45:52: Fetch... https://www.sierra.com/gregory~b~7155/
2020-09-19T19:46:11: 	Removed duplicated by id, found... 0
2020-09-19T19:46:11: 	There are 18 items in the previous list.
2020-09-19T19:46:11: 	There are 18 items in the latest list.
2020-09-19T19:46:11: 	There are 0 items is removed
2020-09-19T19:46:11: 	There are 0 items is added
2020-09-19T19:46:11: 	There are 0 items price is changed
2020-09-19T19:46:11: Done.
2020-09-19T19:46:11: 
2020-09-19T19:46:11: Automatically add sort query paramter to make list stable
2020-09-19T19:46:11: Process https://www.steepandcheap.com/arcteryx with Steepandcheap crawler
2020-09-19T19:46:11: Fetch... https://www.steepandcheap.com/arcteryx?sort=%2Bprice
2020-09-19T19:46:17: Fetch... https://www.steepandcheap.com/arcteryx?sort=%2Bprice&page=1
2020-09-19T19:46:20: Fetch... https://www.steepandcheap.com/arcteryx?sort=%2Bprice&page=2
2020-09-19T19:46:24: Fetch... https://www.steepandcheap.com/arcteryx?sort=%2Bprice&page=3
2020-09-19T19:46:28: Fetch... https://www.steepandcheap.com/arcteryx?sort=%2Bprice&page=4
2020-09-19T19:46:31: Is equal? false
2020-09-19T19:46:33: Fetch... https://www.steepandcheap.com/arcteryx?sort=%2Bprice
2020-09-19T19:46:37: Fetch... https://www.steepandcheap.com/arcteryx?sort=%2Bprice&page=1
2020-09-19T19:46:40: Fetch... https://www.steepandcheap.com/arcteryx?sort=%2Bprice&page=2
2020-09-19T19:46:44: Fetch... https://www.steepandcheap.com/arcteryx?sort=%2Bprice&page=3
2020-09-19T19:46:47: Fetch... https://www.steepandcheap.com/arcteryx?sort=%2Bprice&page=4
2020-09-19T19:46:50: Is equal? true
2020-09-19T19:46:50: done
2020-09-19T19:46:50: 	Removed duplicated by id, found... 0
2020-09-19T19:46:51: 	There are 198 items in the previous list.
2020-09-19T19:46:51: 	There are 198 items in the latest list.
2020-09-19T19:46:51: 	There are 0 items is removed
2020-09-19T19:46:51: 	There are 0 items is added
2020-09-19T19:46:51: 	There are 0 items price is changed
2020-09-19T19:46:51: Done.
2020-09-19T19:46:51: 
2020-09-19T19:46:51: Automatically add sort query paramter to make list stable
2020-09-19T19:46:51: Process https://www.steepandcheap.com/mammut?sort=%2Bprice with Steepandcheap crawler
2020-09-19T19:46:51: Fetch... https://www.steepandcheap.com/mammut?sort=%2Bprice
2020-09-19T19:46:53: Fetch... https://www.steepandcheap.com/mammut?sort=%2Bprice&page=1
2020-09-19T19:46:56: Fetch... https://www.steepandcheap.com/mammut?sort=%2Bprice&page=2
2020-09-19T19:46:59: Fetch... https://www.steepandcheap.com/mammut?sort=%2Bprice&page=3
2020-09-19T19:47:02: Is equal? false
2020-09-19T19:47:04: Fetch... https://www.steepandcheap.com/mammut?sort=%2Bprice
2020-09-19T19:47:09: Fetch... https://www.steepandcheap.com/mammut?sort=%2Bprice&page=1
2020-09-19T19:47:15: Fetch... https://www.steepandcheap.com/mammut?sort=%2Bprice&page=2
2020-09-19T19:47:20: Fetch... https://www.steepandcheap.com/mammut?sort=%2Bprice&page=3
2020-09-19T19:47:22: Is equal? true
2020-09-19T19:47:22: done
2020-09-19T19:47:22: 	Removed duplicated by id, found... 0
2020-09-19T19:47:22: 	There are 144 items in the previous list.
2020-09-19T19:47:22: 	There are 144 items in the latest list.
2020-09-19T19:47:22: 	There are 0 items is removed
2020-09-19T19:47:22: 	There are 0 items is added
2020-09-19T19:47:22: 	There are 0 items price is changed
2020-09-19T19:47:22: Done.
2020-09-19T19:47:22: 
2020-09-19T19:47:22: Automatically add sort query paramter to make list stable
2020-09-19T19:47:22: Process https://www.steepandcheap.com/fjallraven?sort=%2Bprice with Steepandcheap crawler
2020-09-19T19:47:22: Fetch... https://www.steepandcheap.com/fjallraven?sort=%2Bprice
2020-09-19T19:47:25: Fetch... https://www.steepandcheap.com/fjallraven?sort=%2Bprice&page=1
2020-09-19T19:47:28: Fetch... https://www.steepandcheap.com/fjallraven?sort=%2Bprice&page=2
2020-09-19T19:47:31: Is equal? false
2020-09-19T19:47:33: Fetch... https://www.steepandcheap.com/fjallraven?sort=%2Bprice
2020-09-19T19:47:36: Fetch... https://www.steepandcheap.com/fjallraven?sort=%2Bprice&page=1
2020-09-19T19:47:40: Fetch... https://www.steepandcheap.com/fjallraven?sort=%2Bprice&page=2
2020-09-19T19:47:43: Is equal? true
2020-09-19T19:47:43: done
2020-09-19T19:47:43: 	Removed duplicated by id, found... 0
2020-09-19T19:47:43: 	There are 106 items in the previous list.
2020-09-19T19:47:43: 	There are 106 items in the latest list.
2020-09-19T19:47:43: 	There are 0 items is removed
2020-09-19T19:47:43: 	There are 0 items is added
2020-09-19T19:47:43: 	There are 0 items price is changed
2020-09-19T19:47:43: Done.
2020-09-19T19:47:43: 
2020-09-19T19:47:43: Save...
