2020-12-09 01:43:56: Error:  undefined https://www.mountainsteals.com/search/marmot takes too long to exec
2020-12-09 01:43:56: undefined
2020-12-09 01:43:56: 	Unable to crawl https://www.mountainsteals.com/search/marmot due to Error: https://www.mountainsteals.com/search/marmot takes too long to exec
2020-12-09 01:43:56:     at crawlWithCheck (/home/ubuntu/crawler/service/crawler/index.js:194:12)
2020-12-09 01:43:56:     at process._tickCallback (internal/process/next_tick.js:68:7)
2020-12-09 01:43:56: Cannot destructure property `events` of 'undefined' or 'null'.
2020-12-09 03:33:54: Removed duplicated by id, duplicated 10386808:Mammut Women's Aconcagua ML Tight
2020-12-09 03:38:34: Removed duplicated by id, duplicated 10474097:Marmot Men's Rubidoux Pant
2020-12-09 03:41:11: Removed duplicated by id, duplicated 10474097:Marmot Men's Rubidoux Pant
2020-12-09 03:44:16: Removed duplicated by id, duplicated 10441088:Mountain Hardwear Women's Ghee Tight
2020-12-09 04:36:12: Removed duplicated by id, duplicated 10443351:Marmot Men's Carson Pant
2020-12-09 04:36:12: Removed duplicated by id, duplicated 10381543:Marmot Women's Midweight Meghan Hoody
2020-12-09 04:38:12: Removed duplicated by id, duplicated 10443351:Marmot Men's Carson Pant
2020-12-09 04:38:12: Removed duplicated by id, duplicated 10474097:Marmot Men's Rubidoux Pant
2020-12-09 04:38:12: Removed duplicated by id, duplicated 10474099:Marmot Men's Runyon LS Shirt
2020-12-09 04:38:12: Removed duplicated by id, duplicated 10443449:Marmot Women's Slopestar Pant
2020-12-09 04:40:24: Removed duplicated by id, duplicated 10381543:Marmot Women's Midweight Meghan Hoody
2020-12-09 04:44:18: Error:  undefined https://www.mountainsteals.com/search/marmot takes too long to exec
2020-12-09 04:44:18: undefined
2020-12-09 04:44:18: 	Unable to crawl https://www.mountainsteals.com/search/marmot due to Error: https://www.mountainsteals.com/search/marmot takes too long to exec
2020-12-09 04:44:18:     at crawlWithCheck (/home/ubuntu/crawler/service/crawler/index.js:194:12)
2020-12-09 04:44:18:     at process._tickCallback (internal/process/next_tick.js:68:7)
2020-12-09 04:44:18: Cannot destructure property `events` of 'undefined' or 'null'.
