2020-09-19T19:47:37: Already on 'master'
2020-09-19T19:47:50: npm
2020-09-19T19:47:50:  WARN
2020-09-19T19:47:50:  wells-web-crawler@1.0.0 No repository field.
2020-09-19T19:47:50: 
2020-09-19T19:49:28: Already on 'master'
2020-09-19T19:49:30: From https://github.com/shiehnpin/crawler
2020-09-19T19:49:30:    fe90671..924406c  master     -> origin/master
2020-09-19T19:49:42: npm
2020-09-19T19:49:42:  WARN wells-web-crawler@1.0.0 No repository field.
2020-09-19T19:49:42: 
2020-09-19T19:53:12: Already on 'master'
2020-09-19T19:53:27: npm
2020-09-19T19:53:27:  WARN wells-web-crawler@1.0.0 No repository field.
2020-09-19T19:53:27: 
2020-09-19T21:28:39: Already on 'master'
2020-09-19T21:28:41: From https://github.com/shiehnpin/crawler
2020-09-19T21:28:41:    924406c..cf598e3  master     -> origin/master
2020-09-19T21:28:52: npm
2020-09-19T21:28:52:  WARN wells-web-crawler@1.0.0 No repository field.
2020-09-19T21:28:52: 
2020-09-20T00:34:38: Already on 'master'
2020-09-20T00:34:51: npm
2020-09-20T00:34:51:  WARN wells-web-crawler@1.0.0 No repository field.
2020-09-20T00:34:51: 
2020-09-20T00:35:14: [PM2][ERROR] Reload already in progress, please try again in 17 seconds or use --force
