2020-10-04 00:10:00: [Lock]
2020-10-04 00:10:00: Start crawler @ 12:10:00 AM
2020-10-04 00:10:21: Load crawler setting {
2020-10-04 00:10:21:     "users": [
2020-10-04 00:10:21:         {
2020-10-04 00:10:21:             "email": "shieh.npin@gmail.com",
2020-10-04 00:10:21:             "sites": [
2020-10-04 00:10:21:                 {
2020-10-04 00:10:21:                     "url": "https://www.mountainsteals.com/search/fjallraven",
2020-10-04 00:10:21:                     "name": "Fjallraven@MountainSteals",
2020-10-04 00:10:21:                     "match": "(?=.*(Trekking))(?=.*(Tight))(?=.*(Women))(?=.*(Abisko))"
2020-10-04 00:10:21:                 },
2020-10-04 00:10:21:                 {
2020-10-04 00:10:21:                     "url": "https://www.steepandcheap.com/fjallraven",
2020-10-04 00:10:21:                     "name": "Fjallraven@steepandcheap",
2020-10-04 00:10:21:                     "match": "(?=.*(Trekking))(?=.*(Tight))(?=.*(Women))(?=.*(Abisko))"
2020-10-04 00:10:21:                 },
2020-10-04 00:10:21:                 {
2020-10-04 00:10:21:                     "url": "https://www.campsaver.com/fjallraven-brand.html",
2020-10-04 00:10:21:                     "name": "Fjallraven@steepandcheap",
2020-10-04 00:10:21:                     "match": "(?=.*(Trekking))(?=.*(Tight))(?=.*(Women))(?=.*(Abisko))"
2020-10-04 00:10:21:                 }
2020-10-04 00:10:21:             ]
2020-10-04 00:10:21:         },
2020-10-04 00:10:21:         {
2020-10-04 00:10:21:             "email": "deltaguita@gmail.com",
2020-10-04 00:10:21:             "sites": [
2020-10-04 00:10:21:                 {
2020-10-04 00:10:21:                     "url": "https://www.sierra.com/mystery-ranch~b~37083/",
2020-10-04 00:10:21:                     "name": "Mystery Ranch@Sierra"
2020-10-04 00:10:21:                 },
2020-10-04 00:10:21:                 {
2020-10-04 00:10:21:                     "url": "https://www.sierra.com/therm-a-rest~b~3177/",
2020-10-04 00:10:21:                     "name": "Thermarest@Sierra"
2020-10-04 00:10:21:                 },
2020-10-04 00:10:21:                 {
2020-10-04 00:10:21:                     "url": "https://www.sierra.com/msr~b~13535/",
2020-10-04 00:10:21:                     "name": "MSR@Sierra"
2020-10-04 00:10:21:                 },
2020-10-04 00:10:21:                 {
2020-10-04 00:10:21:                     "url": "https://www.sierra.com/fjallraven~b~3622/",
2020-10-04 00:10:21:                     "name": "Fjallraven@Sierra"
2020-10-04 00:10:21:                 },
2020-10-04 00:10:21:                 {
2020-10-04 00:10:21:                     "url": "https://www.sierra.com/s~arcteryx/",
2020-10-04 00:10:21:                     "name": "Arcteryx@Sierra"
2020-10-04 00:10:21:                 },
2020-10-04 00:10:21:                 {
2020-10-04 00:10:21:                     "url": "https://www.sierra.com/s~outdoor-research/clearance~1/",
2020-10-04 00:10:21:                     "name": "Outdoor-Research-Clearance@Sierra"
2020-10-04 00:10:21:                 },
2020-10-04 00:10:21:                 {
2020-10-04 00:10:21:                     "url": "https://www.sierra.com/s~marmot-/clearance~1/",
2020-10-04 00:10:21:                     "name": "Marmot-Clearance@Sierra"
2020-10-04 00:10:21:                 },
2020-10-04 00:10:21:                 {
2020-10-04 00:10:21:                     "url": "https://www.sierra.com/gregory~b~7155/",
2020-10-04 00:10:21:                     "name": "Gregory@Sierra"
2020-10-04 00:10:21:                 },
2020-10-04 00:10:21:                 {
2020-10-04 00:10:21:                     "url": "https://www.steepandcheap.com/arcteryx",
2020-10-04 00:10:21:                     "name": "Arcteryx@steepandcheap"
2020-10-04 00:10:21:                 },
2020-10-04 00:10:21:                 {
2020-10-04 00:10:21:                     "url": "https://www.steepandcheap.com/mammut",
2020-10-04 00:10:21:                     "name": "Mammut@steepandcheap"
2020-10-04 00:10:21:                 },
2020-10-04 00:10:21:                 {
2020-10-04 00:10:21:                     "url": "https://www.steepandcheap.com/fjallraven",
2020-10-04 00:10:21:                     "name": "Fjallraven@steepandcheap"
2020-10-04 00:10:21:                 },
2020-10-04 00:10:21:                 {
2020-10-04 00:10:21:                     "url": "https://www.steepandcheap.com/mystery-ranch",
2020-10-04 00:10:21:                     "name": "mystery-ranch@steepandcheap"
2020-10-04 00:10:21:                 },
2020-10-04 00:10:21:                 {
2020-10-04 00:10:21:                     "url": "https://www.steepandcheap.com/msr",
2020-10-04 00:10:21:                     "name": "MSR@steepandcheap"
2020-10-04 00:10:21:                 },
2020-10-04 00:10:21:                 {
2020-10-04 00:10:21:                     "url": "https://www.campsaver.com/arc-teryx-brand.html",
2020-10-04 00:10:21:                     "name": "Mammut@campsaver"
2020-10-04 00:10:21:                 },
2020-10-04 00:10:21:                 {
2020-10-04 00:10:21:                     "url": "https://www.campsaver.com/mammut-brand.html",
2020-10-04 00:10:21:                     "name": "Mammut@steepandcheap"
2020-10-04 00:10:21:                 },
2020-10-04 00:10:21:                 {
2020-10-04 00:10:21:                     "url": "https://www.campsaver.com/mystery-ranch-brand.html",
2020-10-04 00:10:21:                     "name": "Mystery Ranch@campsaver"
2020-10-04 00:10:21:                 },
2020-10-04 00:10:21:                 {
2020-10-04 00:10:21:                     "url": "https://www.mountainsteals.com/search/arcteryx",
2020-10-04 00:10:21:                     "name": "Arcteryx@mountainsteals"
2020-10-04 00:10:21:                 },
2020-10-04 00:10:21:                 {
2020-10-04 00:10:21:                     "url": "https://www.mountainsteals.com/search/mammut",
2020-10-04 00:10:21:                     "name": "Mammut@mountainsteals"
2020-10-04 00:10:21:                 },
2020-10-04 00:10:21:                 {
2020-10-04 00:10:21:                     "url": "https://www.mountainsteals.com/search/msr",
2020-10-04 00:10:21:                     "name": "MSR@mountainsteals"
2020-10-04 00:10:21:                 },
2020-10-04 00:10:21:                 {
2020-10-04 00:10:21:                     "url": "https://www.mountainsteals.com/search/fjallraven",
2020-10-04 00:10:21:                     "name": "Fjallraven@mountainsteals"
2020-10-04 00:10:21:                 },
2020-10-04 00:10:21:                 {
2020-10-04 00:10:21:                     "url": "https://www.mountainsteals.com/search/marmot",
2020-10-04 00:10:21:                     "name": "Marmot@mountainsteals"
2020-10-04 00:10:21:                 }
2020-10-04 00:10:21:             ]
2020-10-04 00:10:21:         }
2020-10-04 00:10:21:     ]
2020-10-04 00:10:21: }
2020-10-04 00:10:21: Automatically add sort query paramter to make list stable
2020-10-04 00:10:21: Process https://www.mountainsteals.com/search/fjallraven with Mountain Steals crawler
2020-10-04 00:10:21: Fetch... https://www.mountainsteals.com/search/fjallraven?pageSize=48&orderBy=2
2020-10-04 00:10:30: Fetch... https://www.mountainsteals.com/search/fjallraven?pageSize=48&orderBy=2&beginIndex=48
2020-10-04 00:10:41: Fetch... https://www.mountainsteals.com/search/fjallraven?pageSize=48&orderBy=2&beginIndex=96
2020-10-04 00:10:51: Fetch... https://www.mountainsteals.com/search/fjallraven?pageSize=48&orderBy=2&beginIndex=144
2020-10-04 00:11:02: Fetch... https://www.mountainsteals.com/search/fjallraven?pageSize=48&orderBy=2&beginIndex=192
2020-10-04 00:11:10: Is equal? false
2020-10-04 00:11:10: done
2020-10-04 00:11:10: 	Removed duplicated by id, found... 0
2020-10-04 00:11:10: 	There are 203 items in the previous list.
2020-10-04 00:11:10: 	There are 203 items in the latest list.
2020-10-04 00:11:10: 	There are 0 items is removed
2020-10-04 00:11:10: 	There are 0 items is added
2020-10-04 00:11:10: 	There are 0 items price is changed
2020-10-04 00:11:10: Done.
2020-10-04 00:11:10: 
2020-10-04 00:11:10: Automatically add sort query paramter to make list stable
2020-10-04 00:11:10: Process https://www.steepandcheap.com/fjallraven with Steepandcheap crawler
2020-10-04 00:11:10: Fetch... https://www.steepandcheap.com/fjallraven?sort=%2Bprice
2020-10-04 00:11:13: Fetch... https://www.steepandcheap.com/fjallraven?sort=%2Bprice&page=1
2020-10-04 00:11:16: Fetch... https://www.steepandcheap.com/fjallraven?sort=%2Bprice&page=2
2020-10-04 00:11:19: Is equal? false
2020-10-04 00:11:19: wait 10 seconds
2020-10-04 00:11:29: Fetch... https://www.steepandcheap.com/fjallraven?sort=%2Bprice
2020-10-04 00:11:32: Fetch... https://www.steepandcheap.com/fjallraven?sort=%2Bprice&page=1
2020-10-04 00:11:35: Fetch... https://www.steepandcheap.com/fjallraven?sort=%2Bprice&page=2
2020-10-04 00:11:37: Is equal? true
2020-10-04 00:11:37: done
2020-10-04 00:11:37: 	Removed duplicated by id, found... 0
2020-10-04 00:11:37: 	There are 97 items in the previous list.
2020-10-04 00:11:37: 	There are 97 items in the latest list.
2020-10-04 00:11:37: 	There are 0 items is removed
2020-10-04 00:11:37: 	There are 0 items is added
2020-10-04 00:11:37: 	There are 0 items price is changed
2020-10-04 00:11:37: Done.
2020-10-04 00:11:37: 
2020-10-04 00:11:37: Automatically add sort query paramter to make list stable
2020-10-04 00:11:37: Process https://www.campsaver.com/fjallraven-brand.html with Campsaver crawler
2020-10-04 00:11:37: Fetch... https://www.campsaver.com/fjallraven-brand.html?_iv_sort=alphabetically
2020-10-04 00:11:43: Fetch... https://www.campsaver.com/fjallraven-brand.html?_iv_sort=alphabetically&_iv_page=2
2020-10-04 00:11:47: Fetch... https://www.campsaver.com/fjallraven-brand.html?_iv_sort=alphabetically&_iv_page=3
2020-10-04 00:11:52: Fetch... https://www.campsaver.com/fjallraven-brand.html?_iv_sort=alphabetically&_iv_page=4
2020-10-04 00:12:00: Fetch... https://www.campsaver.com/fjallraven-brand.html?_iv_sort=alphabetically&_iv_page=5
2020-10-04 00:12:06: Fetch... https://www.campsaver.com/fjallraven-brand.html?_iv_sort=alphabetically&_iv_page=6
2020-10-04 00:12:11: Fetch... https://www.campsaver.com/fjallraven-brand.html?_iv_sort=alphabetically&_iv_page=7
2020-10-04 00:12:16: Fetch... https://www.campsaver.com/fjallraven-brand.html?_iv_sort=alphabetically&_iv_page=8
2020-10-04 00:12:20: Is equal? false
2020-10-04 00:12:20: done
2020-10-04 00:12:20: 	Removed duplicated by id, found... 0
2020-10-04 00:12:20: 	There are 434 items in the previous list.
2020-10-04 00:12:20: 	There are 434 items in the latest list.
2020-10-04 00:12:20: 	There are 0 items is removed
2020-10-04 00:12:20: 	There are 0 items is added
2020-10-04 00:12:20: 	There are 0 items price is changed
2020-10-04 00:12:20: Done.
2020-10-04 00:12:20: 
2020-10-04 00:12:20: Process https://www.sierra.com/mystery-ranch~b~37083/ with Sierra crawler
2020-10-04 00:12:20: Fetch... https://www.sierra.com/mystery-ranch~b~37083/
2020-10-04 00:12:28: 	Removed duplicated by id, found... 0
2020-10-04 00:12:28: 	There are 11 items in the previous list.
2020-10-04 00:12:28: 	There are 11 items in the latest list.
2020-10-04 00:12:28: 	There are 0 items is removed
2020-10-04 00:12:28: 	There are 0 items is added
2020-10-04 00:12:28: 	There are 0 items price is changed
2020-10-04 00:12:28: Done.
2020-10-04 00:12:28: 
2020-10-04 00:12:28: Process https://www.sierra.com/therm-a-rest~b~3177/ with Sierra crawler
2020-10-04 00:12:28: Fetch... https://www.sierra.com/therm-a-rest~b~3177/
2020-10-04 00:12:37: 	Removed duplicated by id, found... 0
2020-10-04 00:12:37: 	There are 8 items in the previous list.
2020-10-04 00:12:37: 	There are 8 items in the latest list.
2020-10-04 00:12:37: 	There are 0 items is removed
2020-10-04 00:12:37: 	There are 0 items is added
2020-10-04 00:12:37: 	There are 0 items price is changed
2020-10-04 00:12:37: Done.
2020-10-04 00:12:37: 
2020-10-04 00:12:37: Process https://www.sierra.com/msr~b~13535/ with Sierra crawler
2020-10-04 00:12:37: Fetch... https://www.sierra.com/msr~b~13535/
2020-10-04 00:12:47: 	Removed duplicated by id, found... 0
2020-10-04 00:12:47: 	There are 5 items in the previous list.
2020-10-04 00:12:47: 	There are 5 items in the latest list.
2020-10-04 00:12:47: 	There are 0 items is removed
2020-10-04 00:12:47: 	There are 0 items is added
2020-10-04 00:12:47: 	There are 0 items price is changed
2020-10-04 00:12:47: Done.
2020-10-04 00:12:47: 
2020-10-04 00:12:47: Process https://www.sierra.com/fjallraven~b~3622/ with Sierra crawler
2020-10-04 00:12:47: Fetch... https://www.sierra.com/fjallraven~b~3622/
2020-10-04 00:12:55: 	Removed duplicated by id, found... 0
2020-10-04 00:12:55: 	There are 1 items in the previous list.
2020-10-04 00:12:55: 	There are 1 items in the latest list.
2020-10-04 00:12:55: 	There are 0 items is removed
2020-10-04 00:12:55: 	There are 0 items is added
2020-10-04 00:12:55: 	There are 0 items price is changed
2020-10-04 00:12:55: Done.
2020-10-04 00:12:55: 
2020-10-04 00:12:55: Process https://www.sierra.com/s~arcteryx/ with Sierra crawler
2020-10-04 00:12:55: Fetch... https://www.sierra.com/s~arcteryx/
2020-10-04 00:12:57: 	Removed duplicated by id, found... 0
2020-10-04 00:12:57: 	There are 3 items in the previous list.
2020-10-04 00:12:57: 	There are 3 items in the latest list.
2020-10-04 00:12:57: 	There are 0 items is removed
2020-10-04 00:12:57: 	There are 0 items is added
2020-10-04 00:12:57: 	There are 0 items price is changed
2020-10-04 00:12:57: Done.
2020-10-04 00:12:57: 
2020-10-04 00:12:57: Process https://www.sierra.com/s~outdoor-research/clearance~1/ with Sierra crawler
2020-10-04 00:12:57: Fetch... https://www.sierra.com/s~outdoor-research/clearance~1/
2020-10-04 00:12:59: 	Removed duplicated by id, found... 0
2020-10-04 00:12:59: 	There are 9 items in the previous list.
2020-10-04 00:12:59: 	There are 9 items in the latest list.
2020-10-04 00:12:59: 	There are 0 items is removed
2020-10-04 00:12:59: 	There are 0 items is added
2020-10-04 00:12:59: 	There are 0 items price is changed
2020-10-04 00:12:59: Done.
2020-10-04 00:12:59: 
2020-10-04 00:12:59: Process https://www.sierra.com/s~marmot-/clearance~1/ with Sierra crawler
2020-10-04 00:12:59: Fetch... https://www.sierra.com/s~marmot-/clearance~1/
2020-10-04 00:13:02: Fetch... https://www.sierra.com/s~marmot-/clearance~1/2/
2020-10-04 00:13:04: 	Removed duplicated by id, found... 0
2020-10-04 00:13:04: 	There are 25 items in the previous list.
2020-10-04 00:13:04: 	There are 25 items in the latest list.
2020-10-04 00:13:04: 	There are 0 items is removed
2020-10-04 00:13:04: 	There are 0 items is added
2020-10-04 00:13:04: 	There are 0 items price is changed
2020-10-04 00:13:04: Done.
2020-10-04 00:13:04: 
2020-10-04 00:13:04: Process https://www.sierra.com/gregory~b~7155/ with Sierra crawler
2020-10-04 00:13:04: Fetch... https://www.sierra.com/gregory~b~7155/
2020-10-04 00:13:14: 	Removed duplicated by id, found... 0
2020-10-04 00:13:14: 	There are 17 items in the previous list.
2020-10-04 00:13:14: 	There are 17 items in the latest list.
2020-10-04 00:13:14: 	There are 0 items is removed
2020-10-04 00:13:14: 	There are 0 items is added
2020-10-04 00:13:14: 	There are 0 items price is changed
2020-10-04 00:13:14: Done.
2020-10-04 00:13:14: 
2020-10-04 00:13:14: Automatically add sort query paramter to make list stable
2020-10-04 00:13:14: Process https://www.steepandcheap.com/arcteryx with Steepandcheap crawler
2020-10-04 00:13:14: Fetch... https://www.steepandcheap.com/arcteryx?sort=%2Bprice
2020-10-04 00:13:18: Fetch... https://www.steepandcheap.com/arcteryx?sort=%2Bprice&page=1
2020-10-04 00:13:22: Fetch... https://www.steepandcheap.com/arcteryx?sort=%2Bprice&page=2
2020-10-04 00:13:25: Fetch... https://www.steepandcheap.com/arcteryx?sort=%2Bprice&page=3
2020-10-04 00:13:29: Fetch... https://www.steepandcheap.com/arcteryx?sort=%2Bprice&page=4
2020-10-04 00:13:33: Fetch... https://www.steepandcheap.com/arcteryx?sort=%2Bprice&page=5
2020-10-04 00:13:36: Is equal? false
2020-10-04 00:13:36: wait 10 seconds
2020-10-04 00:13:46: Fetch... https://www.steepandcheap.com/arcteryx?sort=%2Bprice
2020-10-04 00:13:49: Fetch... https://www.steepandcheap.com/arcteryx?sort=%2Bprice&page=1
2020-10-04 00:13:54: Fetch... https://www.steepandcheap.com/arcteryx?sort=%2Bprice&page=2
2020-10-04 00:13:57: Fetch... https://www.steepandcheap.com/arcteryx?sort=%2Bprice&page=3
2020-10-04 00:14:01: Fetch... https://www.steepandcheap.com/arcteryx?sort=%2Bprice&page=4
2020-10-04 00:14:04: Fetch... https://www.steepandcheap.com/arcteryx?sort=%2Bprice&page=5
2020-10-04 00:14:07: Is equal? true
2020-10-04 00:14:07: done
2020-10-04 00:14:07: 	Removed duplicated by id, found... 0
2020-10-04 00:14:07: 	There are 217 items in the previous list.
2020-10-04 00:14:07: 	There are 216 items in the latest list.
2020-10-04 00:14:07: 	There are 1 items is removed
2020-10-04 00:14:07: 	There are 0 items is added
2020-10-04 00:14:07: 	There are 0 items price is changed
2020-10-04 00:14:07: Done.
2020-10-04 00:14:07: 
2020-10-04 00:14:07: Automatically add sort query paramter to make list stable
2020-10-04 00:14:07: Process https://www.steepandcheap.com/mammut with Steepandcheap crawler
2020-10-04 00:14:07: Fetch... https://www.steepandcheap.com/mammut?sort=%2Bprice
2020-10-04 00:14:10: Fetch... https://www.steepandcheap.com/mammut?sort=%2Bprice&page=1
2020-10-04 00:14:13: Fetch... https://www.steepandcheap.com/mammut?sort=%2Bprice&page=2
2020-10-04 00:14:16: Is equal? false
2020-10-04 00:14:16: wait 10 seconds
2020-10-04 00:14:26: Fetch... https://www.steepandcheap.com/mammut?sort=%2Bprice
2020-10-04 00:14:29: Fetch... https://www.steepandcheap.com/mammut?sort=%2Bprice&page=1
2020-10-04 00:14:32: Fetch... https://www.steepandcheap.com/mammut?sort=%2Bprice&page=2
2020-10-04 00:14:41: Is equal? true
2020-10-04 00:14:41: done
2020-10-04 00:14:41: 	Removed duplicated by id, found... 0
2020-10-04 00:14:41: 	There are 116 items in the previous list.
2020-10-04 00:14:41: 	There are 116 items in the latest list.
2020-10-04 00:14:41: 	There are 0 items is removed
2020-10-04 00:14:41: 	There are 0 items is added
2020-10-04 00:14:41: 	There are 0 items price is changed
2020-10-04 00:14:41: Done.
2020-10-04 00:14:41: 
2020-10-04 00:14:41: Automatically add sort query paramter to make list stable
2020-10-04 00:14:41: Process https://www.steepandcheap.com/mystery-ranch with Steepandcheap crawler
2020-10-04 00:14:41: Fetch... https://www.steepandcheap.com/mystery-ranch?sort=%2Bprice
2020-10-04 00:14:43: Is equal? false
2020-10-04 00:14:43: wait 10 seconds
2020-10-04 00:14:53: Fetch... https://www.steepandcheap.com/mystery-ranch?sort=%2Bprice
2020-10-04 00:14:55: Is equal? true
2020-10-04 00:14:55: done
2020-10-04 00:14:55: 	Removed duplicated by id, found... 0
2020-10-04 00:14:55: 	There are 14 items in the previous list.
2020-10-04 00:14:55: 	There are 13 items in the latest list.
2020-10-04 00:14:55: 	There are 1 items is removed
2020-10-04 00:14:55: 	There are 0 items is added
2020-10-04 00:14:55: 	There are 0 items price is changed
2020-10-04 00:14:55: Done.
2020-10-04 00:14:55: 
2020-10-04 00:14:55: Automatically add sort query paramter to make list stable
2020-10-04 00:14:55: Process https://www.steepandcheap.com/msr with Steepandcheap crawler
2020-10-04 00:14:55: Fetch... https://www.steepandcheap.com/msr?sort=%2Bprice
2020-10-04 00:14:57: Is equal? false
2020-10-04 00:14:57: wait 10 seconds
2020-10-04 00:15:07: Fetch... https://www.steepandcheap.com/msr?sort=%2Bprice
2020-10-04 00:15:09: Is equal? true
2020-10-04 00:15:09: done
2020-10-04 00:15:09: 	Removed duplicated by id, found... 0
2020-10-04 00:15:09: 	There are 14 items in the previous list.
2020-10-04 00:15:09: 	There are 14 items in the latest list.
2020-10-04 00:15:09: 	There are 0 items is removed
2020-10-04 00:15:09: 	There are 0 items is added
2020-10-04 00:15:09: 	There are 0 items price is changed
2020-10-04 00:15:09: Done.
2020-10-04 00:15:09: 
2020-10-04 00:15:09: Automatically add sort query paramter to make list stable
2020-10-04 00:15:09: Process https://www.campsaver.com/arc-teryx-brand.html with Campsaver crawler
2020-10-04 00:15:09: Fetch... https://www.campsaver.com/arc-teryx-brand.html?_iv_sort=alphabetically
2020-10-04 00:15:15: Fetch... https://www.campsaver.com/arc-teryx-brand.html?_iv_sort=alphabetically&_iv_page=2
2020-10-04 00:15:21: Fetch... https://www.campsaver.com/arc-teryx-brand.html?_iv_sort=alphabetically&_iv_page=3
2020-10-04 00:15:27: Fetch... https://www.campsaver.com/arc-teryx-brand.html?_iv_sort=alphabetically&_iv_page=4
2020-10-04 00:15:32: Fetch... https://www.campsaver.com/arc-teryx-brand.html?_iv_sort=alphabetically&_iv_page=5
2020-10-04 00:15:37: Fetch... https://www.campsaver.com/arc-teryx-brand.html?_iv_sort=alphabetically&_iv_page=6
2020-10-04 00:15:43: Is equal? false
2020-10-04 00:15:43: done
2020-10-04 00:15:43: 	Removed duplicated by id, found... 0
2020-10-04 00:15:43: 	There are 326 items in the previous list.
2020-10-04 00:15:43: 	There are 326 items in the latest list.
2020-10-04 00:15:43: 	There are 0 items is removed
2020-10-04 00:15:43: 	There are 0 items is added
2020-10-04 00:15:43: 	There are 0 items price is changed
2020-10-04 00:15:43: Done.
2020-10-04 00:15:43: 
2020-10-04 00:15:43: Automatically add sort query paramter to make list stable
2020-10-04 00:15:43: Process https://www.campsaver.com/mammut-brand.html with Campsaver crawler
2020-10-04 00:15:43: Fetch... https://www.campsaver.com/mammut-brand.html?_iv_sort=alphabetically
2020-10-04 00:15:48: Fetch... https://www.campsaver.com/mammut-brand.html?_iv_sort=alphabetically&_iv_page=2
2020-10-04 00:15:53: Fetch... https://www.campsaver.com/mammut-brand.html?_iv_sort=alphabetically&_iv_page=3
2020-10-04 00:15:59: Fetch... https://www.campsaver.com/mammut-brand.html?_iv_sort=alphabetically&_iv_page=4
2020-10-04 00:16:04: Fetch... https://www.campsaver.com/mammut-brand.html?_iv_sort=alphabetically&_iv_page=5
2020-10-04 00:16:08: Fetch... https://www.campsaver.com/mammut-brand.html?_iv_sort=alphabetically&_iv_page=6
2020-10-04 00:16:19: Fetch... https://www.campsaver.com/mammut-brand.html?_iv_sort=alphabetically&_iv_page=7
2020-10-04 00:16:26: Fetch... https://www.campsaver.com/mammut-brand.html?_iv_sort=alphabetically&_iv_page=8
2020-10-04 00:16:34: Fetch... https://www.campsaver.com/mammut-brand.html?_iv_sort=alphabetically&_iv_page=9
2020-10-04 00:16:46: Fetch... https://www.campsaver.com/mammut-brand.html?_iv_sort=alphabetically&_iv_page=10
2020-10-04 00:16:59: Fetch... https://www.campsaver.com/mammut-brand.html?_iv_sort=alphabetically&_iv_page=11
2020-10-04 00:17:09: Is equal? false
2020-10-04 00:17:09: done
2020-10-04 00:17:09: 	Removed duplicated by id, found... 0
2020-10-04 00:17:09: 	There are 645 items in the previous list.
2020-10-04 00:17:09: 	There are 645 items in the latest list.
2020-10-04 00:17:09: 	There are 0 items is removed
2020-10-04 00:17:09: 	There are 0 items is added
2020-10-04 00:17:09: 	There are 0 items price is changed
2020-10-04 00:17:09: Done.
2020-10-04 00:17:09: 
2020-10-04 00:17:09: Automatically add sort query paramter to make list stable
2020-10-04 00:17:09: Process https://www.campsaver.com/mystery-ranch-brand.html with Campsaver crawler
2020-10-04 00:17:09: Fetch... https://www.campsaver.com/mystery-ranch-brand.html?_iv_sort=alphabetically
2020-10-04 00:17:25: Fetch... https://www.campsaver.com/mystery-ranch-brand.html?_iv_sort=alphabetically&_iv_page=2
2020-10-04 00:17:37: Is equal? false
2020-10-04 00:17:37: done
2020-10-04 00:17:37: 	Removed duplicated by id, found... 0
2020-10-04 00:17:37: 	There are 103 items in the previous list.
2020-10-04 00:17:37: 	There are 102 items in the latest list.
2020-10-04 00:17:37: 	There are 1 items is removed
2020-10-04 00:17:37: 	There are 0 items is added
2020-10-04 00:17:37: 	There are 0 items price is changed
2020-10-04 00:17:37: Done.
2020-10-04 00:17:37: 
2020-10-04 00:17:37: Automatically add sort query paramter to make list stable
2020-10-04 00:17:37: Process https://www.mountainsteals.com/search/arcteryx with Mountain Steals crawler
2020-10-04 00:17:37: Fetch... https://www.mountainsteals.com/search/arcteryx?pageSize=48&orderBy=2
2020-10-04 00:17:52: Fetch... https://www.mountainsteals.com/search/arcteryx?pageSize=48&orderBy=2&beginIndex=48
2020-10-04 00:18:03: Fetch... https://www.mountainsteals.com/search/arcteryx?pageSize=48&orderBy=2&beginIndex=96
2020-10-04 00:18:15: Fetch... https://www.mountainsteals.com/search/arcteryx?pageSize=48&orderBy=2&beginIndex=144
2020-10-04 00:18:37: Fetch... https://www.mountainsteals.com/search/arcteryx?pageSize=48&orderBy=2&beginIndex=192
2020-10-04 00:18:47: Is equal? false
2020-10-04 00:18:47: done
2020-10-04 00:18:47: 	Removed duplicated by id, found... 0
2020-10-04 00:18:47: 	There are 229 items in the previous list.
2020-10-04 00:18:47: 	There are 228 items in the latest list.
2020-10-04 00:18:47: 	There are 1 items is removed
2020-10-04 00:18:47: 	There are 0 items is added
2020-10-04 00:18:47: 	There are 0 items price is changed
2020-10-04 00:18:47: Done.
2020-10-04 00:18:47: 
2020-10-04 00:18:47: Automatically add sort query paramter to make list stable
2020-10-04 00:18:47: Process https://www.mountainsteals.com/search/mammut with Mountain Steals crawler
2020-10-04 00:18:47: Fetch... https://www.mountainsteals.com/search/mammut?pageSize=48&orderBy=2
2020-10-04 00:18:57: Fetch... https://www.mountainsteals.com/search/mammut?pageSize=48&orderBy=2&beginIndex=48
2020-10-04 00:19:06: Fetch... https://www.mountainsteals.com/search/mammut?pageSize=48&orderBy=2&beginIndex=96
2020-10-04 00:19:19: Fetch... https://www.mountainsteals.com/search/mammut?pageSize=48&orderBy=2&beginIndex=144
2020-10-04 00:19:49: Fetch... https://www.mountainsteals.com/search/mammut?pageSize=48&orderBy=2&beginIndex=192
2020-10-04 00:20:12: Fetch... https://www.mountainsteals.com/search/mammut?pageSize=48&orderBy=2&beginIndex=240
2020-10-04 00:20:31: Is equal? false
2020-10-04 00:20:31: done
2020-10-04 00:20:31: 	Removed duplicated by id, found... 0
2020-10-04 00:20:31: 	There are 247 items in the previous list.
2020-10-04 00:20:31: 	There are 247 items in the latest list.
2020-10-04 00:20:31: 	There are 0 items is removed
2020-10-04 00:20:31: 	There are 0 items is added
2020-10-04 00:20:31: 	There are 0 items price is changed
2020-10-04 00:20:31: Done.
2020-10-04 00:20:31: 
2020-10-04 00:20:31: Automatically add sort query paramter to make list stable
2020-10-04 00:20:31: Process https://www.mountainsteals.com/search/msr with Mountain Steals crawler
2020-10-04 00:20:31: Fetch... https://www.mountainsteals.com/search/msr?pageSize=48&orderBy=2
2020-10-04 00:20:50: Is equal? false
2020-10-04 00:20:50: done
2020-10-04 00:20:50: 	Removed duplicated by id, found... 0
2020-10-04 00:20:50: 	There are 32 items in the previous list.
2020-10-04 00:20:50: 	There are 32 items in the latest list.
2020-10-04 00:20:50: 	There are 0 items is removed
2020-10-04 00:20:50: 	There are 0 items is added
2020-10-04 00:20:50: 	There are 0 items price is changed
2020-10-04 00:20:50: Done.
2020-10-04 00:20:50: 
2020-10-04 00:20:50: Automatically add sort query paramter to make list stable
2020-10-04 00:20:50: Process https://www.mountainsteals.com/search/marmot with Mountain Steals crawler
2020-10-04 00:20:50: Fetch... https://www.mountainsteals.com/search/marmot?pageSize=48&orderBy=2
2020-10-04 00:21:13: Fetch... https://www.mountainsteals.com/search/marmot?pageSize=48&orderBy=2&beginIndex=48
2020-10-04 00:22:34: Fetch... https://www.mountainsteals.com/search/marmot?pageSize=48&orderBy=2&beginIndex=96
2020-10-04 00:22:48: Fetch... https://www.mountainsteals.com/search/marmot?pageSize=48&orderBy=2&beginIndex=144
2020-10-04 00:23:19: Fetch... https://www.mountainsteals.com/search/marmot?pageSize=48&orderBy=2&beginIndex=192
2020-10-04 00:23:32: Fetch... https://www.mountainsteals.com/search/marmot?pageSize=48&orderBy=2&beginIndex=240
2020-10-04 00:23:42: Fetch... https://www.mountainsteals.com/search/marmot?pageSize=48&orderBy=2&beginIndex=288
2020-10-04 00:23:53: Fetch... https://www.mountainsteals.com/search/marmot?pageSize=48&orderBy=2&beginIndex=336
2020-10-04 00:24:05: Fetch... https://www.mountainsteals.com/search/marmot?pageSize=48&orderBy=2&beginIndex=384
2020-10-04 00:24:15: Fetch... https://www.mountainsteals.com/search/marmot?pageSize=48&orderBy=2&beginIndex=432
2020-10-04 00:24:25: Fetch... https://www.mountainsteals.com/search/marmot?pageSize=48&orderBy=2&beginIndex=480
2020-10-04 00:24:37: Fetch... https://www.mountainsteals.com/search/marmot?pageSize=48&orderBy=2&beginIndex=528
2020-10-04 00:24:50: Is equal? false
2020-10-04 00:24:50: done
2020-10-04 00:24:50: 	Removed duplicated by id, found... 0
2020-10-04 00:24:50: 	There are 539 items in the previous list.
2020-10-04 00:24:50: 	There are 539 items in the latest list.
2020-10-04 00:24:50: 	There are 0 items is removed
2020-10-04 00:24:50: 	There are 0 items is added
2020-10-04 00:24:50: 	There are 0 items price is changed
2020-10-04 00:24:50: Done.
2020-10-04 00:24:50: 
2020-10-04 00:24:50: Save...
